-----------------------------------------------------
Matrix name:     cant/cant.mtx
Matrix size:     62451 x 62451 => 2034917
-----------------------------------------------------
Is matrix:       1
Is sparse:       1
-----------------------------------------------------
Is complex:      0
Is real:         1
Is integer:      0
Is pattern only: 0
-----------------------------------------------------
Is general:      0
Is symmetric:    1
Is skewed:       0
Is hermitian:    0
-----------------------------------------------------
Matrix file name: cant/cant.mtx ... file loaded.
Expanding symmetric matrix ... done
  Total # of non-zeros is 4007383
Converting COO to CSR...done
Vector file name: cant/b.mtx ... file loaded
Executing GPU CSR SpMV ... 
  Pinned Device to Host bandwidth (GB/s): 2.109295
  Pinned Device to Host bandwidth (GB/s): 4.312204
  Pinned Device to Host bandwidth (GB/s): 6.985544
  Pinned Device to Host bandwidth (GB/s): 8.097899
  Exec time (per itr): 0.00065068 s
  Pinned Host to Device bandwidth (GB/s): 2.251622
Executing GPU ELL SpMV ... 
  Pinned Device to Host bandwidth (GB/s): 16.710960
  Pinned Device to Host bandwidth (GB/s): 19.302190
  Pinned Device to Host bandwidth (GB/s): 8.673750
  Exec time (per itr): 0.00078559 s
  Pinned Host to Device bandwidth (GB/s): 1.294375
Calculating CPU CSR SpMV ... done
2-Norm between CPU and GPU answers: 1.195589e-10
Result file name: ./test.mtx ... file saved
Module		Time
Load		0.572678
Convert		0.028414
CPU SpMV	0.021778
GPU Alloc	0.235622
GPU SpMV	0.065083
GPU ELL SpMV	0.078576
Store		0.029162
