-----------------------------------------------------
Matrix name:     cant/cant.mtx
Matrix size:     62451 x 62451 => 2034917
-----------------------------------------------------
Is matrix:       1
Is sparse:       1
-----------------------------------------------------
Is complex:      0
Is real:         1
Is integer:      0
Is pattern only: 0
-----------------------------------------------------
Is general:      0
Is symmetric:    1
Is skewed:       0
Is hermitian:    0
-----------------------------------------------------
Matrix file name: cant/cant.mtx ... file loaded.
Expanding symmetric matrix ... done
  Total # of non-zeros is 4007383
Converting COO to CSR...done
Vector file name: cant/b.mtx ... file loaded
Executing GPU CSR SpMV ... 
  Pinned Device to Host bandwidth (GB/s): 1.971338
  Pinned Device to Host bandwidth (GB/s): 4.049367
  Pinned Device to Host bandwidth (GB/s): 5.141388
  Pinned Device to Host bandwidth (GB/s): 7.278671
  Exec time (per itr): 0.00018871 s
  Pinned Host to Device bandwidth (GB/s): 2.241601
Executing GPU ELL SpMV ... 
  Pinned Device to Host bandwidth (GB/s): 14.390652
  Pinned Device to Host bandwidth (GB/s): 11.707649
  Pinned Device to Host bandwidth (GB/s): 7.395902
  Exec time (per itr): 0.00019192 s
  Pinned Host to Device bandwidth (GB/s): 2.375647
Calculating CPU CSR SpMV ... done
2-Norm between CPU and GPU answers: 1.195589e-10
Result file name: ./test.mtx ... file saved
Module		Time
Load		0.585263
Convert		0.027246
CPU SpMV	0.022918
GPU Alloc	0.245064
GPU SpMV	0.018885
GPU ELL SpMV	0.019209
Store		0.023506
