-----------------------------------------------------
Matrix name:     cant/cant.mtx
Matrix size:     62451 x 62451 => 2034917
-----------------------------------------------------
Is matrix:       1
Is sparse:       1
-----------------------------------------------------
Is complex:      0
Is real:         1
Is integer:      0
Is pattern only: 0
-----------------------------------------------------
Is general:      0
Is symmetric:    1
Is skewed:       0
Is hermitian:    0
-----------------------------------------------------
Matrix file name: cant/cant.mtx ... file loaded.
Expanding symmetric matrix ... done
  Total # of non-zeros is 4007383
Converting COO to CSR...done
Vector file name: cant/b.mtx ... file loaded
Executing GPU CSR SpMV ... 
  Pinned Device to Host bandwidth (GB/s): 1.994507
  Pinned Device to Host bandwidth (GB/s): 4.326768
  Pinned Device to Host bandwidth (GB/s): 6.759682
  Pinned Device to Host bandwidth (GB/s): 2.523885
  Exec time (per itr): 0.00065227 s
  Pinned Host to Device bandwidth (GB/s): 2.240957
Executing GPU ELL SpMV ... 
  Pinned Device to Host bandwidth (GB/s): 16.751417
  Pinned Device to Host bandwidth (GB/s): 19.258539
  Pinned Device to Host bandwidth (GB/s): 7.994240
  Exec time (per itr): 0.00078603 s
  Pinned Host to Device bandwidth (GB/s): 1.326374
Calculating CPU CSR SpMV ... done
2-Norm between CPU and GPU answers: 1.195589e-10
Result file name: ./test.mtx ... file saved
Module		Time
Load		0.572654
Convert		0.026694
CPU SpMV	0.022095
GPU Alloc	0.238326
GPU SpMV	0.065241
GPU ELL SpMV	0.078623
Store		0.029180
