-----------------------------------------------------
Matrix name:     cant/cant.mtx
Matrix size:     62451 x 62451 => 2034917
-----------------------------------------------------
Is matrix:       1
Is sparse:       1
-----------------------------------------------------
Is complex:      0
Is real:         1
Is integer:      0
Is pattern only: 0
-----------------------------------------------------
Is general:      0
Is symmetric:    1
Is skewed:       0
Is hermitian:    0
-----------------------------------------------------
Matrix file name: cant/cant.mtx ... file loaded.
Expanding symmetric matrix ... done
  Total # of non-zeros is 4007383
Converting COO to CSR...done
Vector file name: cant/b.mtx ... file loaded
Executing GPU CSR SpMV ... 
  Pinned Device to Host bandwidth (GB/s): 2.061939
  Pinned Device to Host bandwidth (GB/s): 4.847797
  Pinned Device to Host bandwidth (GB/s): 6.757403
  Pinned Device to Host bandwidth (GB/s): 8.127408
  Exec time (per itr): 0.00065159 s
  Pinned Host to Device bandwidth (GB/s): 2.186966
Executing GPU ELL SpMV ... 
  Pinned Device to Host bandwidth (GB/s): 16.859021
  Pinned Device to Host bandwidth (GB/s): 19.230864
  Pinned Device to Host bandwidth (GB/s): 8.234573
  Exec time (per itr): 0.00078684 s
  Pinned Host to Device bandwidth (GB/s): 1.301062
Calculating CPU CSR SpMV ... done
2-Norm between CPU and GPU answers: 1.195589e-10
Result file name: ./test.mtx ... file saved
Module		Time
Load		0.561838
Convert		0.026035
CPU SpMV	0.022047
GPU Alloc	0.241444
GPU SpMV	0.065173
GPU ELL SpMV	0.078702
Store		0.408925
