-----------------------------------------------------
Matrix name:     cant/cant.mtx
Matrix size:     62451 x 62451 => 2034917
-----------------------------------------------------
Is matrix:       1
Is sparse:       1
-----------------------------------------------------
Is complex:      0
Is real:         1
Is integer:      0
Is pattern only: 0
-----------------------------------------------------
Is general:      0
Is symmetric:    1
Is skewed:       0
Is hermitian:    0
-----------------------------------------------------
Matrix file name: cant/cant.mtx ... file loaded.
Expanding symmetric matrix ... done
  Total # of non-zeros is 4007383
Converting COO to CSR...done
Vector file name: cant/b.mtx ... file loaded
Executing GPU CSR SpMV ... 
  Pinned Device to Host bandwidth (GB/s): 1.952113
  Pinned Device to Host bandwidth (GB/s): 4.335268
  Pinned Device to Host bandwidth (GB/s): 6.601427
  Pinned Device to Host bandwidth (GB/s): 8.169937
  Exec time (per itr): 0.00065009 s
  Pinned Host to Device bandwidth (GB/s): 2.255526
Executing GPU ELL SpMV ... 
  Pinned Device to Host bandwidth (GB/s): 16.679832
  Pinned Device to Host bandwidth (GB/s): 19.281410
  Pinned Device to Host bandwidth (GB/s): 8.187074
  Exec time (per itr): 0.00078674 s
  Pinned Host to Device bandwidth (GB/s): 1.313541
Calculating CPU CSR SpMV ... done
2-Norm between CPU and GPU answers: 1.195589e-10
Result file name: ./test.mtx ... file saved
Module		Time
Load		0.570227
Convert		0.026525
CPU SpMV	0.023050
GPU Alloc	0.234248
GPU SpMV	0.065022
GPU ELL SpMV	0.078689
Store		0.048001
