-----------------------------------------------------
Matrix name:     cant/cant.mtx
Matrix size:     62451 x 62451 => 2034917
-----------------------------------------------------
Is matrix:       1
Is sparse:       1
-----------------------------------------------------
Is complex:      0
Is real:         1
Is integer:      0
Is pattern only: 0
-----------------------------------------------------
Is general:      0
Is symmetric:    1
Is skewed:       0
Is hermitian:    0
-----------------------------------------------------
Matrix file name: cant/cant.mtx ... file loaded.
Expanding symmetric matrix ... done
  Total # of non-zeros is 4007383
Converting COO to CSR...done
Vector file name: cant/b.mtx ... file loaded
Executing GPU CSR SpMV ... 
  Pinned Device to Host bandwidth (GB/s): 2.006812
  Pinned Device to Host bandwidth (GB/s): 4.878533
  Pinned Device to Host bandwidth (GB/s): 6.940682
  Pinned Device to Host bandwidth (GB/s): 8.443889
  Exec time (per itr): 0.00065093 s
  Pinned Host to Device bandwidth (GB/s): 2.291275
Executing GPU ELL SpMV ... 
  Pinned Device to Host bandwidth (GB/s): 17.185923
  Pinned Device to Host bandwidth (GB/s): 19.357109
  Pinned Device to Host bandwidth (GB/s): 7.498919
  Exec time (per itr): 0.00078580 s
  Pinned Host to Device bandwidth (GB/s): 1.312768
Calculating CPU CSR SpMV ... done
2-Norm between CPU and GPU answers: 1.195589e-10
Result file name: ./test.mtx ... file saved
Module		Time
Load		0.561057
Convert		0.027342
CPU SpMV	0.022034
GPU Alloc	0.261533
GPU SpMV	0.065106
GPU ELL SpMV	0.078595
Store		0.029831
