-----------------------------------------------------
Matrix name:     cant/cant.mtx
Matrix size:     62451 x 62451 => 2034917
-----------------------------------------------------
Is matrix:       1
Is sparse:       1
-----------------------------------------------------
Is complex:      0
Is real:         1
Is integer:      0
Is pattern only: 0
-----------------------------------------------------
Is general:      0
Is symmetric:    1
Is skewed:       0
Is hermitian:    0
-----------------------------------------------------
Matrix file name: cant/cant.mtx ... file loaded.
Expanding symmetric matrix ... done
  Total # of non-zeros is 4007383
Converting COO to CSR...done
Vector file name: cant/b.mtx ... file loaded
Executing GPU CSR SpMV ... 
  Pinned Device to Host bandwidth (GB/s): 1.903560
  Pinned Device to Host bandwidth (GB/s): 4.251378
  Pinned Device to Host bandwidth (GB/s): 11.108046
  Pinned Device to Host bandwidth (GB/s): 7.395902
  Exec time (per itr): 0.00064893 s
  Pinned Host to Device bandwidth (GB/s): 2.261079
Executing GPU ELL SpMV ... 
  Pinned Device to Host bandwidth (GB/s): 14.803132
  Pinned Device to Host bandwidth (GB/s): 11.731333
  Pinned Device to Host bandwidth (GB/s): 7.546037
  Exec time (per itr): 0.00078380 s
  Pinned Host to Device bandwidth (GB/s): 1.352456
Calculating CPU CSR SpMV ... done
2-Norm between CPU and GPU answers: 1.195589e-10
Result file name: ./test.mtx ... file saved
Module		Time
Load		0.615538
Convert		0.027738
CPU SpMV	0.025668
GPU Alloc	0.263800
GPU SpMV	0.064903
GPU ELL SpMV	0.078393
Store		0.031230
