-----------------------------------------------------
Matrix name:     cant/cant.mtx
Matrix size:     62451 x 62451 => 2034917
-----------------------------------------------------
Is matrix:       1
Is sparse:       1
-----------------------------------------------------
Is complex:      0
Is real:         1
Is integer:      0
Is pattern only: 0
-----------------------------------------------------
Is general:      0
Is symmetric:    1
Is skewed:       0
Is hermitian:    0
-----------------------------------------------------
Matrix file name: cant/cant.mtx ... file loaded.
Expanding symmetric matrix ... done
  Total # of non-zeros is 4007383
Converting COO to CSR...done
Vector file name: cant/b.mtx ... file loaded
Executing GPU CSR SpMV ... 
  Pinned Device to Host bandwidth (GB/s): 1.965878
  Pinned Device to Host bandwidth (GB/s): 4.053069
  Pinned Device to Host bandwidth (GB/s): 11.015468
  Pinned Device to Host bandwidth (GB/s): 7.326490
  Exec time (per itr): 0.00018963 s
  Pinned Host to Device bandwidth (GB/s): 2.264358
Executing GPU ELL SpMV ... 
  Pinned Device to Host bandwidth (GB/s): 12.703621
  Pinned Device to Host bandwidth (GB/s): 11.382959
  Pinned Device to Host bandwidth (GB/s): 7.406428
  Exec time (per itr): 0.00019193 s
  Pinned Host to Device bandwidth (GB/s): 2.359847
Calculating CPU CSR SpMV ... done
2-Norm between CPU and GPU answers: 1.195589e-10
Result file name: ./test.mtx ... file saved
Module		Time
Load		0.580072
Convert		0.027598
CPU SpMV	0.022258
GPU Alloc	0.241175
GPU SpMV	0.018977
GPU ELL SpMV	0.019211
Store		0.023820
