-----------------------------------------------------
Matrix name:     cant/cant.mtx
Matrix size:     62451 x 62451 => 2034917
-----------------------------------------------------
Is matrix:       1
Is sparse:       1
-----------------------------------------------------
Is complex:      0
Is real:         1
Is integer:      0
Is pattern only: 0
-----------------------------------------------------
Is general:      0
Is symmetric:    1
Is skewed:       0
Is hermitian:    0
-----------------------------------------------------
Matrix file name: cant/cant.mtx ... file loaded.
Expanding symmetric matrix ... done
  Total # of non-zeros is 4007383
Converting COO to CSR...done
Vector file name: cant/b.mtx ... file loaded
Executing GPU CSR SpMV ... 
  Pinned Device to Host bandwidth (GB/s): 1.911484
  Pinned Device to Host bandwidth (GB/s): 4.246621
  Pinned Device to Host bandwidth (GB/s): 5.008202
  Pinned Device to Host bandwidth (GB/s): 7.575327
  Exec time (per itr): 0.00064890 s
  Pinned Host to Device bandwidth (GB/s): 2.266659
Executing GPU ELL SpMV ... 
  Pinned Device to Host bandwidth (GB/s): 14.449045
  Pinned Device to Host bandwidth (GB/s): 11.696404
  Pinned Device to Host bandwidth (GB/s): 7.590058
  Exec time (per itr): 0.00078614 s
  Pinned Host to Device bandwidth (GB/s): 1.259702
Calculating CPU CSR SpMV ... done
2-Norm between CPU and GPU answers: 1.195589e-10
Result file name: ./test.mtx ... file saved
Module		Time
Load		0.583638
Convert		0.026599
CPU SpMV	0.025863
GPU Alloc	0.273681
GPU SpMV	0.064900
GPU ELL SpMV	0.078628
Store		0.034369
