-----------------------------------------------------
Matrix name:     cant/cant.mtx
Matrix size:     62451 x 62451 => 2034917
-----------------------------------------------------
Is matrix:       1
Is sparse:       1
-----------------------------------------------------
Is complex:      0
Is real:         1
Is integer:      0
Is pattern only: 0
-----------------------------------------------------
Is general:      0
Is symmetric:    1
Is skewed:       0
Is hermitian:    0
-----------------------------------------------------
Matrix file name: cant/cant.mtx ... file loaded.
Expanding symmetric matrix ... done
  Total # of non-zeros is 4007383
Converting COO to CSR...done
Vector file name: cant/b.mtx ... file loaded
Executing GPU CSR SpMV ... 
  Pinned Device to Host bandwidth (GB/s): 2.008361
  Pinned Device to Host bandwidth (GB/s): 4.047273
  Pinned Device to Host bandwidth (GB/s): 5.106299
  Pinned Device to Host bandwidth (GB/s): 7.424037
  Exec time (per itr): 0.00018869 s
  Pinned Host to Device bandwidth (GB/s): 2.365927
Executing GPU ELL SpMV ... 
  Pinned Device to Host bandwidth (GB/s): 14.709439
  Pinned Device to Host bandwidth (GB/s): 11.732463
  Pinned Device to Host bandwidth (GB/s): 7.323054
  Exec time (per itr): 0.00019184 s
  Pinned Host to Device bandwidth (GB/s): 2.312315
Calculating CPU CSR SpMV ... done
2-Norm between CPU and GPU answers: 1.195589e-10
Result file name: ./test.mtx ... file saved
Module		Time
Load		0.586694
Convert		0.027505
CPU SpMV	0.022590
GPU Alloc	0.249056
GPU SpMV	0.018884
GPU ELL SpMV	0.019200
Store		0.028740
