-----------------------------------------------------
Matrix name:     cant/cant.mtx
Matrix size:     62451 x 62451 => 2034917
-----------------------------------------------------
Is matrix:       1
Is sparse:       1
-----------------------------------------------------
Is complex:      0
Is real:         1
Is integer:      0
Is pattern only: 0
-----------------------------------------------------
Is general:      0
Is symmetric:    1
Is skewed:       0
Is hermitian:    0
-----------------------------------------------------
Matrix file name: cant/cant.mtx ... file loaded.
Expanding symmetric matrix ... done
  Total # of non-zeros is 4007383
Converting COO to CSR...done
Vector file name: cant/b.mtx ... file loaded
Executing GPU CSR SpMV ... 
  Pinned Device to Host bandwidth (GB/s): 1.832082
  Pinned Device to Host bandwidth (GB/s): 4.238141
  Pinned Device to Host bandwidth (GB/s): 11.095743
  Pinned Device to Host bandwidth (GB/s): 7.416984
  Exec time (per itr): 0.00064869 s
  Pinned Host to Device bandwidth (GB/s): 2.347429
Executing GPU ELL SpMV ... 
  Pinned Device to Host bandwidth (GB/s): 14.445961
  Pinned Device to Host bandwidth (GB/s): 11.701012
  Pinned Device to Host bandwidth (GB/s): 7.385407
  Exec time (per itr): 0.00078447 s
  Pinned Host to Device bandwidth (GB/s): 1.306506
Calculating CPU CSR SpMV ... done
2-Norm between CPU and GPU answers: 1.195589e-10
Result file name: ./test.mtx ... file saved
Module		Time
Load		0.582553
Convert		0.026643
CPU SpMV	0.025701
GPU Alloc	0.265731
GPU SpMV	0.064879
GPU ELL SpMV	0.078459
Store		0.052890
