-----------------------------------------------------
Matrix name:     cant/cant.mtx
Matrix size:     62451 x 62451 => 2034917
-----------------------------------------------------
Is matrix:       1
Is sparse:       1
-----------------------------------------------------
Is complex:      0
Is real:         1
Is integer:      0
Is pattern only: 0
-----------------------------------------------------
Is general:      0
Is symmetric:    1
Is skewed:       0
Is hermitian:    0
-----------------------------------------------------
Matrix file name: cant/cant.mtx ... file loaded.
Expanding symmetric matrix ... done
  Total # of non-zeros is 4007383
Converting COO to CSR...done
Vector file name: cant/b.mtx ... file loaded
Executing GPU CSR SpMV ... 
  Pinned Device to Host bandwidth (GB/s): 1.875210
  Pinned Device to Host bandwidth (GB/s): 4.243095
  Pinned Device to Host bandwidth (GB/s): 11.098693
  Pinned Device to Host bandwidth (GB/s): 7.350635
  Exec time (per itr): 0.00064851 s
  Pinned Host to Device bandwidth (GB/s): 2.344257
Executing GPU ELL SpMV ... 
  Pinned Device to Host bandwidth (GB/s): 14.677175
  Pinned Device to Host bandwidth (GB/s): 11.702136
  Pinned Device to Host bandwidth (GB/s): 7.531476
  Exec time (per itr): 0.00078415 s
  Pinned Host to Device bandwidth (GB/s): 1.344420
Calculating CPU CSR SpMV ... done
2-Norm between CPU and GPU answers: 1.195589e-10
Result file name: ./test.mtx ... file saved
Module		Time
Load		0.587743
Convert		0.027402
CPU SpMV	0.024397
GPU Alloc	0.248737
GPU SpMV	0.064862
GPU ELL SpMV	0.078428
Store		0.035318
