-----------------------------------------------------
Matrix name:     cant/cant.mtx
Matrix size:     62451 x 62451 => 2034917
-----------------------------------------------------
Is matrix:       1
Is sparse:       1
-----------------------------------------------------
Is complex:      0
Is real:         1
Is integer:      0
Is pattern only: 0
-----------------------------------------------------
Is general:      0
Is symmetric:    1
Is skewed:       0
Is hermitian:    0
-----------------------------------------------------
Matrix file name: cant/cant.mtx ... file loaded.
Expanding symmetric matrix ... done
  Total # of non-zeros is 4007383
Converting COO to CSR...done
Vector file name: cant/b.mtx ... file loaded
Executing GPU CSR SpMV ... 
  Pinned Device to Host bandwidth (GB/s): 1.951137
  Pinned Device to Host bandwidth (GB/s): 4.050578
  Pinned Device to Host bandwidth (GB/s): 5.155994
  Pinned Device to Host bandwidth (GB/s): 7.395902
  Exec time (per itr): 0.00018860 s
  Pinned Host to Device bandwidth (GB/s): 2.269295
Executing GPU ELL SpMV ... 
  Pinned Device to Host bandwidth (GB/s): 15.853809
  Pinned Device to Host bandwidth (GB/s): 11.730203
  Pinned Device to Host bandwidth (GB/s): 7.424037
  Exec time (per itr): 0.00019190 s
  Pinned Host to Device bandwidth (GB/s): 2.401223
Calculating CPU CSR SpMV ... done
2-Norm between CPU and GPU answers: 1.195589e-10
Result file name: ./test.mtx ... file saved
Module		Time
Load		0.585871
Convert		0.028893
CPU SpMV	0.024196
GPU Alloc	0.246771
GPU SpMV	0.018874
GPU ELL SpMV	0.019205
Store		0.048134
