-----------------------------------------------------
Matrix name:     cant/cant.mtx
Matrix size:     62451 x 62451 => 2034917
-----------------------------------------------------
Is matrix:       1
Is sparse:       1
-----------------------------------------------------
Is complex:      0
Is real:         1
Is integer:      0
Is pattern only: 0
-----------------------------------------------------
Is general:      0
Is symmetric:    1
Is skewed:       0
Is hermitian:    0
-----------------------------------------------------
Matrix file name: cant/cant.mtx ... file loaded.
Expanding symmetric matrix ... done
  Total # of non-zeros is 4007383
Converting COO to CSR...done
Vector file name: cant/b.mtx ... file loaded
Executing GPU CSR SpMV ... 
  Pinned Device to Host bandwidth (GB/s): 1.961432
  Pinned Device to Host bandwidth (GB/s): 4.042537
  Pinned Device to Host bandwidth (GB/s): 5.071481
  Pinned Device to Host bandwidth (GB/s): 6.344067
  Exec time (per itr): 0.00018854 s
  Pinned Host to Device bandwidth (GB/s): 2.276243
Executing GPU ELL SpMV ... 
  Pinned Device to Host bandwidth (GB/s): 14.325983
  Pinned Device to Host bandwidth (GB/s): 11.729073
  Pinned Device to Host bandwidth (GB/s): 7.319620
  Exec time (per itr): 0.00019196 s
  Pinned Host to Device bandwidth (GB/s): 2.384354
Calculating CPU CSR SpMV ... done
2-Norm between CPU and GPU answers: 1.195589e-10
Result file name: ./test.mtx ... file saved
Module		Time
Load		0.583708
Convert		0.027572
CPU SpMV	0.022846
GPU Alloc	0.254149
GPU SpMV	0.018869
GPU ELL SpMV	0.019213
Store		0.023628
