-----------------------------------------------------
Matrix name:     cant/cant.mtx
Matrix size:     62451 x 62451 => 2034917
-----------------------------------------------------
Is matrix:       1
Is sparse:       1
-----------------------------------------------------
Is complex:      0
Is real:         1
Is integer:      0
Is pattern only: 0
-----------------------------------------------------
Is general:      0
Is symmetric:    1
Is skewed:       0
Is hermitian:    0
-----------------------------------------------------
Matrix file name: cant/cant.mtx ... file loaded.
Expanding symmetric matrix ... done
  Total # of non-zeros is 4007383
Converting COO to CSR...done
Vector file name: cant/b.mtx ... file loaded
Executing GPU CSR SpMV ... 
  Pinned Device to Host bandwidth (GB/s): 1.722909
  Pinned Device to Host bandwidth (GB/s): 4.168764
  Pinned Device to Host bandwidth (GB/s): 11.099800
  Pinned Device to Host bandwidth (GB/s): 7.357563
  Exec time (per itr): 0.00064902 s
  Pinned Host to Device bandwidth (GB/s): 2.187272
Executing GPU ELL SpMV ... 
  Pinned Device to Host bandwidth (GB/s): 15.868270
  Pinned Device to Host bandwidth (GB/s): 11.716885
  Pinned Device to Host bandwidth (GB/s): 7.698594
  Exec time (per itr): 0.00078363 s
  Pinned Host to Device bandwidth (GB/s): 1.320429
Calculating CPU CSR SpMV ... done
2-Norm between CPU and GPU answers: 1.195589e-10
Result file name: ./test.mtx ... file saved
Module		Time
Load		0.595697
Convert		0.027869
CPU SpMV	0.025379
GPU Alloc	0.303460
GPU SpMV	0.064917
GPU ELL SpMV	0.078374
Store		0.063802
