-----------------------------------------------------
Matrix name:     cant/cant.mtx
Matrix size:     62451 x 62451 => 2034917
-----------------------------------------------------
Is matrix:       1
Is sparse:       1
-----------------------------------------------------
Is complex:      0
Is real:         1
Is integer:      0
Is pattern only: 0
-----------------------------------------------------
Is general:      0
Is symmetric:    1
Is skewed:       0
Is hermitian:    0
-----------------------------------------------------
Matrix file name: cant/cant.mtx ... file loaded.
Expanding symmetric matrix ... done
  Total # of non-zeros is 4007383
Converting COO to CSR...done
Vector file name: cant/b.mtx ... file loaded
Executing GPU CSR SpMV ... 
  Pinned Device to Host bandwidth (GB/s): 1.880178
  Pinned Device to Host bandwidth (GB/s): 4.339625
  Pinned Device to Host bandwidth (GB/s): 11.095743
  Pinned Device to Host bandwidth (GB/s): 7.371459
  Exec time (per itr): 0.00076871 s
  Pinned Host to Device bandwidth (GB/s): 2.141373
Executing GPU ELL SpMV ... 
  Pinned Device to Host bandwidth (GB/s): 14.782648
  Pinned Device to Host bandwidth (GB/s): 5.888413
  Pinned Device to Host bandwidth (GB/s): 12.988977
  Exec time (per itr): 0.00064591 s
  Pinned Host to Device bandwidth (GB/s): 2.569154
Calculating CPU CSR SpMV ... done
2-Norm between CPU and GPU answers: 1.769595e-10
Result file name: ./test.mtx ... file saved
Module		Time
Load		0.596845
Convert		0.030668
CPU SpMV	0.020028
GPU Alloc	0.281774
GPU SpMV	0.076880
GPU ELL SpMV	0.064603
Store		0.197402
