-----------------------------------------------------
Matrix name:     cant/cant.mtx
Matrix size:     62451 x 62451 => 2034917
-----------------------------------------------------
Is matrix:       1
Is sparse:       1
-----------------------------------------------------
Is complex:      0
Is real:         1
Is integer:      0
Is pattern only: 0
-----------------------------------------------------
Is general:      0
Is symmetric:    1
Is skewed:       0
Is hermitian:    0
-----------------------------------------------------
Matrix file name: cant/cant.mtx ... file loaded.
Expanding symmetric matrix ... done
  Total # of non-zeros is 4007383
Converting COO to CSR...done
Vector file name: cant/b.mtx ... file loaded
Executing GPU CSR SpMV ... 
  Pinned Device to Host bandwidth (GB/s): 1.942399
  Pinned Device to Host bandwidth (GB/s): 4.759543
  Pinned Device to Host bandwidth (GB/s): 7.034940
  Pinned Device to Host bandwidth (GB/s): 7.814189
  Exec time (per itr): 0.00076763 s
  Pinned Host to Device bandwidth (GB/s): 2.285239
Executing GPU ELL SpMV ... 
  Pinned Device to Host bandwidth (GB/s): 16.813399
  Pinned Device to Host bandwidth (GB/s): 18.423239
  Pinned Device to Host bandwidth (GB/s): 8.649723
  Exec time (per itr): 0.00064764 s
  Pinned Host to Device bandwidth (GB/s): 1.334309
Calculating CPU CSR SpMV ... done
2-Norm between CPU and GPU answers: 1.769595e-10
Result file name: ./test.mtx ... file saved
Module		Time
Load		0.562942
Convert		0.025850
CPU SpMV	0.023306
GPU Alloc	0.216987
GPU SpMV	0.076773
GPU ELL SpMV	0.064780
Store		0.022549
