-----------------------------------------------------
Matrix name:     cant/cant.mtx
Matrix size:     62451 x 62451 => 2034917
-----------------------------------------------------
Is matrix:       1
Is sparse:       1
-----------------------------------------------------
Is complex:      0
Is real:         1
Is integer:      0
Is pattern only: 0
-----------------------------------------------------
Is general:      0
Is symmetric:    1
Is skewed:       0
Is hermitian:    0
-----------------------------------------------------
Matrix file name: cant/cant.mtx ... file loaded.
Expanding symmetric matrix ... done
  Total # of non-zeros is 4007383
Converting COO to CSR...done
Vector file name: cant/b.mtx ... file loaded
Executing GPU CSR SpMV ... 
  Pinned Device to Host bandwidth (GB/s): 2.139940
  Pinned Device to Host bandwidth (GB/s): 4.805477
  Pinned Device to Host bandwidth (GB/s): 6.391116
  Pinned Device to Host bandwidth (GB/s): 7.893200
  Exec time (per itr): 0.00076803 s
  Pinned Host to Device bandwidth (GB/s): 2.179030
Executing GPU ELL SpMV ... 
  Pinned Device to Host bandwidth (GB/s): 16.645633
  Pinned Device to Host bandwidth (GB/s): 19.099963
  Pinned Device to Host bandwidth (GB/s): 8.416577
  Exec time (per itr): 0.00064645 s
  Pinned Host to Device bandwidth (GB/s): 1.300196
Calculating CPU CSR SpMV ... done
2-Norm between CPU and GPU answers: 1.769595e-10
Result file name: ./test.mtx ... file saved
Module		Time
Load		0.583436
Convert		0.028006
CPU SpMV	0.023694
GPU Alloc	0.221721
GPU SpMV	0.076815
GPU ELL SpMV	0.064660
Store		0.028992
