-----------------------------------------------------
Matrix name:     cant/cant.mtx
Matrix size:     62451 x 62451 => 2034917
-----------------------------------------------------
Is matrix:       1
Is sparse:       1
-----------------------------------------------------
Is complex:      0
Is real:         1
Is integer:      0
Is pattern only: 0
-----------------------------------------------------
Is general:      0
Is symmetric:    1
Is skewed:       0
Is hermitian:    0
-----------------------------------------------------
Matrix file name: cant/cant.mtx ... file loaded.
Expanding symmetric matrix ... done
  Total # of non-zeros is 4007383
Converting COO to CSR...done
Vector file name: cant/b.mtx ... file loaded
Executing GPU CSR SpMV ... 
  Pinned Device to Host bandwidth (GB/s): 1.990946
  Pinned Device to Host bandwidth (GB/s): 4.789533
  Pinned Device to Host bandwidth (GB/s): 6.520777
  Pinned Device to Host bandwidth (GB/s): 7.998335
  Exec time (per itr): 0.00077087 s
  Pinned Host to Device bandwidth (GB/s): 2.112686
Executing GPU ELL SpMV ... 
  Pinned Device to Host bandwidth (GB/s): 17.153485
  Pinned Device to Host bandwidth (GB/s): 19.223882
  Pinned Device to Host bandwidth (GB/s): 8.304654
  Exec time (per itr): 0.00064894 s
  Pinned Host to Device bandwidth (GB/s): 1.114321
Calculating CPU CSR SpMV ... done
2-Norm between CPU and GPU answers: 1.769595e-10
Result file name: ./test.mtx ... file saved
Module		Time
Load		0.561815
Convert		0.028667
CPU SpMV	0.024858
GPU Alloc	0.215323
GPU SpMV	0.077098
GPU ELL SpMV	0.064910
Store		0.194563
