-----------------------------------------------------
Matrix name:     cant/cant.mtx
Matrix size:     62451 x 62451 => 2034917
-----------------------------------------------------
Is matrix:       1
Is sparse:       1
-----------------------------------------------------
Is complex:      0
Is real:         1
Is integer:      0
Is pattern only: 0
-----------------------------------------------------
Is general:      0
Is symmetric:    1
Is skewed:       0
Is hermitian:    0
-----------------------------------------------------
Matrix file name: cant/cant.mtx ... file loaded.
Expanding symmetric matrix ... done
  Total # of non-zeros is 4007383
Converting COO to CSR...done
Vector file name: cant/b.mtx ... file loaded
Executing GPU CSR SpMV ... 
  Pinned Device to Host bandwidth (GB/s): 6.331306
  Pinned Device to Host bandwidth (GB/s): 23.009778
  Pinned Device to Host bandwidth (GB/s): 22.674914
  Pinned Device to Host bandwidth (GB/s): 12.112296
  Exec time (per itr): 0.00076850 s
  Pinned Host to Device bandwidth (GB/s): 1.208511
Executing GPU ELL SpMV ... 
  Pinned Device to Host bandwidth (GB/s): 4.243926
  Pinned Device to Host bandwidth (GB/s): 11.681482
  Pinned Device to Host bandwidth (GB/s): 7.725260
  Exec time (per itr): 0.00064676 s
  Pinned Host to Device bandwidth (GB/s): 2.325402
Calculating CPU CSR SpMV ... done
2-Norm between CPU and GPU answers: 1.769595e-10
Result file name: ./test.mtx ... file saved
Module		Time
Load		0.590099
Convert		0.028854
CPU SpMV	0.022176
GPU Alloc	0.262686
GPU SpMV	0.076861
GPU ELL SpMV	0.064690
Store		0.060091
