-----------------------------------------------------
Matrix name:     cant/cant.mtx
Matrix size:     62451 x 62451 => 2034917
-----------------------------------------------------
Is matrix:       1
Is sparse:       1
-----------------------------------------------------
Is complex:      0
Is real:         1
Is integer:      0
Is pattern only: 0
-----------------------------------------------------
Is general:      0
Is symmetric:    1
Is skewed:       0
Is hermitian:    0
-----------------------------------------------------
Matrix file name: cant/cant.mtx ... file loaded.
Expanding symmetric matrix ... done
  Total # of non-zeros is 4007383
Converting COO to CSR...done
Vector file name: cant/b.mtx ... file loaded
Executing GPU CSR SpMV ... 
  Pinned Device to Host bandwidth (GB/s): 1.993998
  Pinned Device to Host bandwidth (GB/s): 4.253075
  Pinned Device to Host bandwidth (GB/s): 11.115070
  Pinned Device to Host bandwidth (GB/s): 7.347176
  Exec time (per itr): 0.00020676 s
  Pinned Host to Device bandwidth (GB/s): 2.338288
Executing GPU ELL SpMV ... 
  Pinned Device to Host bandwidth (GB/s): 14.324635
  Pinned Device to Host bandwidth (GB/s): 10.511731
  Pinned Device to Host bandwidth (GB/s): 7.295678
  Exec time (per itr): 0.00022374 s
  Pinned Host to Device bandwidth (GB/s): 2.259443
Calculating CPU CSR SpMV ... done
2-Norm between CPU and GPU answers: 1.769595e-10
Result file name: ./test.mtx ... file saved
Module		Time
Load		0.575348
Convert		0.028013
CPU SpMV	0.023046
GPU Alloc	0.244349
GPU SpMV	0.020690
GPU ELL SpMV	0.022391
Store		0.417120
