-----------------------------------------------------
Matrix name:     cant/cant.mtx
Matrix size:     62451 x 62451 => 2034917
-----------------------------------------------------
Is matrix:       1
Is sparse:       1
-----------------------------------------------------
Is complex:      0
Is real:         1
Is integer:      0
Is pattern only: 0
-----------------------------------------------------
Is general:      0
Is symmetric:    1
Is skewed:       0
Is hermitian:    0
-----------------------------------------------------
Matrix file name: cant/cant.mtx ... file loaded.
Expanding symmetric matrix ... done
  Total # of non-zeros is 4007383
Converting COO to CSR...done
Vector file name: cant/b.mtx ... file loaded
Executing GPU CSR SpMV ... 
  Pinned Device to Host bandwidth (GB/s): 2.014061
  Pinned Device to Host bandwidth (GB/s): 4.250332
  Pinned Device to Host bandwidth (GB/s): 11.110386
  Pinned Device to Host bandwidth (GB/s): 7.420509
  Exec time (per itr): 0.00020673 s
  Pinned Host to Device bandwidth (GB/s): 2.278236
Executing GPU ELL SpMV ... 
  Pinned Device to Host bandwidth (GB/s): 15.869924
  Pinned Device to Host bandwidth (GB/s): 11.732802
  Pinned Device to Host bandwidth (GB/s): 7.402916
  Exec time (per itr): 0.00022373 s
  Pinned Host to Device bandwidth (GB/s): 2.408260
Calculating CPU CSR SpMV ... done
2-Norm between CPU and GPU answers: 1.769595e-10
Result file name: ./test.mtx ... file saved
Module		Time
Load		0.579591
Convert		0.029405
CPU SpMV	0.024446
GPU Alloc	0.241842
GPU SpMV	0.020687
GPU ELL SpMV	0.022389
Store		0.465208
