-----------------------------------------------------
Matrix name:     cant/cant.mtx
Matrix size:     62451 x 62451 => 2034917
-----------------------------------------------------
Is matrix:       1
Is sparse:       1
-----------------------------------------------------
Is complex:      0
Is real:         1
Is integer:      0
Is pattern only: 0
-----------------------------------------------------
Is general:      0
Is symmetric:    1
Is skewed:       0
Is hermitian:    0
-----------------------------------------------------
Matrix file name: cant/cant.mtx ... file loaded.
Expanding symmetric matrix ... done
  Total # of non-zeros is 4007383
Converting COO to CSR...done
Vector file name: cant/b.mtx ... file loaded
Executing GPU CSR SpMV ... 
  Pinned Device to Host bandwidth (GB/s): 1.856480
  Pinned Device to Host bandwidth (GB/s): 4.241766
  Pinned Device to Host bandwidth (GB/s): 11.092181
  Pinned Device to Host bandwidth (GB/s): 7.299088
  Exec time (per itr): 0.00076813 s
  Pinned Host to Device bandwidth (GB/s): 2.224672
Executing GPU ELL SpMV ... 
  Pinned Device to Host bandwidth (GB/s): 15.593557
  Pinned Device to Host bandwidth (GB/s): 6.116896
  Pinned Device to Host bandwidth (GB/s): 12.381244
  Exec time (per itr): 0.00064689 s
  Pinned Host to Device bandwidth (GB/s): 2.679840
Calculating CPU CSR SpMV ... done
2-Norm between CPU and GPU answers: 1.769595e-10
Result file name: ./test.mtx ... file saved
Module		Time
Load		0.589601
Convert		0.027875
CPU SpMV	0.020601
GPU Alloc	0.272082
GPU SpMV	0.076821
GPU ELL SpMV	0.064701
Store		0.033820
