-----------------------------------------------------
Matrix name:     cant/cant.mtx
Matrix size:     62451 x 62451 => 2034917
-----------------------------------------------------
Is matrix:       1
Is sparse:       1
-----------------------------------------------------
Is complex:      0
Is real:         1
Is integer:      0
Is pattern only: 0
-----------------------------------------------------
Is general:      0
Is symmetric:    1
Is skewed:       0
Is hermitian:    0
-----------------------------------------------------
Matrix file name: cant/cant.mtx ... file loaded.
Expanding symmetric matrix ... done
  Total # of non-zeros is 4007383
Converting COO to CSR...done
Vector file name: cant/b.mtx ... file loaded
Executing GPU CSR SpMV ... 
  Pinned Device to Host bandwidth (GB/s): 1.865352
  Pinned Device to Host bandwidth (GB/s): 4.105656
  Pinned Device to Host bandwidth (GB/s): 11.078320
  Pinned Device to Host bandwidth (GB/s): 7.615976
  Exec time (per itr): 0.00076877 s
  Pinned Host to Device bandwidth (GB/s): 2.181466
Executing GPU ELL SpMV ... 
  Pinned Device to Host bandwidth (GB/s): 14.376041
  Pinned Device to Host bandwidth (GB/s): 5.857062
  Pinned Device to Host bandwidth (GB/s): 12.540361
  Exec time (per itr): 0.00064702 s
  Pinned Host to Device bandwidth (GB/s): 2.646229
Calculating CPU CSR SpMV ... done
2-Norm between CPU and GPU answers: 1.769595e-10
Result file name: ./test.mtx ... file saved
Module		Time
Load		0.591062
Convert		0.031933
CPU SpMV	0.020452
GPU Alloc	0.270602
GPU SpMV	0.076887
GPU ELL SpMV	0.064714
Store		0.144981
