-----------------------------------------------------
Matrix name:     cant/cant.mtx
Matrix size:     62451 x 62451 => 2034917
-----------------------------------------------------
Is matrix:       1
Is sparse:       1
-----------------------------------------------------
Is complex:      0
Is real:         1
Is integer:      0
Is pattern only: 0
-----------------------------------------------------
Is general:      0
Is symmetric:    1
Is skewed:       0
Is hermitian:    0
-----------------------------------------------------
Matrix file name: cant/cant.mtx ... file loaded.
Expanding symmetric matrix ... done
  Total # of non-zeros is 4007383
Converting COO to CSR...done
Vector file name: cant/b.mtx ... file loaded
Executing GPU CSR SpMV ... 
  Pinned Device to Host bandwidth (GB/s): 2.094018
  Pinned Device to Host bandwidth (GB/s): 4.781624
  Pinned Device to Host bandwidth (GB/s): 18.756240
  Pinned Device to Host bandwidth (GB/s): 7.929278
  Exec time (per itr): 0.00076753 s
  Pinned Host to Device bandwidth (GB/s): 2.154671
Executing GPU ELL SpMV ... 
  Pinned Device to Host bandwidth (GB/s): 16.468700
  Pinned Device to Host bandwidth (GB/s): 7.341773
  Pinned Device to Host bandwidth (GB/s): 8.010646
  Exec time (per itr): 0.00064789 s
  Pinned Host to Device bandwidth (GB/s): 2.209560
Calculating CPU CSR SpMV ... done
2-Norm between CPU and GPU answers: 1.769595e-10
Result file name: ./test.mtx ... file saved
Module		Time
Load		0.576963
Convert		0.030306
CPU SpMV	0.020557
GPU Alloc	0.218087
GPU SpMV	0.076766
GPU ELL SpMV	0.064803
Store		0.024101
