-----------------------------------------------------
Matrix name:     cant/cant.mtx
Matrix size:     62451 x 62451 => 2034917
-----------------------------------------------------
Is matrix:       1
Is sparse:       1
-----------------------------------------------------
Is complex:      0
Is real:         1
Is integer:      0
Is pattern only: 0
-----------------------------------------------------
Is general:      0
Is symmetric:    1
Is skewed:       0
Is hermitian:    0
-----------------------------------------------------
Matrix file name: cant/cant.mtx ... file loaded.
Expanding symmetric matrix ... done
  Total # of non-zeros is 4007383
Converting COO to CSR...done
Vector file name: cant/b.mtx ... file loaded
Calculating COO SpMV ... done
Calculating CSR SpMV ... done
Calculating COO SpMV serial ... done
Calculating CSR SpMV ... done
Result file name: ./myans.mtx ... file saved
Module		Time
Load		0.780284
Convert		0.081092
Lock Init	0.000412
COO SpMV	2.903888
CSR SpMV	1.596616
COO SpMV Serial	2.173645
CSR SpMV Serial	1.606857
Store		0.022581
