-----------------------------------------------------
Matrix name:     cant/cant.mtx
Matrix size:     62451 x 62451 => 2034917
-----------------------------------------------------
Is matrix:       1
Is sparse:       1
-----------------------------------------------------
Is complex:      0
Is real:         1
Is integer:      0
Is pattern only: 0
-----------------------------------------------------
Is general:      0
Is symmetric:    1
Is skewed:       0
Is hermitian:    0
-----------------------------------------------------
Matrix file name: cant/cant.mtx ... file loaded.
Expanding symmetric matrix ... done
  Total # of non-zeros is 4007383
Converting COO to CSR...done
Vector file name: cant/b.mtx ... file loaded
Executing GPU CSR SpMV ... 
  Pinned Device to Host bandwidth (GB/s): 1.883353
  Pinned Device to Host bandwidth (GB/s): 4.299435
  Pinned Device to Host bandwidth (GB/s): 11.077586
  Pinned Device to Host bandwidth (GB/s): 7.783026
  Exec time (per itr): 0.00064312 s
  Pinned Host to Device bandwidth (GB/s): 2.150220
Executing GPU ELL SpMV ... 
  Pinned Device to Host bandwidth (GB/s): 14.436029
  Pinned Device to Host bandwidth (GB/s): 11.692923
  Pinned Device to Host bandwidth (GB/s): 7.567983
  Exec time (per itr): 0.00049428 s
  Pinned Host to Device bandwidth (GB/s): 1.280153
Calculating CPU CSR SpMV ... done
2-Norm between CPU and GPU answers: 1.930045e+05
Result file name: ./test.mtx ... file saved
Module		Time
Load		0.591618
Convert		0.031228
CPU SpMV	0.024468
GPU Alloc	0.260460
GPU SpMV	0.064323
GPU ELL SpMV	0.049444
Store		0.069184
