-----------------------------------------------------
Matrix name:     cant/cant.mtx
Matrix size:     62451 x 62451 => 2034917
-----------------------------------------------------
Is matrix:       1
Is sparse:       1
-----------------------------------------------------
Is complex:      0
Is real:         1
Is integer:      0
Is pattern only: 0
-----------------------------------------------------
Is general:      0
Is symmetric:    1
Is skewed:       0
Is hermitian:    0
-----------------------------------------------------
Matrix file name: cant/cant.mtx ... file loaded.
Expanding symmetric matrix ... done
  Total # of non-zeros is 4007383
Converting COO to CSR...done
Vector file name: cant/b.mtx ... file loaded
Executing GPU CSR SpMV ... 
  Pinned Device to Host bandwidth (GB/s): 2.011985
  Pinned Device to Host bandwidth (GB/s): 5.600158
  Pinned Device to Host bandwidth (GB/s): 18.715594
  Pinned Device to Host bandwidth (GB/s): 8.978005
  Exec time (per itr): 0.00064462 s
  Pinned Host to Device bandwidth (GB/s): 2.287918
Executing GPU ELL SpMV ... 
  Pinned Device to Host bandwidth (GB/s): 17.493027
  Pinned Device to Host bandwidth (GB/s): 19.188443
  Pinned Device to Host bandwidth (GB/s): 8.097899
  Exec time (per itr): 0.00049846 s
  Pinned Host to Device bandwidth (GB/s): 1.335336
Calculating CPU CSR SpMV ... done
2-Norm between CPU and GPU answers: 1.930045e+05
Result file name: ./test.mtx ... file saved
Module		Time
Load		0.567849
Convert		0.025707
CPU SpMV	0.039865
GPU Alloc	0.230515
GPU SpMV	0.064473
GPU ELL SpMV	0.049861
Store		0.065775
