-----------------------------------------------------
Matrix name:     cant/cant.mtx
Matrix size:     62451 x 62451 => 2034917
-----------------------------------------------------
Is matrix:       1
Is sparse:       1
-----------------------------------------------------
Is complex:      0
Is real:         1
Is integer:      0
Is pattern only: 0
-----------------------------------------------------
Is general:      0
Is symmetric:    1
Is skewed:       0
Is hermitian:    0
-----------------------------------------------------
Matrix file name: cant/cant.mtx ... file loaded.
Expanding symmetric matrix ... done
  Total # of non-zeros is 4007383
Converting COO to CSR...done
Vector file name: cant/b.mtx ... file loaded
Executing GPU CSR SpMV ... 
  Pinned Device to Host bandwidth (GB/s): 2.039316
  Pinned Device to Host bandwidth (GB/s): 4.049465
  Pinned Device to Host bandwidth (GB/s): 10.853528
  Pinned Device to Host bandwidth (GB/s): 7.155247
  Exec time (per itr): 0.00017296 s
  Pinned Host to Device bandwidth (GB/s): 2.406033
Executing GPU ELL SpMV ... 
  Pinned Device to Host bandwidth (GB/s): 14.428845
  Pinned Device to Host bandwidth (GB/s): 11.721848
  Pinned Device to Host bandwidth (GB/s): 7.316190
  Exec time (per itr): 0.00017113 s
  Pinned Host to Device bandwidth (GB/s): 2.335141
Calculating CPU CSR SpMV ... done
2-Norm between CPU and GPU answers: 1.930045e+05
Result file name: ./test.mtx ... file saved
Module		Time
Load		0.601436
Convert		0.026740
CPU SpMV	0.023322
GPU Alloc	0.247244
GPU SpMV	0.017311
GPU ELL SpMV	0.017131
Store		0.072517
