-----------------------------------------------------
Matrix name:     cant/cant.mtx
Matrix size:     62451 x 62451 => 2034917
-----------------------------------------------------
Is matrix:       1
Is sparse:       1
-----------------------------------------------------
Is complex:      0
Is real:         1
Is integer:      0
Is pattern only: 0
-----------------------------------------------------
Is general:      0
Is symmetric:    1
Is skewed:       0
Is hermitian:    0
-----------------------------------------------------
Matrix file name: cant/cant.mtx ... file loaded.
Expanding symmetric matrix ... done
  Total # of non-zeros is 4007383
Converting COO to CSR...done
Vector file name: cant/b.mtx ... file loaded
Executing GPU CSR SpMV ... 
  Pinned Device to Host bandwidth (GB/s): 2.032943
  Pinned Device to Host bandwidth (GB/s): 4.052086
  Pinned Device to Host bandwidth (GB/s): 5.044388
  Pinned Device to Host bandwidth (GB/s): 8.840742
  Exec time (per itr): 0.00017166 s
  Pinned Host to Device bandwidth (GB/s): 2.681682
Executing GPU ELL SpMV ... 
  Pinned Device to Host bandwidth (GB/s): 18.401802
  Pinned Device to Host bandwidth (GB/s): 18.205112
  Pinned Device to Host bandwidth (GB/s): 10.902759
  Exec time (per itr): 0.00017110 s
  Pinned Host to Device bandwidth (GB/s): 2.660206
Calculating CPU CSR SpMV ... done
2-Norm between CPU and GPU answers: 1.930045e+05
Result file name: ./test.mtx ... file saved
Module		Time
Load		0.583941
Convert		0.026578
CPU SpMV	0.021212
GPU Alloc	0.243977
GPU SpMV	0.017180
GPU ELL SpMV	0.017127
Store		0.074746
