-----------------------------------------------------
Matrix name:     cant/cant.mtx
Matrix size:     62451 x 62451 => 2034917
-----------------------------------------------------
Is matrix:       1
Is sparse:       1
-----------------------------------------------------
Is complex:      0
Is real:         1
Is integer:      0
Is pattern only: 0
-----------------------------------------------------
Is general:      0
Is symmetric:    1
Is skewed:       0
Is hermitian:    0
-----------------------------------------------------
Matrix file name: cant/cant.mtx ... file loaded.
Expanding symmetric matrix ... done
  Total # of non-zeros is 4007383
Converting COO to CSR...done
Vector file name: cant/b.mtx ... file loaded
Executing GPU CSR SpMV ... 
  Pinned Device to Host bandwidth (GB/s): 1.892026
  Pinned Device to Host bandwidth (GB/s): 4.050775
  Pinned Device to Host bandwidth (GB/s): 11.130877
  Pinned Device to Host bandwidth (GB/s): 7.378426
  Exec time (per itr): 0.00017162 s
  Pinned Host to Device bandwidth (GB/s): 2.353444
Executing GPU ELL SpMV ... 
  Pinned Device to Host bandwidth (GB/s): 15.225476
  Pinned Device to Host bandwidth (GB/s): 11.591971
  Pinned Device to Host bandwidth (GB/s): 7.221439
  Exec time (per itr): 0.00017104 s
  Pinned Host to Device bandwidth (GB/s): 2.356286
Calculating CPU CSR SpMV ... done
2-Norm between CPU and GPU answers: 1.930045e+05
Result file name: ./test.mtx ... file saved
Module		Time
Load		0.585764
Convert		0.029423
CPU SpMV	0.023851
GPU Alloc	0.243237
GPU SpMV	0.017177
GPU ELL SpMV	0.017120
Store		0.054156
