-----------------------------------------------------
Matrix name:     cant/cant.mtx
Matrix size:     62451 x 62451 => 2034917
-----------------------------------------------------
Is matrix:       1
Is sparse:       1
-----------------------------------------------------
Is complex:      0
Is real:         1
Is integer:      0
Is pattern only: 0
-----------------------------------------------------
Is general:      0
Is symmetric:    1
Is skewed:       0
Is hermitian:    0
-----------------------------------------------------
Matrix file name: cant/cant.mtx ... file loaded.
Expanding symmetric matrix ... done
  Total # of non-zeros is 4007383
Converting COO to CSR...done
Vector file name: cant/b.mtx ... file loaded
Executing GPU CSR SpMV ... 
  Pinned Device to Host bandwidth (GB/s): 1.983863
  Pinned Device to Host bandwidth (GB/s): 4.777428
  Pinned Device to Host bandwidth (GB/s): 18.871417
  Pinned Device to Host bandwidth (GB/s): 8.081133
  Exec time (per itr): 0.00064511 s
  Pinned Host to Device bandwidth (GB/s): 2.199289
Executing GPU ELL SpMV ... 
  Pinned Device to Host bandwidth (GB/s): 16.383180
  Pinned Device to Host bandwidth (GB/s): 19.105955
  Pinned Device to Host bandwidth (GB/s): 8.569017
  Exec time (per itr): 0.00049877 s
  Pinned Host to Device bandwidth (GB/s): 1.315866
Calculating CPU CSR SpMV ... done
2-Norm between CPU and GPU answers: 1.930045e+05
Result file name: ./test.mtx ... file saved
Module		Time
Load		0.565692
Convert		0.028732
CPU SpMV	0.022836
GPU Alloc	0.228430
GPU SpMV	0.064527
GPU ELL SpMV	0.049894
Store		0.104042
