-----------------------------------------------------
Matrix name:     cant/cant.mtx
Matrix size:     62451 x 62451 => 2034917
-----------------------------------------------------
Is matrix:       1
Is sparse:       1
-----------------------------------------------------
Is complex:      0
Is real:         1
Is integer:      0
Is pattern only: 0
-----------------------------------------------------
Is general:      0
Is symmetric:    1
Is skewed:       0
Is hermitian:    0
-----------------------------------------------------
Matrix file name: cant/cant.mtx ... file loaded.
Expanding symmetric matrix ... done
  Total # of non-zeros is 4007383
Converting COO to CSR...done
Vector file name: cant/b.mtx ... file loaded
Executing GPU CSR SpMV ... 
  Pinned Device to Host bandwidth (GB/s): 1.983863
  Pinned Device to Host bandwidth (GB/s): 4.249935
  Pinned Device to Host bandwidth (GB/s): 4.953404
  Pinned Device to Host bandwidth (GB/s): 7.302502
  Exec time (per itr): 0.00017168 s
  Pinned Host to Device bandwidth (GB/s): 2.280232
Executing GPU ELL SpMV ... 
  Pinned Device to Host bandwidth (GB/s): 12.677964
  Pinned Device to Host bandwidth (GB/s): 11.731559
  Pinned Device to Host bandwidth (GB/s): 7.385407
  Exec time (per itr): 0.00017111 s
  Pinned Host to Device bandwidth (GB/s): 2.341093
Calculating CPU CSR SpMV ... done
2-Norm between CPU and GPU answers: 1.930045e+05
Result file name: ./test.mtx ... file saved
Module		Time
Load		0.588782
Convert		0.027940
CPU SpMV	0.023201
GPU Alloc	0.251323
GPU SpMV	0.017186
GPU ELL SpMV	0.017129
Store		0.029319
