-----------------------------------------------------
Matrix name:     cant/cant.mtx
Matrix size:     62451 x 62451 => 2034917
-----------------------------------------------------
Is matrix:       1
Is sparse:       1
-----------------------------------------------------
Is complex:      0
Is real:         1
Is integer:      0
Is pattern only: 0
-----------------------------------------------------
Is general:      0
Is symmetric:    1
Is skewed:       0
Is hermitian:    0
-----------------------------------------------------
Matrix file name: cant/cant.mtx ... file loaded.
Expanding symmetric matrix ... done
  Total # of non-zeros is 4007383
Converting COO to CSR...done
Vector file name: cant/b.mtx ... file loaded
Executing GPU CSR SpMV ... 
  Pinned Device to Host bandwidth (GB/s): 1.901705
  Pinned Device to Host bandwidth (GB/s): 4.239110
  Pinned Device to Host bandwidth (GB/s): 11.098939
  Pinned Device to Host bandwidth (GB/s): 7.431104
  Exec time (per itr): 0.00064267 s
  Pinned Host to Device bandwidth (GB/s): 2.208935
Executing GPU ELL SpMV ... 
  Pinned Device to Host bandwidth (GB/s): 14.460026
  Pinned Device to Host bandwidth (GB/s): 11.670176
  Pinned Device to Host bandwidth (GB/s): 7.630865
  Exec time (per itr): 0.00049418 s
  Pinned Host to Device bandwidth (GB/s): 1.257774
Calculating CPU CSR SpMV ... done
2-Norm between CPU and GPU answers: 1.930045e+05
Result file name: ./test.mtx ... file saved
Module		Time
Load		0.607196
Convert		0.026723
CPU SpMV	0.024178
GPU Alloc	0.267661
GPU SpMV	0.064277
GPU ELL SpMV	0.049438
Store		0.026619
