-----------------------------------------------------
Matrix name:     cant/cant.mtx
Matrix size:     62451 x 62451 => 2034917
-----------------------------------------------------
Is matrix:       1
Is sparse:       1
-----------------------------------------------------
Is complex:      0
Is real:         1
Is integer:      0
Is pattern only: 0
-----------------------------------------------------
Is general:      0
Is symmetric:    1
Is skewed:       0
Is hermitian:    0
-----------------------------------------------------
Matrix file name: cant/cant.mtx ... file loaded.
Expanding symmetric matrix ... done
  Total # of non-zeros is 4007383
Converting COO to CSR...done
Vector file name: cant/b.mtx ... file loaded
Executing GPU CSR SpMV ... 
  Pinned Device to Host bandwidth (GB/s): 2.094018
  Pinned Device to Host bandwidth (GB/s): 4.822734
  Pinned Device to Host bandwidth (GB/s): 6.895917
  Pinned Device to Host bandwidth (GB/s): 8.018875
  Exec time (per itr): 0.00064730 s
  Pinned Host to Device bandwidth (GB/s): 1.965104
Executing GPU ELL SpMV ... 
  Pinned Device to Host bandwidth (GB/s): 16.650184
  Pinned Device to Host bandwidth (GB/s): 19.123058
  Pinned Device to Host bandwidth (GB/s): 8.282626
  Exec time (per itr): 0.00049943 s
  Pinned Host to Device bandwidth (GB/s): 1.275343
Calculating CPU CSR SpMV ... done
2-Norm between CPU and GPU answers: 1.930045e+05
Result file name: ./test.mtx ... file saved
Module		Time
Load		0.561792
Convert		0.027637
CPU SpMV	0.022964
GPU Alloc	0.247405
GPU SpMV	0.064745
GPU ELL SpMV	0.049959
Store		0.059418
