-----------------------------------------------------
Matrix name:     cant/cant.mtx
Matrix size:     62451 x 62451 => 2034917
-----------------------------------------------------
Is matrix:       1
Is sparse:       1
-----------------------------------------------------
Is complex:      0
Is real:         1
Is integer:      0
Is pattern only: 0
-----------------------------------------------------
Is general:      0
Is symmetric:    1
Is skewed:       0
Is hermitian:    0
-----------------------------------------------------
Matrix file name: cant/cant.mtx ... file loaded.
Expanding symmetric matrix ... done
  Total # of non-zeros is 4007383
Converting COO to CSR...done
Vector file name: cant/b.mtx ... file loaded
Executing GPU CSR SpMV ... 
  Pinned Device to Host bandwidth (GB/s): 1.853395
  Pinned Device to Host bandwidth (GB/s): 4.037194
  Pinned Device to Host bandwidth (GB/s): 11.092549
  Pinned Device to Host bandwidth (GB/s): 7.424037
  Exec time (per itr): 0.00064337 s
  Pinned Host to Device bandwidth (GB/s): 2.179334
Executing GPU ELL SpMV ... 
  Pinned Device to Host bandwidth (GB/s): 14.460026
  Pinned Device to Host bandwidth (GB/s): 11.720494
  Pinned Device to Host bandwidth (GB/s): 7.579005
  Exec time (per itr): 0.00049647 s
  Pinned Host to Device bandwidth (GB/s): 1.287543
Calculating CPU CSR SpMV ... done
2-Norm between CPU and GPU answers: 1.930045e+05
Result file name: ./test.mtx ... file saved
Module		Time
Load		0.595058
Convert		0.028112
CPU SpMV	0.024623
GPU Alloc	0.260735
GPU SpMV	0.064347
GPU ELL SpMV	0.049664
Store		0.026830
