-----------------------------------------------------
Matrix name:     cant/cant.mtx
Matrix size:     62451 x 62451 => 2034917
-----------------------------------------------------
Is matrix:       1
Is sparse:       1
-----------------------------------------------------
Is complex:      0
Is real:         1
Is integer:      0
Is pattern only: 0
-----------------------------------------------------
Is general:      0
Is symmetric:    1
Is skewed:       0
Is hermitian:    0
-----------------------------------------------------
Matrix file name: cant/cant.mtx ... file loaded.
Expanding symmetric matrix ... done
  Total # of non-zeros is 4007383
Converting COO to CSR...done
Vector file name: cant/b.mtx ... file loaded
Executing GPU CSR SpMV ... 
  Pinned Device to Host bandwidth (GB/s): 1.912420
  Pinned Device to Host bandwidth (GB/s): 4.238572
  Pinned Device to Host bandwidth (GB/s): 11.095866
  Pinned Device to Host bandwidth (GB/s): 7.736744
  Exec time (per itr): 0.00064315 s
  Pinned Host to Device bandwidth (GB/s): 2.161233
Executing GPU ELL SpMV ... 
  Pinned Device to Host bandwidth (GB/s): 14.439452
  Pinned Device to Host bandwidth (GB/s): 11.679577
  Pinned Device to Host bandwidth (GB/s): 7.502523
  Exec time (per itr): 0.00049395 s
  Pinned Host to Device bandwidth (GB/s): 1.278790
Calculating CPU CSR SpMV ... done
2-Norm between CPU and GPU answers: 1.930045e+05
Result file name: ./test.mtx ... file saved
Module		Time
Load		0.585906
Convert		0.029963
CPU SpMV	0.024725
GPU Alloc	0.264173
GPU SpMV	0.064324
GPU ELL SpMV	0.049411
Store		0.054477
