-----------------------------------------------------
Matrix name:     cant/cant.mtx
Matrix size:     62451 x 62451 => 2034917
-----------------------------------------------------
Is matrix:       1
Is sparse:       1
-----------------------------------------------------
Is complex:      0
Is real:         1
Is integer:      0
Is pattern only: 0
-----------------------------------------------------
Is general:      0
Is symmetric:    1
Is skewed:       0
Is hermitian:    0
-----------------------------------------------------
Matrix file name: cant/cant.mtx ... file loaded.
Expanding symmetric matrix ... done
  Total # of non-zeros is 4007383
Converting COO to CSR...done
Vector file name: cant/b.mtx ... file loaded
Executing GPU CSR SpMV ... 
  Pinned Device to Host bandwidth (GB/s): 1.894322
  Pinned Device to Host bandwidth (GB/s): 4.052413
  Pinned Device to Host bandwidth (GB/s): 4.733771
  Pinned Device to Host bandwidth (GB/s): 7.340268
  Exec time (per itr): 0.00017185 s
  Pinned Host to Device bandwidth (GB/s): 2.392025
Executing GPU ELL SpMV ... 
  Pinned Device to Host bandwidth (GB/s): 14.406654
  Pinned Device to Host bandwidth (GB/s): 11.715758
  Pinned Device to Host bandwidth (GB/s): 7.323054
  Exec time (per itr): 0.00017120 s
  Pinned Host to Device bandwidth (GB/s): 2.293295
Calculating CPU CSR SpMV ... done
2-Norm between CPU and GPU answers: 1.930045e+05
Result file name: ./test.mtx ... file saved
Module		Time
Load		0.594668
Convert		0.026331
CPU SpMV	0.022580
GPU Alloc	0.261800
GPU SpMV	0.017200
GPU ELL SpMV	0.017138
Store		0.165892
