-----------------------------------------------------
Matrix name:     cant/cant.mtx
Matrix size:     62451 x 62451 => 2034917
-----------------------------------------------------
Is matrix:       1
Is sparse:       1
-----------------------------------------------------
Is complex:      0
Is real:         1
Is integer:      0
Is pattern only: 0
-----------------------------------------------------
Is general:      0
Is symmetric:    1
Is skewed:       0
Is hermitian:    0
-----------------------------------------------------
Matrix file name: cant/cant.mtx ... file loaded.
Expanding symmetric matrix ... done
  Total # of non-zeros is 4007383
Converting COO to CSR...done
Vector file name: cant/b.mtx ... file loaded
Executing GPU CSR SpMV ... 
  Pinned Device to Host bandwidth (GB/s): 1.874310
  Pinned Device to Host bandwidth (GB/s): 4.222529
  Pinned Device to Host bandwidth (GB/s): 11.089971
  Pinned Device to Host bandwidth (GB/s): 7.740580
  Exec time (per itr): 0.00064302 s
  Pinned Host to Device bandwidth (GB/s): 2.144019
Executing GPU ELL SpMV ... 
  Pinned Device to Host bandwidth (GB/s): 14.416205
  Pinned Device to Host bandwidth (GB/s): 11.707199
  Pinned Device to Host bandwidth (GB/s): 7.542392
  Exec time (per itr): 0.00049459 s
  Pinned Host to Device bandwidth (GB/s): 1.318199
Calculating CPU CSR SpMV ... done
2-Norm between CPU and GPU answers: 1.930045e+05
Result file name: ./test.mtx ... file saved
Module		Time
Load		0.607933
Convert		0.027146
CPU SpMV	0.025069
GPU Alloc	0.349392
GPU SpMV	0.064312
GPU ELL SpMV	0.049478
Store		0.030976
