-----------------------------------------------------
Matrix name:     cant/cant.mtx
Matrix size:     62451 x 62451 => 2034917
-----------------------------------------------------
Is matrix:       1
Is sparse:       1
-----------------------------------------------------
Is complex:      0
Is real:         1
Is integer:      0
Is pattern only: 0
-----------------------------------------------------
Is general:      0
Is symmetric:    1
Is skewed:       0
Is hermitian:    0
-----------------------------------------------------
Matrix file name: cant/cant.mtx ... file loaded.
Expanding symmetric matrix ... done
  Total # of non-zeros is 4007383
Converting COO to CSR...done
Vector file name: cant/b.mtx ... file loaded
Executing GPU CSR SpMV ... 
  Pinned Device to Host bandwidth (GB/s): 1.915236
  Pinned Device to Host bandwidth (GB/s): 4.053332
  Pinned Device to Host bandwidth (GB/s): 5.123613
  Pinned Device to Host bandwidth (GB/s): 11.041548
  Exec time (per itr): 0.00017187 s
  Pinned Host to Device bandwidth (GB/s): 2.748240
Executing GPU ELL SpMV ... 
  Pinned Device to Host bandwidth (GB/s): 10.780377
  Pinned Device to Host bandwidth (GB/s): 12.970991
  Pinned Device to Host bandwidth (GB/s): 8.835739
  Exec time (per itr): 0.00017330 s
  Pinned Host to Device bandwidth (GB/s): 2.668390
Calculating CPU CSR SpMV ... done
2-Norm between CPU and GPU answers: 1.930045e+05
Result file name: ./test.mtx ... file saved
Module		Time
Load		0.719550
Convert		0.026359
CPU SpMV	0.021083
GPU Alloc	0.249974
GPU SpMV	0.017203
GPU ELL SpMV	0.017346
Store		0.957770
