-----------------------------------------------------
Matrix name:     cant/cant.mtx
Matrix size:     62451 x 62451 => 2034917
-----------------------------------------------------
Is matrix:       1
Is sparse:       1
-----------------------------------------------------
Is complex:      0
Is real:         1
Is integer:      0
Is pattern only: 0
-----------------------------------------------------
Is general:      0
Is symmetric:    1
Is skewed:       0
Is hermitian:    0
-----------------------------------------------------
Matrix file name: cant/cant.mtx ... file loaded.
Expanding symmetric matrix ... done
  Total # of non-zeros is 4007383
Converting COO to CSR...done
Vector file name: cant/b.mtx ... file loaded
Executing GPU CSR SpMV ... 
  Pinned Device to Host bandwidth (GB/s): 1.865798
  Pinned Device to Host bandwidth (GB/s): 4.248457
  Pinned Device to Host bandwidth (GB/s): 4.867062
  Pinned Device to Host bandwidth (GB/s): 7.282066
  Exec time (per itr): 0.00017172 s
  Pinned Host to Device bandwidth (GB/s): 2.313685
Executing GPU ELL SpMV ... 
  Pinned Device to Host bandwidth (GB/s): 14.403246
  Pinned Device to Host bandwidth (GB/s): 11.717224
  Pinned Device to Host bandwidth (GB/s): 7.378426
  Exec time (per itr): 0.00017125 s
  Pinned Host to Device bandwidth (GB/s): 2.238387
Calculating CPU CSR SpMV ... done
2-Norm between CPU and GPU answers: 1.930045e+05
Result file name: ./test.mtx ... file saved
Module		Time
Load		0.580184
Convert		0.026627
CPU SpMV	0.022616
GPU Alloc	0.247211
GPU SpMV	0.017187
GPU ELL SpMV	0.017143
Store		0.053168
