-----------------------------------------------------
Matrix name:     cant/cant.mtx
Matrix size:     62451 x 62451 => 2034917
-----------------------------------------------------
Is matrix:       1
Is sparse:       1
-----------------------------------------------------
Is complex:      0
Is real:         1
Is integer:      0
Is pattern only: 0
-----------------------------------------------------
Is general:      0
Is symmetric:    1
Is skewed:       0
Is hermitian:    0
-----------------------------------------------------
Matrix file name: cant/cant.mtx ... file loaded.
Expanding symmetric matrix ... done
  Total # of non-zeros is 4007383
Converting COO to CSR...done
Vector file name: cant/b.mtx ... file loaded
Executing GPU CSR SpMV ... 
  Pinned Device to Host bandwidth (GB/s): 1.863127
  Pinned Device to Host bandwidth (GB/s): 4.262738
  Pinned Device to Host bandwidth (GB/s): 11.102753
  Pinned Device to Host bandwidth (GB/s): 7.531476
  Exec time (per itr): 0.00064331 s
  Pinned Host to Device bandwidth (GB/s): 2.181466
Executing GPU ELL SpMV ... 
  Pinned Device to Host bandwidth (GB/s): 14.894019
  Pinned Device to Host bandwidth (GB/s): 11.694607
  Pinned Device to Host bandwidth (GB/s): 7.744420
  Exec time (per itr): 0.00049425 s
  Pinned Host to Device bandwidth (GB/s): 1.328067
Calculating CPU CSR SpMV ... done
2-Norm between CPU and GPU answers: 1.930045e+05
Result file name: ./test.mtx ... file saved
Module		Time
Load		0.588269
Convert		0.027055
CPU SpMV	0.024759
GPU Alloc	0.275006
GPU SpMV	0.064341
GPU ELL SpMV	0.049441
Store		0.026244
