-----------------------------------------------------
Matrix name:     cant/cant.mtx
Matrix size:     62451 x 62451 => 2034917
-----------------------------------------------------
Is matrix:       1
Is sparse:       1
-----------------------------------------------------
Is complex:      0
Is real:         1
Is integer:      0
Is pattern only: 0
-----------------------------------------------------
Is general:      0
Is symmetric:    1
Is skewed:       0
Is hermitian:    0
-----------------------------------------------------
Matrix file name: cant/cant.mtx ... file loaded.
Expanding symmetric matrix ... done
  Total # of non-zeros is 4007383
Converting COO to CSR...done
Vector file name: cant/b.mtx ... file loaded
Executing GPU CSR SpMV ... 
  Pinned Device to Host bandwidth (GB/s): 1.822671
  Pinned Device to Host bandwidth (GB/s): 4.250404
  Pinned Device to Host bandwidth (GB/s): 11.090707
  Pinned Device to Host bandwidth (GB/s): 7.877271
  Exec time (per itr): 0.00064311 s
  Pinned Host to Device bandwidth (GB/s): 2.184212
Executing GPU ELL SpMV ... 
  Pinned Device to Host bandwidth (GB/s): 14.776191
  Pinned Device to Host bandwidth (GB/s): 11.692137
  Pinned Device to Host bandwidth (GB/s): 7.877271
  Exec time (per itr): 0.00049439 s
  Pinned Host to Device bandwidth (GB/s): 1.301605
Calculating CPU CSR SpMV ... done
2-Norm between CPU and GPU answers: 1.930045e+05
Result file name: ./test.mtx ... file saved
Module		Time
Load		0.620857
Convert		0.026741
CPU SpMV	0.025310
GPU Alloc	0.310323
GPU SpMV	0.064321
GPU ELL SpMV	0.049454
Store		0.027862
