-----------------------------------------------------
Matrix name:     cant/cant.mtx
Matrix size:     62451 x 62451 => 2034917
-----------------------------------------------------
Is matrix:       1
Is sparse:       1
-----------------------------------------------------
Is complex:      0
Is real:         1
Is integer:      0
Is pattern only: 0
-----------------------------------------------------
Is general:      0
Is symmetric:    1
Is skewed:       0
Is hermitian:    0
-----------------------------------------------------
Matrix file name: cant/cant.mtx ... file loaded.
Expanding symmetric matrix ... done
  Total # of non-zeros is 4007383
Converting COO to CSR...done
Vector file name: cant/b.mtx ... file loaded
Executing GPU CSR SpMV ... 
  Pinned Device to Host bandwidth (GB/s): 2.058133
  Pinned Device to Host bandwidth (GB/s): 4.342032
  Pinned Device to Host bandwidth (GB/s): 6.160428
  Pinned Device to Host bandwidth (GB/s): 8.165664
  Exec time (per itr): 0.00077356 s
  Pinned Host to Device bandwidth (GB/s): 2.214574
Executing GPU ELL SpMV ... 
  Pinned Device to Host bandwidth (GB/s): 16.973692
  Pinned Device to Host bandwidth (GB/s): 19.219028
  Pinned Device to Host bandwidth (GB/s): 8.621065
  Exec time (per itr): 0.00257480 s
  Pinned Host to Device bandwidth (GB/s): 1.314979
Calculating CPU CSR SpMV ... done
2-Norm between CPU and GPU answers: 1.769595e-10
Result file name: ./test.mtx ... file saved
Module		Time
Load		0.563918
Convert		0.026393
CPU SpMV	0.022383
GPU Alloc	0.209646
GPU SpMV	0.077367
GPU ELL SpMV	0.257484
Store		0.174573
