-----------------------------------------------------
Matrix name:     cant/cant.mtx
Matrix size:     62451 x 62451 => 2034917
-----------------------------------------------------
Is matrix:       1
Is sparse:       1
-----------------------------------------------------
Is complex:      0
Is real:         1
Is integer:      0
Is pattern only: 0
-----------------------------------------------------
Is general:      0
Is symmetric:    1
Is skewed:       0
Is hermitian:    0
-----------------------------------------------------
Matrix file name: cant/cant.mtx ... file loaded.
Expanding symmetric matrix ... done
  Total # of non-zeros is 4007383
Converting COO to CSR...done
Vector file name: cant/b.mtx ... file loaded
Executing GPU CSR SpMV ... 
  Pinned Device to Host bandwidth (GB/s): 2.148775
  Pinned Device to Host bandwidth (GB/s): 4.383218
  Pinned Device to Host bandwidth (GB/s): 6.406237
  Pinned Device to Host bandwidth (GB/s): 2.594773
  Exec time (per itr): 0.00078171 s
  Pinned Host to Device bandwidth (GB/s): 2.196195
Executing GPU ELL SpMV ... 
  Pinned Device to Host bandwidth (GB/s): 16.518740
  Pinned Device to Host bandwidth (GB/s): 17.322824
  Pinned Device to Host bandwidth (GB/s): 7.861405
  Exec time (per itr): 0.00258908 s
  Pinned Host to Device bandwidth (GB/s): 1.328971
Calculating CPU CSR SpMV ... done
2-Norm between CPU and GPU answers: 1.769595e-10
Result file name: ./test.mtx ... file saved
Module		Time
Load		0.579205
Convert		0.025625
CPU SpMV	0.022202
GPU Alloc	0.224490
GPU SpMV	0.078184
GPU ELL SpMV	0.258912
Store		0.123188
