-----------------------------------------------------
Matrix name:     cant/cant.mtx
Matrix size:     62451 x 62451 => 2034917
-----------------------------------------------------
Is matrix:       1
Is sparse:       1
-----------------------------------------------------
Is complex:      0
Is real:         1
Is integer:      0
Is pattern only: 0
-----------------------------------------------------
Is general:      0
Is symmetric:    1
Is skewed:       0
Is hermitian:    0
-----------------------------------------------------
Matrix file name: cant/cant.mtx ... file loaded.
Expanding symmetric matrix ... done
  Total # of non-zeros is 4007383
Converting COO to CSR...done
Vector file name: cant/b.mtx ... file loaded
Executing GPU CSR SpMV ... 
  Pinned Device to Host bandwidth (GB/s): 2.003722
  Pinned Device to Host bandwidth (GB/s): 4.863754
  Pinned Device to Host bandwidth (GB/s): 18.417297
  Pinned Device to Host bandwidth (GB/s): 8.010646
  Exec time (per itr): 0.00077312 s
  Pinned Host to Device bandwidth (GB/s): 2.213946
Executing GPU ELL SpMV ... 
  Pinned Device to Host bandwidth (GB/s): 16.957620
  Pinned Device to Host bandwidth (GB/s): 6.728406
  Pinned Device to Host bandwidth (GB/s): 8.517594
  Exec time (per itr): 0.00257479 s
  Pinned Host to Device bandwidth (GB/s): 1.297387
Calculating CPU CSR SpMV ... done
2-Norm between CPU and GPU answers: 1.769595e-10
Result file name: ./test.mtx ... file saved
Module		Time
Load		0.561378
Convert		0.026791
CPU SpMV	0.022555
GPU Alloc	0.230249
GPU SpMV	0.077323
GPU ELL SpMV	0.257487
Store		0.034444
