-----------------------------------------------------
Matrix name:     cant/cant.mtx
Matrix size:     62451 x 62451 => 2034917
-----------------------------------------------------
Is matrix:       1
Is sparse:       1
-----------------------------------------------------
Is complex:      0
Is real:         1
Is integer:      0
Is pattern only: 0
-----------------------------------------------------
Is general:      0
Is symmetric:    1
Is skewed:       0
Is hermitian:    0
-----------------------------------------------------
Matrix file name: cant/cant.mtx ... file loaded.
Expanding symmetric matrix ... done
  Total # of non-zeros is 4007383
Converting COO to CSR...done
Vector file name: cant/b.mtx ... file loaded
Executing GPU CSR SpMV ... 
  Pinned Device to Host bandwidth (GB/s): 2.121908
  Pinned Device to Host bandwidth (GB/s): 4.340527
  Pinned Device to Host bandwidth (GB/s): 6.564831
  Pinned Device to Host bandwidth (GB/s): 8.157132
  Exec time (per itr): 0.00077338 s
  Pinned Host to Device bandwidth (GB/s): 2.181161
Executing GPU ELL SpMV ... 
  Pinned Device to Host bandwidth (GB/s): 17.086098
  Pinned Device to Host bandwidth (GB/s): 19.166698
  Pinned Device to Host bandwidth (GB/s): 8.335692
  Exec time (per itr): 0.00257490 s
  Pinned Host to Device bandwidth (GB/s): 1.296740
Calculating CPU CSR SpMV ... done
2-Norm between CPU and GPU answers: 1.769595e-10
Result file name: ./test.mtx ... file saved
Module		Time
Load		0.571535
Convert		0.029000
CPU SpMV	0.023210
GPU Alloc	0.203895
GPU SpMV	0.077350
GPU ELL SpMV	0.257516
Store		0.031029
