-----------------------------------------------------
Matrix name:     cant/cant.mtx
Matrix size:     62451 x 62451 => 2034917
-----------------------------------------------------
Is matrix:       1
Is sparse:       1
-----------------------------------------------------
Is complex:      0
Is real:         1
Is integer:      0
Is pattern only: 0
-----------------------------------------------------
Is general:      0
Is symmetric:    1
Is skewed:       0
Is hermitian:    0
-----------------------------------------------------
Matrix file name: cant/cant.mtx ... file loaded.
Expanding symmetric matrix ... done
  Total # of non-zeros is 4007383
Converting COO to CSR...done
Vector file name: cant/b.mtx ... file loaded
Executing GPU CSR SpMV ... 
  Pinned Device to Host bandwidth (GB/s): 2.106449
  Pinned Device to Host bandwidth (GB/s): 4.349459
  Pinned Device to Host bandwidth (GB/s): 6.490278
  Pinned Device to Host bandwidth (GB/s): 7.994240
  Exec time (per itr): 0.00078117 s
  Pinned Host to Device bandwidth (GB/s): 2.162131
Executing GPU ELL SpMV ... 
  Pinned Device to Host bandwidth (GB/s): 16.407902
  Pinned Device to Host bandwidth (GB/s): 17.355410
  Pinned Device to Host bandwidth (GB/s): 7.771404
  Exec time (per itr): 0.00258709 s
  Pinned Host to Device bandwidth (GB/s): 1.280994
Calculating CPU CSR SpMV ... done
2-Norm between CPU and GPU answers: 1.769595e-10
Result file name: ./test.mtx ... file saved
Module		Time
Load		0.584480
Convert		0.026062
CPU SpMV	0.022400
GPU Alloc	0.238424
GPU SpMV	0.078129
GPU ELL SpMV	0.258714
Store		0.056991
