-----------------------------------------------------
Matrix name:     cant/cant.mtx
Matrix size:     62451 x 62451 => 2034917
-----------------------------------------------------
Is matrix:       1
Is sparse:       1
-----------------------------------------------------
Is complex:      0
Is real:         1
Is integer:      0
Is pattern only: 0
-----------------------------------------------------
Is general:      0
Is symmetric:    1
Is skewed:       0
Is hermitian:    0
-----------------------------------------------------
Matrix file name: cant/cant.mtx ... file loaded.
Expanding symmetric matrix ... done
  Total # of non-zeros is 4007383
Converting COO to CSR...done
Vector file name: cant/b.mtx ... file loaded
Executing GPU CSR SpMV ... 
  Pinned Device to Host bandwidth (GB/s): 2.181196
  Pinned Device to Host bandwidth (GB/s): 4.369796
  Pinned Device to Host bandwidth (GB/s): 6.406155
  Pinned Device to Host bandwidth (GB/s): 1.547656
  Exec time (per itr): 0.00078124 s
  Pinned Host to Device bandwidth (GB/s): 2.187579
Executing GPU ELL SpMV ... 
  Pinned Device to Host bandwidth (GB/s): 16.491002
  Pinned Device to Host bandwidth (GB/s): 17.294041
  Pinned Device to Host bandwidth (GB/s): 8.072776
  Exec time (per itr): 0.00258930 s
  Pinned Host to Device bandwidth (GB/s): 1.301279
Calculating CPU CSR SpMV ... done
2-Norm between CPU and GPU answers: 1.769595e-10
Result file name: ./test.mtx ... file saved
Module		Time
Load		0.574798
Convert		0.025909
CPU SpMV	0.022078
GPU Alloc	0.224346
GPU SpMV	0.078135
GPU ELL SpMV	0.258935
Store		0.125670
