-----------------------------------------------------
Matrix name:     cant/cant.mtx
Matrix size:     62451 x 62451 => 2034917
-----------------------------------------------------
Is matrix:       1
Is sparse:       1
-----------------------------------------------------
Is complex:      0
Is real:         1
Is integer:      0
Is pattern only: 0
-----------------------------------------------------
Is general:      0
Is symmetric:    1
Is skewed:       0
Is hermitian:    0
-----------------------------------------------------
Matrix file name: cant/cant.mtx ... file loaded.
Expanding symmetric matrix ... done
  Total # of non-zeros is 4007383
Converting COO to CSR...done
Vector file name: cant/b.mtx ... file loaded
Executing GPU CSR SpMV ... 
  Pinned Device to Host bandwidth (GB/s): 1.884718
  Pinned Device to Host bandwidth (GB/s): 4.037682
  Pinned Device to Host bandwidth (GB/s): 5.074795
  Pinned Device to Host bandwidth (GB/s): 2.104995
  Exec time (per itr): 0.00011504 s
  Pinned Host to Device bandwidth (GB/s): 2.678002
Executing GPU ELL SpMV ... 
  Pinned Device to Host bandwidth (GB/s): 16.279370
  Pinned Device to Host bandwidth (GB/s): 12.469226
  Pinned Device to Host bandwidth (GB/s): 9.844105
  Exec time (per itr): 0.00037077 s
  Pinned Host to Device bandwidth (GB/s): 2.748724
Calculating CPU CSR SpMV ... done
2-Norm between CPU and GPU answers: 1.769595e-10
Result file name: ./test.mtx ... file saved
Module		Time
Load		0.565653
Convert		0.027644
CPU SpMV	0.021812
GPU Alloc	0.289631
GPU SpMV	0.011520
GPU ELL SpMV	0.037095
Store		0.022131
