-----------------------------------------------------
Matrix name:     cant/cant.mtx
Matrix size:     62451 x 62451 => 2034917
-----------------------------------------------------
Is matrix:       1
Is sparse:       1
-----------------------------------------------------
Is complex:      0
Is real:         1
Is integer:      0
Is pattern only: 0
-----------------------------------------------------
Is general:      0
Is symmetric:    1
Is skewed:       0
Is hermitian:    0
-----------------------------------------------------
Matrix file name: cant/cant.mtx ... file loaded.
Expanding symmetric matrix ... done
  Total # of non-zeros is 4007383
Converting COO to CSR...done
Vector file name: cant/b.mtx ... file loaded
Executing GPU CSR SpMV ... 
  Pinned Device to Host bandwidth (GB/s): 2.026084
  Pinned Device to Host bandwidth (GB/s): 4.325722
  Pinned Device to Host bandwidth (GB/s): 6.402961
  Pinned Device to Host bandwidth (GB/s): 1.352807
  Exec time (per itr): 0.00077294 s
  Pinned Host to Device bandwidth (GB/s): 2.203946
Executing GPU ELL SpMV ... 
  Pinned Device to Host bandwidth (GB/s): 16.841301
  Pinned Device to Host bandwidth (GB/s): 19.180584
  Pinned Device to Host bandwidth (GB/s): 8.064437
  Exec time (per itr): 0.00257502 s
  Pinned Host to Device bandwidth (GB/s): 1.281835
Calculating CPU CSR SpMV ... done
2-Norm between CPU and GPU answers: 1.769595e-10
Result file name: ./test.mtx ... file saved
Module		Time
Load		0.570282
Convert		0.030238
CPU SpMV	0.023203
GPU Alloc	0.209881
GPU SpMV	0.077304
GPU ELL SpMV	0.257506
Store		0.058932
