-----------------------------------------------------
Matrix name:     cant/cant.mtx
Matrix size:     62451 x 62451 => 2034917
-----------------------------------------------------
Is matrix:       1
Is sparse:       1
-----------------------------------------------------
Is complex:      0
Is real:         1
Is integer:      0
Is pattern only: 0
-----------------------------------------------------
Is general:      0
Is symmetric:    1
Is skewed:       0
Is hermitian:    0
-----------------------------------------------------
Matrix file name: cant/cant.mtx ... file loaded.
Expanding symmetric matrix ... done
  Total # of non-zeros is 4007383
Converting COO to CSR...done
Vector file name: cant/b.mtx ... file loaded
Executing GPU CSR SpMV ... 
  Pinned Device to Host bandwidth (GB/s): 1.971338
  Pinned Device to Host bandwidth (GB/s): 3.858566
  Pinned Device to Host bandwidth (GB/s): 5.011685
  Pinned Device to Host bandwidth (GB/s): 6.502603
  Exec time (per itr): 0.00011500 s
  Pinned Host to Device bandwidth (GB/s): 2.674790
Executing GPU ELL SpMV ... 
  Pinned Device to Host bandwidth (GB/s): 16.264585
  Pinned Device to Host bandwidth (GB/s): 16.439576
  Pinned Device to Host bandwidth (GB/s): 9.850316
  Exec time (per itr): 0.00036769 s
  Pinned Host to Device bandwidth (GB/s): 2.780048
Calculating CPU CSR SpMV ... done
2-Norm between CPU and GPU answers: 1.769595e-10
Result file name: ./test.mtx ... file saved
Module		Time
Load		0.576406
Convert		0.027762
CPU SpMV	0.021944
GPU Alloc	0.270482
GPU SpMV	0.011517
GPU ELL SpMV	0.036785
Store		0.025356
