-----------------------------------------------------
Matrix name:     cant/cant.mtx
Matrix size:     62451 x 62451 => 2034917
-----------------------------------------------------
Is matrix:       1
Is sparse:       1
-----------------------------------------------------
Is complex:      0
Is real:         1
Is integer:      0
Is pattern only: 0
-----------------------------------------------------
Is general:      0
Is symmetric:    1
Is skewed:       0
Is hermitian:    0
-----------------------------------------------------
Matrix file name: cant/cant.mtx ... file loaded.
Expanding symmetric matrix ... done
  Total # of non-zeros is 4007383
Converting COO to CSR...done
Vector file name: cant/b.mtx ... file loaded
Executing GPU CSR SpMV ... 
  Pinned Device to Host bandwidth (GB/s): 2.075093
  Pinned Device to Host bandwidth (GB/s): 4.346440
  Pinned Device to Host bandwidth (GB/s): 6.379070
  Pinned Device to Host bandwidth (GB/s): 8.097899
  Exec time (per itr): 0.00077689 s
  Pinned Host to Device bandwidth (GB/s): 2.099334
Executing GPU ELL SpMV ... 
  Pinned Device to Host bandwidth (GB/s): 17.321838
  Pinned Device to Host bandwidth (GB/s): 19.162475
  Pinned Device to Host bandwidth (GB/s): 8.344602
  Exec time (per itr): 0.00257475 s
  Pinned Host to Device bandwidth (GB/s): 1.323563
Calculating CPU CSR SpMV ... done
2-Norm between CPU and GPU answers: 1.769595e-10
Result file name: ./test.mtx ... file saved
Module		Time
Load		0.622122
Convert		0.027344
CPU SpMV	0.022587
GPU Alloc	0.210081
GPU SpMV	0.077702
GPU ELL SpMV	0.257483
Store		0.111086
