-----------------------------------------------------
Matrix name:     cant/cant.mtx
Matrix size:     62451 x 62451 => 2034917
-----------------------------------------------------
Is matrix:       1
Is sparse:       1
-----------------------------------------------------
Is complex:      0
Is real:         1
Is integer:      0
Is pattern only: 0
-----------------------------------------------------
Is general:      0
Is symmetric:    1
Is skewed:       0
Is hermitian:    0
-----------------------------------------------------
Matrix file name: cant/cant.mtx ... file loaded.
Expanding symmetric matrix ... done
  Total # of non-zeros is 4007383
Converting COO to CSR...done
Vector file name: cant/b.mtx ... file loaded
Executing GPU CSR SpMV ... 
  Pinned Device to Host bandwidth (GB/s): 2.077855
  Pinned Device to Host bandwidth (GB/s): 4.352596
  Pinned Device to Host bandwidth (GB/s): 6.453611
  Pinned Device to Host bandwidth (GB/s): 8.221564
  Exec time (per itr): 0.00077509 s
  Pinned Host to Device bandwidth (GB/s): 2.174478
Executing GPU ELL SpMV ... 
  Pinned Device to Host bandwidth (GB/s): 16.486090
  Pinned Device to Host bandwidth (GB/s): 19.133572
  Pinned Device to Host bandwidth (GB/s): 8.790963
  Exec time (per itr): 0.00257472 s
  Pinned Host to Device bandwidth (GB/s): 1.296309
Calculating CPU CSR SpMV ... done
2-Norm between CPU and GPU answers: 1.769595e-10
Result file name: ./test.mtx ... file saved
Module		Time
Load		0.573349
Convert		0.026256
CPU SpMV	0.022287
GPU Alloc	0.208113
GPU SpMV	0.077521
GPU ELL SpMV	0.257481
Store		0.028411
