-----------------------------------------------------
Matrix name:     cant/cant.mtx
Matrix size:     62451 x 62451 => 2034917
-----------------------------------------------------
Is matrix:       1
Is sparse:       1
-----------------------------------------------------
Is complex:      0
Is real:         1
Is integer:      0
Is pattern only: 0
-----------------------------------------------------
Is general:      0
Is symmetric:    1
Is skewed:       0
Is hermitian:    0
-----------------------------------------------------
Matrix file name: cant/cant.mtx ... file loaded.
Expanding symmetric matrix ... done
  Total # of non-zeros is 4007383
Converting COO to CSR...done
Vector file name: cant/b.mtx ... file loaded
Executing GPU CSR SpMV ... 
  Pinned Device to Host bandwidth (GB/s): 1.979336
  Pinned Device to Host bandwidth (GB/s): 3.863029
  Pinned Device to Host bandwidth (GB/s): 4.193402
  Pinned Device to Host bandwidth (GB/s): 6.979325
  Exec time (per itr): 0.00011890 s
  Pinned Host to Device bandwidth (GB/s): 2.374563
Executing GPU ELL SpMV ... 
  Pinned Device to Host bandwidth (GB/s): 12.122666
  Pinned Device to Host bandwidth (GB/s): 10.912039
  Pinned Device to Host bandwidth (GB/s): 6.451549
  Exec time (per itr): 0.00036786 s
  Pinned Host to Device bandwidth (GB/s): 2.354509
Calculating CPU CSR SpMV ... done
2-Norm between CPU and GPU answers: 1.769595e-10
Result file name: ./test.mtx ... file saved
Module		Time
Load		0.567848
Convert		0.030244
CPU SpMV	0.023123
GPU Alloc	0.293875
GPU SpMV	0.011906
GPU ELL SpMV	0.036805
Store		0.025191
