-----------------------------------------------------
Matrix name:     cant/cant.mtx
Matrix size:     62451 x 62451 => 2034917
-----------------------------------------------------
Is matrix:       1
Is sparse:       1
-----------------------------------------------------
Is complex:      0
Is real:         1
Is integer:      0
Is pattern only: 0
-----------------------------------------------------
Is general:      0
Is symmetric:    1
Is skewed:       0
Is hermitian:    0
-----------------------------------------------------
Matrix file name: cant/cant.mtx ... file loaded.
Expanding symmetric matrix ... done
  Total # of non-zeros is 4007383
Converting COO to CSR...done
Vector file name: cant/b.mtx ... file loaded
Executing GPU CSR SpMV ... 
  Pinned Device to Host bandwidth (GB/s): 2.067947
  Pinned Device to Host bandwidth (GB/s): 4.327665
  Pinned Device to Host bandwidth (GB/s): 6.727229
  Pinned Device to Host bandwidth (GB/s): 2.599958
  Exec time (per itr): 0.00064571 s
  Pinned Host to Device bandwidth (GB/s): 2.202702
Executing GPU ELL SpMV ... 
  Pinned Device to Host bandwidth (GB/s): 16.953370
  Pinned Device to Host bandwidth (GB/s): 19.742150
  Pinned Device to Host bandwidth (GB/s): 8.453032
  Exec time (per itr): 0.00073831 s
  Pinned Host to Device bandwidth (GB/s): 1.328405
Calculating CPU CSR SpMV ... done
2-Norm between CPU and GPU answers: 1.195589e-10
Result file name: ./test.mtx ... file saved
Module		Time
Load		0.586960
Convert		0.026694
CPU SpMV	0.021838
GPU Alloc	0.231316
GPU SpMV	0.064582
GPU ELL SpMV	0.073845
Store		0.450672
