-----------------------------------------------------
Matrix name:     cant/cant.mtx
Matrix size:     62451 x 62451 => 2034917
-----------------------------------------------------
Is matrix:       1
Is sparse:       1
-----------------------------------------------------
Is complex:      0
Is real:         1
Is integer:      0
Is pattern only: 0
-----------------------------------------------------
Is general:      0
Is symmetric:    1
Is skewed:       0
Is hermitian:    0
-----------------------------------------------------
Matrix file name: cant/cant.mtx ... file loaded.
Expanding symmetric matrix ... done
  Total # of non-zeros is 4007383
Converting COO to CSR...done
Vector file name: cant/b.mtx ... file loaded
Executing GPU CSR SpMV ... 
  Pinned Device to Host bandwidth (GB/s): 2.024507
  Pinned Device to Host bandwidth (GB/s): 4.574638
  Pinned Device to Host bandwidth (GB/s): 6.580267
  Pinned Device to Host bandwidth (GB/s): 9.003892
  Exec time (per itr): 0.00064357 s
  Pinned Host to Device bandwidth (GB/s): 2.203634
Executing GPU ELL SpMV ... 
  Pinned Device to Host bandwidth (GB/s): 18.513143
  Pinned Device to Host bandwidth (GB/s): 19.822164
  Pinned Device to Host bandwidth (GB/s): 8.766283
  Exec time (per itr): 0.00073779 s
  Pinned Host to Device bandwidth (GB/s): 1.278371
Calculating CPU CSR SpMV ... done
2-Norm between CPU and GPU answers: 1.195589e-10
Result file name: ./test.mtx ... file saved
Module		Time
Load		0.561354
Convert		0.026113
CPU SpMV	0.021938
GPU Alloc	0.231615
GPU SpMV	0.064366
GPU ELL SpMV	0.073791
Store		0.460915
