-----------------------------------------------------
Matrix name:     cant/cant.mtx
Matrix size:     62451 x 62451 => 2034917
-----------------------------------------------------
Is matrix:       1
Is sparse:       1
-----------------------------------------------------
Is complex:      0
Is real:         1
Is integer:      0
Is pattern only: 0
-----------------------------------------------------
Is general:      0
Is symmetric:    1
Is skewed:       0
Is hermitian:    0
-----------------------------------------------------
Matrix file name: cant/cant.mtx ... file loaded.
Expanding symmetric matrix ... done
  Total # of non-zeros is 4007383
Converting COO to CSR...done
Vector file name: cant/b.mtx ... file loaded
Executing GPU CSR SpMV ... 
  Pinned Device to Host bandwidth (GB/s): 2.208345
  Pinned Device to Host bandwidth (GB/s): 4.610936
  Pinned Device to Host bandwidth (GB/s): 6.742214
  Pinned Device to Host bandwidth (GB/s): 1.660401
  Exec time (per itr): 0.00064382 s
  Pinned Host to Device bandwidth (GB/s): 2.157053
Executing GPU ELL SpMV ... 
  Pinned Device to Host bandwidth (GB/s): 17.034950
  Pinned Device to Host bandwidth (GB/s): 19.737350
  Pinned Device to Host bandwidth (GB/s): 8.448458
  Exec time (per itr): 0.00073791 s
  Pinned Host to Device bandwidth (GB/s): 1.308148
Calculating CPU CSR SpMV ... done
2-Norm between CPU and GPU answers: 1.195589e-10
Result file name: ./test.mtx ... file saved
Module		Time
Load		0.603218
Convert		0.026371
CPU SpMV	0.022057
GPU Alloc	0.233155
GPU SpMV	0.064394
GPU ELL SpMV	0.073806
Store		0.455426
