-----------------------------------------------------
Matrix name:     cant/cant.mtx
Matrix size:     62451 x 62451 => 2034917
-----------------------------------------------------
Is matrix:       1
Is sparse:       1
-----------------------------------------------------
Is complex:      0
Is real:         1
Is integer:      0
Is pattern only: 0
-----------------------------------------------------
Is general:      0
Is symmetric:    1
Is skewed:       0
Is hermitian:    0
-----------------------------------------------------
Matrix file name: cant/cant.mtx ... file loaded.
Expanding symmetric matrix ... done
  Total # of non-zeros is 4007383
Converting COO to CSR...done
Vector file name: cant/b.mtx ... file loaded
Executing GPU CSR SpMV ... 
  Pinned Device to Host bandwidth (GB/s): 1.960447
  Pinned Device to Host bandwidth (GB/s): 4.245865
  Pinned Device to Host bandwidth (GB/s): 5.016327
  Pinned Device to Host bandwidth (GB/s): 7.849547
  Exec time (per itr): 0.00064236 s
  Pinned Host to Device bandwidth (GB/s): 2.253898
Executing GPU ELL SpMV ... 
  Pinned Device to Host bandwidth (GB/s): 15.880686
  Pinned Device to Host bandwidth (GB/s): 11.686527
  Pinned Device to Host bandwidth (GB/s): 7.556995
  Exec time (per itr): 0.00073663 s
  Pinned Host to Device bandwidth (GB/s): 1.261840
Calculating CPU CSR SpMV ... done
2-Norm between CPU and GPU answers: 1.195589e-10
Result file name: ./test.mtx ... file saved
Module		Time
Load		0.590747
Convert		0.026860
CPU SpMV	0.026920
GPU Alloc	0.245429
GPU SpMV	0.064246
GPU ELL SpMV	0.073674
Store		0.033293
