-----------------------------------------------------
Matrix name:     cant/cant.mtx
Matrix size:     62451 x 62451 => 2034917
-----------------------------------------------------
Is matrix:       1
Is sparse:       1
-----------------------------------------------------
Is complex:      0
Is real:         1
Is integer:      0
Is pattern only: 0
-----------------------------------------------------
Is general:      0
Is symmetric:    1
Is skewed:       0
Is hermitian:    0
-----------------------------------------------------
Matrix file name: cant/cant.mtx ... file loaded.
Expanding symmetric matrix ... done
  Total # of non-zeros is 4007383
Converting COO to CSR...done
Vector file name: cant/b.mtx ... file loaded
Executing GPU CSR SpMV ... 
  Pinned Device to Host bandwidth (GB/s): 1.947244
  Pinned Device to Host bandwidth (GB/s): 4.046913
  Pinned Device to Host bandwidth (GB/s): 4.775606
  Pinned Device to Host bandwidth (GB/s): 7.340268
  Exec time (per itr): 0.00064192 s
  Pinned Host to Device bandwidth (GB/s): 2.270615
Executing GPU ELL SpMV ... 
  Pinned Device to Host bandwidth (GB/s): 14.398818
  Pinned Device to Host bandwidth (GB/s): 11.698989
  Pinned Device to Host bandwidth (GB/s): 7.546037
  Exec time (per itr): 0.00073550 s
  Pinned Host to Device bandwidth (GB/s): 1.299979
Calculating CPU CSR SpMV ... done
2-Norm between CPU and GPU answers: 1.195589e-10
Result file name: ./test.mtx ... file saved
Module		Time
Load		0.598593
Convert		0.026082
CPU SpMV	0.025245
GPU Alloc	0.267084
GPU SpMV	0.064202
GPU ELL SpMV	0.073563
Store		0.034132
