-----------------------------------------------------
Matrix name:     cant/cant.mtx
Matrix size:     62451 x 62451 => 2034917
-----------------------------------------------------
Is matrix:       1
Is sparse:       1
-----------------------------------------------------
Is complex:      0
Is real:         1
Is integer:      0
Is pattern only: 0
-----------------------------------------------------
Is general:      0
Is symmetric:    1
Is skewed:       0
Is hermitian:    0
-----------------------------------------------------
Matrix file name: cant/cant.mtx ... file loaded.
Expanding symmetric matrix ... done
  Total # of non-zeros is 4007383
Converting COO to CSR...done
Vector file name: cant/b.mtx ... file loaded
Executing GPU CSR SpMV ... 
  Pinned Device to Host bandwidth (GB/s): 6.908407
  Pinned Device to Host bandwidth (GB/s): 21.058683
  Pinned Device to Host bandwidth (GB/s): 20.687751
  Pinned Device to Host bandwidth (GB/s): 12.420644
  Exec time (per itr): 0.00064346 s
  Pinned Host to Device bandwidth (GB/s): 1.350935
Executing GPU ELL SpMV ... 
  Pinned Device to Host bandwidth (GB/s): 3.612883
  Pinned Device to Host bandwidth (GB/s): 11.734950
  Pinned Device to Host bandwidth (GB/s): 7.498919
  Exec time (per itr): 0.00073633 s
  Pinned Host to Device bandwidth (GB/s): 2.414592
Calculating CPU CSR SpMV ... done
2-Norm between CPU and GPU answers: 1.195589e-10
Result file name: ./test.mtx ... file saved
Module		Time
Load		0.564669
Convert		0.027868
CPU SpMV	0.021356
GPU Alloc	0.201346
GPU SpMV	0.064357
GPU ELL SpMV	0.073645
Store		0.029540
