-----------------------------------------------------
Matrix name:     cant/cant.mtx
Matrix size:     62451 x 62451 => 2034917
-----------------------------------------------------
Is matrix:       1
Is sparse:       1
-----------------------------------------------------
Is complex:      0
Is real:         1
Is integer:      0
Is pattern only: 0
-----------------------------------------------------
Is general:      0
Is symmetric:    1
Is skewed:       0
Is hermitian:    0
-----------------------------------------------------
Matrix file name: cant/cant.mtx ... file loaded.
Expanding symmetric matrix ... done
  Total # of non-zeros is 4007383
Converting COO to CSR...done
Vector file name: cant/b.mtx ... file loaded
Executing GPU CSR SpMV ... 
  Pinned Device to Host bandwidth (GB/s): 6.220319
  Pinned Device to Host bandwidth (GB/s): 21.022447
  Pinned Device to Host bandwidth (GB/s): 20.778714
  Pinned Device to Host bandwidth (GB/s): 11.836808
  Exec time (per itr): 0.00064337 s
  Pinned Host to Device bandwidth (GB/s): 2.530840
Executing GPU ELL SpMV ... 
  Pinned Device to Host bandwidth (GB/s): 3.459585
  Pinned Device to Host bandwidth (GB/s): 11.743098
  Pinned Device to Host bandwidth (GB/s): 7.567983
  Exec time (per itr): 0.00073606 s
  Pinned Host to Device bandwidth (GB/s): 2.203634
Calculating CPU CSR SpMV ... done
2-Norm between CPU and GPU answers: 1.195589e-10
Result file name: ./test.mtx ... file saved
Module		Time
Load		0.571097
Convert		0.028443
CPU SpMV	0.021564
GPU Alloc	0.211712
GPU SpMV	0.064347
GPU ELL SpMV	0.073619
Store		0.027840
