-----------------------------------------------------
Matrix name:     cant/cant.mtx
Matrix size:     62451 x 62451 => 2034917
-----------------------------------------------------
Is matrix:       1
Is sparse:       1
-----------------------------------------------------
Is complex:      0
Is real:         1
Is integer:      0
Is pattern only: 0
-----------------------------------------------------
Is general:      0
Is symmetric:    1
Is skewed:       0
Is hermitian:    0
-----------------------------------------------------
Matrix file name: cant/cant.mtx ... file loaded.
Expanding symmetric matrix ... done
  Total # of non-zeros is 4007383
Converting COO to CSR...done
Vector file name: cant/b.mtx ... file loaded
Executing GPU CSR SpMV ... 
  Pinned Device to Host bandwidth (GB/s): 1.943366
  Pinned Device to Host bandwidth (GB/s): 4.035307
  Pinned Device to Host bandwidth (GB/s): 11.098078
  Pinned Device to Host bandwidth (GB/s): 7.748263
  Exec time (per itr): 0.00064287 s
  Pinned Host to Device bandwidth (GB/s): 2.169643
Executing GPU ELL SpMV ... 
  Pinned Device to Host bandwidth (GB/s): 14.459340
  Pinned Device to Host bandwidth (GB/s): 11.690565
  Pinned Device to Host bandwidth (GB/s): 7.729084
  Exec time (per itr): 0.00073685 s
  Pinned Host to Device bandwidth (GB/s): 1.311555
Calculating CPU CSR SpMV ... done
2-Norm between CPU and GPU answers: 1.195589e-10
Result file name: ./test.mtx ... file saved
Module		Time
Load		0.589716
Convert		0.027752
CPU SpMV	0.024237
GPU Alloc	0.260271
GPU SpMV	0.064296
GPU ELL SpMV	0.073699
Store		0.034279
