-----------------------------------------------------
Matrix name:     cant/cant.mtx
Matrix size:     62451 x 62451 => 2034917
-----------------------------------------------------
Is matrix:       1
Is sparse:       1
-----------------------------------------------------
Is complex:      0
Is real:         1
Is integer:      0
Is pattern only: 0
-----------------------------------------------------
Is general:      0
Is symmetric:    1
Is skewed:       0
Is hermitian:    0
-----------------------------------------------------
Matrix file name: cant/cant.mtx ... file loaded.
Expanding symmetric matrix ... done
  Total # of non-zeros is 4007383
Converting COO to CSR...done
Vector file name: cant/b.mtx ... file loaded
Executing GPU CSR SpMV ... 
  Pinned Device to Host bandwidth (GB/s): 1.852076
  Pinned Device to Host bandwidth (GB/s): 4.037226
  Pinned Device to Host bandwidth (GB/s): 4.888293
  Pinned Device to Host bandwidth (GB/s): 7.725260
  Exec time (per itr): 0.00064239 s
  Pinned Host to Device bandwidth (GB/s): 2.244824
Executing GPU ELL SpMV ... 
  Pinned Device to Host bandwidth (GB/s): 15.561675
  Pinned Device to Host bandwidth (GB/s): 11.714857
  Pinned Device to Host bandwidth (GB/s): 7.309340
  Exec time (per itr): 0.00073834 s
  Pinned Host to Device bandwidth (GB/s): 1.257774
Calculating CPU CSR SpMV ... done
2-Norm between CPU and GPU answers: 1.195589e-10
Result file name: ./test.mtx ... file saved
Module		Time
Load		0.594409
Convert		0.027111
CPU SpMV	0.026146
GPU Alloc	0.262890
GPU SpMV	0.064250
GPU ELL SpMV	0.073848
Store		0.028378
