-----------------------------------------------------
Matrix name:     cant/cant.mtx
Matrix size:     62451 x 62451 => 2034917
-----------------------------------------------------
Is matrix:       1
Is sparse:       1
-----------------------------------------------------
Is complex:      0
Is real:         1
Is integer:      0
Is pattern only: 0
-----------------------------------------------------
Is general:      0
Is symmetric:    1
Is skewed:       0
Is hermitian:    0
-----------------------------------------------------
Matrix file name: cant/cant.mtx ... file loaded.
Expanding symmetric matrix ... done
  Total # of non-zeros is 4007383
Converting COO to CSR...done
Vector file name: cant/b.mtx ... file loaded
Executing GPU CSR SpMV ... 
  Pinned Device to Host bandwidth (GB/s): 2.003208
  Pinned Device to Host bandwidth (GB/s): 4.243023
  Pinned Device to Host bandwidth (GB/s): 11.105091
  Pinned Device to Host bandwidth (GB/s): 7.340268
  Exec time (per itr): 0.00064256 s
  Pinned Host to Device bandwidth (GB/s): 2.213946
Executing GPU ELL SpMV ... 
  Pinned Device to Host bandwidth (GB/s): 14.350292
  Pinned Device to Host bandwidth (GB/s): 11.701012
  Pinned Device to Host bandwidth (GB/s): 7.438185
  Exec time (per itr): 0.00073577 s
  Pinned Host to Device bandwidth (GB/s): 1.303235
Calculating CPU CSR SpMV ... done
2-Norm between CPU and GPU answers: 1.195589e-10
Result file name: ./test.mtx ... file saved
Module		Time
Load		0.584603
Convert		0.028257
CPU SpMV	0.024065
GPU Alloc	0.332480
GPU SpMV	0.064267
GPU ELL SpMV	0.073591
Store		0.027161
