-----------------------------------------------------
Matrix name:     cant/cant.mtx
Matrix size:     62451 x 62451 => 2034917
-----------------------------------------------------
Is matrix:       1
Is sparse:       1
-----------------------------------------------------
Is complex:      0
Is real:         1
Is integer:      0
Is pattern only: 0
-----------------------------------------------------
Is general:      0
Is symmetric:    1
Is skewed:       0
Is hermitian:    0
-----------------------------------------------------
Matrix file name: cant/cant.mtx ... file loaded.
Expanding symmetric matrix ... done
  Total # of non-zeros is 4007383
Converting COO to CSR...done
Vector file name: cant/b.mtx ... file loaded
Executing GPU CSR SpMV ... 
  Pinned Device to Host bandwidth (GB/s): 2.169678
  Pinned Device to Host bandwidth (GB/s): 4.566048
  Pinned Device to Host bandwidth (GB/s): 6.737181
  Pinned Device to Host bandwidth (GB/s): 1.691889
  Exec time (per itr): 0.00064317 s
  Pinned Host to Device bandwidth (GB/s): 2.184518
Executing GPU ELL SpMV ... 
  Pinned Device to Host bandwidth (GB/s): 17.192230
  Pinned Device to Host bandwidth (GB/s): 19.719452
  Pinned Device to Host bandwidth (GB/s): 8.295829
  Exec time (per itr): 0.00073821 s
  Pinned Host to Device bandwidth (GB/s): 1.303779
Calculating CPU CSR SpMV ... done
2-Norm between CPU and GPU answers: 1.195589e-10
Result file name: ./test.mtx ... file saved
Module		Time
Load		0.567012
Convert		0.026107
CPU SpMV	0.021849
GPU Alloc	0.229365
GPU SpMV	0.064327
GPU ELL SpMV	0.073835
Store		0.439282
