-----------------------------------------------------
Matrix name:     cant/cant.mtx
Matrix size:     62451 x 62451 => 2034917
-----------------------------------------------------
Is matrix:       1
Is sparse:       1
-----------------------------------------------------
Is complex:      0
Is real:         1
Is integer:      0
Is pattern only: 0
-----------------------------------------------------
Is general:      0
Is symmetric:    1
Is skewed:       0
Is hermitian:    0
-----------------------------------------------------
Matrix file name: cant/cant.mtx ... file loaded.
Expanding symmetric matrix ... done
  Total # of non-zeros is 4007383
Converting COO to CSR...done
Vector file name: cant/b.mtx ... file loaded
Executing GPU CSR SpMV ... 
  Pinned Device to Host bandwidth (GB/s): 1.952113
  Pinned Device to Host bandwidth (GB/s): 4.242808
  Pinned Device to Host bandwidth (GB/s): 11.103983
  Pinned Device to Host bandwidth (GB/s): 7.268505
  Exec time (per itr): 0.00064231 s
  Pinned Host to Device bandwidth (GB/s): 2.254223
Executing GPU ELL SpMV ... 
  Pinned Device to Host bandwidth (GB/s): 14.452476
  Pinned Device to Host bandwidth (GB/s): 11.705848
  Pinned Device to Host bandwidth (GB/s): 7.506130
  Exec time (per itr): 0.00073618 s
  Pinned Host to Device bandwidth (GB/s): 1.325248
Calculating CPU CSR SpMV ... done
2-Norm between CPU and GPU answers: 1.195589e-10
Result file name: ./test.mtx ... file saved
Module		Time
Load		0.587496
Convert		0.027925
CPU SpMV	0.024679
GPU Alloc	0.321803
GPU SpMV	0.064242
GPU ELL SpMV	0.073631
Store		0.029584
