-----------------------------------------------------
Matrix name:     cant/cant.mtx
Matrix size:     62451 x 62451 => 2034917
-----------------------------------------------------
Is matrix:       1
Is sparse:       1
-----------------------------------------------------
Is complex:      0
Is real:         1
Is integer:      0
Is pattern only: 0
-----------------------------------------------------
Is general:      0
Is symmetric:    1
Is skewed:       0
Is hermitian:    0
-----------------------------------------------------
Matrix file name: cant/cant.mtx ... file loaded.
Expanding symmetric matrix ... done
  Total # of non-zeros is 4007383
Converting COO to CSR...done
Vector file name: cant/b.mtx ... file loaded
Executing GPU CSR SpMV ... 
  Pinned Device to Host bandwidth (GB/s): 1.962912
  Pinned Device to Host bandwidth (GB/s): 3.854261
  Pinned Device to Host bandwidth (GB/s): 4.561682
  Pinned Device to Host bandwidth (GB/s): 7.495319
  Exec time (per itr): 0.00064286 s
  Pinned Host to Device bandwidth (GB/s): 2.344257
Executing GPU ELL SpMV ... 
  Pinned Device to Host bandwidth (GB/s): 9.168759
  Pinned Device to Host bandwidth (GB/s): 20.720305
  Pinned Device to Host bandwidth (GB/s): 12.226116
  Exec time (per itr): 0.00073604 s
  Pinned Host to Device bandwidth (GB/s): 2.726642
Calculating CPU CSR SpMV ... done
2-Norm between CPU and GPU answers: 1.195589e-10
Result file name: ./test.mtx ... file saved
Module		Time
Load		0.567288
Convert		0.027520
CPU SpMV	0.020684
GPU Alloc	0.202785
GPU SpMV	0.064296
GPU ELL SpMV	0.073617
Store		0.027746
