-----------------------------------------------------
Matrix name:     cant/cant.mtx
Matrix size:     62451 x 62451 => 2034917
-----------------------------------------------------
Is matrix:       1
Is sparse:       1
-----------------------------------------------------
Is complex:      0
Is real:         1
Is integer:      0
Is pattern only: 0
-----------------------------------------------------
Is general:      0
Is symmetric:    1
Is skewed:       0
Is hermitian:    0
-----------------------------------------------------
Matrix file name: cant/cant.mtx ... file loaded.
Expanding symmetric matrix ... done
  Total # of non-zeros is 4007383
Converting COO to CSR...done
Vector file name: cant/b.mtx ... file loaded
Executing GPU CSR SpMV ... 
  Pinned Device to Host bandwidth (GB/s): 1.938059
  Pinned Device to Host bandwidth (GB/s): 4.061284
  Pinned Device to Host bandwidth (GB/s): 11.112482
  Pinned Device to Host bandwidth (GB/s): 7.402916
  Exec time (per itr): 0.00076585 s
  Pinned Host to Device bandwidth (GB/s): 2.275579
Executing GPU ELL SpMV ... 
  Pinned Device to Host bandwidth (GB/s): 14.491343
  Pinned Device to Host bandwidth (GB/s): 5.310598
  Pinned Device to Host bandwidth (GB/s): 12.797336
  Exec time (per itr): 0.00064581 s
  Pinned Host to Device bandwidth (GB/s): 2.643541
Calculating CPU CSR SpMV ... done
2-Norm between CPU and GPU answers: 1.769595e-10
Result file name: ./test.mtx ... file saved
Module		Time
Load		0.615324
Convert		0.026954
CPU SpMV	0.022521
GPU Alloc	0.271059
GPU SpMV	0.076595
GPU ELL SpMV	0.064594
Store		0.059193
