-----------------------------------------------------
Matrix name:     cant/cant.mtx
Matrix size:     62451 x 62451 => 2034917
-----------------------------------------------------
Is matrix:       1
Is sparse:       1
-----------------------------------------------------
Is complex:      0
Is real:         1
Is integer:      0
Is pattern only: 0
-----------------------------------------------------
Is general:      0
Is symmetric:    1
Is skewed:       0
Is hermitian:    0
-----------------------------------------------------
Matrix file name: cant/cant.mtx ... file loaded.
Expanding symmetric matrix ... done
  Total # of non-zeros is 4007383
Converting COO to CSR...done
Vector file name: cant/b.mtx ... file loaded
Executing GPU CSR SpMV ... 
  Pinned Device to Host bandwidth (GB/s): 2.068495
  Pinned Device to Host bandwidth (GB/s): 4.352596
  Pinned Device to Host bandwidth (GB/s): 6.223727
  Pinned Device to Host bandwidth (GB/s): 8.022996
  Exec time (per itr): 0.00076904 s
  Pinned Host to Device bandwidth (GB/s): 2.236784
Executing GPU ELL SpMV ... 
  Pinned Device to Host bandwidth (GB/s): 16.590753
  Pinned Device to Host bandwidth (GB/s): 17.380180
  Pinned Device to Host bandwidth (GB/s): 7.853496
  Exec time (per itr): 0.00064716 s
  Pinned Host to Device bandwidth (GB/s): 1.398867
Calculating CPU CSR SpMV ... done
2-Norm between CPU and GPU answers: 1.769595e-10
Result file name: ./test.mtx ... file saved
Module		Time
Load		0.592717
Convert		0.026443
CPU SpMV	0.021861
GPU Alloc	0.214737
GPU SpMV	0.076915
GPU ELL SpMV	0.064732
Store		0.194222
