-----------------------------------------------------
Matrix name:     cant/cant.mtx
Matrix size:     62451 x 62451 => 2034917
-----------------------------------------------------
Is matrix:       1
Is sparse:       1
-----------------------------------------------------
Is complex:      0
Is real:         1
Is integer:      0
Is pattern only: 0
-----------------------------------------------------
Is general:      0
Is symmetric:    1
Is skewed:       0
Is hermitian:    0
-----------------------------------------------------
Matrix file name: cant/cant.mtx ... file loaded.
Expanding symmetric matrix ... done
  Total # of non-zeros is 4007383
Converting COO to CSR...done
Vector file name: cant/b.mtx ... file loaded
Executing GPU CSR SpMV ... 
  Pinned Device to Host bandwidth (GB/s): 2.028189
  Pinned Device to Host bandwidth (GB/s): 4.754213
  Pinned Device to Host bandwidth (GB/s): 6.873774
  Pinned Device to Host bandwidth (GB/s): 8.076953
  Exec time (per itr): 0.00076810 s
  Pinned Host to Device bandwidth (GB/s): 2.291612
Executing GPU ELL SpMV ... 
  Pinned Device to Host bandwidth (GB/s): 12.852169
  Pinned Device to Host bandwidth (GB/s): 15.118492
  Pinned Device to Host bandwidth (GB/s): 7.945420
  Exec time (per itr): 0.00065042 s
  Pinned Host to Device bandwidth (GB/s): 1.341532
Calculating CPU CSR SpMV ... done
2-Norm between CPU and GPU answers: 1.769595e-10
Result file name: ./test.mtx ... file saved
Module		Time
Load		0.571589
Convert		0.025663
CPU SpMV	0.022485
GPU Alloc	0.234961
GPU SpMV	0.076822
GPU ELL SpMV	0.065059
Store		0.023391
