-----------------------------------------------------
Matrix name:     cant/cant.mtx
Matrix size:     62451 x 62451 => 2034917
-----------------------------------------------------
Is matrix:       1
Is sparse:       1
-----------------------------------------------------
Is complex:      0
Is real:         1
Is integer:      0
Is pattern only: 0
-----------------------------------------------------
Is general:      0
Is symmetric:    1
Is skewed:       0
Is hermitian:    0
-----------------------------------------------------
Matrix file name: cant/cant.mtx ... file loaded.
Expanding symmetric matrix ... done
  Total # of non-zeros is 4007383
Converting COO to CSR...done
Vector file name: cant/b.mtx ... file loaded
Executing GPU CSR SpMV ... 
  Pinned Device to Host bandwidth (GB/s): 2.136426
  Pinned Device to Host bandwidth (GB/s): 4.627506
  Pinned Device to Host bandwidth (GB/s): 6.588186
  Pinned Device to Host bandwidth (GB/s): 8.060274
  Exec time (per itr): 0.00076850 s
  Pinned Host to Device bandwidth (GB/s): 2.163629
Executing GPU ELL SpMV ... 
  Pinned Device to Host bandwidth (GB/s): 16.588493
  Pinned Device to Host bandwidth (GB/s): 17.361597
  Pinned Device to Host bandwidth (GB/s): 8.018875
  Exec time (per itr): 0.00064732 s
  Pinned Host to Device bandwidth (GB/s): 1.314869
Calculating CPU CSR SpMV ... done
2-Norm between CPU and GPU answers: 1.769595e-10
Result file name: ./test.mtx ... file saved
Module		Time
Load		0.665459
Convert		0.025677
CPU SpMV	0.022362
GPU Alloc	0.201020
GPU SpMV	0.076863
GPU ELL SpMV	0.064750
Store		0.155559
