-----------------------------------------------------
Matrix name:     cant/cant.mtx
Matrix size:     62451 x 62451 => 2034917
-----------------------------------------------------
Is matrix:       1
Is sparse:       1
-----------------------------------------------------
Is complex:      0
Is real:         1
Is integer:      0
Is pattern only: 0
-----------------------------------------------------
Is general:      0
Is symmetric:    1
Is skewed:       0
Is hermitian:    0
-----------------------------------------------------
Matrix file name: cant/cant.mtx ... file loaded.
Expanding symmetric matrix ... done
  Total # of non-zeros is 4007383
Converting COO to CSR...done
Vector file name: cant/b.mtx ... file loaded
Executing GPU CSR SpMV ... 
  Pinned Device to Host bandwidth (GB/s): 2.012503
  Pinned Device to Host bandwidth (GB/s): 4.048418
  Pinned Device to Host bandwidth (GB/s): 5.156658
  Pinned Device to Host bandwidth (GB/s): 7.299088
  Exec time (per itr): 0.00020663 s
  Pinned Host to Device bandwidth (GB/s): 2.306167
Executing GPU ELL SpMV ... 
  Pinned Device to Host bandwidth (GB/s): 14.296047
  Pinned Device to Host bandwidth (GB/s): 11.728734
  Pinned Device to Host bandwidth (GB/s): 7.309340
  Exec time (per itr): 0.00022371 s
  Pinned Host to Device bandwidth (GB/s): 2.380355
Calculating CPU CSR SpMV ... done
2-Norm between CPU and GPU answers: 1.769595e-10
Result file name: ./test.mtx ... file saved
Module		Time
Load		0.584950
Convert		0.026355
CPU SpMV	0.022061
GPU Alloc	0.247692
GPU SpMV	0.020677
GPU ELL SpMV	0.022388
Store		0.023836
