-----------------------------------------------------
Matrix name:     cant/cant.mtx
Matrix size:     62451 x 62451 => 2034917
-----------------------------------------------------
Is matrix:       1
Is sparse:       1
-----------------------------------------------------
Is complex:      0
Is real:         1
Is integer:      0
Is pattern only: 0
-----------------------------------------------------
Is general:      0
Is symmetric:    1
Is skewed:       0
Is hermitian:    0
-----------------------------------------------------
Matrix file name: cant/cant.mtx ... file loaded.
Expanding symmetric matrix ... done
  Total # of non-zeros is 4007383
Converting COO to CSR...done
Vector file name: cant/b.mtx ... file loaded
Executing GPU CSR SpMV ... 
  Pinned Device to Host bandwidth (GB/s): 2.029771
  Pinned Device to Host bandwidth (GB/s): 4.613484
  Pinned Device to Host bandwidth (GB/s): 6.501102
  Pinned Device to Host bandwidth (GB/s): 8.056115
  Exec time (per itr): 0.00076871 s
  Pinned Host to Device bandwidth (GB/s): 2.262717
Executing GPU ELL SpMV ... 
  Pinned Device to Host bandwidth (GB/s): 16.538930
  Pinned Device to Host bandwidth (GB/s): 17.362091
  Pinned Device to Host bandwidth (GB/s): 7.961627
  Exec time (per itr): 0.00064705 s
  Pinned Host to Device bandwidth (GB/s): 1.317532
Calculating CPU CSR SpMV ... done
2-Norm between CPU and GPU answers: 1.769595e-10
Result file name: ./test.mtx ... file saved
Module		Time
Load		0.960903
Convert		0.025364
CPU SpMV	0.022593
GPU Alloc	0.224951
GPU SpMV	0.076884
GPU ELL SpMV	0.064719
Store		0.035566
