-----------------------------------------------------
Matrix name:     cant/cant.mtx
Matrix size:     62451 x 62451 => 2034917
-----------------------------------------------------
Is matrix:       1
Is sparse:       1
-----------------------------------------------------
Is complex:      0
Is real:         1
Is integer:      0
Is pattern only: 0
-----------------------------------------------------
Is general:      0
Is symmetric:    1
Is skewed:       0
Is hermitian:    0
-----------------------------------------------------
Matrix file name: cant/cant.mtx ... file loaded.
Expanding symmetric matrix ... done
  Total # of non-zeros is 4007383
Converting COO to CSR...done
Vector file name: cant/b.mtx ... file loaded
Executing GPU CSR SpMV ... 
  Pinned Device to Host bandwidth (GB/s): 2.101912
  Pinned Device to Host bandwidth (GB/s): 4.830920
  Pinned Device to Host bandwidth (GB/s): 19.038534
  Pinned Device to Host bandwidth (GB/s): 7.630865
  Exec time (per itr): 0.00076507 s
  Pinned Host to Device bandwidth (GB/s): 1.511691
Executing GPU ELL SpMV ... 
  Pinned Device to Host bandwidth (GB/s): 16.550168
  Pinned Device to Host bandwidth (GB/s): 6.419851
  Pinned Device to Host bandwidth (GB/s): 1.682408
  Exec time (per itr): 0.00096778 s
  Pinned Host to Device bandwidth (GB/s): 2.345313
Calculating CPU CSR SpMV ... done
2-Norm between CPU and GPU answers: 1.195589e-10
Result file name: ./test.mtx ... file saved
Module		Time
Load		0.579576
Convert		0.025672
CPU SpMV	0.020514
GPU Alloc	0.233559
GPU SpMV	0.076522
GPU ELL SpMV	0.096791
Store		0.023138
