-----------------------------------------------------
Matrix name:     cant/cant.mtx
Matrix size:     62451 x 62451 => 2034917
-----------------------------------------------------
Is matrix:       1
Is sparse:       1
-----------------------------------------------------
Is complex:      0
Is real:         1
Is integer:      0
Is pattern only: 0
-----------------------------------------------------
Is general:      0
Is symmetric:    1
Is skewed:       0
Is hermitian:    0
-----------------------------------------------------
Matrix file name: cant/cant.mtx ... file loaded.
Expanding symmetric matrix ... done
  Total # of non-zeros is 4007383
Converting COO to CSR...done
Vector file name: cant/b.mtx ... file loaded
Executing GPU CSR SpMV ... 
  Pinned Device to Host bandwidth (GB/s): 2.132341
  Pinned Device to Host bandwidth (GB/s): 4.773649
  Pinned Device to Host bandwidth (GB/s): 6.704942
  Pinned Device to Host bandwidth (GB/s): 8.114735
  Exec time (per itr): 0.00076671 s
  Pinned Host to Device bandwidth (GB/s): 2.183296
Executing GPU ELL SpMV ... 
  Pinned Device to Host bandwidth (GB/s): 8.211917
  Pinned Device to Host bandwidth (GB/s): 12.734440
  Pinned Device to Host bandwidth (GB/s): 7.752110
  Exec time (per itr): 0.00065055 s
  Pinned Host to Device bandwidth (GB/s): 1.331124
Calculating CPU CSR SpMV ... done
2-Norm between CPU and GPU answers: 1.769595e-10
Result file name: ./test.mtx ... file saved
Module		Time
Load		0.566392
Convert		0.026566
CPU SpMV	0.023116
GPU Alloc	0.244150
GPU SpMV	0.076684
GPU ELL SpMV	0.065070
Store		0.207066
