-----------------------------------------------------
Matrix name:     cant/cant.mtx
Matrix size:     62451 x 62451 => 2034917
-----------------------------------------------------
Is matrix:       1
Is sparse:       1
-----------------------------------------------------
Is complex:      0
Is real:         1
Is integer:      0
Is pattern only: 0
-----------------------------------------------------
Is general:      0
Is symmetric:    1
Is skewed:       0
Is hermitian:    0
-----------------------------------------------------
Matrix file name: cant/cant.mtx ... file loaded.
Expanding symmetric matrix ... done
  Total # of non-zeros is 4007383
Converting COO to CSR...done
Vector file name: cant/b.mtx ... file loaded
Executing GPU CSR SpMV ... 
  Pinned Device to Host bandwidth (GB/s): 1.947730
  Pinned Device to Host bandwidth (GB/s): 4.242520
  Pinned Device to Host bandwidth (GB/s): 11.107553
  Pinned Device to Host bandwidth (GB/s): 7.802473
  Exec time (per itr): 0.00076600 s
  Pinned Host to Device bandwidth (GB/s): 2.198669
Executing GPU ELL SpMV ... 
  Pinned Device to Host bandwidth (GB/s): 15.835667
  Pinned Device to Host bandwidth (GB/s): 5.382493
  Pinned Device to Host bandwidth (GB/s): 12.786855
  Exec time (per itr): 0.00064608 s
  Pinned Host to Device bandwidth (GB/s): 2.584464
Calculating CPU CSR SpMV ... done
2-Norm between CPU and GPU answers: 1.769595e-10
Result file name: ./test.mtx ... file saved
Module		Time
Load		0.585351
Convert		0.026644
CPU SpMV	0.021428
GPU Alloc	0.272172
GPU SpMV	0.076610
GPU ELL SpMV	0.064621
Store		0.029303
