-----------------------------------------------------
Matrix name:     cant/cant.mtx
Matrix size:     62451 x 62451 => 2034917
-----------------------------------------------------
Is matrix:       1
Is sparse:       1
-----------------------------------------------------
Is complex:      0
Is real:         1
Is integer:      0
Is pattern only: 0
-----------------------------------------------------
Is general:      0
Is symmetric:    1
Is skewed:       0
Is hermitian:    0
-----------------------------------------------------
Matrix file name: cant/cant.mtx ... file loaded.
Expanding symmetric matrix ... done
  Total # of non-zeros is 4007383
Converting COO to CSR...done
Vector file name: cant/b.mtx ... file loaded
Executing GPU CSR SpMV ... 
  Pinned Device to Host bandwidth (GB/s): 1.711576
  Pinned Device to Host bandwidth (GB/s): 4.264807
  Pinned Device to Host bandwidth (GB/s): 11.081261
  Pinned Device to Host bandwidth (GB/s): 7.448831
  Exec time (per itr): 0.00076564 s
  Pinned Host to Device bandwidth (GB/s): 2.337938
Executing GPU ELL SpMV ... 
  Pinned Device to Host bandwidth (GB/s): 14.343869
  Pinned Device to Host bandwidth (GB/s): 5.177940
  Pinned Device to Host bandwidth (GB/s): 13.142046
  Exec time (per itr): 0.00064580 s
  Pinned Host to Device bandwidth (GB/s): 2.649822
Calculating CPU CSR SpMV ... done
2-Norm between CPU and GPU answers: 1.769595e-10
Result file name: ./test.mtx ... file saved
Module		Time
Load		0.621018
Convert		0.026867
CPU SpMV	0.021353
GPU Alloc	0.271237
GPU SpMV	0.076573
GPU ELL SpMV	0.064595
Store		0.134175
