-----------------------------------------------------
Matrix name:     cant/cant.mtx
Matrix size:     62451 x 62451 => 2034917
-----------------------------------------------------
Is matrix:       1
Is sparse:       1
-----------------------------------------------------
Is complex:      0
Is real:         1
Is integer:      0
Is pattern only: 0
-----------------------------------------------------
Is general:      0
Is symmetric:    1
Is skewed:       0
Is hermitian:    0
-----------------------------------------------------
Matrix file name: cant/cant.mtx ... file loaded.
Expanding symmetric matrix ... done
  Total # of non-zeros is 4007383
Converting COO to CSR...done
Vector file name: cant/b.mtx ... file loaded
Executing GPU CSR SpMV ... 
  Pinned Device to Host bandwidth (GB/s): 1.970841
  Pinned Device to Host bandwidth (GB/s): 4.211028
  Pinned Device to Host bandwidth (GB/s): 11.096604
  Pinned Device to Host bandwidth (GB/s): 7.586370
  Exec time (per itr): 0.00076535 s
  Pinned Host to Device bandwidth (GB/s): 2.137562
Executing GPU ELL SpMV ... 
  Pinned Device to Host bandwidth (GB/s): 14.474119
  Pinned Device to Host bandwidth (GB/s): 5.202849
  Pinned Device to Host bandwidth (GB/s): 11.972967
  Exec time (per itr): 0.00064564 s
  Pinned Host to Device bandwidth (GB/s): 2.578489
Calculating CPU CSR SpMV ... done
2-Norm between CPU and GPU answers: 1.769595e-10
Result file name: ./test.mtx ... file saved
Module		Time
Load		0.592630
Convert		0.027827
CPU SpMV	0.021437
GPU Alloc	0.289496
GPU SpMV	0.076545
GPU ELL SpMV	0.064576
Store		0.116203
