-----------------------------------------------------
Matrix name:     cant/cant.mtx
Matrix size:     62451 x 62451 => 2034917
-----------------------------------------------------
Is matrix:       1
Is sparse:       1
-----------------------------------------------------
Is complex:      0
Is real:         1
Is integer:      0
Is pattern only: 0
-----------------------------------------------------
Is general:      0
Is symmetric:    1
Is skewed:       0
Is hermitian:    0
-----------------------------------------------------
Matrix file name: cant/cant.mtx ... file loaded.
Expanding symmetric matrix ... done
  Total # of non-zeros is 4007383
Converting COO to CSR...done
Vector file name: cant/b.mtx ... file loaded
Executing GPU CSR SpMV ... 
  Pinned Device to Host bandwidth (GB/s): 1.953090
  Pinned Device to Host bandwidth (GB/s): 4.248926
  Pinned Device to Host bandwidth (GB/s): 11.108046
  Pinned Device to Host bandwidth (GB/s): 7.416984
  Exec time (per itr): 0.00076637 s
  Pinned Host to Device bandwidth (GB/s): 2.309920
Executing GPU ELL SpMV ... 
  Pinned Device to Host bandwidth (GB/s): 15.379299
  Pinned Device to Host bandwidth (GB/s): 5.357417
  Pinned Device to Host bandwidth (GB/s): 13.065063
  Exec time (per itr): 0.00096366 s
  Pinned Host to Device bandwidth (GB/s): 2.689998
Calculating CPU CSR SpMV ... done
2-Norm between CPU and GPU answers: 1.195589e-10
Result file name: ./test.mtx ... file saved
Module		Time
Load		0.606898
Convert		0.026149
CPU SpMV	0.022627
GPU Alloc	0.395801
GPU SpMV	0.076647
GPU ELL SpMV	0.096377
Store		0.031614
