-----------------------------------------------------
Matrix name:     cant/cant.mtx
Matrix size:     62451 x 62451 => 2034917
-----------------------------------------------------
Is matrix:       1
Is sparse:       1
-----------------------------------------------------
Is complex:      0
Is real:         1
Is integer:      0
Is pattern only: 0
-----------------------------------------------------
Is general:      0
Is symmetric:    1
Is skewed:       0
Is hermitian:    0
-----------------------------------------------------
Matrix file name: cant/cant.mtx ... file loaded.
Expanding symmetric matrix ... done
  Total # of non-zeros is 4007383
Converting COO to CSR...done
Vector file name: cant/b.mtx ... file loaded
Executing GPU CSR SpMV ... 
  Pinned Device to Host bandwidth (GB/s): 2.149959
  Pinned Device to Host bandwidth (GB/s): 4.777747
  Pinned Device to Host bandwidth (GB/s): 6.504056
  Pinned Device to Host bandwidth (GB/s): 7.849547
  Exec time (per itr): 0.00076650 s
  Pinned Host to Device bandwidth (GB/s): 2.231030
Executing GPU ELL SpMV ... 
  Pinned Device to Host bandwidth (GB/s): 16.538031
  Pinned Device to Host bandwidth (GB/s): 19.198425
  Pinned Device to Host bandwidth (GB/s): 7.837726
  Exec time (per itr): 0.00065136 s
  Pinned Host to Device bandwidth (GB/s): 1.281730
Calculating CPU CSR SpMV ... done
2-Norm between CPU and GPU answers: 1.769595e-10
Result file name: ./test.mtx ... file saved
Module		Time
Load		0.569111
Convert		0.025420
CPU SpMV	0.023273
GPU Alloc	0.240961
GPU SpMV	0.076661
GPU ELL SpMV	0.065151
Store		0.023553
