-----------------------------------------------------
Matrix name:     cant/cant.mtx
Matrix size:     62451 x 62451 => 2034917
-----------------------------------------------------
Is matrix:       1
Is sparse:       1
-----------------------------------------------------
Is complex:      0
Is real:         1
Is integer:      0
Is pattern only: 0
-----------------------------------------------------
Is general:      0
Is symmetric:    1
Is skewed:       0
Is hermitian:    0
-----------------------------------------------------
Matrix file name: cant/cant.mtx ... file loaded.
Expanding symmetric matrix ... done
  Total # of non-zeros is 4007383
Converting COO to CSR...done
Vector file name: cant/b.mtx ... file loaded
Executing GPU CSR SpMV ... 
  Pinned Device to Host bandwidth (GB/s): 1.959463
  Pinned Device to Host bandwidth (GB/s): 5.068171
  Pinned Device to Host bandwidth (GB/s): 11.101645
  Pinned Device to Host bandwidth (GB/s): 7.347176
  Exec time (per itr): 0.00020659 s
  Pinned Host to Device bandwidth (GB/s): 2.408632
Executing GPU ELL SpMV ... 
  Pinned Device to Host bandwidth (GB/s): 14.427477
  Pinned Device to Host bandwidth (GB/s): 11.723089
  Pinned Device to Host bandwidth (GB/s): 7.347176
  Exec time (per itr): 0.00022039 s
  Pinned Host to Device bandwidth (GB/s): 2.300390
Calculating CPU CSR SpMV ... done
2-Norm between CPU and GPU answers: 1.195589e-10
Result file name: ./test.mtx ... file saved
Module		Time
Load		0.584633
Convert		0.026599
CPU SpMV	0.022509
GPU Alloc	0.241155
GPU SpMV	0.020673
GPU ELL SpMV	0.022056
Store		0.029664
