-----------------------------------------------------
Matrix name:     cant/cant.mtx
Matrix size:     62451 x 62451 => 2034917
-----------------------------------------------------
Is matrix:       1
Is sparse:       1
-----------------------------------------------------
Is complex:      0
Is real:         1
Is integer:      0
Is pattern only: 0
-----------------------------------------------------
Is general:      0
Is symmetric:    1
Is skewed:       0
Is hermitian:    0
-----------------------------------------------------
Matrix file name: cant/cant.mtx ... file loaded.
Expanding symmetric matrix ... done
  Total # of non-zeros is 4007383
Converting COO to CSR...done
Vector file name: cant/b.mtx ... file loaded
Executing GPU CSR SpMV ... 
  Pinned Device to Host bandwidth (GB/s): 1.932302
  Pinned Device to Host bandwidth (GB/s): 3.864311
  Pinned Device to Host bandwidth (GB/s): 4.724462
  Pinned Device to Host bandwidth (GB/s): 7.343721
  Exec time (per itr): 0.00020676 s
  Pinned Host to Device bandwidth (GB/s): 2.403071
Executing GPU ELL SpMV ... 
  Pinned Device to Host bandwidth (GB/s): 14.753634
  Pinned Device to Host bandwidth (GB/s): 11.730768
  Pinned Device to Host bandwidth (GB/s): 7.350635
  Exec time (per itr): 0.00021827 s
  Pinned Host to Device bandwidth (GB/s): 2.348135
Calculating CPU CSR SpMV ... done
2-Norm between CPU and GPU answers: 1.195589e-10
Result file name: ./test.mtx ... file saved
Module		Time
Load		0.588799
Convert		0.026497
CPU SpMV	0.022508
GPU Alloc	0.247219
GPU SpMV	0.020690
GPU ELL SpMV	0.021843
Store		0.030419
