-----------------------------------------------------
Matrix name:     cant/cant.mtx
Matrix size:     62451 x 62451 => 2034917
-----------------------------------------------------
Is matrix:       1
Is sparse:       1
-----------------------------------------------------
Is complex:      0
Is real:         1
Is integer:      0
Is pattern only: 0
-----------------------------------------------------
Is general:      0
Is symmetric:    1
Is skewed:       0
Is hermitian:    0
-----------------------------------------------------
Matrix file name: cant/cant.mtx ... file loaded.
Expanding symmetric matrix ... done
  Total # of non-zeros is 4007383
Converting COO to CSR...done
Vector file name: cant/b.mtx ... file loaded
Executing GPU CSR SpMV ... 
  Pinned Device to Host bandwidth (GB/s): 2.129433
  Pinned Device to Host bandwidth (GB/s): 4.845546
  Pinned Device to Host bandwidth (GB/s): 6.960888
  Pinned Device to Host bandwidth (GB/s): 8.389441
  Exec time (per itr): 0.00076609 s
  Pinned Host to Device bandwidth (GB/s): 2.264030
Executing GPU ELL SpMV ... 
  Pinned Device to Host bandwidth (GB/s): 17.191261
  Pinned Device to Host bandwidth (GB/s): 19.216904
  Pinned Device to Host bandwidth (GB/s): 7.744420
  Exec time (per itr): 0.00065246 s
  Pinned Host to Device bandwidth (GB/s): 1.328067
Calculating CPU CSR SpMV ... done
2-Norm between CPU and GPU answers: 1.769595e-10
Result file name: ./test.mtx ... file saved
Module		Time
Load		0.578035
Convert		0.025306
CPU SpMV	0.022271
GPU Alloc	0.236626
GPU SpMV	0.076621
GPU ELL SpMV	0.065263
Store		0.025121
