-----------------------------------------------------
Matrix name:     cant/cant.mtx
Matrix size:     62451 x 62451 => 2034917
-----------------------------------------------------
Is matrix:       1
Is sparse:       1
-----------------------------------------------------
Is complex:      0
Is real:         1
Is integer:      0
Is pattern only: 0
-----------------------------------------------------
Is general:      0
Is symmetric:    1
Is skewed:       0
Is hermitian:    0
-----------------------------------------------------
Matrix file name: cant/cant.mtx ... file loaded.
Expanding symmetric matrix ... done
  Total # of non-zeros is 4007383
Converting COO to CSR...done
Vector file name: cant/b.mtx ... file loaded
Executing GPU CSR SpMV ... 
  Pinned Device to Host bandwidth (GB/s): 2.042517
  Pinned Device to Host bandwidth (GB/s): 4.359566
  Pinned Device to Host bandwidth (GB/s): 6.548482
  Pinned Device to Host bandwidth (GB/s): 8.081133
  Exec time (per itr): 0.00109625 s
  Pinned Host to Device bandwidth (GB/s): 1.270155
Executing GPU ELL SpMV ... 
  Pinned Device to Host bandwidth (GB/s): 4.186184
  Pinned Device to Host bandwidth (GB/s): 7.756900
  Pinned Device to Host bandwidth (GB/s): 8.123179
  Exec time (per itr): 0.00614567 s
  Pinned Host to Device bandwidth (GB/s): 1.272537
Calculating CPU CSR SpMV ... done
2-Norm between CPU and GPU answers: 1.769595e-10
Result file name: ./test.mtx ... file saved
Module		Time
Load		0.619316
Convert		0.025052
CPU SpMV	0.022219
GPU Alloc	0.235131
GPU SpMV	0.109634
GPU ELL SpMV	0.614554
Store		0.087560
