-----------------------------------------------------
Matrix name:     cant/cant.mtx
Matrix size:     62451 x 62451 => 2034917
-----------------------------------------------------
Is matrix:       1
Is sparse:       1
-----------------------------------------------------
Is complex:      0
Is real:         1
Is integer:      0
Is pattern only: 0
-----------------------------------------------------
Is general:      0
Is symmetric:    1
Is skewed:       0
Is hermitian:    0
-----------------------------------------------------
Matrix file name: cant/cant.mtx ... file loaded.
Expanding symmetric matrix ... done
  Total # of non-zeros is 4007383
Converting COO to CSR...done
Vector file name: cant/b.mtx ... file loaded
Executing GPU CSR SpMV ... 
  Pinned Device to Host bandwidth (GB/s): 1.963405
  Pinned Device to Host bandwidth (GB/s): 3.846743
  Pinned Device to Host bandwidth (GB/s): 9.443535
  Pinned Device to Host bandwidth (GB/s): 6.850702
  Exec time (per itr): 0.00016458 s
  Pinned Host to Device bandwidth (GB/s): 2.362347
Executing GPU ELL SpMV ... 
  Pinned Device to Host bandwidth (GB/s): 14.344883
  Pinned Device to Host bandwidth (GB/s): 11.696067
  Pinned Device to Host bandwidth (GB/s): 7.221439
  Exec time (per itr): 0.00084714 s
  Pinned Host to Device bandwidth (GB/s): 1.385091
Calculating CPU CSR SpMV ... done
2-Norm between CPU and GPU answers: 1.769595e-10
Result file name: ./test.mtx ... file saved
Module		Time
Load		0.572678
Convert		0.029764
CPU SpMV	0.026679
GPU Alloc	0.278190
GPU SpMV	0.016473
GPU ELL SpMV	0.084730
Store		0.023273
