-----------------------------------------------------
Matrix name:     cant/cant.mtx
Matrix size:     62451 x 62451 => 2034917
-----------------------------------------------------
Is matrix:       1
Is sparse:       1
-----------------------------------------------------
Is complex:      0
Is real:         1
Is integer:      0
Is pattern only: 0
-----------------------------------------------------
Is general:      0
Is symmetric:    1
Is skewed:       0
Is hermitian:    0
-----------------------------------------------------
Matrix file name: cant/cant.mtx ... file loaded.
Expanding symmetric matrix ... done
  Total # of non-zeros is 4007383
Converting COO to CSR...done
Vector file name: cant/b.mtx ... file loaded
Executing GPU CSR SpMV ... 
  Pinned Device to Host bandwidth (GB/s): 2.144643
  Pinned Device to Host bandwidth (GB/s): 4.555377
  Pinned Device to Host bandwidth (GB/s): 6.404681
  Pinned Device to Host bandwidth (GB/s): 2.590468
  Exec time (per itr): 0.00109630 s
  Pinned Host to Device bandwidth (GB/s): 1.292232
Executing GPU ELL SpMV ... 
  Pinned Device to Host bandwidth (GB/s): 4.202073
  Pinned Device to Host bandwidth (GB/s): 7.245628
  Pinned Device to Host bandwidth (GB/s): 7.649559
  Exec time (per itr): 0.00614553 s
  Pinned Host to Device bandwidth (GB/s): 1.193453
Calculating CPU CSR SpMV ... done
2-Norm between CPU and GPU answers: 1.769595e-10
Result file name: ./test.mtx ... file saved
Module		Time
Load		0.615151
Convert		0.026485
CPU SpMV	0.021980
GPU Alloc	0.255564
GPU SpMV	0.109642
GPU ELL SpMV	0.614540
Store		0.047819
