-----------------------------------------------------
Matrix name:     cant/cant.mtx
Matrix size:     62451 x 62451 => 2034917
-----------------------------------------------------
Is matrix:       1
Is sparse:       1
-----------------------------------------------------
Is complex:      0
Is real:         1
Is integer:      0
Is pattern only: 0
-----------------------------------------------------
Is general:      0
Is symmetric:    1
Is skewed:       0
Is hermitian:    0
-----------------------------------------------------
Matrix file name: cant/cant.mtx ... file loaded.
Expanding symmetric matrix ... done
  Total # of non-zeros is 4007383
Converting COO to CSR...done
Vector file name: cant/b.mtx ... file loaded
Executing GPU CSR SpMV ... 
  Pinned Device to Host bandwidth (GB/s): 1.930391
  Pinned Device to Host bandwidth (GB/s): 4.052217
  Pinned Device to Host bandwidth (GB/s): 11.120622
  Pinned Device to Host bandwidth (GB/s): 7.208103
  Exec time (per itr): 0.00016483 s
  Pinned Host to Device bandwidth (GB/s): 2.381081
Executing GPU ELL SpMV ... 
  Pinned Device to Host bandwidth (GB/s): 8.620822
  Pinned Device to Host bandwidth (GB/s): 11.416574
  Pinned Device to Host bandwidth (GB/s): 7.151969
  Exec time (per itr): 0.00084662 s
  Pinned Host to Device bandwidth (GB/s): 1.361181
Calculating CPU CSR SpMV ... done
2-Norm between CPU and GPU answers: 1.769595e-10
Result file name: ./test.mtx ... file saved
Module		Time
Load		0.572685
Convert		0.026150
CPU SpMV	0.027303
GPU Alloc	0.282911
GPU SpMV	0.016498
GPU ELL SpMV	0.084677
Store		0.023363
