-----------------------------------------------------
Matrix name:     cant/cant.mtx
Matrix size:     62451 x 62451 => 2034917
-----------------------------------------------------
Is matrix:       1
Is sparse:       1
-----------------------------------------------------
Is complex:      0
Is real:         1
Is integer:      0
Is pattern only: 0
-----------------------------------------------------
Is general:      0
Is symmetric:    1
Is skewed:       0
Is hermitian:    0
-----------------------------------------------------
Matrix file name: cant/cant.mtx ... file loaded.
Expanding symmetric matrix ... done
  Total # of non-zeros is 4007383
Converting COO to CSR...done
Vector file name: cant/b.mtx ... file loaded
Executing GPU CSR SpMV ... 
  Pinned Device to Host bandwidth (GB/s): 2.173302
  Pinned Device to Host bandwidth (GB/s): 4.586492
  Pinned Device to Host bandwidth (GB/s): 6.402920
  Pinned Device to Host bandwidth (GB/s): 1.880828
  Exec time (per itr): 0.00109547 s
  Pinned Host to Device bandwidth (GB/s): 1.190359
Executing GPU ELL SpMV ... 
  Pinned Device to Host bandwidth (GB/s): 4.078648
  Pinned Device to Host bandwidth (GB/s): 7.031674
  Pinned Device to Host bandwidth (GB/s): 7.810280
  Exec time (per itr): 0.00614598 s
  Pinned Host to Device bandwidth (GB/s): 1.307929
Calculating CPU CSR SpMV ... done
2-Norm between CPU and GPU answers: 1.769595e-10
Result file name: ./test.mtx ... file saved
Module		Time
Load		0.574453
Convert		0.026243
CPU SpMV	0.021592
GPU Alloc	0.228853
GPU SpMV	0.109558
GPU ELL SpMV	0.614585
Store		0.084739
