-----------------------------------------------------
Matrix name:     cant/cant.mtx
Matrix size:     62451 x 62451 => 2034917
-----------------------------------------------------
Is matrix:       1
Is sparse:       1
-----------------------------------------------------
Is complex:      0
Is real:         1
Is integer:      0
Is pattern only: 0
-----------------------------------------------------
Is general:      0
Is symmetric:    1
Is skewed:       0
Is hermitian:    0
-----------------------------------------------------
Matrix file name: cant/cant.mtx ... file loaded.
Expanding symmetric matrix ... done
  Total # of non-zeros is 4007383
Converting COO to CSR...done
Vector file name: cant/b.mtx ... file loaded
Executing GPU CSR SpMV ... 
  Pinned Device to Host bandwidth (GB/s): 2.042517
  Pinned Device to Host bandwidth (GB/s): 4.612550
  Pinned Device to Host bandwidth (GB/s): 6.389160
  Pinned Device to Host bandwidth (GB/s): 7.713809
  Exec time (per itr): 0.00107975 s
  Pinned Host to Device bandwidth (GB/s): 1.303670
Executing GPU ELL SpMV ... 
  Pinned Device to Host bandwidth (GB/s): 4.276414
  Pinned Device to Host bandwidth (GB/s): 7.665545
  Pinned Device to Host bandwidth (GB/s): 7.509740
  Exec time (per itr): 0.00612117 s
  Pinned Host to Device bandwidth (GB/s): 1.197940
Calculating CPU CSR SpMV ... done
2-Norm between CPU and GPU answers: 1.769595e-10
Result file name: ./test.mtx ... file saved
Module		Time
Load		0.583479
Convert		0.027185
CPU SpMV	0.022485
GPU Alloc	0.216958
GPU SpMV	0.107985
GPU ELL SpMV	0.612106
Store		0.053324
