-----------------------------------------------------
Matrix name:     cant/cant.mtx
Matrix size:     62451 x 62451 => 2034917
-----------------------------------------------------
Is matrix:       1
Is sparse:       1
-----------------------------------------------------
Is complex:      0
Is real:         1
Is integer:      0
Is pattern only: 0
-----------------------------------------------------
Is general:      0
Is symmetric:    1
Is skewed:       0
Is hermitian:    0
-----------------------------------------------------
Matrix file name: cant/cant.mtx ... file loaded.
Expanding symmetric matrix ... done
  Total # of non-zeros is 4007383
Converting COO to CSR...done
Vector file name: cant/b.mtx ... file loaded
Executing GPU CSR SpMV ... 
  Pinned Device to Host bandwidth (GB/s): 2.089534
  Pinned Device to Host bandwidth (GB/s): 4.554134
  Pinned Device to Host bandwidth (GB/s): 6.384436
  Pinned Device to Host bandwidth (GB/s): 1.528863
  Exec time (per itr): 0.00107979 s
  Pinned Host to Device bandwidth (GB/s): 1.306616
Executing GPU ELL SpMV ... 
  Pinned Device to Host bandwidth (GB/s): 5.332737
  Pinned Device to Host bandwidth (GB/s): 7.641064
  Pinned Device to Host bandwidth (GB/s): 8.587871
  Exec time (per itr): 0.00612107 s
  Pinned Host to Device bandwidth (GB/s): 1.315755
Calculating CPU CSR SpMV ... done
2-Norm between CPU and GPU answers: 1.769595e-10
Result file name: ./test.mtx ... file saved
Module		Time
Load		0.590498
Convert		0.030066
CPU SpMV	0.023805
GPU Alloc	0.218857
GPU SpMV	0.107990
GPU ELL SpMV	0.612096
Store		0.029422
