-----------------------------------------------------
Matrix name:     cant/cant.mtx
Matrix size:     62451 x 62451 => 2034917
-----------------------------------------------------
Is matrix:       1
Is sparse:       1
-----------------------------------------------------
Is complex:      0
Is real:         1
Is integer:      0
Is pattern only: 0
-----------------------------------------------------
Is general:      0
Is symmetric:    1
Is skewed:       0
Is hermitian:    0
-----------------------------------------------------
Matrix file name: cant/cant.mtx ... file loaded.
Expanding symmetric matrix ... done
  Total # of non-zeros is 4007383
Converting COO to CSR...done
Vector file name: cant/b.mtx ... file loaded
Executing GPU CSR SpMV ... 
  Pinned Device to Host bandwidth (GB/s): 1.938059
  Pinned Device to Host bandwidth (GB/s): 4.250476
  Pinned Device to Host bandwidth (GB/s): 9.317762
  Pinned Device to Host bandwidth (GB/s): 7.119357
  Exec time (per itr): 0.00016472 s
  Pinned Host to Device bandwidth (GB/s): 2.342147
Executing GPU ELL SpMV ... 
  Pinned Device to Host bandwidth (GB/s): 13.583270
  Pinned Device to Host bandwidth (GB/s): 11.703598
  Pinned Device to Host bandwidth (GB/s): 7.204776
  Exec time (per itr): 0.00084573 s
  Pinned Host to Device bandwidth (GB/s): 1.344189
Calculating CPU CSR SpMV ... done
2-Norm between CPU and GPU answers: 1.769595e-10
Result file name: ./test.mtx ... file saved
Module		Time
Load		0.568281
Convert		0.029792
CPU SpMV	0.026842
GPU Alloc	0.282817
GPU SpMV	0.016487
GPU ELL SpMV	0.084588
Store		0.023703
