-----------------------------------------------------
Matrix name:     cant/cant.mtx
Matrix size:     62451 x 62451 => 2034917
-----------------------------------------------------
Is matrix:       1
Is sparse:       1
-----------------------------------------------------
Is complex:      0
Is real:         1
Is integer:      0
Is pattern only: 0
-----------------------------------------------------
Is general:      0
Is symmetric:    1
Is skewed:       0
Is hermitian:    0
-----------------------------------------------------
Matrix file name: cant/cant.mtx ... file loaded.
Expanding symmetric matrix ... done
  Total # of non-zeros is 4007383
Converting COO to CSR...done
Vector file name: cant/b.mtx ... file loaded
Executing GPU CSR SpMV ... 
  Pinned Device to Host bandwidth (GB/s): 1.963899
  Pinned Device to Host bandwidth (GB/s): 4.032286
  Pinned Device to Host bandwidth (GB/s): 4.598513
  Pinned Device to Host bandwidth (GB/s): 9.988963
  Exec time (per itr): 0.00016450 s
  Pinned Host to Device bandwidth (GB/s): 2.678921
Executing GPU ELL SpMV ... 
  Pinned Device to Host bandwidth (GB/s): 10.538930
  Pinned Device to Host bandwidth (GB/s): 16.410777
  Pinned Device to Host bandwidth (GB/s): 9.950765
  Exec time (per itr): 0.00084545 s
  Pinned Host to Device bandwidth (GB/s): 1.349067
Calculating CPU CSR SpMV ... done
2-Norm between CPU and GPU answers: 1.769595e-10
Result file name: ./test.mtx ... file saved
Module		Time
Load		0.570381
Convert		0.028313
CPU SpMV	0.027246
GPU Alloc	0.287481
GPU SpMV	0.016464
GPU ELL SpMV	0.084559
Store		0.022660
