-----------------------------------------------------
Matrix name:     cant/cant.mtx
Matrix size:     62451 x 62451 => 2034917
-----------------------------------------------------
Is matrix:       1
Is sparse:       1
-----------------------------------------------------
Is complex:      0
Is real:         1
Is integer:      0
Is pattern only: 0
-----------------------------------------------------
Is general:      0
Is symmetric:    1
Is skewed:       0
Is hermitian:    0
-----------------------------------------------------
Matrix file name: cant/cant.mtx ... file loaded.
Expanding symmetric matrix ... done
  Total # of non-zeros is 4007383
Converting COO to CSR...done
Vector file name: cant/b.mtx ... file loaded
Executing GPU CSR SpMV ... 
  Pinned Device to Host bandwidth (GB/s): 1.991962
  Pinned Device to Host bandwidth (GB/s): 4.238069
  Pinned Device to Host bandwidth (GB/s): 4.976063
  Pinned Device to Host bandwidth (GB/s): 7.138889
  Exec time (per itr): 0.00016456 s
  Pinned Host to Device bandwidth (GB/s): 2.349195
Executing GPU ELL SpMV ... 
  Pinned Device to Host bandwidth (GB/s): 14.536664
  Pinned Device to Host bandwidth (GB/s): 10.000694
  Pinned Device to Host bandwidth (GB/s): 7.135626
  Exec time (per itr): 0.00084737 s
  Pinned Host to Device bandwidth (GB/s): 1.363321
Calculating CPU CSR SpMV ... done
2-Norm between CPU and GPU answers: 1.769595e-10
Result file name: ./test.mtx ... file saved
Module		Time
Load		0.566142
Convert		0.029513
CPU SpMV	0.026986
GPU Alloc	0.288764
GPU SpMV	0.016470
GPU ELL SpMV	0.084752
Store		0.020660
