-----------------------------------------------------
Matrix name:     cant/cant.mtx
Matrix size:     62451 x 62451 => 2034917
-----------------------------------------------------
Is matrix:       1
Is sparse:       1
-----------------------------------------------------
Is complex:      0
Is real:         1
Is integer:      0
Is pattern only: 0
-----------------------------------------------------
Is general:      0
Is symmetric:    1
Is skewed:       0
Is hermitian:    0
-----------------------------------------------------
Matrix file name: cant/cant.mtx ... file loaded.
Expanding symmetric matrix ... done
  Total # of non-zeros is 4007383
Converting COO to CSR...done
Vector file name: cant/b.mtx ... file loaded
Executing GPU CSR SpMV ... 
  Pinned Device to Host bandwidth (GB/s): 2.107586
  Pinned Device to Host bandwidth (GB/s): 4.329909
  Pinned Device to Host bandwidth (GB/s): 6.371403
  Pinned Device to Host bandwidth (GB/s): 8.187074
  Exec time (per itr): 0.00108044 s
  Pinned Host to Device bandwidth (GB/s): 1.332942
Executing GPU ELL SpMV ... 
  Pinned Device to Host bandwidth (GB/s): 4.829298
  Pinned Device to Host bandwidth (GB/s): 7.067627
  Pinned Device to Host bandwidth (GB/s): 8.260714
  Exec time (per itr): 0.00612094 s
  Pinned Host to Device bandwidth (GB/s): 1.305851
Calculating CPU CSR SpMV ... done
2-Norm between CPU and GPU answers: 1.769595e-10
Result file name: ./test.mtx ... file saved
Module		Time
Load		0.577729
Convert		0.027001
CPU SpMV	0.022976
GPU Alloc	0.216284
GPU SpMV	0.108054
GPU ELL SpMV	0.612082
Store		0.169176
