-----------------------------------------------------
Matrix name:     cant/cant.mtx
Matrix size:     62451 x 62451 => 2034917
-----------------------------------------------------
Is matrix:       1
Is sparse:       1
-----------------------------------------------------
Is complex:      0
Is real:         1
Is integer:      0
Is pattern only: 0
-----------------------------------------------------
Is general:      0
Is symmetric:    1
Is skewed:       0
Is hermitian:    0
-----------------------------------------------------
Matrix file name: cant/cant.mtx ... file loaded.
Expanding symmetric matrix ... done
  Total # of non-zeros is 4007383
Converting COO to CSR...done
Vector file name: cant/b.mtx ... file loaded
Executing GPU CSR SpMV ... 
  Pinned Device to Host bandwidth (GB/s): 2.065758
  Pinned Device to Host bandwidth (GB/s): 4.357442
  Pinned Device to Host bandwidth (GB/s): 6.185226
  Pinned Device to Host bandwidth (GB/s): 8.072776
  Exec time (per itr): 0.00109775 s
  Pinned Host to Device bandwidth (GB/s): 1.290523
Executing GPU ELL SpMV ... 
  Pinned Device to Host bandwidth (GB/s): 4.306417
  Pinned Device to Host bandwidth (GB/s): 7.642646
  Pinned Device to Host bandwidth (GB/s): 7.929278
  Exec time (per itr): 0.00614609 s
  Pinned Host to Device bandwidth (GB/s): 1.297279
Calculating CPU CSR SpMV ... done
2-Norm between CPU and GPU answers: 1.769595e-10
Result file name: ./test.mtx ... file saved
Module		Time
Load		0.601407
Convert		0.026397
CPU SpMV	0.022013
GPU Alloc	0.234941
GPU SpMV	0.109785
GPU ELL SpMV	0.614594
Store		0.034252
