-----------------------------------------------------
Matrix name:     cant/cant.mtx
Matrix size:     62451 x 62451 => 2034917
-----------------------------------------------------
Is matrix:       1
Is sparse:       1
-----------------------------------------------------
Is complex:      0
Is real:         1
Is integer:      0
Is pattern only: 0
-----------------------------------------------------
Is general:      0
Is symmetric:    1
Is skewed:       0
Is hermitian:    0
-----------------------------------------------------
Matrix file name: cant/cant.mtx ... file loaded.
Expanding symmetric matrix ... done
  Total # of non-zeros is 4007383
Converting COO to CSR...done
Vector file name: cant/b.mtx ... file loaded
Executing GPU CSR SpMV ... 
  Pinned Device to Host bandwidth (GB/s): 2.224708
  Pinned Device to Host bandwidth (GB/s): 4.593221
  Pinned Device to Host bandwidth (GB/s): 6.329019
  Pinned Device to Host bandwidth (GB/s): 8.051960
  Exec time (per itr): 0.00109676 s
  Pinned Host to Device bandwidth (GB/s): 1.300412
Executing GPU ELL SpMV ... 
  Pinned Device to Host bandwidth (GB/s): 4.100567
  Pinned Device to Host bandwidth (GB/s): 7.077485
  Pinned Device to Host bandwidth (GB/s): 7.767538
  Exec time (per itr): 0.00614714 s
  Pinned Host to Device bandwidth (GB/s): 1.178410
Calculating CPU CSR SpMV ... done
2-Norm between CPU and GPU answers: 1.769595e-10
Result file name: ./test.mtx ... file saved
Module		Time
Load		0.582658
Convert		0.025812
CPU SpMV	0.021879
GPU Alloc	0.237279
GPU SpMV	0.109685
GPU ELL SpMV	0.614698
Store		0.141317
