-----------------------------------------------------
Matrix name:     cant/cant.mtx
Matrix size:     62451 x 62451 => 2034917
-----------------------------------------------------
Is matrix:       1
Is sparse:       1
-----------------------------------------------------
Is complex:      0
Is real:         1
Is integer:      0
Is pattern only: 0
-----------------------------------------------------
Is general:      0
Is symmetric:    1
Is skewed:       0
Is hermitian:    0
-----------------------------------------------------
Matrix file name: cant/cant.mtx ... file loaded.
Expanding symmetric matrix ... done
  Total # of non-zeros is 4007383
Converting COO to CSR...done
Vector file name: cant/b.mtx ... file loaded
Executing GPU CSR SpMV ... 
  Pinned Device to Host bandwidth (GB/s): 1.925629
  Pinned Device to Host bandwidth (GB/s): 3.851949
  Pinned Device to Host bandwidth (GB/s): 5.247628
  Pinned Device to Host bandwidth (GB/s): 9.950765
  Exec time (per itr): 0.00016644 s
  Pinned Host to Device bandwidth (GB/s): 2.687220
Executing GPU ELL SpMV ... 
  Pinned Device to Host bandwidth (GB/s): 16.272409
  Pinned Device to Host bandwidth (GB/s): 12.461698
  Pinned Device to Host bandwidth (GB/s): 8.668934
  Exec time (per itr): 0.00084758 s
  Pinned Host to Device bandwidth (GB/s): 1.219841
Calculating CPU CSR SpMV ... done
2-Norm between CPU and GPU answers: 1.769595e-10
Result file name: ./test.mtx ... file saved
Module		Time
Load		0.573567
Convert		0.030167
CPU SpMV	0.027660
GPU Alloc	0.282514
GPU SpMV	0.016659
GPU ELL SpMV	0.084772
Store		0.020835
