-----------------------------------------------------
Matrix name:     cant/cant.mtx
Matrix size:     62451 x 62451 => 2034917
-----------------------------------------------------
Is matrix:       1
Is sparse:       1
-----------------------------------------------------
Is complex:      0
Is real:         1
Is integer:      0
Is pattern only: 0
-----------------------------------------------------
Is general:      0
Is symmetric:    1
Is skewed:       0
Is hermitian:    0
-----------------------------------------------------
Matrix file name: cant/cant.mtx ... file loaded.
Expanding symmetric matrix ... done
  Total # of non-zeros is 4007383
Converting COO to CSR...done
Vector file name: cant/b.mtx ... file loaded
Executing GPU CSR SpMV ... 
  Pinned Device to Host bandwidth (GB/s): 1.930868
  Pinned Device to Host bandwidth (GB/s): 4.360325
  Pinned Device to Host bandwidth (GB/s): 6.384803
  Pinned Device to Host bandwidth (GB/s): 8.722207
  Exec time (per itr): 0.00107921 s
  Pinned Host to Device bandwidth (GB/s): 1.285212
Executing GPU ELL SpMV ... 
  Pinned Device to Host bandwidth (GB/s): 4.590705
  Pinned Device to Host bandwidth (GB/s): 7.621696
  Pinned Device to Host bandwidth (GB/s): 8.287022
  Exec time (per itr): 0.00612101 s
  Pinned Host to Device bandwidth (GB/s): 1.254540
Calculating CPU CSR SpMV ... done
2-Norm between CPU and GPU answers: 1.769595e-10
Result file name: ./test.mtx ... file saved
Module		Time
Load		0.581471
Convert		0.026742
CPU SpMV	0.022173
GPU Alloc	0.214575
GPU SpMV	0.107934
GPU ELL SpMV	0.612107
Store		0.029206
