-----------------------------------------------------
Matrix name:     cant/cant.mtx
Matrix size:     62451 x 62451 => 2034917
-----------------------------------------------------
Is matrix:       1
Is sparse:       1
-----------------------------------------------------
Is complex:      0
Is real:         1
Is integer:      0
Is pattern only: 0
-----------------------------------------------------
Is general:      0
Is symmetric:    1
Is skewed:       0
Is hermitian:    0
-----------------------------------------------------
Matrix file name: cant/cant.mtx ... file loaded.
Expanding symmetric matrix ... done
  Total # of non-zeros is 4007383
Converting COO to CSR...done
Vector file name: cant/b.mtx ... file loaded
Executing GPU CSR SpMV ... 
  Pinned Device to Host bandwidth (GB/s): 1.989931
  Pinned Device to Host bandwidth (GB/s): 4.577983
  Pinned Device to Host bandwidth (GB/s): 6.391197
  Pinned Device to Host bandwidth (GB/s): 1.352339
  Exec time (per itr): 0.00108066 s
  Pinned Host to Device bandwidth (GB/s): 1.246925
Executing GPU ELL SpMV ... 
  Pinned Device to Host bandwidth (GB/s): 4.294572
  Pinned Device to Host bandwidth (GB/s): 6.985931
  Pinned Device to Host bandwidth (GB/s): 8.554931
  Exec time (per itr): 0.00612116 s
  Pinned Host to Device bandwidth (GB/s): 1.099335
Calculating CPU CSR SpMV ... done
2-Norm between CPU and GPU answers: 1.769595e-10
Result file name: ./test.mtx ... file saved
Module		Time
Load		0.571802
Convert		0.027609
CPU SpMV	0.022938
GPU Alloc	0.239971
GPU SpMV	0.108077
GPU ELL SpMV	0.612102
Store		0.028328
