-----------------------------------------------------
Matrix name:     cant/cant.mtx
Matrix size:     62451 x 62451 => 2034917
-----------------------------------------------------
Is matrix:       1
Is sparse:       1
-----------------------------------------------------
Is complex:      0
Is real:         1
Is integer:      0
Is pattern only: 0
-----------------------------------------------------
Is general:      0
Is symmetric:    1
Is skewed:       0
Is hermitian:    0
-----------------------------------------------------
Matrix file name: cant/cant.mtx ... file loaded.
Expanding symmetric matrix ... done
  Total # of non-zeros is 4007383
Converting COO to CSR...done
Vector file name: cant/b.mtx ... file loaded
Executing GPU CSR SpMV ... 
  Pinned Device to Host bandwidth (GB/s): 2.027662
  Pinned Device to Host bandwidth (GB/s): 4.262013
  Pinned Device to Host bandwidth (GB/s): 4.948266
  Pinned Device to Host bandwidth (GB/s): 7.374941
  Exec time (per itr): 0.00023362 s
  Pinned Host to Device bandwidth (GB/s): 2.321598
Executing GPU ELL SpMV ... 
  Pinned Device to Host bandwidth (GB/s): 12.587023
  Pinned Device to Host bandwidth (GB/s): 11.739136
  Pinned Device to Host bandwidth (GB/s): 7.340268
  Exec time (per itr): 0.00088480 s
  Pinned Host to Device bandwidth (GB/s): 1.337739
Calculating CPU CSR SpMV ... done
2-Norm between CPU and GPU answers: 1.769595e-10
Result file name: ./test.mtx ... file saved
Module		Time
Load		0.578298
Convert		0.027542
CPU SpMV	0.026357
GPU Alloc	0.259740
GPU SpMV	0.023379
GPU ELL SpMV	0.088495
Store		0.419758
