-----------------------------------------------------
Matrix name:     cant/cant.mtx
Matrix size:     62451 x 62451 => 2034917
-----------------------------------------------------
Is matrix:       1
Is sparse:       1
-----------------------------------------------------
Is complex:      0
Is real:         1
Is integer:      0
Is pattern only: 0
-----------------------------------------------------
Is general:      0
Is symmetric:    1
Is skewed:       0
Is hermitian:    0
-----------------------------------------------------
Matrix file name: cant/cant.mtx ... file loaded.
Expanding symmetric matrix ... done
  Total # of non-zeros is 4007383
Converting COO to CSR...done
Vector file name: cant/b.mtx ... file loaded
Executing GPU CSR SpMV ... 
  Pinned Device to Host bandwidth (GB/s): 1.930391
  Pinned Device to Host bandwidth (GB/s): 4.245361
  Pinned Device to Host bandwidth (GB/s): 11.082732
  Pinned Device to Host bandwidth (GB/s): 7.392401
  Exec time (per itr): 0.00077286 s
  Pinned Host to Device bandwidth (GB/s): 2.257156
Executing GPU ELL SpMV ... 
  Pinned Device to Host bandwidth (GB/s): 14.383852
  Pinned Device to Host bandwidth (GB/s): 6.421442
  Pinned Device to Host bandwidth (GB/s): 12.540361
  Exec time (per itr): 0.00258550 s
  Pinned Host to Device bandwidth (GB/s): 1.256559
Calculating CPU CSR SpMV ... done
2-Norm between CPU and GPU answers: 1.769595e-10
Result file name: ./test.mtx ... file saved
Module		Time
Load		0.584147
Convert		0.028889
CPU SpMV	0.024038
GPU Alloc	0.266022
GPU SpMV	0.077295
GPU ELL SpMV	0.258554
Store		0.033527
