-----------------------------------------------------
Matrix name:     cant/cant.mtx
Matrix size:     62451 x 62451 => 2034917
-----------------------------------------------------
Is matrix:       1
Is sparse:       1
-----------------------------------------------------
Is complex:      0
Is real:         1
Is integer:      0
Is pattern only: 0
-----------------------------------------------------
Is general:      0
Is symmetric:    1
Is skewed:       0
Is hermitian:    0
-----------------------------------------------------
Matrix file name: cant/cant.mtx ... file loaded.
Expanding symmetric matrix ... done
  Total # of non-zeros is 4007383
Converting COO to CSR...done
Vector file name: cant/b.mtx ... file loaded
Executing GPU CSR SpMV ... 
  Pinned Device to Host bandwidth (GB/s): 1.876112
  Pinned Device to Host bandwidth (GB/s): 4.243419
  Pinned Device to Host bandwidth (GB/s): 11.097956
  Pinned Device to Host bandwidth (GB/s): 7.495319
  Exec time (per itr): 0.00077307 s
  Pinned Host to Device bandwidth (GB/s): 2.255526
Executing GPU ELL SpMV ... 
  Pinned Device to Host bandwidth (GB/s): 14.371970
  Pinned Device to Host bandwidth (GB/s): 5.962362
  Pinned Device to Host bandwidth (GB/s): 12.611268
  Exec time (per itr): 0.00258580 s
  Pinned Host to Device bandwidth (GB/s): 1.251523
Calculating CPU CSR SpMV ... done
2-Norm between CPU and GPU answers: 1.769595e-10
Result file name: ./test.mtx ... file saved
Module		Time
Load		0.583697
Convert		0.030149
CPU SpMV	0.024261
GPU Alloc	0.271984
GPU SpMV	0.077316
GPU ELL SpMV	0.258586
Store		0.094111
