-----------------------------------------------------
Matrix name:     cant/cant.mtx
Matrix size:     62451 x 62451 => 2034917
-----------------------------------------------------
Is matrix:       1
Is sparse:       1
-----------------------------------------------------
Is complex:      0
Is real:         1
Is integer:      0
Is pattern only: 0
-----------------------------------------------------
Is general:      0
Is symmetric:    1
Is skewed:       0
Is hermitian:    0
-----------------------------------------------------
Matrix file name: cant/cant.mtx ... file loaded.
Expanding symmetric matrix ... done
  Total # of non-zeros is 4007383
Converting COO to CSR...done
Vector file name: cant/b.mtx ... file loaded
Executing GPU CSR SpMV ... 
  Pinned Device to Host bandwidth (GB/s): 1.956516
  Pinned Device to Host bandwidth (GB/s): 4.250512
  Pinned Device to Host bandwidth (GB/s): 11.067673
  Pinned Device to Host bandwidth (GB/s): 7.535111
  Exec time (per itr): 0.00077310 s
  Pinned Host to Device bandwidth (GB/s): 2.152295
Executing GPU ELL SpMV ... 
  Pinned Device to Host bandwidth (GB/s): 14.445961
  Pinned Device to Host bandwidth (GB/s): 6.296668
  Pinned Device to Host bandwidth (GB/s): 12.500201
  Exec time (per itr): 0.00258597 s
  Pinned Host to Device bandwidth (GB/s): 1.304323
Calculating CPU CSR SpMV ... done
2-Norm between CPU and GPU answers: 1.769595e-10
Result file name: ./test.mtx ... file saved
Module		Time
Load		0.589045
Convert		0.028093
CPU SpMV	0.023745
GPU Alloc	0.252532
GPU SpMV	0.077321
GPU ELL SpMV	0.258603
Store		0.064942
