-----------------------------------------------------
Matrix name:     cant/cant.mtx
Matrix size:     62451 x 62451 => 2034917
-----------------------------------------------------
Is matrix:       1
Is sparse:       1
-----------------------------------------------------
Is complex:      0
Is real:         1
Is integer:      0
Is pattern only: 0
-----------------------------------------------------
Is general:      0
Is symmetric:    1
Is skewed:       0
Is hermitian:    0
-----------------------------------------------------
Matrix file name: cant/cant.mtx ... file loaded.
Expanding symmetric matrix ... done
  Total # of non-zeros is 4007383
Converting COO to CSR...done
Vector file name: cant/b.mtx ... file loaded
Executing GPU CSR SpMV ... 
  Pinned Device to Host bandwidth (GB/s): 2.112148
  Pinned Device to Host bandwidth (GB/s): 4.793979
  Pinned Device to Host bandwidth (GB/s): 6.709342
  Pinned Device to Host bandwidth (GB/s): 7.771404
  Exec time (per itr): 0.00078254 s
  Pinned Host to Device bandwidth (GB/s): 2.266002
Executing GPU ELL SpMV ... 
  Pinned Device to Host bandwidth (GB/s): 11.798505
  Pinned Device to Host bandwidth (GB/s): 19.075430
  Pinned Device to Host bandwidth (GB/s): 8.195669
  Exec time (per itr): 0.00258763 s
  Pinned Host to Device bandwidth (GB/s): 1.233917
Calculating CPU CSR SpMV ... done
2-Norm between CPU and GPU answers: 1.769595e-10
Result file name: ./test.mtx ... file saved
Module		Time
Load		0.560441
Convert		0.025378
CPU SpMV	0.023464
GPU Alloc	0.222773
GPU SpMV	0.078265
GPU ELL SpMV	0.258774
Store		0.024816
