-----------------------------------------------------
Matrix name:     cant/cant.mtx
Matrix size:     62451 x 62451 => 2034917
-----------------------------------------------------
Is matrix:       1
Is sparse:       1
-----------------------------------------------------
Is complex:      0
Is real:         1
Is integer:      0
Is pattern only: 0
-----------------------------------------------------
Is general:      0
Is symmetric:    1
Is skewed:       0
Is hermitian:    0
-----------------------------------------------------
Matrix file name: cant/cant.mtx ... file loaded.
Expanding symmetric matrix ... done
  Total # of non-zeros is 4007383
Converting COO to CSR...done
Vector file name: cant/b.mtx ... file loaded
Executing GPU CSR SpMV ... 
  Pinned Device to Host bandwidth (GB/s): 1.808316
  Pinned Device to Host bandwidth (GB/s): 4.340640
  Pinned Device to Host bandwidth (GB/s): 10.768251
  Pinned Device to Host bandwidth (GB/s): 7.218100
  Exec time (per itr): 0.00077270 s
  Pinned Host to Device bandwidth (GB/s): 2.150220
Executing GPU ELL SpMV ... 
  Pinned Device to Host bandwidth (GB/s): 14.442877
  Pinned Device to Host bandwidth (GB/s): 6.111769
  Pinned Device to Host bandwidth (GB/s): 12.046875
  Exec time (per itr): 0.00258819 s
  Pinned Host to Device bandwidth (GB/s): 1.288074
Calculating CPU CSR SpMV ... done
2-Norm between CPU and GPU answers: 1.769595e-10
Result file name: ./test.mtx ... file saved
Module		Time
Load		0.583444
Convert		0.029733
CPU SpMV	0.024576
GPU Alloc	0.267443
GPU SpMV	0.077279
GPU ELL SpMV	0.258823
Store		0.065120
