-----------------------------------------------------
Matrix name:     cant/cant.mtx
Matrix size:     62451 x 62451 => 2034917
-----------------------------------------------------
Is matrix:       1
Is sparse:       1
-----------------------------------------------------
Is complex:      0
Is real:         1
Is integer:      0
Is pattern only: 0
-----------------------------------------------------
Is general:      0
Is symmetric:    1
Is skewed:       0
Is hermitian:    0
-----------------------------------------------------
Matrix file name: cant/cant.mtx ... file loaded.
Expanding symmetric matrix ... done
  Total # of non-zeros is 4007383
Converting COO to CSR...done
Vector file name: cant/b.mtx ... file loaded
Executing GPU CSR SpMV ... 
  Pinned Device to Host bandwidth (GB/s): 2.015101
  Pinned Device to Host bandwidth (GB/s): 4.174044
  Pinned Device to Host bandwidth (GB/s): 11.121733
  Pinned Device to Host bandwidth (GB/s): 7.343721
  Exec time (per itr): 0.00023359 s
  Pinned Host to Device bandwidth (GB/s): 2.321598
Executing GPU ELL SpMV ... 
  Pinned Device to Host bandwidth (GB/s): 15.692824
  Pinned Device to Host bandwidth (GB/s): 11.735629
  Pinned Device to Host bandwidth (GB/s): 7.288866
  Exec time (per itr): 0.00088665 s
  Pinned Host to Device bandwidth (GB/s): 1.290737
Calculating CPU CSR SpMV ... done
2-Norm between CPU and GPU answers: 1.769595e-10
Result file name: ./test.mtx ... file saved
Module		Time
Load		0.586352
Convert		0.030577
CPU SpMV	0.028088
GPU Alloc	0.249984
GPU SpMV	0.023373
GPU ELL SpMV	0.088675
Store		0.463005
