-----------------------------------------------------
Matrix name:     cant/cant.mtx
Matrix size:     62451 x 62451 => 2034917
-----------------------------------------------------
Is matrix:       1
Is sparse:       1
-----------------------------------------------------
Is complex:      0
Is real:         1
Is integer:      0
Is pattern only: 0
-----------------------------------------------------
Is general:      0
Is symmetric:    1
Is skewed:       0
Is hermitian:    0
-----------------------------------------------------
Matrix file name: cant/cant.mtx ... file loaded.
Expanding symmetric matrix ... done
  Total # of non-zeros is 4007383
Converting COO to CSR...done
Vector file name: cant/b.mtx ... file loaded
Executing GPU CSR SpMV ... 
  Pinned Device to Host bandwidth (GB/s): 1.989931
  Pinned Device to Host bandwidth (GB/s): 4.777474
  Pinned Device to Host bandwidth (GB/s): 6.145464
  Pinned Device to Host bandwidth (GB/s): 7.857448
  Exec time (per itr): 0.00078179 s
  Pinned Host to Device bandwidth (GB/s): 2.179334
Executing GPU ELL SpMV ... 
  Pinned Device to Host bandwidth (GB/s): 16.688974
  Pinned Device to Host bandwidth (GB/s): 19.088885
  Pinned Device to Host bandwidth (GB/s): 8.362480
  Exec time (per itr): 0.00258559 s
  Pinned Host to Device bandwidth (GB/s): 1.243251
Calculating CPU CSR SpMV ... done
2-Norm between CPU and GPU answers: 1.769595e-10
Result file name: ./test.mtx ... file saved
Module		Time
Load		0.568093
Convert		0.025968
CPU SpMV	0.023981
GPU Alloc	0.252822
GPU SpMV	0.078190
GPU ELL SpMV	0.258569
Store		0.024305
