-----------------------------------------------------
Matrix name:     cant/cant.mtx
Matrix size:     62451 x 62451 => 2034917
-----------------------------------------------------
Is matrix:       1
Is sparse:       1
-----------------------------------------------------
Is complex:      0
Is real:         1
Is integer:      0
Is pattern only: 0
-----------------------------------------------------
Is general:      0
Is symmetric:    1
Is skewed:       0
Is hermitian:    0
-----------------------------------------------------
Matrix file name: cant/cant.mtx ... file loaded.
Expanding symmetric matrix ... done
  Total # of non-zeros is 4007383
Converting COO to CSR...done
Vector file name: cant/b.mtx ... file loaded
Executing GPU CSR SpMV ... 
  Pinned Device to Host bandwidth (GB/s): 2.035063
  Pinned Device to Host bandwidth (GB/s): 4.258281
  Pinned Device to Host bandwidth (GB/s): 4.948169
  Pinned Device to Host bandwidth (GB/s): 6.422357
  Exec time (per itr): 0.00023354 s
  Pinned Host to Device bandwidth (GB/s): 2.269955
Executing GPU ELL SpMV ... 
  Pinned Device to Host bandwidth (GB/s): 14.374345
  Pinned Device to Host bandwidth (GB/s): 11.297424
  Pinned Device to Host bandwidth (GB/s): 7.385407
  Exec time (per itr): 0.00088507 s
  Pinned Host to Device bandwidth (GB/s): 1.314315
Calculating CPU CSR SpMV ... done
2-Norm between CPU and GPU answers: 1.769595e-10
Result file name: ./test.mtx ... file saved
Module		Time
Load		0.601943
Convert		0.028169
CPU SpMV	0.027241
GPU Alloc	0.246767
GPU SpMV	0.023368
GPU ELL SpMV	0.088520
Store		0.078266
