-----------------------------------------------------
Matrix name:     cant/cant.mtx
Matrix size:     62451 x 62451 => 2034917
-----------------------------------------------------
Is matrix:       1
Is sparse:       1
-----------------------------------------------------
Is complex:      0
Is real:         1
Is integer:      0
Is pattern only: 0
-----------------------------------------------------
Is general:      0
Is symmetric:    1
Is skewed:       0
Is hermitian:    0
-----------------------------------------------------
Matrix file name: cant/cant.mtx ... file loaded.
Expanding symmetric matrix ... done
  Total # of non-zeros is 4007383
Converting COO to CSR...done
Vector file name: cant/b.mtx ... file loaded
Executing GPU CSR SpMV ... 
  Pinned Device to Host bandwidth (GB/s): 2.052182
  Pinned Device to Host bandwidth (GB/s): 4.128361
  Pinned Device to Host bandwidth (GB/s): 11.122721
  Pinned Device to Host bandwidth (GB/s): 7.438185
  Exec time (per itr): 0.00023355 s
  Pinned Host to Device bandwidth (GB/s): 2.338638
Executing GPU ELL SpMV ... 
  Pinned Device to Host bandwidth (GB/s): 14.828728
  Pinned Device to Host bandwidth (GB/s): 11.435764
  Pinned Device to Host bandwidth (GB/s): 7.392401
  Exec time (per itr): 0.00088487 s
  Pinned Host to Device bandwidth (GB/s): 1.319202
Calculating CPU CSR SpMV ... done
2-Norm between CPU and GPU answers: 1.769595e-10
Result file name: ./test.mtx ... file saved
Module		Time
Load		0.583383
Convert		0.027373
CPU SpMV	0.026615
GPU Alloc	0.243002
GPU SpMV	0.023369
GPU ELL SpMV	0.088499
Store		0.027476
