-----------------------------------------------------
Matrix name:     cant/cant.mtx
Matrix size:     62451 x 62451 => 2034917
-----------------------------------------------------
Is matrix:       1
Is sparse:       1
-----------------------------------------------------
Is complex:      0
Is real:         1
Is integer:      0
Is pattern only: 0
-----------------------------------------------------
Is general:      0
Is symmetric:    1
Is skewed:       0
Is hermitian:    0
-----------------------------------------------------
Matrix file name: cant/cant.mtx ... file loaded.
Expanding symmetric matrix ... done
  Total # of non-zeros is 4007383
Converting COO to CSR...done
Vector file name: cant/b.mtx ... file loaded
Executing GPU CSR SpMV ... 
  Pinned Device to Host bandwidth (GB/s): 2.061939
  Pinned Device to Host bandwidth (GB/s): 4.033715
  Pinned Device to Host bandwidth (GB/s): 10.988886
  Pinned Device to Host bandwidth (GB/s): 7.343721
  Exec time (per itr): 0.00023368 s
  Pinned Host to Device bandwidth (GB/s): 2.286912
Executing GPU ELL SpMV ... 
  Pinned Device to Host bandwidth (GB/s): 15.807301
  Pinned Device to Host bandwidth (GB/s): 11.730768
  Pinned Device to Host bandwidth (GB/s): 7.381915
  Exec time (per itr): 0.00088667 s
  Pinned Host to Device bandwidth (GB/s): 1.314758
Calculating CPU CSR SpMV ... done
2-Norm between CPU and GPU answers: 1.769595e-10
Result file name: ./test.mtx ... file saved
Module		Time
Load		0.587720
Convert		0.029947
CPU SpMV	0.026338
GPU Alloc	0.243768
GPU SpMV	0.023383
GPU ELL SpMV	0.088680
Store		0.429792
