-----------------------------------------------------
Matrix name:     cant/cant.mtx
Matrix size:     62451 x 62451 => 2034917
-----------------------------------------------------
Is matrix:       1
Is sparse:       1
-----------------------------------------------------
Is complex:      0
Is real:         1
Is integer:      0
Is pattern only: 0
-----------------------------------------------------
Is general:      0
Is symmetric:    1
Is skewed:       0
Is hermitian:    0
-----------------------------------------------------
Matrix file name: cant/cant.mtx ... file loaded.
Expanding symmetric matrix ... done
  Total # of non-zeros is 4007383
Converting COO to CSR...done
Vector file name: cant/b.mtx ... file loaded
Executing GPU CSR SpMV ... 
  Pinned Device to Host bandwidth (GB/s): 2.094018
  Pinned Device to Host bandwidth (GB/s): 4.793566
  Pinned Device to Host bandwidth (GB/s): 18.648705
  Pinned Device to Host bandwidth (GB/s): 8.102102
  Exec time (per itr): 0.00078310 s
  Pinned Host to Device bandwidth (GB/s): 2.179030
Executing GPU ELL SpMV ... 
  Pinned Device to Host bandwidth (GB/s): 7.630483
  Pinned Device to Host bandwidth (GB/s): 7.488360
  Pinned Device to Host bandwidth (GB/s): 8.152872
  Exec time (per itr): 0.00258537 s
  Pinned Host to Device bandwidth (GB/s): 1.282151
Calculating CPU CSR SpMV ... done
2-Norm between CPU and GPU answers: 1.769595e-10
Result file name: ./test.mtx ... file saved
Module		Time
Load		0.574826
Convert		0.026612
CPU SpMV	0.024351
GPU Alloc	0.223771
GPU SpMV	0.078321
GPU ELL SpMV	0.258541
Store		0.025079
