-----------------------------------------------------
Matrix name:     cant/cant.mtx
Matrix size:     62451 x 62451 => 2034917
-----------------------------------------------------
Is matrix:       1
Is sparse:       1
-----------------------------------------------------
Is complex:      0
Is real:         1
Is integer:      0
Is pattern only: 0
-----------------------------------------------------
Is general:      0
Is symmetric:    1
Is skewed:       0
Is hermitian:    0
-----------------------------------------------------
Matrix file name: cant/cant.mtx ... file loaded.
Expanding symmetric matrix ... done
  Total # of non-zeros is 4007383
Converting COO to CSR...done
Vector file name: cant/b.mtx ... file loaded
Executing GPU CSR SpMV ... 
  Pinned Device to Host bandwidth (GB/s): 1.831652
  Pinned Device to Host bandwidth (GB/s): 4.183386
  Pinned Device to Host bandwidth (GB/s): 11.083591
  Pinned Device to Host bandwidth (GB/s): 7.148695
  Exec time (per itr): 0.00077219 s
  Pinned Host to Device bandwidth (GB/s): 2.201149
Executing GPU ELL SpMV ... 
  Pinned Device to Host bandwidth (GB/s): 14.437055
  Pinned Device to Host bandwidth (GB/s): 5.792815
  Pinned Device to Host bandwidth (GB/s): 12.978180
  Exec time (per itr): 0.00258527 s
  Pinned Host to Device bandwidth (GB/s): 1.233235
Calculating CPU CSR SpMV ... done
2-Norm between CPU and GPU answers: 1.769595e-10
Result file name: ./test.mtx ... file saved
Module		Time
Load		0.583588
Convert		0.028779
CPU SpMV	0.023711
GPU Alloc	0.269320
GPU SpMV	0.077228
GPU ELL SpMV	0.258532
Store		0.073501
