-----------------------------------------------------
Matrix name:     cant/cant.mtx
Matrix size:     62451 x 62451 => 2034917
-----------------------------------------------------
Is matrix:       1
Is sparse:       1
-----------------------------------------------------
Is complex:      0
Is real:         1
Is integer:      0
Is pattern only: 0
-----------------------------------------------------
Is general:      0
Is symmetric:    1
Is skewed:       0
Is hermitian:    0
-----------------------------------------------------
Matrix file name: cant/cant.mtx ... file loaded.
Expanding symmetric matrix ... done
  Total # of non-zeros is 4007383
Converting COO to CSR...done
Vector file name: cant/b.mtx ... file loaded
Executing GPU CSR SpMV ... 
  Pinned Device to Host bandwidth (GB/s): 1.926104
  Pinned Device to Host bandwidth (GB/s): 4.806814
  Pinned Device to Host bandwidth (GB/s): 6.214770
  Pinned Device to Host bandwidth (GB/s): 7.998335
  Exec time (per itr): 0.00078422 s
  Pinned Host to Device bandwidth (GB/s): 2.217720
Executing GPU ELL SpMV ... 
  Pinned Device to Host bandwidth (GB/s): 16.786052
  Pinned Device to Host bandwidth (GB/s): 19.102958
  Pinned Device to Host bandwidth (GB/s): 7.937341
  Exec time (per itr): 0.00258755 s
  Pinned Host to Device bandwidth (GB/s): 1.312437
Calculating CPU CSR SpMV ... done
2-Norm between CPU and GPU answers: 1.769595e-10
Result file name: ./test.mtx ... file saved
Module		Time
Load		0.579464
Convert		0.025985
CPU SpMV	0.023862
GPU Alloc	0.232860
GPU SpMV	0.078434
GPU ELL SpMV	0.258761
Store		0.026622
