-----------------------------------------------------
Matrix name:     cant/cant.mtx
Matrix size:     62451 x 62451 => 2034917
-----------------------------------------------------
Is matrix:       1
Is sparse:       1
-----------------------------------------------------
Is complex:      0
Is real:         1
Is integer:      0
Is pattern only: 0
-----------------------------------------------------
Is general:      0
Is symmetric:    1
Is skewed:       0
Is hermitian:    0
-----------------------------------------------------
Matrix file name: cant/cant.mtx ... file loaded.
Expanding symmetric matrix ... done
  Total # of non-zeros is 4007383
Converting COO to CSR...done
Vector file name: cant/b.mtx ... file loaded
Executing GPU CSR SpMV ... 
  Pinned Device to Host bandwidth (GB/s): 2.025032
  Pinned Device to Host bandwidth (GB/s): 4.229589
  Pinned Device to Host bandwidth (GB/s): 4.453400
  Pinned Device to Host bandwidth (GB/s): 7.329930
  Exec time (per itr): 0.00023373 s
  Pinned Host to Device bandwidth (GB/s): 2.245147
Executing GPU ELL SpMV ... 
  Pinned Device to Host bandwidth (GB/s): 13.499850
  Pinned Device to Host bandwidth (GB/s): 11.019269
  Pinned Device to Host bandwidth (GB/s): 7.323054
  Exec time (per itr): 0.00088693 s
  Pinned Host to Device bandwidth (GB/s): 1.317754
Calculating CPU CSR SpMV ... done
2-Norm between CPU and GPU answers: 1.769595e-10
Result file name: ./test.mtx ... file saved
Module		Time
Load		0.604346
Convert		0.028251
CPU SpMV	0.026889
GPU Alloc	0.252318
GPU SpMV	0.023388
GPU ELL SpMV	0.088707
Store		0.355626
