-----------------------------------------------------
Matrix name:     cant/cant.mtx
Matrix size:     62451 x 62451 => 2034917
-----------------------------------------------------
Is matrix:       1
Is sparse:       1
-----------------------------------------------------
Is complex:      0
Is real:         1
Is integer:      0
Is pattern only: 0
-----------------------------------------------------
Is general:      0
Is symmetric:    1
Is skewed:       0
Is hermitian:    0
-----------------------------------------------------
Matrix file name: cant/cant.mtx ... file loaded.
Expanding symmetric matrix ... done
  Total # of non-zeros is 4007383
Converting COO to CSR...done
Vector file name: cant/b.mtx ... file loaded
Executing GPU CSR SpMV ... 
  Pinned Device to Host bandwidth (GB/s): 2.072339
  Pinned Device to Host bandwidth (GB/s): 4.817493
  Pinned Device to Host bandwidth (GB/s): 18.610599
  Pinned Device to Host bandwidth (GB/s): 8.135878
  Exec time (per itr): 0.00078257 s
  Pinned Host to Device bandwidth (GB/s): 2.225941
Executing GPU ELL SpMV ... 
  Pinned Device to Host bandwidth (GB/s): 16.642902
  Pinned Device to Host bandwidth (GB/s): 6.619708
  Pinned Device to Host bandwidth (GB/s): 8.616308
  Exec time (per itr): 0.00258596 s
  Pinned Host to Device bandwidth (GB/s): 1.274198
Calculating CPU CSR SpMV ... done
2-Norm between CPU and GPU answers: 1.769595e-10
Result file name: ./test.mtx ... file saved
Module		Time
Load		0.571868
Convert		0.025570
CPU SpMV	0.023535
GPU Alloc	0.227452
GPU SpMV	0.078267
GPU ELL SpMV	0.258604
Store		0.026405
