-----------------------------------------------------
Matrix name:     cant/cant.mtx
Matrix size:     62451 x 62451 => 2034917
-----------------------------------------------------
Is matrix:       1
Is sparse:       1
-----------------------------------------------------
Is complex:      0
Is real:         1
Is integer:      0
Is pattern only: 0
-----------------------------------------------------
Is general:      0
Is symmetric:    1
Is skewed:       0
Is hermitian:    0
-----------------------------------------------------
Matrix file name: cant/cant.mtx ... file loaded.
Expanding symmetric matrix ... done
  Total # of non-zeros is 4007383
Converting COO to CSR...done
Vector file name: cant/b.mtx ... file loaded
Executing GPU CSR SpMV ... 
  Pinned Device to Host bandwidth (GB/s): 2.042517
  Pinned Device to Host bandwidth (GB/s): 3.781777
  Pinned Device to Host bandwidth (GB/s): 4.889175
  Pinned Device to Host bandwidth (GB/s): 7.305920
  Exec time (per itr): 0.00020765 s
  Pinned Host to Device bandwidth (GB/s): 2.301408
Executing GPU ELL SpMV ... 
  Pinned Device to Host bandwidth (GB/s): 13.463434
  Pinned Device to Host bandwidth (GB/s): 11.733255
  Pinned Device to Host bandwidth (GB/s): 7.402916
  Exec time (per itr): 0.00021829 s
  Pinned Host to Device bandwidth (GB/s): 2.417957
Calculating CPU CSR SpMV ... done
2-Norm between CPU and GPU answers: 1.195589e-10
Result file name: ./test.mtx ... file saved
Module		Time
Load		0.611223
Convert		0.026532
CPU SpMV	0.022838
GPU Alloc	0.236972
GPU SpMV	0.020779
GPU ELL SpMV	0.021846
Store		0.842662
