-----------------------------------------------------
Matrix name:     cant/cant.mtx
Matrix size:     62451 x 62451 => 2034917
-----------------------------------------------------
Is matrix:       1
Is sparse:       1
-----------------------------------------------------
Is complex:      0
Is real:         1
Is integer:      0
Is pattern only: 0
-----------------------------------------------------
Is general:      0
Is symmetric:    1
Is skewed:       0
Is hermitian:    0
-----------------------------------------------------
Matrix file name: cant/cant.mtx ... file loaded.
Expanding symmetric matrix ... done
  Total # of non-zeros is 4007383
Converting COO to CSR...done
Vector file name: cant/b.mtx ... file loaded
Executing GPU CSR SpMV ... 
  Pinned Device to Host bandwidth (GB/s): 2.042517
  Pinned Device to Host bandwidth (GB/s): 4.251414
  Pinned Device to Host bandwidth (GB/s): 11.113714
  Pinned Device to Host bandwidth (GB/s): 7.374941
  Exec time (per itr): 0.00020677 s
  Pinned Host to Device bandwidth (GB/s): 2.250000
Executing GPU ELL SpMV ... 
  Pinned Device to Host bandwidth (GB/s): 15.515283
  Pinned Device to Host bandwidth (GB/s): 11.422035
  Pinned Device to Host bandwidth (GB/s): 7.316190
  Exec time (per itr): 0.00021830 s
  Pinned Host to Device bandwidth (GB/s): 2.322289
Calculating CPU CSR SpMV ... done
2-Norm between CPU and GPU answers: 1.195589e-10
Result file name: ./test.mtx ... file saved
Module		Time
Load		0.586873
Convert		0.031489
CPU SpMV	0.023534
GPU Alloc	0.241099
GPU SpMV	0.020692
GPU ELL SpMV	0.021847
Store		1.042700
