-----------------------------------------------------
Matrix name:     cant/cant.mtx
Matrix size:     62451 x 62451 => 2034917
-----------------------------------------------------
Is matrix:       1
Is sparse:       1
-----------------------------------------------------
Is complex:      0
Is real:         1
Is integer:      0
Is pattern only: 0
-----------------------------------------------------
Is general:      0
Is symmetric:    1
Is skewed:       0
Is hermitian:    0
-----------------------------------------------------
Matrix file name: cant/cant.mtx ... file loaded.
Expanding symmetric matrix ... done
  Total # of non-zeros is 4007383
Converting COO to CSR...done
Vector file name: cant/b.mtx ... file loaded
Executing GPU CSR SpMV ... 
  Pinned Device to Host bandwidth (GB/s): 2.035063
  Pinned Device to Host bandwidth (GB/s): 4.853340
  Pinned Device to Host bandwidth (GB/s): 6.525407
  Pinned Device to Host bandwidth (GB/s): 8.243268
  Exec time (per itr): 0.00076642 s
  Pinned Host to Device bandwidth (GB/s): 2.225306
Executing GPU ELL SpMV ... 
  Pinned Device to Host bandwidth (GB/s): 18.977038
  Pinned Device to Host bandwidth (GB/s): 19.291182
  Pinned Device to Host bandwidth (GB/s): 8.165664
  Exec time (per itr): 0.00096739 s
  Pinned Host to Device bandwidth (GB/s): 1.316643
Calculating CPU CSR SpMV ... done
2-Norm between CPU and GPU answers: 1.195589e-10
Result file name: ./test.mtx ... file saved
Module		Time
Load		0.580627
Convert		0.025603
CPU SpMV	0.024557
GPU Alloc	0.236097
GPU SpMV	0.076654
GPU ELL SpMV	0.096757
Store		1.163884
