-----------------------------------------------------
Matrix name:     cant/cant.mtx
Matrix size:     62451 x 62451 => 2034917
-----------------------------------------------------
Is matrix:       1
Is sparse:       1
-----------------------------------------------------
Is complex:      0
Is real:         1
Is integer:      0
Is pattern only: 0
-----------------------------------------------------
Is general:      0
Is symmetric:    1
Is skewed:       0
Is hermitian:    0
-----------------------------------------------------
Matrix file name: cant/cant.mtx ... file loaded.
Expanding symmetric matrix ... done
  Total # of non-zeros is 4007383
Converting COO to CSR...done
Vector file name: cant/b.mtx ... file loaded
Executing GPU CSR SpMV ... 
  Pinned Device to Host bandwidth (GB/s): 2.072339
  Pinned Device to Host bandwidth (GB/s): 4.857622
  Pinned Device to Host bandwidth (GB/s): 6.590353
  Pinned Device to Host bandwidth (GB/s): 7.178276
  Exec time (per itr): 0.00076522 s
  Pinned Host to Device bandwidth (GB/s): 2.175387
Executing GPU ELL SpMV ... 
  Pinned Device to Host bandwidth (GB/s): 17.299691
  Pinned Device to Host bandwidth (GB/s): 13.196447
  Pinned Device to Host bandwidth (GB/s): 8.208596
  Exec time (per itr): 0.00096681 s
  Pinned Host to Device bandwidth (GB/s): 1.309904
Calculating CPU CSR SpMV ... done
2-Norm between CPU and GPU answers: 1.195589e-10
Result file name: ./test.mtx ... file saved
Module		Time
Load		0.560804
Convert		0.024805
CPU SpMV	0.022748
GPU Alloc	0.233381
GPU SpMV	0.076535
GPU ELL SpMV	0.096694
Store		0.023109
