-----------------------------------------------------
Matrix name:     cant/cant.mtx
Matrix size:     62451 x 62451 => 2034917
-----------------------------------------------------
Is matrix:       1
Is sparse:       1
-----------------------------------------------------
Is complex:      0
Is real:         1
Is integer:      0
Is pattern only: 0
-----------------------------------------------------
Is general:      0
Is symmetric:    1
Is skewed:       0
Is hermitian:    0
-----------------------------------------------------
Matrix file name: cant/cant.mtx ... file loaded.
Expanding symmetric matrix ... done
  Total # of non-zeros is 4007383
Converting COO to CSR...done
Vector file name: cant/b.mtx ... file loaded
Executing GPU CSR SpMV ... 
  Pinned Device to Host bandwidth (GB/s): 1.817579
  Pinned Device to Host bandwidth (GB/s): 4.247953
  Pinned Device to Host bandwidth (GB/s): 11.108046
  Pinned Device to Host bandwidth (GB/s): 7.448831
  Exec time (per itr): 0.00076591 s
  Pinned Host to Device bandwidth (GB/s): 2.258789
Executing GPU ELL SpMV ... 
  Pinned Device to Host bandwidth (GB/s): 14.309485
  Pinned Device to Host bandwidth (GB/s): 5.701926
  Pinned Device to Host bandwidth (GB/s): 13.494166
  Exec time (per itr): 0.00096236 s
  Pinned Host to Device bandwidth (GB/s): 2.424717
Calculating CPU CSR SpMV ... done
2-Norm between CPU and GPU answers: 1.195589e-10
Result file name: ./test.mtx ... file saved
Module		Time
Load		0.584898
Convert		0.026259
CPU SpMV	0.021743
GPU Alloc	0.271273
GPU SpMV	0.076600
GPU ELL SpMV	0.096249
Store		0.028986
