-----------------------------------------------------
Matrix name:     cant/cant.mtx
Matrix size:     62451 x 62451 => 2034917
-----------------------------------------------------
Is matrix:       1
Is sparse:       1
-----------------------------------------------------
Is complex:      0
Is real:         1
Is integer:      0
Is pattern only: 0
-----------------------------------------------------
Is general:      0
Is symmetric:    1
Is skewed:       0
Is hermitian:    0
-----------------------------------------------------
Matrix file name: cant/cant.mtx ... file loaded.
Expanding symmetric matrix ... done
  Total # of non-zeros is 4007383
Converting COO to CSR...done
Vector file name: cant/b.mtx ... file loaded
Executing GPU CSR SpMV ... 
  Pinned Device to Host bandwidth (GB/s): 2.082844
  Pinned Device to Host bandwidth (GB/s): 4.754078
  Pinned Device to Host bandwidth (GB/s): 18.726439
  Pinned Device to Host bandwidth (GB/s): 7.986061
  Exec time (per itr): 0.00076507 s
  Pinned Host to Device bandwidth (GB/s): 2.168438
Executing GPU ELL SpMV ... 
  Pinned Device to Host bandwidth (GB/s): 16.407017
  Pinned Device to Host bandwidth (GB/s): 6.040228
  Pinned Device to Host bandwidth (GB/s): 8.225896
  Exec time (per itr): 0.00096638 s
  Pinned Host to Device bandwidth (GB/s): 1.734943
Calculating CPU CSR SpMV ... done
2-Norm between CPU and GPU answers: 1.195589e-10
Result file name: ./test.mtx ... file saved
Module		Time
Load		0.565255
Convert		0.025029
CPU SpMV	0.021038
GPU Alloc	0.232519
GPU SpMV	0.076520
GPU ELL SpMV	0.096654
Store		0.061222
