-----------------------------------------------------
Matrix name:     cant/cant.mtx
Matrix size:     62451 x 62451 => 2034917
-----------------------------------------------------
Is matrix:       1
Is sparse:       1
-----------------------------------------------------
Is complex:      0
Is real:         1
Is integer:      0
Is pattern only: 0
-----------------------------------------------------
Is general:      0
Is symmetric:    1
Is skewed:       0
Is hermitian:    0
-----------------------------------------------------
Matrix file name: cant/cant.mtx ... file loaded.
Expanding symmetric matrix ... done
  Total # of non-zeros is 4007383
Converting COO to CSR...done
Vector file name: cant/b.mtx ... file loaded
Executing GPU CSR SpMV ... 
  Pinned Device to Host bandwidth (GB/s): 1.960940
  Pinned Device to Host bandwidth (GB/s): 4.053037
  Pinned Device to Host bandwidth (GB/s): 4.798135
  Pinned Device to Host bandwidth (GB/s): 7.198133
  Exec time (per itr): 0.00020662 s
  Pinned Host to Device bandwidth (GB/s): 2.400853
Executing GPU ELL SpMV ... 
  Pinned Device to Host bandwidth (GB/s): 14.387591
  Pinned Device to Host bandwidth (GB/s): 11.734272
  Pinned Device to Host bandwidth (GB/s): 7.347176
  Exec time (per itr): 0.00021827 s
  Pinned Host to Device bandwidth (GB/s): 2.290267
Calculating CPU CSR SpMV ... done
2-Norm between CPU and GPU answers: 1.195589e-10
Result file name: ./test.mtx ... file saved
Module		Time
Load		0.616472
Convert		0.026450
CPU SpMV	0.022230
GPU Alloc	0.248988
GPU SpMV	0.020677
GPU ELL SpMV	0.021844
Store		0.030035
