-----------------------------------------------------
Matrix name:     cant/cant.mtx
Matrix size:     62451 x 62451 => 2034917
-----------------------------------------------------
Is matrix:       1
Is sparse:       1
-----------------------------------------------------
Is complex:      0
Is real:         1
Is integer:      0
Is pattern only: 0
-----------------------------------------------------
Is general:      0
Is symmetric:    1
Is skewed:       0
Is hermitian:    0
-----------------------------------------------------
Matrix file name: cant/cant.mtx ... file loaded.
Expanding symmetric matrix ... done
  Total # of non-zeros is 4007383
Converting COO to CSR...done
Vector file name: cant/b.mtx ... file loaded
Executing GPU CSR SpMV ... 
  Pinned Device to Host bandwidth (GB/s): 1.854716
  Pinned Device to Host bandwidth (GB/s): 4.253905
  Pinned Device to Host bandwidth (GB/s): 11.098570
  Pinned Device to Host bandwidth (GB/s): 7.767538
  Exec time (per itr): 0.00076603 s
  Pinned Host to Device bandwidth (GB/s): 2.231668
Executing GPU ELL SpMV ... 
  Pinned Device to Host bandwidth (GB/s): 14.847531
  Pinned Device to Host bandwidth (GB/s): 5.404829
  Pinned Device to Host bandwidth (GB/s): 8.722207
  Exec time (per itr): 0.00096304 s
  Pinned Host to Device bandwidth (GB/s): 2.657489
Calculating CPU CSR SpMV ... done
2-Norm between CPU and GPU answers: 1.195589e-10
Result file name: ./test.mtx ... file saved
Module		Time
Load		0.609019
Convert		0.029461
CPU SpMV	0.022039
GPU Alloc	0.274274
GPU SpMV	0.076613
GPU ELL SpMV	0.096316
Store		0.147725
