-----------------------------------------------------
Matrix name:     cant/cant.mtx
Matrix size:     62451 x 62451 => 2034917
-----------------------------------------------------
Is matrix:       1
Is sparse:       1
-----------------------------------------------------
Is complex:      0
Is real:         1
Is integer:      0
Is pattern only: 0
-----------------------------------------------------
Is general:      0
Is symmetric:    1
Is skewed:       0
Is hermitian:    0
-----------------------------------------------------
Matrix file name: cant/cant.mtx ... file loaded.
Expanding symmetric matrix ... done
  Total # of non-zeros is 4007383
Converting COO to CSR...done
Vector file name: cant/b.mtx ... file loaded
Executing GPU CSR SpMV ... 
  Pinned Device to Host bandwidth (GB/s): 1.872511
  Pinned Device to Host bandwidth (GB/s): 4.241694
  Pinned Device to Host bandwidth (GB/s): 11.100046
  Pinned Device to Host bandwidth (GB/s): 7.477370
  Exec time (per itr): 0.00076624 s
  Pinned Host to Device bandwidth (GB/s): 2.302086
Executing GPU ELL SpMV ... 
  Pinned Device to Host bandwidth (GB/s): 14.419278
  Pinned Device to Host bandwidth (GB/s): 5.741903
  Pinned Device to Host bandwidth (GB/s): 12.903099
  Exec time (per itr): 0.00096286 s
  Pinned Host to Device bandwidth (GB/s): 2.713845
Calculating CPU CSR SpMV ... done
2-Norm between CPU and GPU answers: 1.195589e-10
Result file name: ./test.mtx ... file saved
Module		Time
Load		0.616437
Convert		0.026181
CPU SpMV	0.022397
GPU Alloc	0.275423
GPU SpMV	0.076634
GPU ELL SpMV	0.096298
Store		0.029633
