-----------------------------------------------------
Matrix name:     cant/cant.mtx
Matrix size:     62451 x 62451 => 2034917
-----------------------------------------------------
Is matrix:       1
Is sparse:       1
-----------------------------------------------------
Is complex:      0
Is real:         1
Is integer:      0
Is pattern only: 0
-----------------------------------------------------
Is general:      0
Is symmetric:    1
Is skewed:       0
Is hermitian:    0
-----------------------------------------------------
Matrix file name: cant/cant.mtx ... file loaded.
Expanding symmetric matrix ... done
  Total # of non-zeros is 4007383
Converting COO to CSR...done
Vector file name: cant/b.mtx ... file loaded
Executing GPU CSR SpMV ... 
  Pinned Device to Host bandwidth (GB/s): 1.898468
  Pinned Device to Host bandwidth (GB/s): 4.248494
  Pinned Device to Host bandwidth (GB/s): 11.087761
  Pinned Device to Host bandwidth (GB/s): 7.627137
  Exec time (per itr): 0.00076589 s
  Pinned Host to Device bandwidth (GB/s): 2.294980
Executing GPU ELL SpMV ... 
  Pinned Device to Host bandwidth (GB/s): 14.417570
  Pinned Device to Host bandwidth (GB/s): 5.784175
  Pinned Device to Host bandwidth (GB/s): 12.672687
  Exec time (per itr): 0.00096292 s
  Pinned Host to Device bandwidth (GB/s): 2.765276
Calculating CPU CSR SpMV ... done
2-Norm between CPU and GPU answers: 1.195589e-10
Result file name: ./test.mtx ... file saved
Module		Time
Load		0.581444
Convert		0.026399
CPU SpMV	0.022293
GPU Alloc	0.269271
GPU SpMV	0.076599
GPU ELL SpMV	0.096306
Store		0.028643
