-----------------------------------------------------
Matrix name:     cant/cant.mtx
Matrix size:     62451 x 62451 => 2034917
-----------------------------------------------------
Is matrix:       1
Is sparse:       1
-----------------------------------------------------
Is complex:      0
Is real:         1
Is integer:      0
Is pattern only: 0
-----------------------------------------------------
Is general:      0
Is symmetric:    1
Is skewed:       0
Is hermitian:    0
-----------------------------------------------------
Matrix file name: cant/cant.mtx ... file loaded.
Expanding symmetric matrix ... done
  Total # of non-zeros is 4007383
Converting COO to CSR...done
Vector file name: cant/b.mtx ... file loaded
Executing GPU CSR SpMV ... 
  Pinned Device to Host bandwidth (GB/s): 2.036124
  Pinned Device to Host bandwidth (GB/s): 4.052905
  Pinned Device to Host bandwidth (GB/s): 10.976124
  Pinned Device to Host bandwidth (GB/s): 7.350635
  Exec time (per itr): 0.00020669 s
  Pinned Host to Device bandwidth (GB/s): 2.259116
Executing GPU ELL SpMV ... 
  Pinned Device to Host bandwidth (GB/s): 14.429186
  Pinned Device to Host bandwidth (GB/s): 11.717900
  Pinned Device to Host bandwidth (GB/s): 7.309340
  Exec time (per itr): 0.00021838 s
  Pinned Host to Device bandwidth (GB/s): 2.340742
Calculating CPU CSR SpMV ... done
2-Norm between CPU and GPU answers: 1.195589e-10
Result file name: ./test.mtx ... file saved
Module		Time
Load		0.599198
Convert		0.026468
CPU SpMV	0.022501
GPU Alloc	0.232493
GPU SpMV	0.020683
GPU ELL SpMV	0.021855
Store		0.025166
