-----------------------------------------------------
Matrix name:     cant/cant.mtx
Matrix size:     62451 x 62451 => 2034917
-----------------------------------------------------
Is matrix:       1
Is sparse:       1
-----------------------------------------------------
Is complex:      0
Is real:         1
Is integer:      0
Is pattern only: 0
-----------------------------------------------------
Is general:      0
Is symmetric:    1
Is skewed:       0
Is hermitian:    0
-----------------------------------------------------
Matrix file name: cant/cant.mtx ... file loaded.
Expanding symmetric matrix ... done
  Total # of non-zeros is 4007383
Converting COO to CSR...done
Vector file name: cant/b.mtx ... file loaded
Executing GPU CSR SpMV ... 
  Pinned Device to Host bandwidth (GB/s): 2.018226
  Pinned Device to Host bandwidth (GB/s): 4.296559
  Pinned Device to Host bandwidth (GB/s): 6.753622
  Pinned Device to Host bandwidth (GB/s): 2.570846
  Exec time (per itr): 0.00076594 s
  Pinned Host to Device bandwidth (GB/s): 2.273260
Executing GPU ELL SpMV ... 
  Pinned Device to Host bandwidth (GB/s): 16.798093
  Pinned Device to Host bandwidth (GB/s): 19.106855
  Pinned Device to Host bandwidth (GB/s): 8.554931
  Exec time (per itr): 0.00096705 s
  Pinned Host to Device bandwidth (GB/s): 1.328405
Calculating CPU CSR SpMV ... done
2-Norm between CPU and GPU answers: 1.195589e-10
Result file name: ./test.mtx ... file saved
Module		Time
Load		0.562635
Convert		0.028607
CPU SpMV	0.022677
GPU Alloc	0.332876
GPU SpMV	0.076607
GPU ELL SpMV	0.096718
Store		0.141801
