-----------------------------------------------------
Matrix name:     cant/cant.mtx
Matrix size:     62451 x 62451 => 2034917
-----------------------------------------------------
Is matrix:       1
Is sparse:       1
-----------------------------------------------------
Is complex:      0
Is real:         1
Is integer:      0
Is pattern only: 0
-----------------------------------------------------
Is general:      0
Is symmetric:    1
Is skewed:       0
Is hermitian:    0
-----------------------------------------------------
Matrix file name: cant/cant.mtx ... file loaded.
Expanding symmetric matrix ... done
  Total # of non-zeros is 4007383
Converting COO to CSR...done
Vector file name: cant/b.mtx ... file loaded
Executing GPU CSR SpMV ... 
  Pinned Device to Host bandwidth (GB/s): 2.019271
  Pinned Device to Host bandwidth (GB/s): 4.028136
  Pinned Device to Host bandwidth (GB/s): 4.736008
  Pinned Device to Host bandwidth (GB/s): 7.329930
  Exec time (per itr): 0.00020669 s
  Pinned Host to Device bandwidth (GB/s): 2.341093
Executing GPU ELL SpMV ... 
  Pinned Device to Host bandwidth (GB/s): 14.828368
  Pinned Device to Host bandwidth (GB/s): 11.736195
  Pinned Device to Host bandwidth (GB/s): 7.371459
  Exec time (per itr): 0.00021840 s
  Pinned Host to Device bandwidth (GB/s): 2.328176
Calculating CPU CSR SpMV ... done
2-Norm between CPU and GPU answers: 1.195589e-10
Result file name: ./test.mtx ... file saved
Module		Time
Load		0.576743
Convert		0.026297
CPU SpMV	0.022521
GPU Alloc	0.241244
GPU SpMV	0.020684
GPU ELL SpMV	0.021857
Store		0.029783
