-----------------------------------------------------
Matrix name:     cant/cant.mtx
Matrix size:     62451 x 62451 => 2034917
-----------------------------------------------------
Is matrix:       1
Is sparse:       1
-----------------------------------------------------
Is complex:      0
Is real:         1
Is integer:      0
Is pattern only: 0
-----------------------------------------------------
Is general:      0
Is symmetric:    1
Is skewed:       0
Is hermitian:    0
-----------------------------------------------------
Matrix file name: cant/cant.mtx ... file loaded.
Expanding symmetric matrix ... done
  Total # of non-zeros is 4007383
Converting COO to CSR...done
Vector file name: cant/b.mtx ... file loaded
Executing GPU CSR SpMV ... 
  Pinned Device to Host bandwidth (GB/s): 2.048950
  Pinned Device to Host bandwidth (GB/s): 4.051561
  Pinned Device to Host bandwidth (GB/s): 11.005786
  Pinned Device to Host bandwidth (GB/s): 7.343721
  Exec time (per itr): 0.00020853 s
  Pinned Host to Device bandwidth (GB/s): 2.237425
Executing GPU ELL SpMV ... 
  Pinned Device to Host bandwidth (GB/s): 10.157768
  Pinned Device to Host bandwidth (GB/s): 11.722751
  Pinned Device to Host bandwidth (GB/s): 7.378426
  Exec time (per itr): 0.00021847 s
  Pinned Host to Device bandwidth (GB/s): 2.262717
Calculating CPU CSR SpMV ... done
2-Norm between CPU and GPU answers: 1.195589e-10
Result file name: ./test.mtx ... file saved
Module		Time
Load		0.621014
Convert		0.033952
CPU SpMV	0.022683
GPU Alloc	0.291674
GPU SpMV	0.020867
GPU ELL SpMV	0.021863
Store		0.023949
