-----------------------------------------------------
Matrix name:     cant/cant.mtx
Matrix size:     62451 x 62451 => 2034917
-----------------------------------------------------
Is matrix:       1
Is sparse:       1
-----------------------------------------------------
Is complex:      0
Is real:         1
Is integer:      0
Is pattern only: 0
-----------------------------------------------------
Is general:      0
Is symmetric:    1
Is skewed:       0
Is hermitian:    0
-----------------------------------------------------
Matrix file name: cant/cant.mtx ... file loaded.
Expanding symmetric matrix ... done
  Total # of non-zeros is 4007383
Converting COO to CSR...done
Vector file name: cant/b.mtx ... file loaded
Executing GPU CSR SpMV ... 
  Pinned Device to Host bandwidth (GB/s): 2.029771
  Pinned Device to Host bandwidth (GB/s): 4.054217
  Pinned Device to Host bandwidth (GB/s): 11.117538
  Pinned Device to Host bandwidth (GB/s): 7.402916
  Exec time (per itr): 0.00021240 s
  Pinned Host to Device bandwidth (GB/s): 2.335839
Executing GPU ELL SpMV ... 
  Pinned Device to Host bandwidth (GB/s): 15.835667
  Pinned Device to Host bandwidth (GB/s): 11.728734
  Pinned Device to Host bandwidth (GB/s): 7.361032
  Exec time (per itr): 0.00017719 s
  Pinned Host to Device bandwidth (GB/s): 2.326788
Calculating CPU CSR SpMV ... done
2-Norm between CPU and GPU answers: 3.021900e+05
Result file name: ./test.mtx ... file saved
Module		Time
Load		0.589124
Convert		0.027790
CPU SpMV	0.025059
GPU Alloc	0.245226
GPU SpMV	0.021255
GPU ELL SpMV	0.017736
Store		0.022554
