-----------------------------------------------------
Matrix name:     cant/cant.mtx
Matrix size:     62451 x 62451 => 2034917
-----------------------------------------------------
Is matrix:       1
Is sparse:       1
-----------------------------------------------------
Is complex:      0
Is real:         1
Is integer:      0
Is pattern only: 0
-----------------------------------------------------
Is general:      0
Is symmetric:    1
Is skewed:       0
Is hermitian:    0
-----------------------------------------------------
Matrix file name: cant/cant.mtx ... file loaded.
Expanding symmetric matrix ... done
  Total # of non-zeros is 4007383
Converting COO to CSR...done
Vector file name: cant/b.mtx ... file loaded
Executing GPU CSR SpMV ... 
  Pinned Device to Host bandwidth (GB/s): 1.829505
  Pinned Device to Host bandwidth (GB/s): 4.333168
  Pinned Device to Host bandwidth (GB/s): 11.078198
  Pinned Device to Host bandwidth (GB/s): 7.590058
  Exec time (per itr): 0.00068814 s
  Pinned Host to Device bandwidth (GB/s): 2.216776
Executing GPU ELL SpMV ... 
  Pinned Device to Host bandwidth (GB/s): 14.710506
  Pinned Device to Host bandwidth (GB/s): 5.689911
  Pinned Device to Host bandwidth (GB/s): 11.982156
  Exec time (per itr): 0.00054699 s
  Pinned Host to Device bandwidth (GB/s): 2.533715
Calculating CPU CSR SpMV ... done
2-Norm between CPU and GPU answers: 3.021900e+05
Result file name: ./test.mtx ... file saved
Module		Time
Load		0.619607
Convert		0.028593
CPU SpMV	0.021060
GPU Alloc	0.269641
GPU SpMV	0.068823
GPU ELL SpMV	0.054712
Store		0.046588
