-----------------------------------------------------
Matrix name:     cant/cant.mtx
Matrix size:     62451 x 62451 => 2034917
-----------------------------------------------------
Is matrix:       1
Is sparse:       1
-----------------------------------------------------
Is complex:      0
Is real:         1
Is integer:      0
Is pattern only: 0
-----------------------------------------------------
Is general:      0
Is symmetric:    1
Is skewed:       0
Is hermitian:    0
-----------------------------------------------------
Matrix file name: cant/cant.mtx ... file loaded.
Expanding symmetric matrix ... done
  Total # of non-zeros is 4007383
Converting COO to CSR...done
Vector file name: cant/b.mtx ... file loaded
Executing GPU CSR SpMV ... 
  Pinned Device to Host bandwidth (GB/s): 4.643962
  Pinned Device to Host bandwidth (GB/s): 16.681304
  Pinned Device to Host bandwidth (GB/s): 11.102260
  Pinned Device to Host bandwidth (GB/s): 7.388902
  Exec time (per itr): 0.00021242 s
  Pinned Host to Device bandwidth (GB/s): 2.270615
Executing GPU ELL SpMV ... 
  Pinned Device to Host bandwidth (GB/s): 15.840612
  Pinned Device to Host bandwidth (GB/s): 11.728621
  Pinned Device to Host bandwidth (GB/s): 7.333373
  Exec time (per itr): 0.00017851 s
  Pinned Host to Device bandwidth (GB/s): 1.321882
Calculating CPU CSR SpMV ... done
2-Norm between CPU and GPU answers: 3.021900e+05
Result file name: ./test.mtx ... file saved
Module		Time
Load		0.580007
Convert		0.027967
CPU SpMV	0.028699
GPU Alloc	0.245064
GPU SpMV	0.021256
GPU ELL SpMV	0.017873
Store		0.360912
