-----------------------------------------------------
Matrix name:     cant/cant.mtx
Matrix size:     62451 x 62451 => 2034917
-----------------------------------------------------
Is matrix:       1
Is sparse:       1
-----------------------------------------------------
Is complex:      0
Is real:         1
Is integer:      0
Is pattern only: 0
-----------------------------------------------------
Is general:      0
Is symmetric:    1
Is skewed:       0
Is hermitian:    0
-----------------------------------------------------
Matrix file name: cant/cant.mtx ... file loaded.
Expanding symmetric matrix ... done
  Total # of non-zeros is 4007383
Converting COO to CSR...done
Vector file name: cant/b.mtx ... file loaded
Executing GPU CSR SpMV ... 
  Pinned Device to Host bandwidth (GB/s): 2.016662
  Pinned Device to Host bandwidth (GB/s): 4.728543
  Pinned Device to Host bandwidth (GB/s): 18.915956
  Pinned Device to Host bandwidth (GB/s): 8.208596
  Exec time (per itr): 0.00068723 s
  Pinned Host to Device bandwidth (GB/s): 2.250324
Executing GPU ELL SpMV ... 
  Pinned Device to Host bandwidth (GB/s): 17.231152
  Pinned Device to Host bandwidth (GB/s): 19.251537
  Pinned Device to Host bandwidth (GB/s): 8.384936
  Exec time (per itr): 0.00054860 s
  Pinned Host to Device bandwidth (GB/s): 1.394992
Calculating CPU CSR SpMV ... done
2-Norm between CPU and GPU answers: 3.021900e+05
Result file name: ./test.mtx ... file saved
Module		Time
Load		0.647967
Convert		0.029236
CPU SpMV	0.025390
GPU Alloc	0.214373
GPU SpMV	0.068734
GPU ELL SpMV	0.054874
Store		0.102489
