-----------------------------------------------------
Matrix name:     cant/cant.mtx
Matrix size:     62451 x 62451 => 2034917
-----------------------------------------------------
Is matrix:       1
Is sparse:       1
-----------------------------------------------------
Is complex:      0
Is real:         1
Is integer:      0
Is pattern only: 0
-----------------------------------------------------
Is general:      0
Is symmetric:    1
Is skewed:       0
Is hermitian:    0
-----------------------------------------------------
Matrix file name: cant/cant.mtx ... file loaded.
Expanding symmetric matrix ... done
  Total # of non-zeros is 4007383
Converting COO to CSR...done
Vector file name: cant/b.mtx ... file loaded
Executing GPU CSR SpMV ... 
  Pinned Device to Host bandwidth (GB/s): 2.081733
  Pinned Device to Host bandwidth (GB/s): 4.773331
  Pinned Device to Host bandwidth (GB/s): 6.829959
  Pinned Device to Host bandwidth (GB/s): 7.973825
  Exec time (per itr): 0.00068794 s
  Pinned Host to Device bandwidth (GB/s): 1.090200
Executing GPU ELL SpMV ... 
  Pinned Device to Host bandwidth (GB/s): 13.103018
  Pinned Device to Host bandwidth (GB/s): 19.190558
  Pinned Device to Host bandwidth (GB/s): 8.114735
  Exec time (per itr): 0.00054715 s
  Pinned Host to Device bandwidth (GB/s): 1.266652
Calculating CPU CSR SpMV ... done
2-Norm between CPU and GPU answers: 3.021900e+05
Result file name: ./test.mtx ... file saved
Module		Time
Load		0.603049
Convert		0.026650
CPU SpMV	0.024859
GPU Alloc	0.234267
GPU SpMV	0.068806
GPU ELL SpMV	0.054730
Store		0.052404
