-----------------------------------------------------
Matrix name:     cant/cant.mtx
Matrix size:     62451 x 62451 => 2034917
-----------------------------------------------------
Is matrix:       1
Is sparse:       1
-----------------------------------------------------
Is complex:      0
Is real:         1
Is integer:      0
Is pattern only: 0
-----------------------------------------------------
Is general:      0
Is symmetric:    1
Is skewed:       0
Is hermitian:    0
-----------------------------------------------------
Matrix file name: cant/cant.mtx ... file loaded.
Expanding symmetric matrix ... done
  Total # of non-zeros is 4007383
Converting COO to CSR...done
Vector file name: cant/b.mtx ... file loaded
Executing GPU CSR SpMV ... 
  Pinned Device to Host bandwidth (GB/s): 1.719115
  Pinned Device to Host bandwidth (GB/s): 4.249214
  Pinned Device to Host bandwidth (GB/s): 11.110016
  Pinned Device to Host bandwidth (GB/s): 7.619693
  Exec time (per itr): 0.00068735 s
  Pinned Host to Device bandwidth (GB/s): 2.201459
Executing GPU ELL SpMV ... 
  Pinned Device to Host bandwidth (GB/s): 14.442534
  Pinned Device to Host bandwidth (GB/s): 5.843431
  Pinned Device to Host bandwidth (GB/s): 13.355645
  Exec time (per itr): 0.00054734 s
  Pinned Host to Device bandwidth (GB/s): 2.561987
Calculating CPU CSR SpMV ... done
2-Norm between CPU and GPU answers: 3.021900e+05
Result file name: ./test.mtx ... file saved
Module		Time
Load		0.585118
Convert		0.028443
CPU SpMV	0.020319
GPU Alloc	0.330997
GPU SpMV	0.068746
GPU ELL SpMV	0.054748
Store		0.195950
