-----------------------------------------------------
Matrix name:     cant/cant.mtx
Matrix size:     62451 x 62451 => 2034917
-----------------------------------------------------
Is matrix:       1
Is sparse:       1
-----------------------------------------------------
Is complex:      0
Is real:         1
Is integer:      0
Is pattern only: 0
-----------------------------------------------------
Is general:      0
Is symmetric:    1
Is skewed:       0
Is hermitian:    0
-----------------------------------------------------
Matrix file name: cant/cant.mtx ... file loaded.
Expanding symmetric matrix ... done
  Total # of non-zeros is 4007383
Converting COO to CSR...done
Vector file name: cant/b.mtx ... file loaded
Executing GPU CSR SpMV ... 
  Pinned Device to Host bandwidth (GB/s): 1.998592
  Pinned Device to Host bandwidth (GB/s): 4.262049
  Pinned Device to Host bandwidth (GB/s): 4.945628
  Pinned Device to Host bandwidth (GB/s): 7.343721
  Exec time (per itr): 0.00021242 s
  Pinned Host to Device bandwidth (GB/s): 2.287247
Executing GPU ELL SpMV ... 
  Pinned Device to Host bandwidth (GB/s): 14.665508
  Pinned Device to Host bandwidth (GB/s): 10.888915
  Pinned Device to Host bandwidth (GB/s): 7.374941
  Exec time (per itr): 0.00017712 s
  Pinned Host to Device bandwidth (GB/s): 2.327135
Calculating CPU CSR SpMV ... done
2-Norm between CPU and GPU answers: 3.021900e+05
Result file name: ./test.mtx ... file saved
Module		Time
Load		0.596201
Convert		0.029032
CPU SpMV	0.023307
GPU Alloc	0.249397
GPU SpMV	0.021257
GPU ELL SpMV	0.017728
Store		0.023151
