-----------------------------------------------------
Matrix name:     cant/cant.mtx
Matrix size:     62451 x 62451 => 2034917
-----------------------------------------------------
Is matrix:       1
Is sparse:       1
-----------------------------------------------------
Is complex:      0
Is real:         1
Is integer:      0
Is pattern only: 0
-----------------------------------------------------
Is general:      0
Is symmetric:    1
Is skewed:       0
Is hermitian:    0
-----------------------------------------------------
Matrix file name: cant/cant.mtx ... file loaded.
Expanding symmetric matrix ... done
  Total # of non-zeros is 4007383
Converting COO to CSR...done
Vector file name: cant/b.mtx ... file loaded
Executing GPU CSR SpMV ... 
  Pinned Device to Host bandwidth (GB/s): 2.111006
  Pinned Device to Host bandwidth (GB/s): 4.818790
  Pinned Device to Host bandwidth (GB/s): 6.609745
  Pinned Device to Host bandwidth (GB/s): 8.031250
  Exec time (per itr): 0.00068778 s
  Pinned Host to Device bandwidth (GB/s): 2.248056
Executing GPU ELL SpMV ... 
  Pinned Device to Host bandwidth (GB/s): 17.084180
  Pinned Device to Host bandwidth (GB/s): 19.210540
  Pinned Device to Host bandwidth (GB/s): 8.097899
  Exec time (per itr): 0.00054587 s
  Pinned Host to Device bandwidth (GB/s): 1.328067
Calculating CPU CSR SpMV ... done
2-Norm between CPU and GPU answers: 3.021900e+05
Result file name: ./test.mtx ... file saved
Module		Time
Load		0.593714
Convert		0.026694
CPU SpMV	0.023101
GPU Alloc	0.233821
GPU SpMV	0.068789
GPU ELL SpMV	0.054603
Store		0.029753
