-----------------------------------------------------
Matrix name:     cant/cant.mtx
Matrix size:     62451 x 62451 => 2034917
-----------------------------------------------------
Is matrix:       1
Is sparse:       1
-----------------------------------------------------
Is complex:      0
Is real:         1
Is integer:      0
Is pattern only: 0
-----------------------------------------------------
Is general:      0
Is symmetric:    1
Is skewed:       0
Is hermitian:    0
-----------------------------------------------------
Matrix file name: cant/cant.mtx ... file loaded.
Expanding symmetric matrix ... done
  Total # of non-zeros is 4007383
Converting COO to CSR...done
Vector file name: cant/b.mtx ... file loaded
Executing GPU CSR SpMV ... 
  Pinned Device to Host bandwidth (GB/s): 2.020839
  Pinned Device to Host bandwidth (GB/s): 4.253869
  Pinned Device to Host bandwidth (GB/s): 4.844398
  Pinned Device to Host bandwidth (GB/s): 7.564317
  Exec time (per itr): 0.00021257 s
  Pinned Host to Device bandwidth (GB/s): 2.348842
Executing GPU ELL SpMV ... 
  Pinned Device to Host bandwidth (GB/s): 14.836316
  Pinned Device to Host bandwidth (GB/s): 11.730881
  Pinned Device to Host bandwidth (GB/s): 7.378426
  Exec time (per itr): 0.00017772 s
  Pinned Host to Device bandwidth (GB/s): 2.392025
Calculating CPU CSR SpMV ... done
2-Norm between CPU and GPU answers: 3.021900e+05
Result file name: ./test.mtx ... file saved
Module		Time
Load		0.579254
Convert		0.028626
CPU SpMV	0.023486
GPU Alloc	0.249398
GPU SpMV	0.021272
GPU ELL SpMV	0.017789
Store		0.021753
