-----------------------------------------------------
Matrix name:     cant/cant.mtx
Matrix size:     62451 x 62451 => 2034917
-----------------------------------------------------
Is matrix:       1
Is sparse:       1
-----------------------------------------------------
Is complex:      0
Is real:         1
Is integer:      0
Is pattern only: 0
-----------------------------------------------------
Is general:      0
Is symmetric:    1
Is skewed:       0
Is hermitian:    0
-----------------------------------------------------
Matrix file name: cant/cant.mtx ... file loaded.
Expanding symmetric matrix ... done
  Total # of non-zeros is 4007383
Converting COO to CSR...done
Vector file name: cant/b.mtx ... file loaded
Executing GPU CSR SpMV ... 
  Pinned Device to Host bandwidth (GB/s): 2.004751
  Pinned Device to Host bandwidth (GB/s): 4.805615
  Pinned Device to Host bandwidth (GB/s): 6.625526
  Pinned Device to Host bandwidth (GB/s): 7.897193
  Exec time (per itr): 0.00068720 s
  Pinned Host to Device bandwidth (GB/s): 2.170548
Executing GPU ELL SpMV ... 
  Pinned Device to Host bandwidth (GB/s): 17.292813
  Pinned Device to Host bandwidth (GB/s): 19.264634
  Pinned Device to Host bandwidth (GB/s): 8.688231
  Exec time (per itr): 0.00054996 s
  Pinned Host to Device bandwidth (GB/s): 1.033409
Calculating CPU CSR SpMV ... done
2-Norm between CPU and GPU answers: 3.021900e+05
Result file name: ./test.mtx ... file saved
Module		Time
Load		0.568844
Convert		0.026624
CPU SpMV	0.023169
GPU Alloc	0.213987
GPU SpMV	0.068733
GPU ELL SpMV	0.055012
Store		0.408978
