-----------------------------------------------------
Matrix name:     cant/cant.mtx
Matrix size:     62451 x 62451 => 2034917
-----------------------------------------------------
Is matrix:       1
Is sparse:       1
-----------------------------------------------------
Is complex:      0
Is real:         1
Is integer:      0
Is pattern only: 0
-----------------------------------------------------
Is general:      0
Is symmetric:    1
Is skewed:       0
Is hermitian:    0
-----------------------------------------------------
Matrix file name: cant/cant.mtx ... file loaded.
Expanding symmetric matrix ... done
  Total # of non-zeros is 4007383
Converting COO to CSR...done
Vector file name: cant/b.mtx ... file loaded
Executing GPU CSR SpMV ... 
  Pinned Device to Host bandwidth (GB/s): 2.061394
  Pinned Device to Host bandwidth (GB/s): 4.253508
  Pinned Device to Host bandwidth (GB/s): 11.117290
  Pinned Device to Host bandwidth (GB/s): 7.333373
  Exec time (per itr): 0.00021253 s
  Pinned Host to Device bandwidth (GB/s): 2.356286
Executing GPU ELL SpMV ... 
  Pinned Device to Host bandwidth (GB/s): 14.278950
  Pinned Device to Host bandwidth (GB/s): 11.742758
  Pinned Device to Host bandwidth (GB/s): 7.333373
  Exec time (per itr): 0.00017712 s
  Pinned Host to Device bandwidth (GB/s): 2.223405
Calculating CPU CSR SpMV ... done
2-Norm between CPU and GPU answers: 3.021900e+05
Result file name: ./test.mtx ... file saved
Module		Time
Load		0.585395
Convert		0.029770
CPU SpMV	0.022549
GPU Alloc	0.251795
GPU SpMV	0.021267
GPU ELL SpMV	0.017729
Store		0.023263
