-----------------------------------------------------
Matrix name:     cant/cant.mtx
Matrix size:     62451 x 62451 => 2034917
-----------------------------------------------------
Is matrix:       1
Is sparse:       1
-----------------------------------------------------
Is complex:      0
Is real:         1
Is integer:      0
Is pattern only: 0
-----------------------------------------------------
Is general:      0
Is symmetric:    1
Is skewed:       0
Is hermitian:    0
-----------------------------------------------------
Matrix file name: cant/cant.mtx ... file loaded.
Expanding symmetric matrix ... done
  Total # of non-zeros is 4007383
Converting COO to CSR...done
Vector file name: cant/b.mtx ... file loaded
Executing GPU CSR SpMV ... 
  Pinned Device to Host bandwidth (GB/s): 1.824801
  Pinned Device to Host bandwidth (GB/s): 4.058652
  Pinned Device to Host bandwidth (GB/s): 11.079668
  Pinned Device to Host bandwidth (GB/s): 7.645813
  Exec time (per itr): 0.00068725 s
  Pinned Host to Device bandwidth (GB/s): 2.292621
Executing GPU ELL SpMV ... 
  Pinned Device to Host bandwidth (GB/s): 14.331715
  Pinned Device to Host bandwidth (GB/s): 5.853205
  Pinned Device to Host bandwidth (GB/s): 12.332346
  Exec time (per itr): 0.00054740 s
  Pinned Host to Device bandwidth (GB/s): 2.638180
Calculating CPU CSR SpMV ... done
2-Norm between CPU and GPU answers: 3.021900e+05
Result file name: ./test.mtx ... file saved
Module		Time
Load		0.597089
Convert		0.029542
CPU SpMV	0.019854
GPU Alloc	0.268443
GPU SpMV	0.068737
GPU ELL SpMV	0.054754
Store		0.074200
