-----------------------------------------------------
Matrix name:     cant/cant.mtx
Matrix size:     62451 x 62451 => 2034917
-----------------------------------------------------
Is matrix:       1
Is sparse:       1
-----------------------------------------------------
Is complex:      0
Is real:         1
Is integer:      0
Is pattern only: 0
-----------------------------------------------------
Is general:      0
Is symmetric:    1
Is skewed:       0
Is hermitian:    0
-----------------------------------------------------
Matrix file name: cant/cant.mtx ... file loaded.
Expanding symmetric matrix ... done
  Total # of non-zeros is 4007383
Converting COO to CSR...done
Vector file name: cant/b.mtx ... file loaded
Executing GPU CSR SpMV ... 
  Pinned Device to Host bandwidth (GB/s): 2.040915
  Pinned Device to Host bandwidth (GB/s): 4.255857
  Pinned Device to Host bandwidth (GB/s): 11.070241
  Pinned Device to Host bandwidth (GB/s): 7.364504
  Exec time (per itr): 0.00021242 s
  Pinned Host to Device bandwidth (GB/s): 2.242567
Executing GPU ELL SpMV ... 
  Pinned Device to Host bandwidth (GB/s): 14.294705
  Pinned Device to Host bandwidth (GB/s): 11.725008
  Pinned Device to Host bandwidth (GB/s): 7.350635
  Exec time (per itr): 0.00017722 s
  Pinned Host to Device bandwidth (GB/s): 2.289595
Calculating CPU CSR SpMV ... done
2-Norm between CPU and GPU answers: 3.021900e+05
Result file name: ./test.mtx ... file saved
Module		Time
Load		0.585806
Convert		0.027089
CPU SpMV	0.024066
GPU Alloc	0.245327
GPU SpMV	0.021258
GPU ELL SpMV	0.017738
Store		0.040745
