-----------------------------------------------------
Matrix name:     cant/cant.mtx
Matrix size:     62451 x 62451 => 2034917
-----------------------------------------------------
Is matrix:       1
Is sparse:       1
-----------------------------------------------------
Is complex:      0
Is real:         1
Is integer:      0
Is pattern only: 0
-----------------------------------------------------
Is general:      0
Is symmetric:    1
Is skewed:       0
Is hermitian:    0
-----------------------------------------------------
Matrix file name: cant/cant.mtx ... file loaded.
Expanding symmetric matrix ... done
  Total # of non-zeros is 4007383
Converting COO to CSR...done
Vector file name: cant/b.mtx ... file loaded
Executing GPU CSR SpMV ... 
  Pinned Device to Host bandwidth (GB/s): 2.004751
  Pinned Device to Host bandwidth (GB/s): 4.252533
  Pinned Device to Host bandwidth (GB/s): 11.081997
  Pinned Device to Host bandwidth (GB/s): 7.323054
  Exec time (per itr): 0.00021248 s
  Pinned Host to Device bandwidth (GB/s): 2.328176
Executing GPU ELL SpMV ... 
  Pinned Device to Host bandwidth (GB/s): 12.786318
  Pinned Device to Host bandwidth (GB/s): 11.585795
  Pinned Device to Host bandwidth (GB/s): 7.378426
  Exec time (per itr): 0.00017709 s
  Pinned Host to Device bandwidth (GB/s): 2.410119
Calculating CPU CSR SpMV ... done
2-Norm between CPU and GPU answers: 3.021900e+05
Result file name: ./test.mtx ... file saved
Module		Time
Load		0.581200
Convert		0.029256
CPU SpMV	0.023151
GPU Alloc	0.245605
GPU SpMV	0.021262
GPU ELL SpMV	0.017725
Store		0.022850
