-----------------------------------------------------
Matrix name:     cant/cant.mtx
Matrix size:     62451 x 62451 => 2034917
-----------------------------------------------------
Is matrix:       1
Is sparse:       1
-----------------------------------------------------
Is complex:      0
Is real:         1
Is integer:      0
Is pattern only: 0
-----------------------------------------------------
Is general:      0
Is symmetric:    1
Is skewed:       0
Is hermitian:    0
-----------------------------------------------------
Matrix file name: cant/cant.mtx ... file loaded.
Expanding symmetric matrix ... done
  Total # of non-zeros is 4007383
Converting COO to CSR...done
Vector file name: cant/b.mtx ... file loaded
Executing GPU CSR SpMV ... 
  Pinned Device to Host bandwidth (GB/s): 1.849882
  Pinned Device to Host bandwidth (GB/s): 4.246081
  Pinned Device to Host bandwidth (GB/s): 11.088006
  Pinned Device to Host bandwidth (GB/s): 7.732912
  Exec time (per itr): 0.00068732 s
  Pinned Host to Device bandwidth (GB/s): 2.234863
Executing GPU ELL SpMV ... 
  Pinned Device to Host bandwidth (GB/s): 14.468961
  Pinned Device to Host bandwidth (GB/s): 5.675882
  Pinned Device to Host bandwidth (GB/s): 12.510217
  Exec time (per itr): 0.00054752 s
  Pinned Host to Device bandwidth (GB/s): 2.501642
Calculating CPU CSR SpMV ... done
2-Norm between CPU and GPU answers: 3.021900e+05
Result file name: ./test.mtx ... file saved
Module		Time
Load		0.604255
Convert		0.028228
CPU SpMV	0.020224
GPU Alloc	0.319901
GPU SpMV	0.068742
GPU ELL SpMV	0.054766
Store		0.053615
