-----------------------------------------------------
Matrix name:     cant/cant.mtx
Matrix size:     62451 x 62451 => 2034917
-----------------------------------------------------
Is matrix:       1
Is sparse:       1
-----------------------------------------------------
Is complex:      0
Is real:         1
Is integer:      0
Is pattern only: 0
-----------------------------------------------------
Is general:      0
Is symmetric:    1
Is skewed:       0
Is hermitian:    0
-----------------------------------------------------
Matrix file name: cant/cant.mtx ... file loaded.
Expanding symmetric matrix ... done
  Total # of non-zeros is 4007383
Converting COO to CSR...done
Vector file name: cant/b.mtx ... file loaded
Executing GPU CSR SpMV ... 
  Pinned Device to Host bandwidth (GB/s): 1.880178
  Pinned Device to Host bandwidth (GB/s): 4.042276
  Pinned Device to Host bandwidth (GB/s): 4.940385
  Pinned Device to Host bandwidth (GB/s): 7.455945
  Exec time (per itr): 0.00063490 s
  Pinned Host to Device bandwidth (GB/s): 2.198360
Executing GPU ELL SpMV ... 
  Pinned Device to Host bandwidth (GB/s): 14.490653
  Pinned Device to Host bandwidth (GB/s): 11.708999
  Pinned Device to Host bandwidth (GB/s): 7.729084
  Exec time (per itr): 0.00075360 s
  Pinned Host to Device bandwidth (GB/s): 1.282994
Calculating CPU CSR SpMV ... done
2-Norm between CPU and GPU answers: 1.195589e-10
Result file name: ./test.mtx ... file saved
Module		Time
Load		0.586886
Convert		0.028269
CPU SpMV	0.024803
GPU Alloc	0.262702
GPU SpMV	0.063500
GPU ELL SpMV	0.075372
Store		0.027138
