-----------------------------------------------------
Matrix name:     cant/cant.mtx
Matrix size:     62451 x 62451 => 2034917
-----------------------------------------------------
Is matrix:       1
Is sparse:       1
-----------------------------------------------------
Is complex:      0
Is real:         1
Is integer:      0
Is pattern only: 0
-----------------------------------------------------
Is general:      0
Is symmetric:    1
Is skewed:       0
Is hermitian:    0
-----------------------------------------------------
Matrix file name: cant/cant.mtx ... file loaded.
Expanding symmetric matrix ... done
  Total # of non-zeros is 4007383
Converting COO to CSR...done
Vector file name: cant/b.mtx ... file loaded
Executing GPU CSR SpMV ... 
  Pinned Device to Host bandwidth (GB/s): 2.053261
  Pinned Device to Host bandwidth (GB/s): 4.583722
  Pinned Device to Host bandwidth (GB/s): 6.932277
  Pinned Device to Host bandwidth (GB/s): 8.393952
  Exec time (per itr): 0.00063502 s
  Pinned Host to Device bandwidth (GB/s): 2.206749
Executing GPU ELL SpMV ... 
  Pinned Device to Host bandwidth (GB/s): 17.016383
  Pinned Device to Host bandwidth (GB/s): 19.673261
  Pinned Device to Host bandwidth (GB/s): 8.380435
  Exec time (per itr): 0.00075392 s
  Pinned Host to Device bandwidth (GB/s): 1.299979
Calculating CPU CSR SpMV ... done
2-Norm between CPU and GPU answers: 1.195589e-10
Result file name: ./test.mtx ... file saved
Module		Time
Load		0.567570
Convert		0.027094
CPU SpMV	0.020545
GPU Alloc	0.231626
GPU SpMV	0.063513
GPU ELL SpMV	0.075408
Store		0.980533
