-----------------------------------------------------
Matrix name:     cant/cant.mtx
Matrix size:     62451 x 62451 => 2034917
-----------------------------------------------------
Is matrix:       1
Is sparse:       1
-----------------------------------------------------
Is complex:      0
Is real:         1
Is integer:      0
Is pattern only: 0
-----------------------------------------------------
Is general:      0
Is symmetric:    1
Is skewed:       0
Is hermitian:    0
-----------------------------------------------------
Matrix file name: cant/cant.mtx ... file loaded.
Expanding symmetric matrix ... done
  Total # of non-zeros is 4007383
Converting COO to CSR...done
Vector file name: cant/b.mtx ... file loaded
Executing GPU CSR SpMV ... 
  Pinned Device to Host bandwidth (GB/s): 6.265249
  Pinned Device to Host bandwidth (GB/s): 21.003937
  Pinned Device to Host bandwidth (GB/s): 20.728416
  Pinned Device to Host bandwidth (GB/s): 12.274174
  Exec time (per itr): 0.00063543 s
  Pinned Host to Device bandwidth (GB/s): 2.518998
Executing GPU ELL SpMV ... 
  Pinned Device to Host bandwidth (GB/s): 21.058180
  Pinned Device to Host bandwidth (GB/s): 5.572028
  Pinned Device to Host bandwidth (GB/s): 11.096482
  Exec time (per itr): 0.00075307 s
  Pinned Host to Device bandwidth (GB/s): 2.656133
Calculating CPU CSR SpMV ... done
2-Norm between CPU and GPU answers: 1.195589e-10
Result file name: ./test.mtx ... file saved
Module		Time
Load		0.597630
Convert		0.029498
CPU SpMV	0.021039
GPU Alloc	0.207113
GPU SpMV	0.063553
GPU ELL SpMV	0.075319
Store		0.764702
