-----------------------------------------------------
Matrix name:     cant/cant.mtx
Matrix size:     62451 x 62451 => 2034917
-----------------------------------------------------
Is matrix:       1
Is sparse:       1
-----------------------------------------------------
Is complex:      0
Is real:         1
Is integer:      0
Is pattern only: 0
-----------------------------------------------------
Is general:      0
Is symmetric:    1
Is skewed:       0
Is hermitian:    0
-----------------------------------------------------
Matrix file name: cant/cant.mtx ... file loaded.
Expanding symmetric matrix ... done
  Total # of non-zeros is 4007383
Converting COO to CSR...done
Vector file name: cant/b.mtx ... file loaded
Executing GPU CSR SpMV ... 
  Pinned Device to Host bandwidth (GB/s): 1.908213
  Pinned Device to Host bandwidth (GB/s): 4.251162
  Pinned Device to Host bandwidth (GB/s): 4.989247
  Pinned Device to Host bandwidth (GB/s): 7.516972
  Exec time (per itr): 0.00063504 s
  Pinned Host to Device bandwidth (GB/s): 2.266659
Executing GPU ELL SpMV ... 
  Pinned Device to Host bandwidth (GB/s): 14.344883
  Pinned Device to Host bandwidth (GB/s): 11.705848
  Pinned Device to Host bandwidth (GB/s): 7.675885
  Exec time (per itr): 0.00075416 s
  Pinned Host to Device bandwidth (GB/s): 1.247224
Calculating CPU CSR SpMV ... done
2-Norm between CPU and GPU answers: 1.195589e-10
Result file name: ./test.mtx ... file saved
Module		Time
Load		0.604427
Convert		0.026719
CPU SpMV	0.024678
GPU Alloc	0.263387
GPU SpMV	0.063516
GPU ELL SpMV	0.075429
Store		0.028401
