-----------------------------------------------------
Matrix name:     cant/cant.mtx
Matrix size:     62451 x 62451 => 2034917
-----------------------------------------------------
Is matrix:       1
Is sparse:       1
-----------------------------------------------------
Is complex:      0
Is real:         1
Is integer:      0
Is pattern only: 0
-----------------------------------------------------
Is general:      0
Is symmetric:    1
Is skewed:       0
Is hermitian:    0
-----------------------------------------------------
Matrix file name: cant/cant.mtx ... file loaded.
Expanding symmetric matrix ... done
  Total # of non-zeros is 4007383
Converting COO to CSR...done
Vector file name: cant/b.mtx ... file loaded
Executing GPU CSR SpMV ... 
  Pinned Device to Host bandwidth (GB/s): 2.112148
  Pinned Device to Host bandwidth (GB/s): 4.335681
  Pinned Device to Host bandwidth (GB/s): 6.699786
  Pinned Device to Host bandwidth (GB/s): 8.453032
  Exec time (per itr): 0.00063672 s
  Pinned Host to Device bandwidth (GB/s): 2.270285
Executing GPU ELL SpMV ... 
  Pinned Device to Host bandwidth (GB/s): 16.992639
  Pinned Device to Host bandwidth (GB/s): 19.745031
  Pinned Device to Host bandwidth (GB/s): 8.522244
  Exec time (per itr): 0.00075383 s
  Pinned Host to Device bandwidth (GB/s): 1.301930
Calculating CPU CSR SpMV ... done
2-Norm between CPU and GPU answers: 1.195589e-10
Result file name: ./test.mtx ... file saved
Module		Time
Load		0.569869
Convert		0.026882
CPU SpMV	0.020748
GPU Alloc	0.232778
GPU SpMV	0.063686
GPU ELL SpMV	0.075399
Store		1.218132
