-----------------------------------------------------
Matrix name:     cant/cant.mtx
Matrix size:     62451 x 62451 => 2034917
-----------------------------------------------------
Is matrix:       1
Is sparse:       1
-----------------------------------------------------
Is complex:      0
Is real:         1
Is integer:      0
Is pattern only: 0
-----------------------------------------------------
Is general:      0
Is symmetric:    1
Is skewed:       0
Is hermitian:    0
-----------------------------------------------------
Matrix file name: cant/cant.mtx ... file loaded.
Expanding symmetric matrix ... done
  Total # of non-zeros is 4007383
Converting COO to CSR...done
Vector file name: cant/b.mtx ... file loaded
Executing GPU CSR SpMV ... 
  Pinned Device to Host bandwidth (GB/s): 2.002180
  Pinned Device to Host bandwidth (GB/s): 4.090469
  Pinned Device to Host bandwidth (GB/s): 9.426830
  Pinned Device to Host bandwidth (GB/s): 5.110556
  Exec time (per itr): 0.00063620 s
  Pinned Host to Device bandwidth (GB/s): 2.640411
Executing GPU ELL SpMV ... 
  Pinned Device to Host bandwidth (GB/s): 20.814865
  Pinned Device to Host bandwidth (GB/s): 20.803131
  Pinned Device to Host bandwidth (GB/s): 12.074826
  Exec time (per itr): 0.00075387 s
  Pinned Host to Device bandwidth (GB/s): 1.329876
Calculating CPU CSR SpMV ... done
2-Norm between CPU and GPU answers: 1.195589e-10
Result file name: ./test.mtx ... file saved
Module		Time
Load		0.569989
Convert		0.029620
CPU SpMV	0.026153
GPU Alloc	0.196626
GPU SpMV	0.063632
GPU ELL SpMV	0.075401
Store		0.792777
