-----------------------------------------------------
Matrix name:     cant/cant.mtx
Matrix size:     62451 x 62451 => 2034917
-----------------------------------------------------
Is matrix:       1
Is sparse:       1
-----------------------------------------------------
Is complex:      0
Is real:         1
Is integer:      0
Is pattern only: 0
-----------------------------------------------------
Is general:      0
Is symmetric:    1
Is skewed:       0
Is hermitian:    0
-----------------------------------------------------
Matrix file name: cant/cant.mtx ... file loaded.
Expanding symmetric matrix ... done
  Total # of non-zeros is 4007383
Converting COO to CSR...done
Vector file name: cant/b.mtx ... file loaded
Executing GPU CSR SpMV ... 
  Pinned Device to Host bandwidth (GB/s): 1.857806
  Pinned Device to Host bandwidth (GB/s): 4.249503
  Pinned Device to Host bandwidth (GB/s): 11.112605
  Pinned Device to Host bandwidth (GB/s): 7.553339
  Exec time (per itr): 0.00063493 s
  Pinned Host to Device bandwidth (GB/s): 2.250324
Executing GPU ELL SpMV ... 
  Pinned Device to Host bandwidth (GB/s): 14.421669
  Pinned Device to Host bandwidth (GB/s): 11.712266
  Pinned Device to Host bandwidth (GB/s): 7.627137
  Exec time (per itr): 0.00075384 s
  Pinned Host to Device bandwidth (GB/s): 1.345347
Calculating CPU CSR SpMV ... done
2-Norm between CPU and GPU answers: 1.195589e-10
Result file name: ./test.mtx ... file saved
Module		Time
Load		0.593077
Convert		0.027341
CPU SpMV	0.025199
GPU Alloc	0.261607
GPU SpMV	0.063502
GPU ELL SpMV	0.075399
Store		0.029659
