-----------------------------------------------------
Matrix name:     cant/cant.mtx
Matrix size:     62451 x 62451 => 2034917
-----------------------------------------------------
Is matrix:       1
Is sparse:       1
-----------------------------------------------------
Is complex:      0
Is real:         1
Is integer:      0
Is pattern only: 0
-----------------------------------------------------
Is general:      0
Is symmetric:    1
Is skewed:       0
Is hermitian:    0
-----------------------------------------------------
Matrix file name: cant/cant.mtx ... file loaded.
Expanding symmetric matrix ... done
  Total # of non-zeros is 4007383
Converting COO to CSR...done
Vector file name: cant/b.mtx ... file loaded
Executing GPU CSR SpMV ... 
  Pinned Device to Host bandwidth (GB/s): 2.031356
  Pinned Device to Host bandwidth (GB/s): 4.054414
  Pinned Device to Host bandwidth (GB/s): 4.765724
  Pinned Device to Host bandwidth (GB/s): 7.748263
  Exec time (per itr): 0.00018781 s
  Pinned Host to Device bandwidth (GB/s): 2.426978
Executing GPU ELL SpMV ... 
  Pinned Device to Host bandwidth (GB/s): 14.397116
  Pinned Device to Host bandwidth (GB/s): 11.716773
  Pinned Device to Host bandwidth (GB/s): 7.619693
  Exec time (per itr): 0.00022274 s
  Pinned Host to Device bandwidth (GB/s): 2.453678
Calculating CPU CSR SpMV ... done
2-Norm between CPU and GPU answers: 1.195589e-10
Result file name: ./test.mtx ... file saved
Module		Time
Load		0.577657
Convert		0.026729
CPU SpMV	0.022945
GPU Alloc	0.248224
GPU SpMV	0.018794
GPU ELL SpMV	0.022290
Store		0.430939
