-----------------------------------------------------
Matrix name:     cant/cant.mtx
Matrix size:     62451 x 62451 => 2034917
-----------------------------------------------------
Is matrix:       1
Is sparse:       1
-----------------------------------------------------
Is complex:      0
Is real:         1
Is integer:      0
Is pattern only: 0
-----------------------------------------------------
Is general:      0
Is symmetric:    1
Is skewed:       0
Is hermitian:    0
-----------------------------------------------------
Matrix file name: cant/cant.mtx ... file loaded.
Expanding symmetric matrix ... done
  Total # of non-zeros is 4007383
Converting COO to CSR...done
Vector file name: cant/b.mtx ... file loaded
Executing GPU CSR SpMV ... 
  Pinned Device to Host bandwidth (GB/s): 1.952601
  Pinned Device to Host bandwidth (GB/s): 4.056286
  Pinned Device to Host bandwidth (GB/s): 4.741074
  Pinned Device to Host bandwidth (GB/s): 7.491723
  Exec time (per itr): 0.00063559 s
  Pinned Host to Device bandwidth (GB/s): 2.340391
Executing GPU ELL SpMV ... 
  Pinned Device to Host bandwidth (GB/s): 14.438425
  Pinned Device to Host bandwidth (GB/s): 11.735403
  Pinned Device to Host bandwidth (GB/s): 7.466642
  Exec time (per itr): 0.00075570 s
  Pinned Host to Device bandwidth (GB/s): 1.352456
Calculating CPU CSR SpMV ... done
2-Norm between CPU and GPU answers: 1.195589e-10
Result file name: ./test.mtx ... file saved
Module		Time
Load		0.570883
Convert		0.028462
CPU SpMV	0.025931
GPU Alloc	0.203305
GPU SpMV	0.063569
GPU ELL SpMV	0.075582
Store		0.859219
