-----------------------------------------------------
Matrix name:     cant/cant.mtx
Matrix size:     62451 x 62451 => 2034917
-----------------------------------------------------
Is matrix:       1
Is sparse:       1
-----------------------------------------------------
Is complex:      0
Is real:         1
Is integer:      0
Is pattern only: 0
-----------------------------------------------------
Is general:      0
Is symmetric:    1
Is skewed:       0
Is hermitian:    0
-----------------------------------------------------
Matrix file name: cant/cant.mtx ... file loaded.
Expanding symmetric matrix ... done
  Total # of non-zeros is 4007383
Converting COO to CSR...done
Vector file name: cant/b.mtx ... file loaded
Executing GPU CSR SpMV ... 
  Pinned Device to Host bandwidth (GB/s): 1.301734
  Pinned Device to Host bandwidth (GB/s): 4.411552
  Pinned Device to Host bandwidth (GB/s): 11.770496
  Pinned Device to Host bandwidth (GB/s): 8.212914
  Exec time (per itr): 0.00063591 s
  Pinned Host to Device bandwidth (GB/s): 2.431893
Executing GPU ELL SpMV ... 
  Pinned Device to Host bandwidth (GB/s): 20.910651
  Pinned Device to Host bandwidth (GB/s): 20.820203
  Pinned Device to Host bandwidth (GB/s): 11.437912
  Exec time (per itr): 0.00075398 s
  Pinned Host to Device bandwidth (GB/s): 1.320764
Calculating CPU CSR SpMV ... done
2-Norm between CPU and GPU answers: 1.195589e-10
Result file name: ./test.mtx ... file saved
Module		Time
Load		0.567587
Convert		0.029287
CPU SpMV	0.024064
GPU Alloc	0.202702
GPU SpMV	0.063604
GPU ELL SpMV	0.075414
Store		0.807903
