-----------------------------------------------------
Matrix name:     cant/cant.mtx
Matrix size:     62451 x 62451 => 2034917
-----------------------------------------------------
Is matrix:       1
Is sparse:       1
-----------------------------------------------------
Is complex:      0
Is real:         1
Is integer:      0
Is pattern only: 0
-----------------------------------------------------
Is general:      0
Is symmetric:    1
Is skewed:       0
Is hermitian:    0
-----------------------------------------------------
Matrix file name: cant/cant.mtx ... file loaded.
Expanding symmetric matrix ... done
  Total # of non-zeros is 4007383
Converting COO to CSR...done
Vector file name: cant/b.mtx ... file loaded
Executing GPU CSR SpMV ... 
  Pinned Device to Host bandwidth (GB/s): 5.608118
  Pinned Device to Host bandwidth (GB/s): 20.981942
  Pinned Device to Host bandwidth (GB/s): 20.744296
  Pinned Device to Host bandwidth (GB/s): 12.216550
  Exec time (per itr): 0.00063626 s
  Pinned Host to Device bandwidth (GB/s): 1.352925
Executing GPU ELL SpMV ... 
  Pinned Device to Host bandwidth (GB/s): 4.179920
  Pinned Device to Host bandwidth (GB/s): 11.723315
  Pinned Device to Host bandwidth (GB/s): 7.473791
  Exec time (per itr): 0.00075302 s
  Pinned Host to Device bandwidth (GB/s): 2.367003
Calculating CPU CSR SpMV ... done
2-Norm between CPU and GPU answers: 1.195589e-10
Result file name: ./test.mtx ... file saved
Module		Time
Load		0.593319
Convert		0.029073
CPU SpMV	0.021533
GPU Alloc	0.198381
GPU SpMV	0.063639
GPU ELL SpMV	0.075318
Store		0.812919
