-----------------------------------------------------
Matrix name:     cant/cant.mtx
Matrix size:     62451 x 62451 => 2034917
-----------------------------------------------------
Is matrix:       1
Is sparse:       1
-----------------------------------------------------
Is complex:      0
Is real:         1
Is integer:      0
Is pattern only: 0
-----------------------------------------------------
Is general:      0
Is symmetric:    1
Is skewed:       0
Is hermitian:    0
-----------------------------------------------------
Matrix file name: cant/cant.mtx ... file loaded.
Expanding symmetric matrix ... done
  Total # of non-zeros is 4007383
Converting COO to CSR...done
Vector file name: cant/b.mtx ... file loaded
Executing GPU CSR SpMV ... 
  Pinned Device to Host bandwidth (GB/s): 2.125953
  Pinned Device to Host bandwidth (GB/s): 4.603182
  Pinned Device to Host bandwidth (GB/s): 6.740263
  Pinned Device to Host bandwidth (GB/s): 1.498632
  Exec time (per itr): 0.00063502 s
  Pinned Host to Device bandwidth (GB/s): 2.285908
Executing GPU ELL SpMV ... 
  Pinned Device to Host bandwidth (GB/s): 16.940164
  Pinned Device to Host bandwidth (GB/s): 19.694895
  Pinned Device to Host bandwidth (GB/s): 7.998335
  Exec time (per itr): 0.00075513 s
  Pinned Host to Device bandwidth (GB/s): 1.316421
Calculating CPU CSR SpMV ... done
2-Norm between CPU and GPU answers: 1.195589e-10
Result file name: ./test.mtx ... file saved
Module		Time
Load		0.570876
Convert		0.027047
CPU SpMV	0.022058
GPU Alloc	0.232054
GPU SpMV	0.063514
GPU ELL SpMV	0.075527
Store		1.357281
