-----------------------------------------------------
Matrix name:     cant/cant.mtx
Matrix size:     62451 x 62451 => 2034917
-----------------------------------------------------
Is matrix:       1
Is sparse:       1
-----------------------------------------------------
Is complex:      0
Is real:         1
Is integer:      0
Is pattern only: 0
-----------------------------------------------------
Is general:      0
Is symmetric:    1
Is skewed:       0
Is hermitian:    0
-----------------------------------------------------
Matrix file name: cant/cant.mtx ... file loaded.
Expanding symmetric matrix ... done
  Total # of non-zeros is 4007383
Converting COO to CSR...done
Vector file name: cant/b.mtx ... file loaded
Executing GPU CSR SpMV ... 
  Pinned Device to Host bandwidth (GB/s): 1.760203
  Pinned Device to Host bandwidth (GB/s): 4.038919
  Pinned Device to Host bandwidth (GB/s): 11.111249
  Pinned Device to Host bandwidth (GB/s): 7.752110
  Exec time (per itr): 0.00063479 s
  Pinned Host to Device bandwidth (GB/s): 2.023688
Executing GPU ELL SpMV ... 
  Pinned Device to Host bandwidth (GB/s): 14.915910
  Pinned Device to Host bandwidth (GB/s): 11.729864
  Pinned Device to Host bandwidth (GB/s): 7.553339
  Exec time (per itr): 0.00075520 s
  Pinned Host to Device bandwidth (GB/s): 1.368099
Calculating CPU CSR SpMV ... done
2-Norm between CPU and GPU answers: 1.195589e-10
Result file name: ./test.mtx ... file saved
Module		Time
Load		0.593347
Convert		0.026801
CPU SpMV	0.025498
GPU Alloc	0.256641
GPU SpMV	0.063490
GPU ELL SpMV	0.075532
Store		0.029384
