-----------------------------------------------------
Matrix name:     cant/cant.mtx
Matrix size:     62451 x 62451 => 2034917
-----------------------------------------------------
Is matrix:       1
Is sparse:       1
-----------------------------------------------------
Is complex:      0
Is real:         1
Is integer:      0
Is pattern only: 0
-----------------------------------------------------
Is general:      0
Is symmetric:    1
Is skewed:       0
Is hermitian:    0
-----------------------------------------------------
Matrix file name: cant/cant.mtx ... file loaded.
Expanding symmetric matrix ... done
  Total # of non-zeros is 4007383
Converting COO to CSR...done
Vector file name: cant/b.mtx ... file loaded
Executing GPU CSR SpMV ... 
  Pinned Device to Host bandwidth (GB/s): 1.956516
  Pinned Device to Host bandwidth (GB/s): 4.054907
  Pinned Device to Host bandwidth (GB/s): 4.811107
  Pinned Device to Host bandwidth (GB/s): 7.491723
  Exec time (per itr): 0.00063594 s
  Pinned Host to Device bandwidth (GB/s): 2.345313
Executing GPU ELL SpMV ... 
  Pinned Device to Host bandwidth (GB/s): 14.506880
  Pinned Device to Host bandwidth (GB/s): 11.736195
  Pinned Device to Host bandwidth (GB/s): 7.560654
  Exec time (per itr): 0.00075372 s
  Pinned Host to Device bandwidth (GB/s): 1.373515
Calculating CPU CSR SpMV ... done
2-Norm between CPU and GPU answers: 1.195589e-10
Result file name: ./test.mtx ... file saved
Module		Time
Load		0.617789
Convert		0.029701
CPU SpMV	0.025454
GPU Alloc	0.197850
GPU SpMV	0.063604
GPU ELL SpMV	0.075386
Store		1.173675
