-----------------------------------------------------
Matrix name:     cant/cant.mtx
Matrix size:     62451 x 62451 => 2034917
-----------------------------------------------------
Is matrix:       1
Is sparse:       1
-----------------------------------------------------
Is complex:      0
Is real:         1
Is integer:      0
Is pattern only: 0
-----------------------------------------------------
Is general:      0
Is symmetric:    1
Is skewed:       0
Is hermitian:    0
-----------------------------------------------------
Matrix file name: cant/cant.mtx ... file loaded.
Expanding symmetric matrix ... done
  Total # of non-zeros is 4007383
Converting COO to CSR...done
Vector file name: cant/b.mtx ... file loaded
Executing GPU CSR SpMV ... 
  Pinned Device to Host bandwidth (GB/s): 1.865352
  Pinned Device to Host bandwidth (GB/s): 4.049040
  Pinned Device to Host bandwidth (GB/s): 5.002400
  Pinned Device to Host bandwidth (GB/s): 7.713809
  Exec time (per itr): 0.00066111 s
  Pinned Host to Device bandwidth (GB/s): 2.354154
Executing GPU ELL SpMV ... 
  Pinned Device to Host bandwidth (GB/s): 15.341713
  Pinned Device to Host bandwidth (GB/s): 11.726815
  Pinned Device to Host bandwidth (GB/s): 7.520593
  Exec time (per itr): 0.00075518 s
  Pinned Host to Device bandwidth (GB/s): 1.335793
Calculating CPU CSR SpMV ... done
2-Norm between CPU and GPU answers: 1.195589e-10
Result file name: ./test.mtx ... file saved
Module		Time
Load		0.591367
Convert		0.026034
CPU SpMV	0.025721
GPU Alloc	0.321113
GPU SpMV	0.066122
GPU ELL SpMV	0.075531
Store		0.028759
