-----------------------------------------------------
Matrix name:     cant/cant.mtx
Matrix size:     62451 x 62451 => 2034917
-----------------------------------------------------
Is matrix:       1
Is sparse:       1
-----------------------------------------------------
Is complex:      0
Is real:         1
Is integer:      0
Is pattern only: 0
-----------------------------------------------------
Is general:      0
Is symmetric:    1
Is skewed:       0
Is hermitian:    0
-----------------------------------------------------
Matrix file name: cant/cant.mtx ... file loaded.
Expanding symmetric matrix ... done
  Total # of non-zeros is 4007383
Converting COO to CSR...done
Vector file name: cant/b.mtx ... file loaded
Executing GPU CSR SpMV ... 
  Pinned Device to Host bandwidth (GB/s): 1.851637
  Pinned Device to Host bandwidth (GB/s): 4.080340
  Pinned Device to Host bandwidth (GB/s): 11.112234
  Pinned Device to Host bandwidth (GB/s): 7.645813
  Exec time (per itr): 0.00066115 s
  Pinned Host to Device bandwidth (GB/s): 1.799118
Executing GPU ELL SpMV ... 
  Pinned Device to Host bandwidth (GB/s): 14.266905
  Pinned Device to Host bandwidth (GB/s): 11.708549
  Pinned Device to Host bandwidth (GB/s): 7.452387
  Exec time (per itr): 0.00075590 s
  Pinned Host to Device bandwidth (GB/s): 1.349533
Calculating CPU CSR SpMV ... done
2-Norm between CPU and GPU answers: 1.195589e-10
Result file name: ./test.mtx ... file saved
Module		Time
Load		0.580538
Convert		0.027213
CPU SpMV	0.026576
GPU Alloc	0.256998
GPU SpMV	0.066125
GPU ELL SpMV	0.075604
Store		0.035798
