-----------------------------------------------------
Matrix name:     cant/cant.mtx
Matrix size:     62451 x 62451 => 2034917
-----------------------------------------------------
Is matrix:       1
Is sparse:       1
-----------------------------------------------------
Is complex:      0
Is real:         1
Is integer:      0
Is pattern only: 0
-----------------------------------------------------
Is general:      0
Is symmetric:    1
Is skewed:       0
Is hermitian:    0
-----------------------------------------------------
Matrix file name: cant/cant.mtx ... file loaded.
Expanding symmetric matrix ... done
  Total # of non-zeros is 4007383
Converting COO to CSR...done
Vector file name: cant/b.mtx ... file loaded
Executing GPU CSR SpMV ... 
  Pinned Device to Host bandwidth (GB/s): 5.548330
  Pinned Device to Host bandwidth (GB/s): 20.957362
  Pinned Device to Host bandwidth (GB/s): 20.715556
  Pinned Device to Host bandwidth (GB/s): 11.248379
  Exec time (per itr): 0.00066147 s
  Pinned Host to Device bandwidth (GB/s): 2.490469
Executing GPU ELL SpMV ... 
  Pinned Device to Host bandwidth (GB/s): 20.749608
  Pinned Device to Host bandwidth (GB/s): 5.942751
  Pinned Device to Host bandwidth (GB/s): 11.330007
  Exec time (per itr): 0.00075446 s
  Pinned Host to Device bandwidth (GB/s): 2.546111
Calculating CPU CSR SpMV ... done
2-Norm between CPU and GPU answers: 1.195589e-10
Result file name: ./test.mtx ... file saved
Module		Time
Load		0.566741
Convert		0.027925
CPU SpMV	0.020261
GPU Alloc	0.204559
GPU SpMV	0.066159
GPU ELL SpMV	0.075457
Store		0.783357
