-----------------------------------------------------
Matrix name:     cant/cant.mtx
Matrix size:     62451 x 62451 => 2034917
-----------------------------------------------------
Is matrix:       1
Is sparse:       1
-----------------------------------------------------
Is complex:      0
Is real:         1
Is integer:      0
Is pattern only: 0
-----------------------------------------------------
Is general:      0
Is symmetric:    1
Is skewed:       0
Is hermitian:    0
-----------------------------------------------------
Matrix file name: cant/cant.mtx ... file loaded.
Expanding symmetric matrix ... done
  Total # of non-zeros is 4007383
Converting COO to CSR...done
Vector file name: cant/b.mtx ... file loaded
Executing GPU CSR SpMV ... 
  Pinned Device to Host bandwidth (GB/s): 2.096831
  Pinned Device to Host bandwidth (GB/s): 4.334743
  Pinned Device to Host bandwidth (GB/s): 6.789275
  Pinned Device to Host bandwidth (GB/s): 8.425661
  Exec time (per itr): 0.00066299 s
  Pinned Host to Device bandwidth (GB/s): 2.125051
Executing GPU ELL SpMV ... 
  Pinned Device to Host bandwidth (GB/s): 17.357886
  Pinned Device to Host bandwidth (GB/s): 19.763937
  Pinned Device to Host bandwidth (GB/s): 9.040388
  Exec time (per itr): 0.00075592 s
  Pinned Host to Device bandwidth (GB/s): 1.315201
Calculating CPU CSR SpMV ... done
2-Norm between CPU and GPU answers: 1.195589e-10
Result file name: ./test.mtx ... file saved
Module		Time
Load		0.570740
Convert		0.026163
CPU SpMV	0.020809
GPU Alloc	0.231518
GPU SpMV	0.066310
GPU ELL SpMV	0.075605
Store		1.154592
