-----------------------------------------------------
Matrix name:     cant/cant.mtx
Matrix size:     62451 x 62451 => 2034917
-----------------------------------------------------
Is matrix:       1
Is sparse:       1
-----------------------------------------------------
Is complex:      0
Is real:         1
Is integer:      0
Is pattern only: 0
-----------------------------------------------------
Is general:      0
Is symmetric:    1
Is skewed:       0
Is hermitian:    0
-----------------------------------------------------
Matrix file name: cant/cant.mtx ... file loaded.
Expanding symmetric matrix ... done
  Total # of non-zeros is 4007383
Converting COO to CSR...done
Vector file name: cant/b.mtx ... file loaded
Executing GPU CSR SpMV ... 
  Pinned Device to Host bandwidth (GB/s): 1.964394
  Pinned Device to Host bandwidth (GB/s): 4.043124
  Pinned Device to Host bandwidth (GB/s): 5.008602
  Pinned Device to Host bandwidth (GB/s): 7.420509
  Exec time (per itr): 0.00066390 s
  Pinned Host to Device bandwidth (GB/s): 2.638626
Executing GPU ELL SpMV ... 
  Pinned Device to Host bandwidth (GB/s): 20.983433
  Pinned Device to Host bandwidth (GB/s): 20.798512
  Pinned Device to Host bandwidth (GB/s): 11.582159
  Exec time (per itr): 0.00075515 s
  Pinned Host to Device bandwidth (GB/s): 1.375694
Calculating CPU CSR SpMV ... done
2-Norm between CPU and GPU answers: 1.195589e-10
Result file name: ./test.mtx ... file saved
Module		Time
Load		0.569811
Convert		0.027911
CPU SpMV	0.025359
GPU Alloc	0.198302
GPU SpMV	0.066401
GPU ELL SpMV	0.075529
Store		0.755096
