-----------------------------------------------------
Matrix name:     cant/cant.mtx
Matrix size:     62451 x 62451 => 2034917
-----------------------------------------------------
Is matrix:       1
Is sparse:       1
-----------------------------------------------------
Is complex:      0
Is real:         1
Is integer:      0
Is pattern only: 0
-----------------------------------------------------
Is general:      0
Is symmetric:    1
Is skewed:       0
Is hermitian:    0
-----------------------------------------------------
Matrix file name: cant/cant.mtx ... file loaded.
Expanding symmetric matrix ... done
  Total # of non-zeros is 4007383
Converting COO to CSR...done
Vector file name: cant/b.mtx ... file loaded
Executing GPU CSR SpMV ... 
  Pinned Device to Host bandwidth (GB/s): 6.014253
  Pinned Device to Host bandwidth (GB/s): 20.960870
  Pinned Device to Host bandwidth (GB/s): 20.693734
  Pinned Device to Host bandwidth (GB/s): 11.872814
  Exec time (per itr): 0.00066169 s
  Pinned Host to Device bandwidth (GB/s): 1.303996
Executing GPU ELL SpMV ... 
  Pinned Device to Host bandwidth (GB/s): 4.118066
  Pinned Device to Host bandwidth (GB/s): 11.730881
  Pinned Device to Host bandwidth (GB/s): 7.506130
  Exec time (per itr): 0.00075484 s
  Pinned Host to Device bandwidth (GB/s): 2.365568
Calculating CPU CSR SpMV ... done
2-Norm between CPU and GPU answers: 1.195589e-10
Result file name: ./test.mtx ... file saved
Module		Time
Load		0.573409
Convert		0.030408
CPU SpMV	0.021468
GPU Alloc	0.195607
GPU SpMV	0.066181
GPU ELL SpMV	0.075495
Store		0.646552
