-----------------------------------------------------
Matrix name:     cant/cant.mtx
Matrix size:     62451 x 62451 => 2034917
-----------------------------------------------------
Is matrix:       1
Is sparse:       1
-----------------------------------------------------
Is complex:      0
Is real:         1
Is integer:      0
Is pattern only: 0
-----------------------------------------------------
Is general:      0
Is symmetric:    1
Is skewed:       0
Is hermitian:    0
-----------------------------------------------------
Matrix file name: cant/cant.mtx ... file loaded.
Expanding symmetric matrix ... done
  Total # of non-zeros is 4007383
Converting COO to CSR...done
Vector file name: cant/b.mtx ... file loaded
Executing GPU CSR SpMV ... 
  Pinned Device to Host bandwidth (GB/s): 2.169075
  Pinned Device to Host bandwidth (GB/s): 4.575139
  Pinned Device to Host bandwidth (GB/s): 6.732020
  Pinned Device to Host bandwidth (GB/s): 2.750176
  Exec time (per itr): 0.00066262 s
  Pinned Host to Device bandwidth (GB/s): 2.222772
Executing GPU ELL SpMV ... 
  Pinned Device to Host bandwidth (GB/s): 17.952569
  Pinned Device to Host bandwidth (GB/s): 19.801215
  Pinned Device to Host bandwidth (GB/s): 8.412042
  Exec time (per itr): 0.00075585 s
  Pinned Host to Device bandwidth (GB/s): 1.340956
Calculating CPU CSR SpMV ... done
2-Norm between CPU and GPU answers: 1.195589e-10
Result file name: ./test.mtx ... file saved
Module		Time
Load		0.562556
Convert		0.026521
CPU SpMV	0.022565
GPU Alloc	0.235404
GPU SpMV	0.066274
GPU ELL SpMV	0.075598
Store		1.355820
