-----------------------------------------------------
Matrix name:     cant/cant.mtx
Matrix size:     62451 x 62451 => 2034917
-----------------------------------------------------
Is matrix:       1
Is sparse:       1
-----------------------------------------------------
Is complex:      0
Is real:         1
Is integer:      0
Is pattern only: 0
-----------------------------------------------------
Is general:      0
Is symmetric:    1
Is skewed:       0
Is hermitian:    0
-----------------------------------------------------
Matrix file name: cant/cant.mtx ... file loaded.
Expanding symmetric matrix ... done
  Total # of non-zeros is 4007383
Converting COO to CSR...done
Vector file name: cant/b.mtx ... file loaded
Executing GPU CSR SpMV ... 
  Pinned Device to Host bandwidth (GB/s): 1.783120
  Pinned Device to Host bandwidth (GB/s): 4.048222
  Pinned Device to Host bandwidth (GB/s): 11.091567
  Pinned Device to Host bandwidth (GB/s): 7.775274
  Exec time (per itr): 0.00066125 s
  Pinned Host to Device bandwidth (GB/s): 2.267977
Executing GPU ELL SpMV ... 
  Pinned Device to Host bandwidth (GB/s): 14.274598
  Pinned Device to Host bandwidth (GB/s): 9.828295
  Pinned Device to Host bandwidth (GB/s): 2.356642
  Exec time (per itr): 0.00075475 s
  Pinned Host to Device bandwidth (GB/s): 2.289931
Calculating CPU CSR SpMV ... done
2-Norm between CPU and GPU answers: 1.195589e-10
Result file name: ./test.mtx ... file saved
Module		Time
Load		0.592863
Convert		0.027395
CPU SpMV	0.021885
GPU Alloc	0.260789
GPU SpMV	0.066136
GPU ELL SpMV	0.075487
Store		0.027097
