-----------------------------------------------------
Matrix name:     cant/cant.mtx
Matrix size:     62451 x 62451 => 2034917
-----------------------------------------------------
Is matrix:       1
Is sparse:       1
-----------------------------------------------------
Is complex:      0
Is real:         1
Is integer:      0
Is pattern only: 0
-----------------------------------------------------
Is general:      0
Is symmetric:    1
Is skewed:       0
Is hermitian:    0
-----------------------------------------------------
Matrix file name: cant/cant.mtx ... file loaded.
Expanding symmetric matrix ... done
  Total # of non-zeros is 4007383
Converting COO to CSR...done
Vector file name: cant/b.mtx ... file loaded
Executing GPU CSR SpMV ... 
  Pinned Device to Host bandwidth (GB/s): 2.054342
  Pinned Device to Host bandwidth (GB/s): 4.568922
  Pinned Device to Host bandwidth (GB/s): 6.732020
  Pinned Device to Host bandwidth (GB/s): 2.605164
  Exec time (per itr): 0.00066358 s
  Pinned Host to Device bandwidth (GB/s): 2.190034
Executing GPU ELL SpMV ... 
  Pinned Device to Host bandwidth (GB/s): 17.134177
  Pinned Device to Host bandwidth (GB/s): 19.725521
  Pinned Device to Host bandwidth (GB/s): 8.693068
  Exec time (per itr): 0.00075593 s
  Pinned Host to Device bandwidth (GB/s): 1.286694
Calculating CPU CSR SpMV ... done
2-Norm between CPU and GPU answers: 1.195589e-10
Result file name: ./test.mtx ... file saved
Module		Time
Load		0.570708
Convert		0.026985
CPU SpMV	0.020699
GPU Alloc	0.235897
GPU SpMV	0.066368
GPU ELL SpMV	0.075606
Store		0.868835
