-----------------------------------------------------
Matrix name:     cant/cant.mtx
Matrix size:     62451 x 62451 => 2034917
-----------------------------------------------------
Is matrix:       1
Is sparse:       1
-----------------------------------------------------
Is complex:      0
Is real:         1
Is integer:      0
Is pattern only: 0
-----------------------------------------------------
Is general:      0
Is symmetric:    1
Is skewed:       0
Is hermitian:    0
-----------------------------------------------------
Matrix file name: cant/cant.mtx ... file loaded.
Expanding symmetric matrix ... done
  Total # of non-zeros is 4007383
Converting COO to CSR...done
Vector file name: cant/b.mtx ... file loaded
Executing GPU CSR SpMV ... 
  Pinned Device to Host bandwidth (GB/s): 1.933259
  Pinned Device to Host bandwidth (GB/s): 4.049923
  Pinned Device to Host bandwidth (GB/s): 11.105706
  Pinned Device to Host bandwidth (GB/s): 7.567983
  Exec time (per itr): 0.00066147 s
  Pinned Host to Device bandwidth (GB/s): 2.229119
Executing GPU ELL SpMV ... 
  Pinned Device to Host bandwidth (GB/s): 14.403588
  Pinned Device to Host bandwidth (GB/s): 8.856043
  Pinned Device to Host bandwidth (GB/s): 7.556995
  Exec time (per itr): 0.00075473 s
  Pinned Host to Device bandwidth (GB/s): 2.279234
Calculating CPU CSR SpMV ... done
2-Norm between CPU and GPU answers: 1.195589e-10
Result file name: ./test.mtx ... file saved
Module		Time
Load		0.588390
Convert		0.027104
CPU SpMV	0.022166
GPU Alloc	0.261042
GPU SpMV	0.066158
GPU ELL SpMV	0.075488
Store		0.029734
