-----------------------------------------------------
Matrix name:     cant/cant.mtx
Matrix size:     62451 x 62451 => 2034917
-----------------------------------------------------
Is matrix:       1
Is sparse:       1
-----------------------------------------------------
Is complex:      0
Is real:         1
Is integer:      0
Is pattern only: 0
-----------------------------------------------------
Is general:      0
Is symmetric:    1
Is skewed:       0
Is hermitian:    0
-----------------------------------------------------
Matrix file name: cant/cant.mtx ... file loaded.
Expanding symmetric matrix ... done
  Total # of non-zeros is 4007383
Converting COO to CSR...done
Vector file name: cant/b.mtx ... file loaded
Executing GPU CSR SpMV ... 
  Pinned Device to Host bandwidth (GB/s): 6.970089
  Pinned Device to Host bandwidth (GB/s): 20.988096
  Pinned Device to Host bandwidth (GB/s): 4.854986
  Pinned Device to Host bandwidth (GB/s): 7.473791
  Exec time (per itr): 0.00066154 s
  Pinned Host to Device bandwidth (GB/s): 2.555278
Executing GPU ELL SpMV ... 
  Pinned Device to Host bandwidth (GB/s): 21.044351
  Pinned Device to Host bandwidth (GB/s): 20.821626
  Pinned Device to Host bandwidth (GB/s): 12.084172
  Exec time (per itr): 0.00075536 s
  Pinned Host to Device bandwidth (GB/s): 1.353981
Calculating CPU CSR SpMV ... done
2-Norm between CPU and GPU answers: 1.195589e-10
Result file name: ./test.mtx ... file saved
Module		Time
Load		0.569669
Convert		0.028246
CPU SpMV	0.025139
GPU Alloc	0.196755
GPU SpMV	0.066166
GPU ELL SpMV	0.075550
Store		0.704732
