-----------------------------------------------------
Matrix name:     cant/cant.mtx
Matrix size:     62451 x 62451 => 2034917
-----------------------------------------------------
Is matrix:       1
Is sparse:       1
-----------------------------------------------------
Is complex:      0
Is real:         1
Is integer:      0
Is pattern only: 0
-----------------------------------------------------
Is general:      0
Is symmetric:    1
Is skewed:       0
Is hermitian:    0
-----------------------------------------------------
Matrix file name: cant/cant.mtx ... file loaded.
Expanding symmetric matrix ... done
  Total # of non-zeros is 4007383
Converting COO to CSR...done
Vector file name: cant/b.mtx ... file loaded
Executing GPU CSR SpMV ... 
  Pinned Device to Host bandwidth (GB/s): 1.938059
  Pinned Device to Host bandwidth (GB/s): 4.243275
  Pinned Device to Host bandwidth (GB/s): 11.089479
  Pinned Device to Host bandwidth (GB/s): 7.825940
  Exec time (per itr): 0.00066125 s
  Pinned Host to Device bandwidth (GB/s): 2.217090
Executing GPU ELL SpMV ... 
  Pinned Device to Host bandwidth (GB/s): 14.439452
  Pinned Device to Host bandwidth (GB/s): 11.699663
  Pinned Device to Host bandwidth (GB/s): 7.608553
  Exec time (per itr): 0.00075546 s
  Pinned Host to Device bandwidth (GB/s): 1.336594
Calculating CPU CSR SpMV ... done
2-Norm between CPU and GPU answers: 1.195589e-10
Result file name: ./test.mtx ... file saved
Module		Time
Load		0.624627
Convert		0.026225
CPU SpMV	0.023883
GPU Alloc	0.246901
GPU SpMV	0.066135
GPU ELL SpMV	0.075559
Store		0.028712
