-----------------------------------------------------
Matrix name:     cant/cant.mtx
Matrix size:     62451 x 62451 => 2034917
-----------------------------------------------------
Is matrix:       1
Is sparse:       1
-----------------------------------------------------
Is complex:      0
Is real:         1
Is integer:      0
Is pattern only: 0
-----------------------------------------------------
Is general:      0
Is symmetric:    1
Is skewed:       0
Is hermitian:    0
-----------------------------------------------------
Matrix file name: cant/cant.mtx ... file loaded.
Expanding symmetric matrix ... done
  Total # of non-zeros is 4007383
Converting COO to CSR...done
Vector file name: cant/b.mtx ... file loaded
Executing GPU CSR SpMV ... 
  Pinned Device to Host bandwidth (GB/s): 1.970343
  Pinned Device to Host bandwidth (GB/s): 4.048876
  Pinned Device to Host bandwidth (GB/s): 5.169910
  Pinned Device to Host bandwidth (GB/s): 7.786908
  Exec time (per itr): 0.00019234 s
  Pinned Host to Device bandwidth (GB/s): 2.359847
Executing GPU ELL SpMV ... 
  Pinned Device to Host bandwidth (GB/s): 14.380115
  Pinned Device to Host bandwidth (GB/s): 11.728961
  Pinned Device to Host bandwidth (GB/s): 7.649559
  Exec time (per itr): 0.00021570 s
  Pinned Host to Device bandwidth (GB/s): 2.515346
Calculating CPU CSR SpMV ... done
2-Norm between CPU and GPU answers: 1.195589e-10
Result file name: ./test.mtx ... file saved
Module		Time
Load		0.631845
Convert		0.026381
CPU SpMV	0.024192
GPU Alloc	0.237048
GPU SpMV	0.019247
GPU ELL SpMV	0.021585
Store		0.694482
