-----------------------------------------------------
Matrix name:     cant/cant.mtx
Matrix size:     62451 x 62451 => 2034917
-----------------------------------------------------
Is matrix:       1
Is sparse:       1
-----------------------------------------------------
Is complex:      0
Is real:         1
Is integer:      0
Is pattern only: 0
-----------------------------------------------------
Is general:      0
Is symmetric:    1
Is skewed:       0
Is hermitian:    0
-----------------------------------------------------
Matrix file name: cant/cant.mtx ... file loaded.
Expanding symmetric matrix ... done
  Total # of non-zeros is 4007383
Converting COO to CSR...done
Vector file name: cant/b.mtx ... file loaded
Executing GPU CSR SpMV ... 
  Pinned Device to Host bandwidth (GB/s): 1.854716
  Pinned Device to Host bandwidth (GB/s): 4.242305
  Pinned Device to Host bandwidth (GB/s): 4.914309
  Pinned Device to Host bandwidth (GB/s): 7.627137
  Exec time (per itr): 0.00066108 s
  Pinned Host to Device bandwidth (GB/s): 2.349195
Executing GPU ELL SpMV ... 
  Pinned Device to Host bandwidth (GB/s): 14.757926
  Pinned Device to Host bandwidth (GB/s): 11.714744
  Pinned Device to Host bandwidth (GB/s): 7.427569
  Exec time (per itr): 0.00075507 s
  Pinned Host to Device bandwidth (GB/s): 1.306616
Calculating CPU CSR SpMV ... done
2-Norm between CPU and GPU answers: 1.195589e-10
Result file name: ./test.mtx ... file saved
Module		Time
Load		0.586928
Convert		0.029082
CPU SpMV	0.026578
GPU Alloc	0.263503
GPU SpMV	0.066121
GPU ELL SpMV	0.075520
Store		0.034982
