-----------------------------------------------------
Matrix name:     cant/cant.mtx
Matrix size:     62451 x 62451 => 2034917
-----------------------------------------------------
Is matrix:       1
Is sparse:       1
-----------------------------------------------------
Is complex:      0
Is real:         1
Is integer:      0
Is pattern only: 0
-----------------------------------------------------
Is general:      0
Is symmetric:    1
Is skewed:       0
Is hermitian:    0
-----------------------------------------------------
Matrix file name: cant/cant.mtx ... file loaded.
Expanding symmetric matrix ... done
  Total # of non-zeros is 4007383
Converting COO to CSR...done
Vector file name: cant/b.mtx ... file loaded
Executing GPU CSR SpMV ... 
  Pinned Device to Host bandwidth (GB/s): 2.026610
  Pinned Device to Host bandwidth (GB/s): 4.253616
  Pinned Device to Host bandwidth (GB/s): 11.107183
  Pinned Device to Host bandwidth (GB/s): 7.354098
  Exec time (per itr): 0.00017983 s
  Pinned Host to Device bandwidth (GB/s): 2.340391
Executing GPU ELL SpMV ... 
  Pinned Device to Host bandwidth (GB/s): 14.703401
  Pinned Device to Host bandwidth (GB/s): 11.733029
  Pinned Device to Host bandwidth (GB/s): 7.388902
  Exec time (per itr): 0.00014296 s
  Pinned Host to Device bandwidth (GB/s): 2.379630
Calculating CPU CSR SpMV ... done
2-Norm between CPU and GPU answers: 4.343429e+05
Result file name: ./test.mtx ... file saved
Module		Time
Load		0.594070
Convert		0.029733
CPU SpMV	0.022876
GPU Alloc	0.245550
GPU SpMV	0.017997
GPU ELL SpMV	0.014313
Store		1.780960
