-----------------------------------------------------
Matrix name:     cant/cant.mtx
Matrix size:     62451 x 62451 => 2034917
-----------------------------------------------------
Is matrix:       1
Is sparse:       1
-----------------------------------------------------
Is complex:      0
Is real:         1
Is integer:      0
Is pattern only: 0
-----------------------------------------------------
Is general:      0
Is symmetric:    1
Is skewed:       0
Is hermitian:    0
-----------------------------------------------------
Matrix file name: cant/cant.mtx ... file loaded.
Expanding symmetric matrix ... done
  Total # of non-zeros is 4007383
Converting COO to CSR...done
Vector file name: cant/b.mtx ... file loaded
Executing GPU CSR SpMV ... 
  Pinned Device to Host bandwidth (GB/s): 1.853835
  Pinned Device to Host bandwidth (GB/s): 4.246261
  Pinned Device to Host bandwidth (GB/s): 11.097218
  Pinned Device to Host bandwidth (GB/s): 7.326490
  Exec time (per itr): 0.00067397 s
  Pinned Host to Device bandwidth (GB/s): 2.208622
Executing GPU ELL SpMV ... 
  Pinned Device to Host bandwidth (GB/s): 14.712994
  Pinned Device to Host bandwidth (GB/s): 6.503332
  Pinned Device to Host bandwidth (GB/s): 7.333373
  Exec time (per itr): 0.00040759 s
  Pinned Host to Device bandwidth (GB/s): 2.061361
Calculating CPU CSR SpMV ... done
2-Norm between CPU and GPU answers: 4.343429e+05
Result file name: ./test.mtx ... file saved
Module		Time
Load		0.583963
Convert		0.027506
CPU SpMV	0.021733
GPU Alloc	0.268929
GPU SpMV	0.067406
GPU ELL SpMV	0.040773
Store		0.123838
