-----------------------------------------------------
Matrix name:     cant/cant.mtx
Matrix size:     62451 x 62451 => 2034917
-----------------------------------------------------
Is matrix:       1
Is sparse:       1
-----------------------------------------------------
Is complex:      0
Is real:         1
Is integer:      0
Is pattern only: 0
-----------------------------------------------------
Is general:      0
Is symmetric:    1
Is skewed:       0
Is hermitian:    0
-----------------------------------------------------
Matrix file name: cant/cant.mtx ... file loaded.
Expanding symmetric matrix ... done
  Total # of non-zeros is 4007383
Converting COO to CSR...done
Vector file name: cant/b.mtx ... file loaded
Executing GPU CSR SpMV ... 
  Pinned Device to Host bandwidth (GB/s): 2.001667
  Pinned Device to Host bandwidth (GB/s): 4.793979
  Pinned Device to Host bandwidth (GB/s): 6.819731
  Pinned Device to Host bandwidth (GB/s): 7.698594
  Exec time (per itr): 0.00067428 s
  Pinned Host to Device bandwidth (GB/s): 2.175084
Executing GPU ELL SpMV ... 
  Pinned Device to Host bandwidth (GB/s): 16.966125
  Pinned Device to Host bandwidth (GB/s): 19.132672
  Pinned Device to Host bandwidth (GB/s): 7.937341
  Exec time (per itr): 0.00041418 s
  Pinned Host to Device bandwidth (GB/s): 1.277117
Calculating CPU CSR SpMV ... done
2-Norm between CPU and GPU answers: 4.343429e+05
Result file name: ./test.mtx ... file saved
Module		Time
Load		0.569938
Convert		0.026827
CPU SpMV	0.023425
GPU Alloc	0.257811
GPU SpMV	0.067441
GPU ELL SpMV	0.041435
Store		0.067997
