-----------------------------------------------------
Matrix name:     cant/cant.mtx
Matrix size:     62451 x 62451 => 2034917
-----------------------------------------------------
Is matrix:       1
Is sparse:       1
-----------------------------------------------------
Is complex:      0
Is real:         1
Is integer:      0
Is pattern only: 0
-----------------------------------------------------
Is general:      0
Is symmetric:    1
Is skewed:       0
Is hermitian:    0
-----------------------------------------------------
Matrix file name: cant/cant.mtx ... file loaded.
Expanding symmetric matrix ... done
  Total # of non-zeros is 4007383
Converting COO to CSR...done
Vector file name: cant/b.mtx ... file loaded
Executing GPU CSR SpMV ... 
  Pinned Device to Host bandwidth (GB/s): 1.874760
  Pinned Device to Host bandwidth (GB/s): 4.229803
  Pinned Device to Host bandwidth (GB/s): 11.090953
  Pinned Device to Host bandwidth (GB/s): 7.424037
  Exec time (per itr): 0.00067316 s
  Pinned Host to Device bandwidth (GB/s): 2.214574
Executing GPU ELL SpMV ... 
  Pinned Device to Host bandwidth (GB/s): 14.407677
  Pinned Device to Host bandwidth (GB/s): 8.403045
  Pinned Device to Host bandwidth (GB/s): 7.601144
  Exec time (per itr): 0.00040662 s
  Pinned Host to Device bandwidth (GB/s): 2.272598
Calculating CPU CSR SpMV ... done
2-Norm between CPU and GPU answers: 4.343429e+05
Result file name: ./test.mtx ... file saved
Module		Time
Load		0.583250
Convert		0.029928
CPU SpMV	0.021900
GPU Alloc	0.268569
GPU SpMV	0.067327
GPU ELL SpMV	0.040677
Store		0.162397
