-----------------------------------------------------
Matrix name:     cant/cant.mtx
Matrix size:     62451 x 62451 => 2034917
-----------------------------------------------------
Is matrix:       1
Is sparse:       1
-----------------------------------------------------
Is complex:      0
Is real:         1
Is integer:      0
Is pattern only: 0
-----------------------------------------------------
Is general:      0
Is symmetric:    1
Is skewed:       0
Is hermitian:    0
-----------------------------------------------------
Matrix file name: cant/cant.mtx ... file loaded.
Expanding symmetric matrix ... done
  Total # of non-zeros is 4007383
Converting COO to CSR...done
Vector file name: cant/b.mtx ... file loaded
Executing GPU CSR SpMV ... 
  Pinned Device to Host bandwidth (GB/s): 2.102478
  Pinned Device to Host bandwidth (GB/s): 4.789991
  Pinned Device to Host bandwidth (GB/s): 18.753430
  Pinned Device to Host bandwidth (GB/s): 8.068605
  Exec time (per itr): 0.00067491 s
  Pinned Host to Device bandwidth (GB/s): 2.241279
Executing GPU ELL SpMV ... 
  Pinned Device to Host bandwidth (GB/s): 16.879585
  Pinned Device to Host bandwidth (GB/s): 18.208923
  Pinned Device to Host bandwidth (GB/s): 6.058498
  Exec time (per itr): 0.00041053 s
  Pinned Host to Device bandwidth (GB/s): 1.292981
Calculating CPU CSR SpMV ... done
2-Norm between CPU and GPU answers: 4.343429e+05
Result file name: ./test.mtx ... file saved
Module		Time
Load		0.564690
Convert		0.027487
CPU SpMV	0.024165
GPU Alloc	0.238547
GPU SpMV	0.067503
GPU ELL SpMV	0.041071
Store		0.023156
