-----------------------------------------------------
Matrix name:     cant/cant.mtx
Matrix size:     62451 x 62451 => 2034917
-----------------------------------------------------
Is matrix:       1
Is sparse:       1
-----------------------------------------------------
Is complex:      0
Is real:         1
Is integer:      0
Is pattern only: 0
-----------------------------------------------------
Is general:      0
Is symmetric:    1
Is skewed:       0
Is hermitian:    0
-----------------------------------------------------
Matrix file name: cant/cant.mtx ... file loaded.
Expanding symmetric matrix ... done
  Total # of non-zeros is 4007383
Converting COO to CSR...done
Vector file name: cant/b.mtx ... file loaded
Executing GPU CSR SpMV ... 
  Pinned Device to Host bandwidth (GB/s): 1.878821
  Pinned Device to Host bandwidth (GB/s): 4.336394
  Pinned Device to Host bandwidth (GB/s): 11.098570
  Pinned Device to Host bandwidth (GB/s): 7.590058
  Exec time (per itr): 0.00067391 s
  Pinned Host to Device bandwidth (GB/s): 2.229119
Executing GPU ELL SpMV ... 
  Pinned Device to Host bandwidth (GB/s): 14.460026
  Pinned Device to Host bandwidth (GB/s): 6.670617
  Pinned Device to Host bandwidth (GB/s): 7.660820
  Exec time (per itr): 0.00040728 s
  Pinned Host to Device bandwidth (GB/s): 2.224355
Calculating CPU CSR SpMV ... done
2-Norm between CPU and GPU answers: 4.343429e+05
Result file name: ./test.mtx ... file saved
Module		Time
Load		0.604875
Convert		0.027596
CPU SpMV	0.021826
GPU Alloc	0.247978
GPU SpMV	0.067400
GPU ELL SpMV	0.040743
Store		0.068885
