-----------------------------------------------------
Matrix name:     cant/cant.mtx
Matrix size:     62451 x 62451 => 2034917
-----------------------------------------------------
Is matrix:       1
Is sparse:       1
-----------------------------------------------------
Is complex:      0
Is real:         1
Is integer:      0
Is pattern only: 0
-----------------------------------------------------
Is general:      0
Is symmetric:    1
Is skewed:       0
Is hermitian:    0
-----------------------------------------------------
Matrix file name: cant/cant.mtx ... file loaded.
Expanding symmetric matrix ... done
  Total # of non-zeros is 4007383
Converting COO to CSR...done
Vector file name: cant/b.mtx ... file loaded
Executing GPU CSR SpMV ... 
  Pinned Device to Host bandwidth (GB/s): 5.176724
  Pinned Device to Host bandwidth (GB/s): 16.686861
  Pinned Device to Host bandwidth (GB/s): 5.029498
  Pinned Device to Host bandwidth (GB/s): 10.686345
  Exec time (per itr): 0.00067352 s
  Pinned Host to Device bandwidth (GB/s): 2.496442
Executing GPU ELL SpMV ... 
  Pinned Device to Host bandwidth (GB/s): 22.927938
  Pinned Device to Host bandwidth (GB/s): 22.999820
  Pinned Device to Host bandwidth (GB/s): 12.430533
  Exec time (per itr): 0.00040904 s
  Pinned Host to Device bandwidth (GB/s): 1.290950
Calculating CPU CSR SpMV ... done
2-Norm between CPU and GPU answers: 4.343429e+05
Result file name: ./test.mtx ... file saved
Module		Time
Load		0.585821
Convert		0.030194
CPU SpMV	0.025116
GPU Alloc	0.266036
GPU SpMV	0.067366
GPU ELL SpMV	0.040918
Store		0.090604
