-----------------------------------------------------
Matrix name:     cant/cant.mtx
Matrix size:     62451 x 62451 => 2034917
-----------------------------------------------------
Is matrix:       1
Is sparse:       1
-----------------------------------------------------
Is complex:      0
Is real:         1
Is integer:      0
Is pattern only: 0
-----------------------------------------------------
Is general:      0
Is symmetric:    1
Is skewed:       0
Is hermitian:    0
-----------------------------------------------------
Matrix file name: cant/cant.mtx ... file loaded.
Expanding symmetric matrix ... done
  Total # of non-zeros is 4007383
Converting COO to CSR...done
Vector file name: cant/b.mtx ... file loaded
Executing GPU CSR SpMV ... 
  Pinned Device to Host bandwidth (GB/s): 2.051103
  Pinned Device to Host bandwidth (GB/s): 4.242125
  Pinned Device to Host bandwidth (GB/s): 11.108416
  Pinned Device to Host bandwidth (GB/s): 7.316190
  Exec time (per itr): 0.00017999 s
  Pinned Host to Device bandwidth (GB/s): 2.301408
Executing GPU ELL SpMV ... 
  Pinned Device to Host bandwidth (GB/s): 14.402906
  Pinned Device to Host bandwidth (GB/s): 11.592081
  Pinned Device to Host bandwidth (GB/s): 7.406428
  Exec time (per itr): 0.00014302 s
  Pinned Host to Device bandwidth (GB/s): 2.336888
Calculating CPU CSR SpMV ... done
2-Norm between CPU and GPU answers: 4.343429e+05
Result file name: ./test.mtx ... file saved
Module		Time
Load		0.579559
Convert		0.026934
CPU SpMV	0.022746
GPU Alloc	0.241914
GPU SpMV	0.018013
GPU ELL SpMV	0.014320
Store		0.506215
