-----------------------------------------------------
Matrix name:     cant/cant.mtx
Matrix size:     62451 x 62451 => 2034917
-----------------------------------------------------
Is matrix:       1
Is sparse:       1
-----------------------------------------------------
Is complex:      0
Is real:         1
Is integer:      0
Is pattern only: 0
-----------------------------------------------------
Is general:      0
Is symmetric:    1
Is skewed:       0
Is hermitian:    0
-----------------------------------------------------
Matrix file name: cant/cant.mtx ... file loaded.
Expanding symmetric matrix ... done
  Total # of non-zeros is 4007383
Converting COO to CSR...done
Vector file name: cant/b.mtx ... file loaded
Executing GPU CSR SpMV ... 
  Pinned Device to Host bandwidth (GB/s): 2.082289
  Pinned Device to Host bandwidth (GB/s): 4.803633
  Pinned Device to Host bandwidth (GB/s): 6.563111
  Pinned Device to Host bandwidth (GB/s): 1.577045
  Exec time (per itr): 0.00067549 s
  Pinned Host to Device bandwidth (GB/s): 2.219296
Executing GPU ELL SpMV ... 
  Pinned Device to Host bandwidth (GB/s): 16.632902
  Pinned Device to Host bandwidth (GB/s): 19.070949
  Pinned Device to Host bandwidth (GB/s): 8.161396
  Exec time (per itr): 0.00041296 s
  Pinned Host to Device bandwidth (GB/s): 1.304432
Calculating CPU CSR SpMV ... done
2-Norm between CPU and GPU answers: 4.343429e+05
Result file name: ./test.mtx ... file saved
Module		Time
Load		0.564641
Convert		0.030230
CPU SpMV	0.023014
GPU Alloc	0.250497
GPU SpMV	0.067560
GPU ELL SpMV	0.041314
Store		0.025205
