-----------------------------------------------------
Matrix name:     cant/cant.mtx
Matrix size:     62451 x 62451 => 2034917
-----------------------------------------------------
Is matrix:       1
Is sparse:       1
-----------------------------------------------------
Is complex:      0
Is real:         1
Is integer:      0
Is pattern only: 0
-----------------------------------------------------
Is general:      0
Is symmetric:    1
Is skewed:       0
Is hermitian:    0
-----------------------------------------------------
Matrix file name: cant/cant.mtx ... file loaded.
Expanding symmetric matrix ... done
  Total # of non-zeros is 4007383
Converting COO to CSR...done
Vector file name: cant/b.mtx ... file loaded
Executing GPU CSR SpMV ... 
  Pinned Device to Host bandwidth (GB/s): 2.047875
  Pinned Device to Host bandwidth (GB/s): 4.793979
  Pinned Device to Host bandwidth (GB/s): 6.856416
  Pinned Device to Host bandwidth (GB/s): 7.953515
  Exec time (per itr): 0.00067498 s
  Pinned Host to Device bandwidth (GB/s): 2.221823
Executing GPU ELL SpMV ... 
  Pinned Device to Host bandwidth (GB/s): 16.586234
  Pinned Device to Host bandwidth (GB/s): 19.130267
  Pinned Device to Host bandwidth (GB/s): 8.712472
  Exec time (per itr): 0.00041043 s
  Pinned Host to Device bandwidth (GB/s): 1.286270
Calculating CPU CSR SpMV ... done
2-Norm between CPU and GPU answers: 4.343429e+05
Result file name: ./test.mtx ... file saved
Module		Time
Load		0.562679
Convert		0.029507
CPU SpMV	0.023185
GPU Alloc	0.236300
GPU SpMV	0.067509
GPU ELL SpMV	0.041060
Store		0.025358
