-----------------------------------------------------
Matrix name:     cant/cant.mtx
Matrix size:     62451 x 62451 => 2034917
-----------------------------------------------------
Is matrix:       1
Is sparse:       1
-----------------------------------------------------
Is complex:      0
Is real:         1
Is integer:      0
Is pattern only: 0
-----------------------------------------------------
Is general:      0
Is symmetric:    1
Is skewed:       0
Is hermitian:    0
-----------------------------------------------------
Matrix file name: cant/cant.mtx ... file loaded.
Expanding symmetric matrix ... done
  Total # of non-zeros is 4007383
Converting COO to CSR...done
Vector file name: cant/b.mtx ... file loaded
Executing GPU CSR SpMV ... 
  Pinned Device to Host bandwidth (GB/s): 1.849443
  Pinned Device to Host bandwidth (GB/s): 4.439349
  Pinned Device to Host bandwidth (GB/s): 11.088620
  Pinned Device to Host bandwidth (GB/s): 7.582685
  Exec time (per itr): 0.00067349 s
  Pinned Host to Device bandwidth (GB/s): 2.109831
Executing GPU ELL SpMV ... 
  Pinned Device to Host bandwidth (GB/s): 14.730079
  Pinned Device to Host bandwidth (GB/s): 7.552167
  Pinned Device to Host bandwidth (GB/s): 7.560654
  Exec time (per itr): 0.00040678 s
  Pinned Host to Device bandwidth (GB/s): 2.249352
Calculating CPU CSR SpMV ... done
2-Norm between CPU and GPU answers: 4.343429e+05
Result file name: ./test.mtx ... file saved
Module		Time
Load		0.593208
Convert		0.029277
CPU SpMV	0.020981
GPU Alloc	0.266956
GPU SpMV	0.067362
GPU ELL SpMV	0.040693
Store		0.025428
