-----------------------------------------------------
Matrix name:     cant/cant.mtx
Matrix size:     62451 x 62451 => 2034917
-----------------------------------------------------
Is matrix:       1
Is sparse:       1
-----------------------------------------------------
Is complex:      0
Is real:         1
Is integer:      0
Is pattern only: 0
-----------------------------------------------------
Is general:      0
Is symmetric:    1
Is skewed:       0
Is hermitian:    0
-----------------------------------------------------
Matrix file name: cant/cant.mtx ... file loaded.
Expanding symmetric matrix ... done
  Total # of non-zeros is 4007383
Converting COO to CSR...done
Vector file name: cant/b.mtx ... file loaded
Executing GPU CSR SpMV ... 
  Pinned Device to Host bandwidth (GB/s): 2.044122
  Pinned Device to Host bandwidth (GB/s): 4.800917
  Pinned Device to Host bandwidth (GB/s): 18.857918
  Pinned Device to Host bandwidth (GB/s): 7.794683
  Exec time (per itr): 0.00067455 s
  Pinned Host to Device bandwidth (GB/s): 2.201149
Executing GPU ELL SpMV ... 
  Pinned Device to Host bandwidth (GB/s): 16.568183
  Pinned Device to Host bandwidth (GB/s): 19.089184
  Pinned Device to Host bandwidth (GB/s): 7.679660
  Exec time (per itr): 0.00041194 s
  Pinned Host to Device bandwidth (GB/s): 1.280994
Calculating CPU CSR SpMV ... done
2-Norm between CPU and GPU answers: 4.343429e+05
Result file name: ./test.mtx ... file saved
Module		Time
Load		0.569255
Convert		0.027718
CPU SpMV	0.022840
GPU Alloc	0.237945
GPU SpMV	0.067467
GPU ELL SpMV	0.041211
Store		1.231086
