-----------------------------------------------------
Matrix name:     cant/cant.mtx
Matrix size:     62451 x 62451 => 2034917
-----------------------------------------------------
Is matrix:       1
Is sparse:       1
-----------------------------------------------------
Is complex:      0
Is real:         1
Is integer:      0
Is pattern only: 0
-----------------------------------------------------
Is general:      0
Is symmetric:    1
Is skewed:       0
Is hermitian:    0
-----------------------------------------------------
Matrix file name: cant/cant.mtx ... file loaded.
Expanding symmetric matrix ... done
  Total # of non-zeros is 4007383
Converting COO to CSR...done
Vector file name: cant/b.mtx ... file loaded
Executing GPU CSR SpMV ... 
  Pinned Device to Host bandwidth (GB/s): 1.997569
  Pinned Device to Host bandwidth (GB/s): 4.251270
  Pinned Device to Host bandwidth (GB/s): 4.822873
  Pinned Device to Host bandwidth (GB/s): 7.371459
  Exec time (per itr): 0.00017979 s
  Pinned Host to Device bandwidth (GB/s): 2.350256
Executing GPU ELL SpMV ... 
  Pinned Device to Host bandwidth (GB/s): 14.725091
  Pinned Device to Host bandwidth (GB/s): 10.986364
  Pinned Device to Host bandwidth (GB/s): 6.764623
  Exec time (per itr): 0.00014324 s
  Pinned Host to Device bandwidth (GB/s): 2.341444
Calculating CPU CSR SpMV ... done
2-Norm between CPU and GPU answers: 4.343429e+05
Result file name: ./test.mtx ... file saved
Module		Time
Load		0.575989
Convert		0.028816
CPU SpMV	0.022860
GPU Alloc	0.242292
GPU SpMV	0.017994
GPU ELL SpMV	0.014342
Store		0.524835
