-----------------------------------------------------
Matrix name:     cant/cant.mtx
Matrix size:     62451 x 62451 => 2034917
-----------------------------------------------------
Is matrix:       1
Is sparse:       1
-----------------------------------------------------
Is complex:      0
Is real:         1
Is integer:      0
Is pattern only: 0
-----------------------------------------------------
Is general:      0
Is symmetric:    1
Is skewed:       0
Is hermitian:    0
-----------------------------------------------------
Matrix file name: cant/cant.mtx ... file loaded.
Expanding symmetric matrix ... done
  Total # of non-zeros is 4007383
Converting COO to CSR...done
Vector file name: cant/b.mtx ... file loaded
Executing GPU CSR SpMV ... 
  Pinned Device to Host bandwidth (GB/s): 1.807479
  Pinned Device to Host bandwidth (GB/s): 4.146919
  Pinned Device to Host bandwidth (GB/s): 11.086412
  Pinned Device to Host bandwidth (GB/s): 7.713809
  Exec time (per itr): 0.00067267 s
  Pinned Host to Device bandwidth (GB/s): 2.238066
Executing GPU ELL SpMV ... 
  Pinned Device to Host bandwidth (GB/s): 15.839788
  Pinned Device to Host bandwidth (GB/s): 7.575657
  Pinned Device to Host bandwidth (GB/s): 7.509740
  Exec time (per itr): 0.00040647 s
  Pinned Host to Device bandwidth (GB/s): 2.210498
Calculating CPU CSR SpMV ... done
2-Norm between CPU and GPU answers: 4.343429e+05
Result file name: ./test.mtx ... file saved
Module		Time
Load		0.594644
Convert		0.029799
CPU SpMV	0.024157
GPU Alloc	0.318977
GPU SpMV	0.067278
GPU ELL SpMV	0.040662
Store		0.077852
