-----------------------------------------------------
Matrix name:     cant/cant.mtx
Matrix size:     62451 x 62451 => 2034917
-----------------------------------------------------
Is matrix:       1
Is sparse:       1
-----------------------------------------------------
Is complex:      0
Is real:         1
Is integer:      0
Is pattern only: 0
-----------------------------------------------------
Is general:      0
Is symmetric:    1
Is skewed:       0
Is hermitian:    0
-----------------------------------------------------
Matrix file name: cant/cant.mtx ... file loaded.
Expanding symmetric matrix ... done
  Total # of non-zeros is 4007383
Converting COO to CSR...done
Vector file name: cant/b.mtx ... file loaded
Executing GPU CSR SpMV ... 
  Pinned Device to Host bandwidth (GB/s): 1.896162
  Pinned Device to Host bandwidth (GB/s): 4.190631
  Pinned Device to Host bandwidth (GB/s): 11.100538
  Pinned Device to Host bandwidth (GB/s): 7.208103
  Exec time (per itr): 0.00068170 s
  Pinned Host to Device bandwidth (GB/s): 2.255200
Executing GPU ELL SpMV ... 
  Pinned Device to Host bandwidth (GB/s): 15.841435
  Pinned Device to Host bandwidth (GB/s): 6.107356
  Pinned Device to Host bandwidth (GB/s): 7.392401
  Exec time (per itr): 0.00099413 s
  Pinned Host to Device bandwidth (GB/s): 1.141784
Calculating CPU CSR SpMV ... done
2-Norm between CPU and GPU answers: 1.803938e-10
Result file name: ./test.mtx ... file saved
Module		Time
Load		0.581444
Convert		0.030016
CPU SpMV	0.027027
GPU Alloc	0.272111
GPU SpMV	0.068180
GPU ELL SpMV	0.099424
Store		0.033904
