-----------------------------------------------------
Matrix name:     cant/cant.mtx
Matrix size:     62451 x 62451 => 2034917
-----------------------------------------------------
Is matrix:       1
Is sparse:       1
-----------------------------------------------------
Is complex:      0
Is real:         1
Is integer:      0
Is pattern only: 0
-----------------------------------------------------
Is general:      0
Is symmetric:    1
Is skewed:       0
Is hermitian:    0
-----------------------------------------------------
Matrix file name: cant/cant.mtx ... file loaded.
Expanding symmetric matrix ... done
  Total # of non-zeros is 4007383
Converting COO to CSR...done
Vector file name: cant/b.mtx ... file loaded
Executing GPU CSR SpMV ... 
  Pinned Device to Host bandwidth (GB/s): 1.860462
  Pinned Device to Host bandwidth (GB/s): 4.191157
  Pinned Device to Host bandwidth (GB/s): 11.082364
  Pinned Device to Host bandwidth (GB/s): 7.744420
  Exec time (per itr): 0.00068140 s
  Pinned Host to Device bandwidth (GB/s): 2.219928
Executing GPU ELL SpMV ... 
  Pinned Device to Host bandwidth (GB/s): 14.398138
  Pinned Device to Host bandwidth (GB/s): 5.889125
  Pinned Device to Host bandwidth (GB/s): 7.129110
  Exec time (per itr): 0.00099340 s
  Pinned Host to Device bandwidth (GB/s): 2.450597
Calculating CPU CSR SpMV ... done
2-Norm between CPU and GPU answers: 1.803938e-10
Result file name: ./test.mtx ... file saved
Module		Time
Load		0.606595
Convert		0.028915
CPU SpMV	0.044133
GPU Alloc	0.267812
GPU SpMV	0.068150
GPU ELL SpMV	0.099350
Store		0.033495
