-----------------------------------------------------
Matrix name:     cant/cant.mtx
Matrix size:     62451 x 62451 => 2034917
-----------------------------------------------------
Is matrix:       1
Is sparse:       1
-----------------------------------------------------
Is complex:      0
Is real:         1
Is integer:      0
Is pattern only: 0
-----------------------------------------------------
Is general:      0
Is symmetric:    1
Is skewed:       0
Is hermitian:    0
-----------------------------------------------------
Matrix file name: cant/cant.mtx ... file loaded.
Expanding symmetric matrix ... done
  Total # of non-zeros is 4007383
Converting COO to CSR...done
Vector file name: cant/b.mtx ... file loaded
Executing GPU CSR SpMV ... 
  Pinned Device to Host bandwidth (GB/s): 2.076749
  Pinned Device to Host bandwidth (GB/s): 4.799767
  Pinned Device to Host bandwidth (GB/s): 6.564057
  Pinned Device to Host bandwidth (GB/s): 7.885228
  Exec time (per itr): 0.00068511 s
  Pinned Host to Device bandwidth (GB/s): 2.271937
Executing GPU ELL SpMV ... 
  Pinned Device to Host bandwidth (GB/s): 11.799420
  Pinned Device to Host bandwidth (GB/s): 19.225704
  Pinned Device to Host bandwidth (GB/s): 8.191370
  Exec time (per itr): 0.00099533 s
  Pinned Host to Device bandwidth (GB/s): 1.322330
Calculating CPU CSR SpMV ... done
2-Norm between CPU and GPU answers: 1.803938e-10
Result file name: ./test.mtx ... file saved
Module		Time
Load		0.606275
Convert		0.027266
CPU SpMV	0.022622
GPU Alloc	0.241205
GPU SpMV	0.068525
GPU ELL SpMV	0.099547
Store		0.030338
