-----------------------------------------------------
Matrix name:     cant/cant.mtx
Matrix size:     62451 x 62451 => 2034917
-----------------------------------------------------
Is matrix:       1
Is sparse:       1
-----------------------------------------------------
Is complex:      0
Is real:         1
Is integer:      0
Is pattern only: 0
-----------------------------------------------------
Is general:      0
Is symmetric:    1
Is skewed:       0
Is hermitian:    0
-----------------------------------------------------
Matrix file name: cant/cant.mtx ... file loaded.
Expanding symmetric matrix ... done
  Total # of non-zeros is 4007383
Converting COO to CSR...done
Vector file name: cant/b.mtx ... file loaded
Executing GPU CSR SpMV ... 
  Pinned Device to Host bandwidth (GB/s): 2.030299
  Pinned Device to Host bandwidth (GB/s): 4.047142
  Pinned Device to Host bandwidth (GB/s): 5.134458
  Pinned Device to Host bandwidth (GB/s): 7.413462
  Exec time (per itr): 0.00021680 s
  Pinned Host to Device bandwidth (GB/s): 2.327482
Executing GPU ELL SpMV ... 
  Pinned Device to Host bandwidth (GB/s): 14.745417
  Pinned Device to Host bandwidth (GB/s): 11.735968
  Pinned Device to Host bandwidth (GB/s): 7.381915
  Exec time (per itr): 0.00037300 s
  Pinned Host to Device bandwidth (GB/s): 2.344257
Calculating CPU CSR SpMV ... done
2-Norm between CPU and GPU answers: 1.803938e-10
Result file name: ./test.mtx ... file saved
Module		Time
Load		0.598475
Convert		0.032281
CPU SpMV	0.022683
GPU Alloc	0.248850
GPU SpMV	0.021694
GPU ELL SpMV	0.037315
Store		0.025799
