-----------------------------------------------------
Matrix name:     cant/cant.mtx
Matrix size:     62451 x 62451 => 2034917
-----------------------------------------------------
Is matrix:       1
Is sparse:       1
-----------------------------------------------------
Is complex:      0
Is real:         1
Is integer:      0
Is pattern only: 0
-----------------------------------------------------
Is general:      0
Is symmetric:    1
Is skewed:       0
Is hermitian:    0
-----------------------------------------------------
Matrix file name: cant/cant.mtx ... file loaded.
Expanding symmetric matrix ... done
  Total # of non-zeros is 4007383
Converting COO to CSR...done
Vector file name: cant/b.mtx ... file loaded
Executing GPU CSR SpMV ... 
  Pinned Device to Host bandwidth (GB/s): 2.026610
  Pinned Device to Host bandwidth (GB/s): 4.816242
  Pinned Device to Host bandwidth (GB/s): 6.720414
  Pinned Device to Host bandwidth (GB/s): 8.326800
  Exec time (per itr): 0.00068339 s
  Pinned Host to Device bandwidth (GB/s): 2.256178
Executing GPU ELL SpMV ... 
  Pinned Device to Host bandwidth (GB/s): 17.259482
  Pinned Device to Host bandwidth (GB/s): 19.262196
  Pinned Device to Host bandwidth (GB/s): 8.014759
  Exec time (per itr): 0.00099631 s
  Pinned Host to Device bandwidth (GB/s): 1.334765
Calculating CPU CSR SpMV ... done
2-Norm between CPU and GPU answers: 1.803938e-10
Result file name: ./test.mtx ... file saved
Module		Time
Load		0.576346
Convert		0.028174
CPU SpMV	0.022464
GPU Alloc	0.236165
GPU SpMV	0.068351
GPU ELL SpMV	0.099644
Store		0.029528
