-----------------------------------------------------
Matrix name:     cant/cant.mtx
Matrix size:     62451 x 62451 => 2034917
-----------------------------------------------------
Is matrix:       1
Is sparse:       1
-----------------------------------------------------
Is complex:      0
Is real:         1
Is integer:      0
Is pattern only: 0
-----------------------------------------------------
Is general:      0
Is symmetric:    1
Is skewed:       0
Is hermitian:    0
-----------------------------------------------------
Matrix file name: cant/cant.mtx ... file loaded.
Expanding symmetric matrix ... done
  Total # of non-zeros is 4007383
Converting COO to CSR...done
Vector file name: cant/b.mtx ... file loaded
Executing GPU CSR SpMV ... 
  Pinned Device to Host bandwidth (GB/s): 1.877917
  Pinned Device to Host bandwidth (GB/s): 4.249899
  Pinned Device to Host bandwidth (GB/s): 11.100907
  Pinned Device to Host bandwidth (GB/s): 7.546037
  Exec time (per itr): 0.00068157 s
  Pinned Host to Device bandwidth (GB/s): 2.315058
Executing GPU ELL SpMV ... 
  Pinned Device to Host bandwidth (GB/s): 15.004121
  Pinned Device to Host bandwidth (GB/s): 6.693643
  Pinned Device to Host bandwidth (GB/s): 7.694800
  Exec time (per itr): 0.00099434 s
  Pinned Host to Device bandwidth (GB/s): 1.231581
Calculating CPU CSR SpMV ... done
2-Norm between CPU and GPU answers: 1.803938e-10
Result file name: ./test.mtx ... file saved
Module		Time
Load		0.596537
Convert		0.030493
CPU SpMV	0.030997
GPU Alloc	0.284629
GPU SpMV	0.068167
GPU ELL SpMV	0.099445
Store		0.033844
