-----------------------------------------------------
Matrix name:     cant/cant.mtx
Matrix size:     62451 x 62451 => 2034917
-----------------------------------------------------
Is matrix:       1
Is sparse:       1
-----------------------------------------------------
Is complex:      0
Is real:         1
Is integer:      0
Is pattern only: 0
-----------------------------------------------------
Is general:      0
Is symmetric:    1
Is skewed:       0
Is hermitian:    0
-----------------------------------------------------
Matrix file name: cant/cant.mtx ... file loaded.
Expanding symmetric matrix ... done
  Total # of non-zeros is 4007383
Converting COO to CSR...done
Vector file name: cant/b.mtx ... file loaded
Executing GPU CSR SpMV ... 
  Pinned Device to Host bandwidth (GB/s): 2.002694
  Pinned Device to Host bandwidth (GB/s): 4.051103
  Pinned Device to Host bandwidth (GB/s): 5.228976
  Pinned Device to Host bandwidth (GB/s): 7.367980
  Exec time (per itr): 0.00021669 s
  Pinned Host to Device bandwidth (GB/s): 2.321598
Executing GPU ELL SpMV ... 
  Pinned Device to Host bandwidth (GB/s): 14.278950
  Pinned Device to Host bandwidth (GB/s): 11.637055
  Pinned Device to Host bandwidth (GB/s): 7.371459
  Exec time (per itr): 0.00037309 s
  Pinned Host to Device bandwidth (GB/s): 2.339339
Calculating CPU CSR SpMV ... done
2-Norm between CPU and GPU answers: 1.803938e-10
Result file name: ./test.mtx ... file saved
Module		Time
Load		0.604115
Convert		0.028273
CPU SpMV	0.022794
GPU Alloc	0.245931
GPU SpMV	0.021686
GPU ELL SpMV	0.037324
Store		0.026742
