-----------------------------------------------------
Matrix name:     cant/cant.mtx
Matrix size:     62451 x 62451 => 2034917
-----------------------------------------------------
Is matrix:       1
Is sparse:       1
-----------------------------------------------------
Is complex:      0
Is real:         1
Is integer:      0
Is pattern only: 0
-----------------------------------------------------
Is general:      0
Is symmetric:    1
Is skewed:       0
Is hermitian:    0
-----------------------------------------------------
Matrix file name: cant/cant.mtx ... file loaded.
Expanding symmetric matrix ... done
  Total # of non-zeros is 4007383
Converting COO to CSR...done
Vector file name: cant/b.mtx ... file loaded
Executing GPU CSR SpMV ... 
  Pinned Device to Host bandwidth (GB/s): 1.898930
  Pinned Device to Host bandwidth (GB/s): 4.040385
  Pinned Device to Host bandwidth (GB/s): 4.805039
  Pinned Device to Host bandwidth (GB/s): 7.347176
  Exec time (per itr): 0.00021677 s
  Pinned Host to Device bandwidth (GB/s): 2.326442
Executing GPU ELL SpMV ... 
  Pinned Device to Host bandwidth (GB/s): 14.371970
  Pinned Device to Host bandwidth (GB/s): 11.718351
  Pinned Device to Host bandwidth (GB/s): 7.413462
  Exec time (per itr): 0.00037302 s
  Pinned Host to Device bandwidth (GB/s): 2.354509
Calculating CPU CSR SpMV ... done
2-Norm between CPU and GPU answers: 1.803938e-10
Result file name: ./test.mtx ... file saved
Module		Time
Load		0.582395
Convert		0.027909
CPU SpMV	0.023552
GPU Alloc	0.247162
GPU SpMV	0.021691
GPU ELL SpMV	0.037318
Store		0.024197
