-----------------------------------------------------
Matrix name:     cant/cant.mtx
Matrix size:     62451 x 62451 => 2034917
-----------------------------------------------------
Is matrix:       1
Is sparse:       1
-----------------------------------------------------
Is complex:      0
Is real:         1
Is integer:      0
Is pattern only: 0
-----------------------------------------------------
Is general:      0
Is symmetric:    1
Is skewed:       0
Is hermitian:    0
-----------------------------------------------------
Matrix file name: cant/cant.mtx ... file loaded.
Expanding symmetric matrix ... done
  Total # of non-zeros is 4007383
Converting COO to CSR...done
Vector file name: cant/b.mtx ... file loaded
Executing GPU CSR SpMV ... 
  Pinned Device to Host bandwidth (GB/s): 1.930868
  Pinned Device to Host bandwidth (GB/s): 4.154554
  Pinned Device to Host bandwidth (GB/s): 11.094515
  Pinned Device to Host bandwidth (GB/s): 7.546037
  Exec time (per itr): 0.00068143 s
  Pinned Host to Device bandwidth (GB/s): 2.210811
Executing GPU ELL SpMV ... 
  Pinned Device to Host bandwidth (GB/s): 14.476528
  Pinned Device to Host bandwidth (GB/s): 5.916334
  Pinned Device to Host bandwidth (GB/s): 7.470215
  Exec time (per itr): 0.00099329 s
  Pinned Host to Device bandwidth (GB/s): 2.585749
Calculating CPU CSR SpMV ... done
2-Norm between CPU and GPU answers: 1.803938e-10
Result file name: ./test.mtx ... file saved
Module		Time
Load		0.623422
Convert		0.027816
CPU SpMV	0.025535
GPU Alloc	0.266677
GPU SpMV	0.068152
GPU ELL SpMV	0.099341
Store		0.033727
