-----------------------------------------------------
Matrix name:     cant/cant.mtx
Matrix size:     62451 x 62451 => 2034917
-----------------------------------------------------
Is matrix:       1
Is sparse:       1
-----------------------------------------------------
Is complex:      0
Is real:         1
Is integer:      0
Is pattern only: 0
-----------------------------------------------------
Is general:      0
Is symmetric:    1
Is skewed:       0
Is hermitian:    0
-----------------------------------------------------
Matrix file name: cant/cant.mtx ... file loaded.
Expanding symmetric matrix ... done
  Total # of non-zeros is 4007383
Converting COO to CSR...done
Vector file name: cant/b.mtx ... file loaded
Executing GPU CSR SpMV ... 
  Pinned Device to Host bandwidth (GB/s): 1.925154
  Pinned Device to Host bandwidth (GB/s): 4.398652
  Pinned Device to Host bandwidth (GB/s): 11.087025
  Pinned Device to Host bandwidth (GB/s): 7.619693
  Exec time (per itr): 0.00068178 s
  Pinned Host to Device bandwidth (GB/s): 2.262062
Executing GPU ELL SpMV ... 
  Pinned Device to Host bandwidth (GB/s): 14.470680
  Pinned Device to Host bandwidth (GB/s): 5.911136
  Pinned Device to Host bandwidth (GB/s): 7.732912
  Exec time (per itr): 0.00099346 s
  Pinned Host to Device bandwidth (GB/s): 2.546111
Calculating CPU CSR SpMV ... done
2-Norm between CPU and GPU answers: 1.803938e-10
Result file name: ./test.mtx ... file saved
Module		Time
Load		0.617858
Convert		0.028546
CPU SpMV	0.026001
GPU Alloc	0.272218
GPU SpMV	0.068188
GPU ELL SpMV	0.099360
Store		0.034152
