-----------------------------------------------------
Matrix name:     cant/cant.mtx
Matrix size:     62451 x 62451 => 2034917
-----------------------------------------------------
Is matrix:       1
Is sparse:       1
-----------------------------------------------------
Is complex:      0
Is real:         1
Is integer:      0
Is pattern only: 0
-----------------------------------------------------
Is general:      0
Is symmetric:    1
Is skewed:       0
Is hermitian:    0
-----------------------------------------------------
Matrix file name: cant/cant.mtx ... file loaded.
Expanding symmetric matrix ... done
  Total # of non-zeros is 4007383
Converting COO to CSR...done
Vector file name: cant/b.mtx ... file loaded
Executing GPU CSR SpMV ... 
  Pinned Device to Host bandwidth (GB/s): 2.006812
  Pinned Device to Host bandwidth (GB/s): 4.831059
  Pinned Device to Host bandwidth (GB/s): 6.580830
  Pinned Device to Host bandwidth (GB/s): 8.006539
  Exec time (per itr): 0.00068248 s
  Pinned Host to Device bandwidth (GB/s): 2.185129
Executing GPU ELL SpMV ... 
  Pinned Device to Host bandwidth (GB/s): 14.509645
  Pinned Device to Host bandwidth (GB/s): 19.201149
  Pinned Device to Host bandwidth (GB/s): 8.416577
  Exec time (per itr): 0.00099542 s
  Pinned Host to Device bandwidth (GB/s): 1.257470
Calculating CPU CSR SpMV ... done
2-Norm between CPU and GPU answers: 1.803938e-10
Result file name: ./test.mtx ... file saved
Module		Time
Load		0.566790
Convert		0.028924
CPU SpMV	0.022593
GPU Alloc	0.238986
GPU SpMV	0.068261
GPU ELL SpMV	0.099556
Store		0.036300
