-----------------------------------------------------
Matrix name:     cant/cant.mtx
Matrix size:     62451 x 62451 => 2034917
-----------------------------------------------------
Is matrix:       1
Is sparse:       1
-----------------------------------------------------
Is complex:      0
Is real:         1
Is integer:      0
Is pattern only: 0
-----------------------------------------------------
Is general:      0
Is symmetric:    1
Is skewed:       0
Is hermitian:    0
-----------------------------------------------------
Matrix file name: cant/cant.mtx ... file loaded.
Expanding symmetric matrix ... done
  Total # of non-zeros is 4007383
Converting COO to CSR...done
Vector file name: cant/b.mtx ... file loaded
Executing GPU CSR SpMV ... 
  Pinned Device to Host bandwidth (GB/s): 1.941915
  Pinned Device to Host bandwidth (GB/s): 4.246693
  Pinned Device to Host bandwidth (GB/s): 11.098817
  Pinned Device to Host bandwidth (GB/s): 7.361032
  Exec time (per itr): 0.00068155 s
  Pinned Host to Device bandwidth (GB/s): 2.309920
Executing GPU ELL SpMV ... 
  Pinned Device to Host bandwidth (GB/s): 14.425085
  Pinned Device to Host bandwidth (GB/s): 6.680460
  Pinned Device to Host bandwidth (GB/s): 7.013814
  Exec time (per itr): 0.00099344 s
  Pinned Host to Device bandwidth (GB/s): 2.622669
Calculating CPU CSR SpMV ... done
2-Norm between CPU and GPU answers: 1.803938e-10
Result file name: ./test.mtx ... file saved
Module		Time
Load		0.590736
Convert		0.029927
CPU SpMV	0.025673
GPU Alloc	0.268052
GPU SpMV	0.068166
GPU ELL SpMV	0.099356
Store		0.055374
