-----------------------------------------------------
Matrix name:     cant/cant.mtx
Matrix size:     62451 x 62451 => 2034917
-----------------------------------------------------
Is matrix:       1
Is sparse:       1
-----------------------------------------------------
Is complex:      0
Is real:         1
Is integer:      0
Is pattern only: 0
-----------------------------------------------------
Is general:      0
Is symmetric:    1
Is skewed:       0
Is hermitian:    0
-----------------------------------------------------
Matrix file name: cant/cant.mtx ... file loaded.
Expanding symmetric matrix ... done
  Total # of non-zeros is 4007383
Converting COO to CSR...done
Vector file name: cant/b.mtx ... file loaded
Executing GPU CSR SpMV ... 
  Pinned Device to Host bandwidth (GB/s): 1.998080
  Pinned Device to Host bandwidth (GB/s): 4.800411
  Pinned Device to Host bandwidth (GB/s): 6.649007
  Pinned Device to Host bandwidth (GB/s): 7.698594
  Exec time (per itr): 0.00068367 s
  Pinned Host to Device bandwidth (GB/s): 2.222455
Executing GPU ELL SpMV ... 
  Pinned Device to Host bandwidth (GB/s): 16.774029
  Pinned Device to Host bandwidth (GB/s): 19.192676
  Pinned Device to Host bandwidth (GB/s): 8.238918
  Exec time (per itr): 0.00099507 s
  Pinned Host to Device bandwidth (GB/s): 1.271914
Calculating CPU CSR SpMV ... done
2-Norm between CPU and GPU answers: 1.803938e-10
Result file name: ./test.mtx ... file saved
Module		Time
Load		0.563254
Convert		0.026710
CPU SpMV	0.022295
GPU Alloc	0.237132
GPU SpMV	0.068378
GPU ELL SpMV	0.099521
Store		0.030652
