-----------------------------------------------------
Matrix name:     cant/cant.mtx
Matrix size:     62451 x 62451 => 2034917
-----------------------------------------------------
Is matrix:       1
Is sparse:       1
-----------------------------------------------------
Is complex:      0
Is real:         1
Is integer:      0
Is pattern only: 0
-----------------------------------------------------
Is general:      0
Is symmetric:    1
Is skewed:       0
Is hermitian:    0
-----------------------------------------------------
Matrix file name: cant/cant.mtx ... file loaded.
Expanding symmetric matrix ... done
  Total # of non-zeros is 4007383
Converting COO to CSR...done
Vector file name: cant/b.mtx ... file loaded
Executing GPU CSR SpMV ... 
  Pinned Device to Host bandwidth (GB/s): 1.969846
  Pinned Device to Host bandwidth (GB/s): 3.861064
  Pinned Device to Host bandwidth (GB/s): 4.997510
  Pinned Device to Host bandwidth (GB/s): 7.347176
  Exec time (per itr): 0.00021676 s
  Pinned Host to Device bandwidth (GB/s): 2.344257
Executing GPU ELL SpMV ... 
  Pinned Device to Host bandwidth (GB/s): 15.808943
  Pinned Device to Host bandwidth (GB/s): 11.555563
  Pinned Device to Host bandwidth (GB/s): 7.392401
  Exec time (per itr): 0.00037290 s
  Pinned Host to Device bandwidth (GB/s): 2.335490
Calculating CPU CSR SpMV ... done
2-Norm between CPU and GPU answers: 1.803938e-10
Result file name: ./test.mtx ... file saved
Module		Time
Load		0.583957
Convert		0.031933
CPU SpMV	0.024401
GPU Alloc	0.256296
GPU SpMV	0.021690
GPU ELL SpMV	0.037305
Store		0.022517
