-----------------------------------------------------
Matrix name:     cant/cant.mtx
Matrix size:     62451 x 62451 => 2034917
-----------------------------------------------------
Is matrix:       1
Is sparse:       1
-----------------------------------------------------
Is complex:      0
Is real:         1
Is integer:      0
Is pattern only: 0
-----------------------------------------------------
Is general:      0
Is symmetric:    1
Is skewed:       0
Is hermitian:    0
-----------------------------------------------------
Matrix file name: cant/cant.mtx ... file loaded.
Expanding symmetric matrix ... done
  Total # of non-zeros is 4007383
Converting COO to CSR...done
Vector file name: cant/b.mtx ... file loaded
Executing GPU CSR SpMV ... 
  Pinned Device to Host bandwidth (GB/s): 2.044657
  Pinned Device to Host bandwidth (GB/s): 4.058750
  Pinned Device to Host bandwidth (GB/s): 5.014042
  Pinned Device to Host bandwidth (GB/s): 7.381915
  Exec time (per itr): 0.00021791 s
  Pinned Host to Device bandwidth (GB/s): 2.308554
Executing GPU ELL SpMV ... 
  Pinned Device to Host bandwidth (GB/s): 14.798456
  Pinned Device to Host bandwidth (GB/s): 11.733820
  Pinned Device to Host bandwidth (GB/s): 7.409943
  Exec time (per itr): 0.00037297 s
  Pinned Host to Device bandwidth (GB/s): 2.387271
Calculating CPU CSR SpMV ... done
2-Norm between CPU and GPU answers: 1.803938e-10
Result file name: ./test.mtx ... file saved
Module		Time
Load		0.578575
Convert		0.029973
CPU SpMV	0.023437
GPU Alloc	0.245670
GPU SpMV	0.021806
GPU ELL SpMV	0.037312
Store		0.026175
