-----------------------------------------------------
Matrix name:     cant/cant.mtx
Matrix size:     62451 x 62451 => 2034917
-----------------------------------------------------
Is matrix:       1
Is sparse:       1
-----------------------------------------------------
Is complex:      0
Is real:         1
Is integer:      0
Is pattern only: 0
-----------------------------------------------------
Is general:      0
Is symmetric:    1
Is skewed:       0
Is hermitian:    0
-----------------------------------------------------
Matrix file name: cant/cant.mtx ... file loaded.
Expanding symmetric matrix ... done
  Total # of non-zeros is 4007383
Converting COO to CSR...done
Vector file name: cant/b.mtx ... file loaded
Executing GPU CSR SpMV ... 
  Pinned Device to Host bandwidth (GB/s): 1.976329
  Pinned Device to Host bandwidth (GB/s): 4.810045
  Pinned Device to Host bandwidth (GB/s): 6.857917
  Pinned Device to Host bandwidth (GB/s): 8.208596
  Exec time (per itr): 0.00068309 s
  Pinned Host to Device bandwidth (GB/s): 2.203323
Executing GPU ELL SpMV ... 
  Pinned Device to Host bandwidth (GB/s): 16.577655
  Pinned Device to Host bandwidth (GB/s): 19.179376
  Pinned Device to Host bandwidth (GB/s): 7.998335
  Exec time (per itr): 0.00099526 s
  Pinned Host to Device bandwidth (GB/s): 1.269742
Calculating CPU CSR SpMV ... done
2-Norm between CPU and GPU answers: 1.803938e-10
Result file name: ./test.mtx ... file saved
Module		Time
Load		0.587777
Convert		0.027455
CPU SpMV	0.022503
GPU Alloc	0.233336
GPU SpMV	0.068323
GPU ELL SpMV	0.099542
Store		0.051412
