-----------------------------------------------------
Matrix name:     cant/cant.mtx
Matrix size:     62451 x 62451 => 2034917
-----------------------------------------------------
Is matrix:       1
Is sparse:       1
-----------------------------------------------------
Is complex:      0
Is real:         1
Is integer:      0
Is pattern only: 0
-----------------------------------------------------
Is general:      0
Is symmetric:    1
Is skewed:       0
Is hermitian:    0
-----------------------------------------------------
Matrix file name: cant/cant.mtx ... file loaded.
Expanding symmetric matrix ... done
  Total # of non-zeros is 4007383
Converting COO to CSR...done
Vector file name: cant/b.mtx ... file loaded
Executing GPU CSR SpMV ... 
  Pinned Device to Host bandwidth (GB/s): 2.121331
  Pinned Device to Host bandwidth (GB/s): 4.823291
  Pinned Device to Host bandwidth (GB/s): 6.609528
  Pinned Device to Host bandwidth (GB/s): 2.546526
  Exec time (per itr): 0.00068429 s
  Pinned Host to Device bandwidth (GB/s): 2.186966
Executing GPU ELL SpMV ... 
  Pinned Device to Host bandwidth (GB/s): 16.674807
  Pinned Device to Host bandwidth (GB/s): 19.123957
  Pinned Device to Host bandwidth (GB/s): 8.144366
  Exec time (per itr): 0.00099551 s
  Pinned Host to Device bandwidth (GB/s): 1.278476
Calculating CPU CSR SpMV ... done
2-Norm between CPU and GPU answers: 1.803938e-10
Result file name: ./test.mtx ... file saved
Module		Time
Load		0.569918
Convert		0.027277
CPU SpMV	0.023400
GPU Alloc	0.234120
GPU SpMV	0.068443
GPU ELL SpMV	0.099568
Store		0.031637
