-----------------------------------------------------
Matrix name:     cant/cant.mtx
Matrix size:     62451 x 62451 => 2034917
-----------------------------------------------------
Is matrix:       1
Is sparse:       1
-----------------------------------------------------
Is complex:      0
Is real:         1
Is integer:      0
Is pattern only: 0
-----------------------------------------------------
Is general:      0
Is symmetric:    1
Is skewed:       0
Is hermitian:    0
-----------------------------------------------------
Matrix file name: cant/cant.mtx ... file loaded.
Expanding symmetric matrix ... done
  Total # of non-zeros is 4007383
Converting COO to CSR...done
Vector file name: cant/b.mtx ... file loaded
Executing GPU CSR SpMV ... 
  Pinned Device to Host bandwidth (GB/s): 2.176331
  Pinned Device to Host bandwidth (GB/s): 4.377855
  Pinned Device to Host bandwidth (GB/s): 6.179351
  Pinned Device to Host bandwidth (GB/s): 8.097899
  Exec time (per itr): 0.00066156 s
  Pinned Host to Device bandwidth (GB/s): 2.182380
Executing GPU ELL SpMV ... 
  Pinned Device to Host bandwidth (GB/s): 16.549719
  Pinned Device to Host bandwidth (GB/s): 17.353680
  Pinned Device to Host bandwidth (GB/s): 8.089508
  Exec time (per itr): 0.00052425 s
  Pinned Host to Device bandwidth (GB/s): 1.299871
Calculating CPU CSR SpMV ... done
2-Norm between CPU and GPU answers: 4.343429e+05
Result file name: ./test.mtx ... file saved
Module		Time
Load		0.577000
Convert		0.025735
CPU SpMV	0.022052
GPU Alloc	0.233125
GPU SpMV	0.066167
GPU ELL SpMV	0.052446
Store		0.027936
