-----------------------------------------------------
Matrix name:     cant/cant.mtx
Matrix size:     62451 x 62451 => 2034917
-----------------------------------------------------
Is matrix:       1
Is sparse:       1
-----------------------------------------------------
Is complex:      0
Is real:         1
Is integer:      0
Is pattern only: 0
-----------------------------------------------------
Is general:      0
Is symmetric:    1
Is skewed:       0
Is hermitian:    0
-----------------------------------------------------
Matrix file name: cant/cant.mtx ... file loaded.
Expanding symmetric matrix ... done
  Total # of non-zeros is 4007383
Converting COO to CSR...done
Vector file name: cant/b.mtx ... file loaded
Executing GPU CSR SpMV ... 
  Pinned Device to Host bandwidth (GB/s): 1.874760
  Pinned Device to Host bandwidth (GB/s): 4.276421
  Pinned Device to Host bandwidth (GB/s): 11.092795
  Pinned Device to Host bandwidth (GB/s): 7.702392
  Exec time (per itr): 0.00066188 s
  Pinned Host to Device bandwidth (GB/s): 2.126209
Executing GPU ELL SpMV ... 
  Pinned Device to Host bandwidth (GB/s): 14.421326
  Pinned Device to Host bandwidth (GB/s): 11.694494
  Pinned Device to Host bandwidth (GB/s): 7.660820
  Exec time (per itr): 0.00052327 s
  Pinned Host to Device bandwidth (GB/s): 2.201770
Calculating CPU CSR SpMV ... done
2-Norm between CPU and GPU answers: 4.343429e+05
Result file name: ./test.mtx ... file saved
Module		Time
Load		0.593081
Convert		0.026782
CPU SpMV	0.020966
GPU Alloc	0.265943
GPU SpMV	0.066197
GPU ELL SpMV	0.052343
Store		0.185579
