-----------------------------------------------------
Matrix name:     cant/cant.mtx
Matrix size:     62451 x 62451 => 2034917
-----------------------------------------------------
Is matrix:       1
Is sparse:       1
-----------------------------------------------------
Is complex:      0
Is real:         1
Is integer:      0
Is pattern only: 0
-----------------------------------------------------
Is general:      0
Is symmetric:    1
Is skewed:       0
Is hermitian:    0
-----------------------------------------------------
Matrix file name: cant/cant.mtx ... file loaded.
Expanding symmetric matrix ... done
  Total # of non-zeros is 4007383
Converting COO to CSR...done
Vector file name: cant/b.mtx ... file loaded
Executing GPU CSR SpMV ... 
  Pinned Device to Host bandwidth (GB/s): 2.006297
  Pinned Device to Host bandwidth (GB/s): 4.035535
  Pinned Device to Host bandwidth (GB/s): 11.112975
  Pinned Device to Host bandwidth (GB/s): 7.420509
  Exec time (per itr): 0.00019405 s
  Pinned Host to Device bandwidth (GB/s): 2.303105
Executing GPU ELL SpMV ... 
  Pinned Device to Host bandwidth (GB/s): 14.400181
  Pinned Device to Host bandwidth (GB/s): 11.507408
  Pinned Device to Host bandwidth (GB/s): 7.364504
  Exec time (per itr): 0.00019225 s
  Pinned Host to Device bandwidth (GB/s): 2.370957
Calculating CPU CSR SpMV ... done
2-Norm between CPU and GPU answers: 4.343429e+05
Result file name: ./test.mtx ... file saved
Module		Time
Load		0.580589
Convert		0.025993
CPU SpMV	0.022228
GPU Alloc	0.238828
GPU SpMV	0.019419
GPU ELL SpMV	0.019242
Store		0.022556
