-----------------------------------------------------
Matrix name:     cant/cant.mtx
Matrix size:     62451 x 62451 => 2034917
-----------------------------------------------------
Is matrix:       1
Is sparse:       1
-----------------------------------------------------
Is complex:      0
Is real:         1
Is integer:      0
Is pattern only: 0
-----------------------------------------------------
Is general:      0
Is symmetric:    1
Is skewed:       0
Is hermitian:    0
-----------------------------------------------------
Matrix file name: cant/cant.mtx ... file loaded.
Expanding symmetric matrix ... done
  Total # of non-zeros is 4007383
Converting COO to CSR...done
Vector file name: cant/b.mtx ... file loaded
Executing GPU CSR SpMV ... 
  Pinned Device to Host bandwidth (GB/s): 2.075093
  Pinned Device to Host bandwidth (GB/s): 4.368082
  Pinned Device to Host bandwidth (GB/s): 6.413701
  Pinned Device to Host bandwidth (GB/s): 7.794683
  Exec time (per itr): 0.00066284 s
  Pinned Host to Device bandwidth (GB/s): 2.201770
Executing GPU ELL SpMV ... 
  Pinned Device to Host bandwidth (GB/s): 16.615653
  Pinned Device to Host bandwidth (GB/s): 17.386135
  Pinned Device to Host bandwidth (GB/s): 8.131641
  Exec time (per itr): 0.00052440 s
  Pinned Host to Device bandwidth (GB/s): 1.288606
Calculating CPU CSR SpMV ... done
2-Norm between CPU and GPU answers: 4.343429e+05
Result file name: ./test.mtx ... file saved
Module		Time
Load		0.574903
Convert		0.025377
CPU SpMV	0.022472
GPU Alloc	0.217348
GPU SpMV	0.066296
GPU ELL SpMV	0.052457
Store		0.027717
