-----------------------------------------------------
Matrix name:     cant/cant.mtx
Matrix size:     62451 x 62451 => 2034917
-----------------------------------------------------
Is matrix:       1
Is sparse:       1
-----------------------------------------------------
Is complex:      0
Is real:         1
Is integer:      0
Is pattern only: 0
-----------------------------------------------------
Is general:      0
Is symmetric:    1
Is skewed:       0
Is hermitian:    0
-----------------------------------------------------
Matrix file name: cant/cant.mtx ... file loaded.
Expanding symmetric matrix ... done
  Total # of non-zeros is 4007383
Converting COO to CSR...done
Vector file name: cant/b.mtx ... file loaded
Executing GPU CSR SpMV ... 
  Pinned Device to Host bandwidth (GB/s): 2.024507
  Pinned Device to Host bandwidth (GB/s): 4.777701
  Pinned Device to Host bandwidth (GB/s): 7.112553
  Pinned Device to Host bandwidth (GB/s): 8.006539
  Exec time (per itr): 0.00066427 s
  Pinned Host to Device bandwidth (GB/s): 2.261406
Executing GPU ELL SpMV ... 
  Pinned Device to Host bandwidth (GB/s): 16.851089
  Pinned Device to Host bandwidth (GB/s): 19.212357
  Pinned Device to Host bandwidth (GB/s): 8.243268
  Exec time (per itr): 0.00052652 s
  Pinned Host to Device bandwidth (GB/s): 1.288500
Calculating CPU CSR SpMV ... done
2-Norm between CPU and GPU answers: 4.343429e+05
Result file name: ./test.mtx ... file saved
Module		Time
Load		0.572823
Convert		0.025792
CPU SpMV	0.023073
GPU Alloc	0.235820
GPU SpMV	0.066442
GPU ELL SpMV	0.052669
Store		0.524342
