-----------------------------------------------------
Matrix name:     cant/cant.mtx
Matrix size:     62451 x 62451 => 2034917
-----------------------------------------------------
Is matrix:       1
Is sparse:       1
-----------------------------------------------------
Is complex:      0
Is real:         1
Is integer:      0
Is pattern only: 0
-----------------------------------------------------
Is general:      0
Is symmetric:    1
Is skewed:       0
Is hermitian:    0
-----------------------------------------------------
Matrix file name: cant/cant.mtx ... file loaded.
Expanding symmetric matrix ... done
  Total # of non-zeros is 4007383
Converting COO to CSR...done
Vector file name: cant/b.mtx ... file loaded
Executing GPU CSR SpMV ... 
  Pinned Device to Host bandwidth (GB/s): 2.105313
  Pinned Device to Host bandwidth (GB/s): 4.810923
  Pinned Device to Host bandwidth (GB/s): 6.518699
  Pinned Device to Host bandwidth (GB/s): 8.389441
  Exec time (per itr): 0.00066324 s
  Pinned Host to Device bandwidth (GB/s): 2.027103
Executing GPU ELL SpMV ... 
  Pinned Device to Host bandwidth (GB/s): 17.690217
  Pinned Device to Host bandwidth (GB/s): 12.658065
  Pinned Device to Host bandwidth (GB/s): 8.225896
  Exec time (per itr): 0.00052934 s
  Pinned Host to Device bandwidth (GB/s): 1.353042
Calculating CPU CSR SpMV ... done
2-Norm between CPU and GPU answers: 4.343429e+05
Result file name: ./test.mtx ... file saved
Module		Time
Load		0.560424
Convert		0.025669
CPU SpMV	0.023979
GPU Alloc	0.232719
GPU SpMV	0.066335
GPU ELL SpMV	0.052949
Store		0.100268
