-----------------------------------------------------
Matrix name:     cant/cant.mtx
Matrix size:     62451 x 62451 => 2034917
-----------------------------------------------------
Is matrix:       1
Is sparse:       1
-----------------------------------------------------
Is complex:      0
Is real:         1
Is integer:      0
Is pattern only: 0
-----------------------------------------------------
Is general:      0
Is symmetric:    1
Is skewed:       0
Is hermitian:    0
-----------------------------------------------------
Matrix file name: cant/cant.mtx ... file loaded.
Expanding symmetric matrix ... done
  Total # of non-zeros is 4007383
Converting COO to CSR...done
Vector file name: cant/b.mtx ... file loaded
Executing GPU CSR SpMV ... 
  Pinned Device to Host bandwidth (GB/s): 2.137011
  Pinned Device to Host bandwidth (GB/s): 4.771785
  Pinned Device to Host bandwidth (GB/s): 6.985934
  Pinned Device to Host bandwidth (GB/s): 8.114735
  Exec time (per itr): 0.00066317 s
  Pinned Host to Device bandwidth (GB/s): 2.237425
Executing GPU ELL SpMV ... 
  Pinned Device to Host bandwidth (GB/s): 17.178650
  Pinned Device to Host bandwidth (GB/s): 19.238460
  Pinned Device to Host bandwidth (GB/s): 7.969755
  Exec time (per itr): 0.00052641 s
  Pinned Host to Device bandwidth (GB/s): 1.291805
Calculating CPU CSR SpMV ... done
2-Norm between CPU and GPU answers: 4.343429e+05
Result file name: ./test.mtx ... file saved
Module		Time
Load		0.570830
Convert		0.025134
CPU SpMV	0.022762
GPU Alloc	0.233827
GPU SpMV	0.066328
GPU ELL SpMV	0.052656
Store		0.101060
