-----------------------------------------------------
Matrix name:     cant/cant.mtx
Matrix size:     62451 x 62451 => 2034917
-----------------------------------------------------
Is matrix:       1
Is sparse:       1
-----------------------------------------------------
Is complex:      0
Is real:         1
Is integer:      0
Is pattern only: 0
-----------------------------------------------------
Is general:      0
Is symmetric:    1
Is skewed:       0
Is hermitian:    0
-----------------------------------------------------
Matrix file name: cant/cant.mtx ... file loaded.
Expanding symmetric matrix ... done
  Total # of non-zeros is 4007383
Converting COO to CSR...done
Vector file name: cant/b.mtx ... file loaded
Executing GPU CSR SpMV ... 
  Pinned Device to Host bandwidth (GB/s): 1.925154
  Pinned Device to Host bandwidth (GB/s): 4.460339
  Pinned Device to Host bandwidth (GB/s): 11.083713
  Pinned Device to Host bandwidth (GB/s): 7.542392
  Exec time (per itr): 0.00066189 s
  Pinned Host to Device bandwidth (GB/s): 2.214260
Executing GPU ELL SpMV ... 
  Pinned Device to Host bandwidth (GB/s): 14.448361
  Pinned Device to Host bandwidth (GB/s): 9.065152
  Pinned Device to Host bandwidth (GB/s): 7.706194
  Exec time (per itr): 0.00052306 s
  Pinned Host to Device bandwidth (GB/s): 2.140786
Calculating CPU CSR SpMV ... done
2-Norm between CPU and GPU answers: 4.343429e+05
Result file name: ./test.mtx ... file saved
Module		Time
Load		0.585037
Convert		0.026559
CPU SpMV	0.021988
GPU Alloc	0.263312
GPU SpMV	0.066200
GPU ELL SpMV	0.052318
Store		0.440825
