-----------------------------------------------------
Matrix name:     cant/cant.mtx
Matrix size:     62451 x 62451 => 2034917
-----------------------------------------------------
Is matrix:       1
Is sparse:       1
-----------------------------------------------------
Is complex:      0
Is real:         1
Is integer:      0
Is pattern only: 0
-----------------------------------------------------
Is general:      0
Is symmetric:    1
Is skewed:       0
Is hermitian:    0
-----------------------------------------------------
Matrix file name: cant/cant.mtx ... file loaded.
Expanding symmetric matrix ... done
  Total # of non-zeros is 4007383
Converting COO to CSR...done
Vector file name: cant/b.mtx ... file loaded
Executing GPU CSR SpMV ... 
  Pinned Device to Host bandwidth (GB/s): 2.094018
  Pinned Device to Host bandwidth (GB/s): 4.821248
  Pinned Device to Host bandwidth (GB/s): 6.947661
  Pinned Device to Host bandwidth (GB/s): 8.269465
  Exec time (per itr): 0.00066574 s
  Pinned Host to Device bandwidth (GB/s): 2.116409
Executing GPU ELL SpMV ... 
  Pinned Device to Host bandwidth (GB/s): 16.728865
  Pinned Device to Host bandwidth (GB/s): 19.152831
  Pinned Device to Host bandwidth (GB/s): 8.152872
  Exec time (per itr): 0.00052770 s
  Pinned Host to Device bandwidth (GB/s): 1.278895
Calculating CPU CSR SpMV ... done
2-Norm between CPU and GPU answers: 4.343429e+05
Result file name: ./test.mtx ... file saved
Module		Time
Load		0.562414
Convert		0.025701
CPU SpMV	0.022820
GPU Alloc	0.233956
GPU SpMV	0.066584
GPU ELL SpMV	0.052787
Store		0.050346
