-----------------------------------------------------
Matrix name:     cant/cant.mtx
Matrix size:     62451 x 62451 => 2034917
-----------------------------------------------------
Is matrix:       1
Is sparse:       1
-----------------------------------------------------
Is complex:      0
Is real:         1
Is integer:      0
Is pattern only: 0
-----------------------------------------------------
Is general:      0
Is symmetric:    1
Is skewed:       0
Is hermitian:    0
-----------------------------------------------------
Matrix file name: cant/cant.mtx ... file loaded.
Expanding symmetric matrix ... done
  Total # of non-zeros is 4007383
Converting COO to CSR...done
Vector file name: cant/b.mtx ... file loaded
Executing GPU CSR SpMV ... 
  Pinned Device to Host bandwidth (GB/s): 2.015101
  Pinned Device to Host bandwidth (GB/s): 4.041721
  Pinned Device to Host bandwidth (GB/s): 5.039567
  Pinned Device to Host bandwidth (GB/s): 7.395902
  Exec time (per itr): 0.00019403 s
  Pinned Host to Device bandwidth (GB/s): 2.304125
Executing GPU ELL SpMV ... 
  Pinned Device to Host bandwidth (GB/s): 13.305448
  Pinned Device to Host bandwidth (GB/s): 11.641393
  Pinned Device to Host bandwidth (GB/s): 7.388902
  Exec time (per itr): 0.00019226 s
  Pinned Host to Device bandwidth (GB/s): 2.372758
Calculating CPU CSR SpMV ... done
2-Norm between CPU and GPU answers: 4.343429e+05
Result file name: ./test.mtx ... file saved
Module		Time
Load		0.581984
Convert		0.026233
CPU SpMV	0.023162
GPU Alloc	0.249077
GPU SpMV	0.019417
GPU ELL SpMV	0.019243
Store		0.023621
