-----------------------------------------------------
Matrix name:     cant/cant.mtx
Matrix size:     62451 x 62451 => 2034917
-----------------------------------------------------
Is matrix:       1
Is sparse:       1
-----------------------------------------------------
Is complex:      0
Is real:         1
Is integer:      0
Is pattern only: 0
-----------------------------------------------------
Is general:      0
Is symmetric:    1
Is skewed:       0
Is hermitian:    0
-----------------------------------------------------
Matrix file name: cant/cant.mtx ... file loaded.
Expanding symmetric matrix ... done
  Total # of non-zeros is 4007383
Converting COO to CSR...done
Vector file name: cant/b.mtx ... file loaded
Executing GPU CSR SpMV ... 
  Pinned Device to Host bandwidth (GB/s): 2.165465
  Pinned Device to Host bandwidth (GB/s): 4.788022
  Pinned Device to Host bandwidth (GB/s): 6.217817
  Pinned Device to Host bandwidth (GB/s): 7.853496
  Exec time (per itr): 0.00066394 s
  Pinned Host to Device bandwidth (GB/s): 2.125919
Executing GPU ELL SpMV ... 
  Pinned Device to Host bandwidth (GB/s): 17.236518
  Pinned Device to Host bandwidth (GB/s): 19.180886
  Pinned Device to Host bandwidth (GB/s): 8.221564
  Exec time (per itr): 0.00052631 s
  Pinned Host to Device bandwidth (GB/s): 1.319313
Calculating CPU CSR SpMV ... done
2-Norm between CPU and GPU answers: 4.343429e+05
Result file name: ./test.mtx ... file saved
Module		Time
Load		0.601608
Convert		0.026459
CPU SpMV	0.022946
GPU Alloc	0.241415
GPU SpMV	0.066404
GPU ELL SpMV	0.052647
Store		0.026513
