-----------------------------------------------------
Matrix name:     cant/cant.mtx
Matrix size:     62451 x 62451 => 2034917
-----------------------------------------------------
Is matrix:       1
Is sparse:       1
-----------------------------------------------------
Is complex:      0
Is real:         1
Is integer:      0
Is pattern only: 0
-----------------------------------------------------
Is general:      0
Is symmetric:    1
Is skewed:       0
Is hermitian:    0
-----------------------------------------------------
Matrix file name: cant/cant.mtx ... file loaded.
Expanding symmetric matrix ... done
  Total # of non-zeros is 4007383
Converting COO to CSR...done
Vector file name: cant/b.mtx ... file loaded
Executing GPU CSR SpMV ... 
  Pinned Device to Host bandwidth (GB/s): 1.964888
  Pinned Device to Host bandwidth (GB/s): 5.638357
  Pinned Device to Host bandwidth (GB/s): 6.869768
  Pinned Device to Host bandwidth (GB/s): 8.344602
  Exec time (per itr): 0.00066397 s
  Pinned Host to Device bandwidth (GB/s): 2.230393
Executing GPU ELL SpMV ... 
  Pinned Device to Host bandwidth (GB/s): 17.599204
  Pinned Device to Host bandwidth (GB/s): 19.160667
  Pinned Device to Host bandwidth (GB/s): 7.990149
  Exec time (per itr): 0.00052746 s
  Pinned Host to Device bandwidth (GB/s): 1.310344
Calculating CPU CSR SpMV ... done
2-Norm between CPU and GPU answers: 4.343429e+05
Result file name: ./test.mtx ... file saved
Module		Time
Load		0.560301
Convert		0.025607
CPU SpMV	0.022849
GPU Alloc	0.236603
GPU SpMV	0.066408
GPU ELL SpMV	0.052760
Store		0.457206
