-----------------------------------------------------
Matrix name:     cant/cant.mtx
Matrix size:     62451 x 62451 => 2034917
-----------------------------------------------------
Is matrix:       1
Is sparse:       1
-----------------------------------------------------
Is complex:      0
Is real:         1
Is integer:      0
Is pattern only: 0
-----------------------------------------------------
Is general:      0
Is symmetric:    1
Is skewed:       0
Is hermitian:    0
-----------------------------------------------------
Matrix file name: cant/cant.mtx ... file loaded.
Expanding symmetric matrix ... done
  Total # of non-zeros is 4007383
Converting COO to CSR...done
Vector file name: cant/b.mtx ... file loaded
Executing GPU CSR SpMV ... 
  Pinned Device to Host bandwidth (GB/s): 2.034002
  Pinned Device to Host bandwidth (GB/s): 4.043744
  Pinned Device to Host bandwidth (GB/s): 4.704120
  Pinned Device to Host bandwidth (GB/s): 7.354098
  Exec time (per itr): 0.00019415 s
  Pinned Host to Device bandwidth (GB/s): 2.348842
Executing GPU ELL SpMV ... 
  Pinned Device to Host bandwidth (GB/s): 12.767015
  Pinned Device to Host bandwidth (GB/s): 11.658445
  Pinned Device to Host bandwidth (GB/s): 7.323054
  Exec time (per itr): 0.00019219 s
  Pinned Host to Device bandwidth (GB/s): 2.361989
Calculating CPU CSR SpMV ... done
2-Norm between CPU and GPU answers: 4.343429e+05
Result file name: ./test.mtx ... file saved
Module		Time
Load		0.577285
Convert		0.026674
CPU SpMV	0.022296
GPU Alloc	0.254712
GPU SpMV	0.019431
GPU ELL SpMV	0.019235
Store		0.022445
