-----------------------------------------------------
Matrix name:     cant/cant.mtx
Matrix size:     62451 x 62451 => 2034917
-----------------------------------------------------
Is matrix:       1
Is sparse:       1
-----------------------------------------------------
Is complex:      0
Is real:         1
Is integer:      0
Is pattern only: 0
-----------------------------------------------------
Is general:      0
Is symmetric:    1
Is skewed:       0
Is hermitian:    0
-----------------------------------------------------
Matrix file name: cant/cant.mtx ... file loaded.
Expanding symmetric matrix ... done
  Total # of non-zeros is 4007383
Converting COO to CSR...done
Vector file name: cant/b.mtx ... file loaded
Executing GPU CSR SpMV ... 
  Pinned Device to Host bandwidth (GB/s): 2.069043
  Pinned Device to Host bandwidth (GB/s): 4.794162
  Pinned Device to Host bandwidth (GB/s): 18.718741
  Pinned Device to Host bandwidth (GB/s): 8.273847
  Exec time (per itr): 0.00065053 s
  Pinned Host to Device bandwidth (GB/s): 2.189727
Executing GPU ELL SpMV ... 
  Pinned Device to Host bandwidth (GB/s): 18.414602
  Pinned Device to Host bandwidth (GB/s): 19.145906
  Pinned Device to Host bandwidth (GB/s): 8.402987
  Exec time (per itr): 0.00057582 s
  Pinned Host to Device bandwidth (GB/s): 1.322778
Calculating CPU CSR SpMV ... done
2-Norm between CPU and GPU answers: 1.930045e+05
Result file name: ./test.mtx ... file saved
Module		Time
Load		0.587193
Convert		0.028129
CPU SpMV	0.024553
GPU Alloc	0.230979
GPU SpMV	0.065064
GPU ELL SpMV	0.057596
Store		0.025232
