-----------------------------------------------------
Matrix name:     cant/cant.mtx
Matrix size:     62451 x 62451 => 2034917
-----------------------------------------------------
Is matrix:       1
Is sparse:       1
-----------------------------------------------------
Is complex:      0
Is real:         1
Is integer:      0
Is pattern only: 0
-----------------------------------------------------
Is general:      0
Is symmetric:    1
Is skewed:       0
Is hermitian:    0
-----------------------------------------------------
Matrix file name: cant/cant.mtx ... file loaded.
Expanding symmetric matrix ... done
  Total # of non-zeros is 4007383
Converting COO to CSR...done
Vector file name: cant/b.mtx ... file loaded
Executing GPU CSR SpMV ... 
  Pinned Device to Host bandwidth (GB/s): 2.068495
  Pinned Device to Host bandwidth (GB/s): 4.838385
  Pinned Device to Host bandwidth (GB/s): 6.761964
  Pinned Device to Host bandwidth (GB/s): 8.187074
  Exec time (per itr): 0.00065059 s
  Pinned Host to Device bandwidth (GB/s): 2.229119
Executing GPU ELL SpMV ... 
  Pinned Device to Host bandwidth (GB/s): 16.866025
  Pinned Device to Host bandwidth (GB/s): 19.231776
  Pinned Device to Host bandwidth (GB/s): 8.295829
  Exec time (per itr): 0.00057836 s
  Pinned Host to Device bandwidth (GB/s): 1.304432
Calculating CPU CSR SpMV ... done
2-Norm between CPU and GPU answers: 1.930045e+05
Result file name: ./test.mtx ... file saved
Module		Time
Load		0.562073
Convert		0.025076
CPU SpMV	0.023048
GPU Alloc	0.231081
GPU SpMV	0.065070
GPU ELL SpMV	0.057855
Store		0.023519
