-----------------------------------------------------
Matrix name:     cant/cant.mtx
Matrix size:     62451 x 62451 => 2034917
-----------------------------------------------------
Is matrix:       1
Is sparse:       1
-----------------------------------------------------
Is complex:      0
Is real:         1
Is integer:      0
Is pattern only: 0
-----------------------------------------------------
Is general:      0
Is symmetric:    1
Is skewed:       0
Is hermitian:    0
-----------------------------------------------------
Matrix file name: cant/cant.mtx ... file loaded.
Expanding symmetric matrix ... done
  Total # of non-zeros is 4007383
Converting COO to CSR...done
Vector file name: cant/b.mtx ... file loaded
Executing GPU CSR SpMV ... 
  Pinned Device to Host bandwidth (GB/s): 1.972335
  Pinned Device to Host bandwidth (GB/s): 4.254303
  Pinned Device to Host bandwidth (GB/s): 11.113714
  Pinned Device to Host bandwidth (GB/s): 7.452387
  Exec time (per itr): 0.00018858 s
  Pinned Host to Device bandwidth (GB/s): 2.258462
Executing GPU ELL SpMV ... 
  Pinned Device to Host bandwidth (GB/s): 14.701981
  Pinned Device to Host bandwidth (GB/s): 11.620399
  Pinned Device to Host bandwidth (GB/s): 7.378426
  Exec time (per itr): 0.00020615 s
  Pinned Host to Device bandwidth (GB/s): 2.318152
Calculating CPU CSR SpMV ... done
2-Norm between CPU and GPU answers: 1.930045e+05
Result file name: ./test.mtx ... file saved
Module		Time
Load		0.583654
Convert		0.028150
CPU SpMV	0.024023
GPU Alloc	0.243941
GPU SpMV	0.018872
GPU ELL SpMV	0.020631
Store		0.438546
