-----------------------------------------------------
Matrix name:     cant/cant.mtx
Matrix size:     62451 x 62451 => 2034917
-----------------------------------------------------
Is matrix:       1
Is sparse:       1
-----------------------------------------------------
Is complex:      0
Is real:         1
Is integer:      0
Is pattern only: 0
-----------------------------------------------------
Is general:      0
Is symmetric:    1
Is skewed:       0
Is hermitian:    0
-----------------------------------------------------
Matrix file name: cant/cant.mtx ... file loaded.
Expanding symmetric matrix ... done
  Total # of non-zeros is 4007383
Converting COO to CSR...done
Vector file name: cant/b.mtx ... file loaded
Executing GPU CSR SpMV ... 
  Pinned Device to Host bandwidth (GB/s): 2.044657
  Pinned Device to Host bandwidth (GB/s): 4.060856
  Pinned Device to Host bandwidth (GB/s): 5.080173
  Pinned Device to Host bandwidth (GB/s): 11.018172
  Exec time (per itr): 0.00018867 s
  Pinned Host to Device bandwidth (GB/s): 2.683987
Executing GPU ELL SpMV ... 
  Pinned Device to Host bandwidth (GB/s): 18.006720
  Pinned Device to Host bandwidth (GB/s): 18.238647
  Pinned Device to Host bandwidth (GB/s): 10.857267
  Exec time (per itr): 0.00020511 s
  Pinned Host to Device bandwidth (GB/s): 2.593911
Calculating CPU CSR SpMV ... done
2-Norm between CPU and GPU answers: 1.930045e+05
Result file name: ./test.mtx ... file saved
Module		Time
Load		0.582298
Convert		0.029521
CPU SpMV	0.021806
GPU Alloc	0.253497
GPU SpMV	0.018881
GPU ELL SpMV	0.020528
Store		0.505971
