-----------------------------------------------------
Matrix name:     cant/cant.mtx
Matrix size:     62451 x 62451 => 2034917
-----------------------------------------------------
Is matrix:       1
Is sparse:       1
-----------------------------------------------------
Is complex:      0
Is real:         1
Is integer:      0
Is pattern only: 0
-----------------------------------------------------
Is general:      0
Is symmetric:    1
Is skewed:       0
Is hermitian:    0
-----------------------------------------------------
Matrix file name: cant/cant.mtx ... file loaded.
Expanding symmetric matrix ... done
  Total # of non-zeros is 4007383
Converting COO to CSR...done
Vector file name: cant/b.mtx ... file loaded
Executing GPU CSR SpMV ... 
  Pinned Device to Host bandwidth (GB/s): 1.876112
  Pinned Device to Host bandwidth (GB/s): 4.245325
  Pinned Device to Host bandwidth (GB/s): 11.096727
  Pinned Device to Host bandwidth (GB/s): 7.524217
  Exec time (per itr): 0.00064888 s
  Pinned Host to Device bandwidth (GB/s): 2.272268
Executing GPU ELL SpMV ... 
  Pinned Device to Host bandwidth (GB/s): 14.454191
  Pinned Device to Host bandwidth (GB/s): 11.652198
  Pinned Device to Host bandwidth (GB/s): 7.295678
  Exec time (per itr): 0.00057846 s
  Pinned Host to Device bandwidth (GB/s): 1.270672
Calculating CPU CSR SpMV ... done
2-Norm between CPU and GPU answers: 1.930045e+05
Result file name: ./test.mtx ... file saved
Module		Time
Load		0.620329
Convert		0.029329
CPU SpMV	0.025799
GPU Alloc	0.262718
GPU SpMV	0.064898
GPU ELL SpMV	0.057862
Store		0.071272
