-----------------------------------------------------
Matrix name:     cant/cant.mtx
Matrix size:     62451 x 62451 => 2034917
-----------------------------------------------------
Is matrix:       1
Is sparse:       1
-----------------------------------------------------
Is complex:      0
Is real:         1
Is integer:      0
Is pattern only: 0
-----------------------------------------------------
Is general:      0
Is symmetric:    1
Is skewed:       0
Is hermitian:    0
-----------------------------------------------------
Matrix file name: cant/cant.mtx ... file loaded.
Expanding symmetric matrix ... done
  Total # of non-zeros is 4007383
Converting COO to CSR...done
Vector file name: cant/b.mtx ... file loaded
Executing GPU CSR SpMV ... 
  Pinned Device to Host bandwidth (GB/s): 1.853835
  Pinned Device to Host bandwidth (GB/s): 4.241371
  Pinned Device to Host bandwidth (GB/s): 11.082487
  Pinned Device to Host bandwidth (GB/s): 7.406428
  Exec time (per itr): 0.00064884 s
  Pinned Host to Device bandwidth (GB/s): 2.194960
Executing GPU ELL SpMV ... 
  Pinned Device to Host bandwidth (GB/s): 14.408700
  Pinned Device to Host bandwidth (GB/s): 11.658333
  Pinned Device to Host bandwidth (GB/s): 7.463073
  Exec time (per itr): 0.00057890 s
  Pinned Host to Device bandwidth (GB/s): 1.261942
Calculating CPU CSR SpMV ... done
2-Norm between CPU and GPU answers: 1.930045e+05
Result file name: ./test.mtx ... file saved
Module		Time
Load		0.587460
Convert		0.028034
CPU SpMV	0.024434
GPU Alloc	0.341016
GPU SpMV	0.064894
GPU ELL SpMV	0.057908
Store		0.057263
