-----------------------------------------------------
Matrix name:     cant/cant.mtx
Matrix size:     62451 x 62451 => 2034917
-----------------------------------------------------
Is matrix:       1
Is sparse:       1
-----------------------------------------------------
Is complex:      0
Is real:         1
Is integer:      0
Is pattern only: 0
-----------------------------------------------------
Is general:      0
Is symmetric:    1
Is skewed:       0
Is hermitian:    0
-----------------------------------------------------
Matrix file name: cant/cant.mtx ... file loaded.
Expanding symmetric matrix ... done
  Total # of non-zeros is 4007383
Converting COO to CSR...done
Vector file name: cant/b.mtx ... file loaded
Executing GPU CSR SpMV ... 
  Pinned Device to Host bandwidth (GB/s): 2.024507
  Pinned Device to Host bandwidth (GB/s): 4.257774
  Pinned Device to Host bandwidth (GB/s): 11.100784
  Pinned Device to Host bandwidth (GB/s): 7.374941
  Exec time (per itr): 0.00018864 s
  Pinned Host to Device bandwidth (GB/s): 2.353444
Executing GPU ELL SpMV ... 
  Pinned Device to Host bandwidth (GB/s): 14.729366
  Pinned Device to Host bandwidth (GB/s): 11.728848
  Pinned Device to Host bandwidth (GB/s): 7.402916
  Exec time (per itr): 0.00020506 s
  Pinned Host to Device bandwidth (GB/s): 2.364852
Calculating CPU CSR SpMV ... done
2-Norm between CPU and GPU answers: 1.930045e+05
Result file name: ./test.mtx ... file saved
Module		Time
Load		0.581538
Convert		0.030960
CPU SpMV	0.022652
GPU Alloc	0.242672
GPU SpMV	0.018879
GPU ELL SpMV	0.020521
Store		0.409267
