-----------------------------------------------------
Matrix name:     cant/cant.mtx
Matrix size:     62451 x 62451 => 2034917
-----------------------------------------------------
Is matrix:       1
Is sparse:       1
-----------------------------------------------------
Is complex:      0
Is real:         1
Is integer:      0
Is pattern only: 0
-----------------------------------------------------
Is general:      0
Is symmetric:    1
Is skewed:       0
Is hermitian:    0
-----------------------------------------------------
Matrix file name: cant/cant.mtx ... file loaded.
Expanding symmetric matrix ... done
  Total # of non-zeros is 4007383
Converting COO to CSR...done
Vector file name: cant/b.mtx ... file loaded
Executing GPU CSR SpMV ... 
  Pinned Device to Host bandwidth (GB/s): 2.006812
  Pinned Device to Host bandwidth (GB/s): 4.098300
  Pinned Device to Host bandwidth (GB/s): 11.090216
  Pinned Device to Host bandwidth (GB/s): 7.333373
  Exec time (per itr): 0.00018863 s
  Pinned Host to Device bandwidth (GB/s): 2.225306
Executing GPU ELL SpMV ... 
  Pinned Device to Host bandwidth (GB/s): 15.850920
  Pinned Device to Host bandwidth (GB/s): 11.258362
  Pinned Device to Host bandwidth (GB/s): 7.265123
  Exec time (per itr): 0.00020515 s
  Pinned Host to Device bandwidth (GB/s): 2.404921
Calculating CPU CSR SpMV ... done
2-Norm between CPU and GPU answers: 1.930045e+05
Result file name: ./test.mtx ... file saved
Module		Time
Load		0.599889
Convert		0.030285
CPU SpMV	0.024506
GPU Alloc	0.239974
GPU SpMV	0.018876
GPU ELL SpMV	0.020532
Store		0.418041
