-----------------------------------------------------
Matrix name:     cant/cant.mtx
Matrix size:     62451 x 62451 => 2034917
-----------------------------------------------------
Is matrix:       1
Is sparse:       1
-----------------------------------------------------
Is complex:      0
Is real:         1
Is integer:      0
Is pattern only: 0
-----------------------------------------------------
Is general:      0
Is symmetric:    1
Is skewed:       0
Is hermitian:    0
-----------------------------------------------------
Matrix file name: cant/cant.mtx ... file loaded.
Expanding symmetric matrix ... done
  Total # of non-zeros is 4007383
Converting COO to CSR...done
Vector file name: cant/b.mtx ... file loaded
Executing GPU CSR SpMV ... 
  Pinned Device to Host bandwidth (GB/s): 1.888365
  Pinned Device to Host bandwidth (GB/s): 4.232519
  Pinned Device to Host bandwidth (GB/s): 11.064983
  Pinned Device to Host bandwidth (GB/s): 7.427569
  Exec time (per itr): 0.00064912 s
  Pinned Host to Device bandwidth (GB/s): 2.186353
Executing GPU ELL SpMV ... 
  Pinned Device to Host bandwidth (GB/s): 14.672223
  Pinned Device to Host bandwidth (GB/s): 11.718915
  Pinned Device to Host bandwidth (GB/s): 7.438185
  Exec time (per itr): 0.00057745 s
  Pinned Host to Device bandwidth (GB/s): 1.306178
Calculating CPU CSR SpMV ... done
2-Norm between CPU and GPU answers: 1.930045e+05
Result file name: ./test.mtx ... file saved
Module		Time
Load		0.589219
Convert		0.027833
CPU SpMV	0.024649
GPU Alloc	0.321216
GPU SpMV	0.064922
GPU ELL SpMV	0.057762
Store		0.047449
