-----------------------------------------------------
Matrix name:     cant/cant.mtx
Matrix size:     62451 x 62451 => 2034917
-----------------------------------------------------
Is matrix:       1
Is sparse:       1
-----------------------------------------------------
Is complex:      0
Is real:         1
Is integer:      0
Is pattern only: 0
-----------------------------------------------------
Is general:      0
Is symmetric:    1
Is skewed:       0
Is hermitian:    0
-----------------------------------------------------
Matrix file name: cant/cant.mtx ... file loaded.
Expanding symmetric matrix ... done
  Total # of non-zeros is 4007383
Converting COO to CSR...done
Vector file name: cant/b.mtx ... file loaded
Executing GPU CSR SpMV ... 
  Pinned Device to Host bandwidth (GB/s): 2.100780
  Pinned Device to Host bandwidth (GB/s): 4.802712
  Pinned Device to Host bandwidth (GB/s): 6.950456
  Pinned Device to Host bandwidth (GB/s): 7.642071
  Exec time (per itr): 0.00065199 s
  Pinned Host to Device bandwidth (GB/s): 2.187885
Executing GPU ELL SpMV ... 
  Pinned Device to Host bandwidth (GB/s): 16.716924
  Pinned Device to Host bandwidth (GB/s): 19.138685
  Pinned Device to Host bandwidth (GB/s): 7.597445
  Exec time (per itr): 0.00057721 s
  Pinned Host to Device bandwidth (GB/s): 1.299114
Calculating CPU CSR SpMV ... done
2-Norm between CPU and GPU answers: 1.930045e+05
Result file name: ./test.mtx ... file saved
Module		Time
Load		0.587195
Convert		0.025215
CPU SpMV	0.023341
GPU Alloc	0.271428
GPU SpMV	0.065212
GPU ELL SpMV	0.057736
Store		0.030429
