-----------------------------------------------------
Matrix name:     cant/cant.mtx
Matrix size:     62451 x 62451 => 2034917
-----------------------------------------------------
Is matrix:       1
Is sparse:       1
-----------------------------------------------------
Is complex:      0
Is real:         1
Is integer:      0
Is pattern only: 0
-----------------------------------------------------
Is general:      0
Is symmetric:    1
Is skewed:       0
Is hermitian:    0
-----------------------------------------------------
Matrix file name: cant/cant.mtx ... file loaded.
Expanding symmetric matrix ... done
  Total # of non-zeros is 4007383
Converting COO to CSR...done
Vector file name: cant/b.mtx ... file loaded
Executing GPU CSR SpMV ... 
  Pinned Device to Host bandwidth (GB/s): 1.872511
  Pinned Device to Host bandwidth (GB/s): 4.137089
  Pinned Device to Host bandwidth (GB/s): 11.025894
  Pinned Device to Host bandwidth (GB/s): 7.513354
  Exec time (per itr): 0.00064893 s
  Pinned Host to Device bandwidth (GB/s): 2.276907
Executing GPU ELL SpMV ... 
  Pinned Device to Host bandwidth (GB/s): 14.276606
  Pinned Device to Host bandwidth (GB/s): 11.714631
  Pinned Device to Host bandwidth (GB/s): 7.721439
  Exec time (per itr): 0.00057899 s
  Pinned Host to Device bandwidth (GB/s): 1.260414
Calculating CPU CSR SpMV ... done
2-Norm between CPU and GPU answers: 1.930045e+05
Result file name: ./test.mtx ... file saved
Module		Time
Load		0.607613
Convert		0.027008
CPU SpMV	0.025396
GPU Alloc	0.268284
GPU SpMV	0.064904
GPU ELL SpMV	0.057913
Store		0.069241
