-----------------------------------------------------
Matrix name:     cant/cant.mtx
Matrix size:     62451 x 62451 => 2034917
-----------------------------------------------------
Is matrix:       1
Is sparse:       1
-----------------------------------------------------
Is complex:      0
Is real:         1
Is integer:      0
Is pattern only: 0
-----------------------------------------------------
Is general:      0
Is symmetric:    1
Is skewed:       0
Is hermitian:    0
-----------------------------------------------------
Matrix file name: cant/cant.mtx ... file loaded.
Expanding symmetric matrix ... done
  Total # of non-zeros is 4007383
Converting COO to CSR...done
Vector file name: cant/b.mtx ... file loaded
Executing GPU CSR SpMV ... 
  Pinned Device to Host bandwidth (GB/s): 1.714207
  Pinned Device to Host bandwidth (GB/s): 4.240437
  Pinned Device to Host bandwidth (GB/s): 11.101645
  Pinned Device to Host bandwidth (GB/s): 7.736744
  Exec time (per itr): 0.00064885 s
  Pinned Host to Device bandwidth (GB/s): 2.216461
Executing GPU ELL SpMV ... 
  Pinned Device to Host bandwidth (GB/s): 14.427136
  Pinned Device to Host bandwidth (GB/s): 11.663134
  Pinned Device to Host bandwidth (GB/s): 7.319620
  Exec time (per itr): 0.00057779 s
  Pinned Host to Device bandwidth (GB/s): 1.302148
Calculating CPU CSR SpMV ... done
2-Norm between CPU and GPU answers: 1.930045e+05
Result file name: ./test.mtx ... file saved
Module		Time
Load		0.591410
Convert		0.028527
CPU SpMV	0.024637
GPU Alloc	0.264715
GPU SpMV	0.064895
GPU ELL SpMV	0.057794
Store		0.221462
