-----------------------------------------------------
Matrix name:     cant/cant.mtx
Matrix size:     62451 x 62451 => 2034917
-----------------------------------------------------
Is matrix:       1
Is sparse:       1
-----------------------------------------------------
Is complex:      0
Is real:         1
Is integer:      0
Is pattern only: 0
-----------------------------------------------------
Is general:      0
Is symmetric:    1
Is skewed:       0
Is hermitian:    0
-----------------------------------------------------
Matrix file name: cant/cant.mtx ... file loaded.
Expanding symmetric matrix ... done
  Total # of non-zeros is 4007383
Converting COO to CSR...done
Vector file name: cant/b.mtx ... file loaded
Executing GPU CSR SpMV ... 
  Pinned Device to Host bandwidth (GB/s): 2.132341
  Pinned Device to Host bandwidth (GB/s): 4.782126
  Pinned Device to Host bandwidth (GB/s): 6.724564
  Pinned Device to Host bandwidth (GB/s): 7.981979
  Exec time (per itr): 0.00065013 s
  Pinned Host to Device bandwidth (GB/s): 2.229756
Executing GPU ELL SpMV ... 
  Pinned Device to Host bandwidth (GB/s): 16.697212
  Pinned Device to Host bandwidth (GB/s): 19.122756
  Pinned Device to Host bandwidth (GB/s): 7.917216
  Exec time (per itr): 0.00057736 s
  Pinned Host to Device bandwidth (GB/s): 1.272225
Calculating CPU CSR SpMV ... done
2-Norm between CPU and GPU answers: 1.930045e+05
Result file name: ./test.mtx ... file saved
Module		Time
Load		0.567807
Convert		0.025245
CPU SpMV	0.023655
GPU Alloc	0.235279
GPU SpMV	0.065029
GPU ELL SpMV	0.057754
Store		0.023635
