-----------------------------------------------------
Matrix name:     cant/cant.mtx
Matrix size:     62451 x 62451 => 2034917
-----------------------------------------------------
Is matrix:       1
Is sparse:       1
-----------------------------------------------------
Is complex:      0
Is real:         1
Is integer:      0
Is pattern only: 0
-----------------------------------------------------
Is general:      0
Is symmetric:    1
Is skewed:       0
Is hermitian:    0
-----------------------------------------------------
Matrix file name: cant/cant.mtx ... file loaded.
Expanding symmetric matrix ... done
  Total # of non-zeros is 4007383
Converting COO to CSR...done
Vector file name: cant/b.mtx ... file loaded
Executing GPU CSR SpMV ... 
  Pinned Device to Host bandwidth (GB/s): 2.073990
  Pinned Device to Host bandwidth (GB/s): 4.263282
  Pinned Device to Host bandwidth (GB/s): 4.869096
  Pinned Device to Host bandwidth (GB/s): 11.018172
  Exec time (per itr): 0.00018861 s
  Pinned Host to Device bandwidth (GB/s): 2.613887
Executing GPU ELL SpMV ... 
  Pinned Device to Host bandwidth (GB/s): 18.362956
  Pinned Device to Host bandwidth (GB/s): 18.223363
  Pinned Device to Host bandwidth (GB/s): 10.872389
  Exec time (per itr): 0.00020516 s
  Pinned Host to Device bandwidth (GB/s): 2.647575
Calculating CPU CSR SpMV ... done
2-Norm between CPU and GPU answers: 1.930045e+05
Result file name: ./test.mtx ... file saved
Module		Time
Load		0.581313
Convert		0.028704
CPU SpMV	0.021489
GPU Alloc	0.244777
GPU SpMV	0.018875
GPU ELL SpMV	0.020533
Store		0.394441
