-----------------------------------------------------
Matrix name:     cant/cant.mtx
Matrix size:     62451 x 62451 => 2034917
-----------------------------------------------------
Is matrix:       1
Is sparse:       1
-----------------------------------------------------
Is complex:      0
Is real:         1
Is integer:      0
Is pattern only: 0
-----------------------------------------------------
Is general:      0
Is symmetric:    1
Is skewed:       0
Is hermitian:    0
-----------------------------------------------------
Matrix file name: cant/cant.mtx ... file loaded.
Expanding symmetric matrix ... done
  Total # of non-zeros is 4007383
Converting COO to CSR...done
Vector file name: cant/b.mtx ... file loaded
Executing GPU CSR SpMV ... 
  Pinned Device to Host bandwidth (GB/s): 1.950650
  Pinned Device to Host bandwidth (GB/s): 4.044528
  Pinned Device to Host bandwidth (GB/s): 4.983762
  Pinned Device to Host bandwidth (GB/s): 6.951358
  Exec time (per itr): 0.00011749 s
  Pinned Host to Device bandwidth (GB/s): 2.369877
Executing GPU ELL SpMV ... 
  Pinned Device to Host bandwidth (GB/s): 14.328679
  Pinned Device to Host bandwidth (GB/s): 11.708549
  Pinned Device to Host bandwidth (GB/s): 7.174977
  Exec time (per itr): 0.00018323 s
  Pinned Host to Device bandwidth (GB/s): 2.363778
Calculating CPU CSR SpMV ... done
2-Norm between CPU and GPU answers: 1.769595e-10
Result file name: ./test.mtx ... file saved
Module		Time
Load		0.621108
Convert		0.028148
CPU SpMV	0.025453
GPU Alloc	0.282727
GPU SpMV	0.011765
GPU ELL SpMV	0.018343
Store		0.021559
