-----------------------------------------------------
Matrix name:     cant/cant.mtx
Matrix size:     62451 x 62451 => 2034917
-----------------------------------------------------
Is matrix:       1
Is sparse:       1
-----------------------------------------------------
Is complex:      0
Is real:         1
Is integer:      0
Is pattern only: 0
-----------------------------------------------------
Is general:      0
Is symmetric:    1
Is skewed:       0
Is hermitian:    0
-----------------------------------------------------
Matrix file name: cant/cant.mtx ... file loaded.
Expanding symmetric matrix ... done
  Total # of non-zeros is 4007383
Converting COO to CSR...done
Vector file name: cant/b.mtx ... file loaded
Executing GPU CSR SpMV ... 
  Pinned Device to Host bandwidth (GB/s): 2.019271
  Pinned Device to Host bandwidth (GB/s): 4.344668
  Pinned Device to Host bandwidth (GB/s): 6.365533
  Pinned Device to Host bandwidth (GB/s): 8.006539
  Exec time (per itr): 0.00075147 s
  Pinned Host to Device bandwidth (GB/s): 2.172360
Executing GPU ELL SpMV ... 
  Pinned Device to Host bandwidth (GB/s): 16.906768
  Pinned Device to Host bandwidth (GB/s): 19.117354
  Pinned Device to Host bandwidth (GB/s): 8.559622
  Exec time (per itr): 0.00119729 s
  Pinned Host to Device bandwidth (GB/s): 1.324349
Calculating CPU CSR SpMV ... done
2-Norm between CPU and GPU answers: 1.769595e-10
Result file name: ./test.mtx ... file saved
Module		Time
Load		0.566831
Convert		0.027184
CPU SpMV	0.022846
GPU Alloc	0.210834
GPU SpMV	0.075158
GPU ELL SpMV	0.119742
Store		0.027933
