-----------------------------------------------------
Matrix name:     cant/cant.mtx
Matrix size:     62451 x 62451 => 2034917
-----------------------------------------------------
Is matrix:       1
Is sparse:       1
-----------------------------------------------------
Is complex:      0
Is real:         1
Is integer:      0
Is pattern only: 0
-----------------------------------------------------
Is general:      0
Is symmetric:    1
Is skewed:       0
Is hermitian:    0
-----------------------------------------------------
Matrix file name: cant/cant.mtx ... file loaded.
Expanding symmetric matrix ... done
  Total # of non-zeros is 4007383
Converting COO to CSR...done
Vector file name: cant/b.mtx ... file loaded
Executing GPU CSR SpMV ... 
  Pinned Device to Host bandwidth (GB/s): 1.820121
  Pinned Device to Host bandwidth (GB/s): 4.353504
  Pinned Device to Host bandwidth (GB/s): 6.597992
  Pinned Device to Host bandwidth (GB/s): 8.554931
  Exec time (per itr): 0.00075091 s
  Pinned Host to Device bandwidth (GB/s): 2.197122
Executing GPU ELL SpMV ... 
  Pinned Device to Host bandwidth (GB/s): 19.444269
  Pinned Device to Host bandwidth (GB/s): 19.173337
  Pinned Device to Host bandwidth (GB/s): 8.425661
  Exec time (per itr): 0.00119703 s
  Pinned Host to Device bandwidth (GB/s): 1.336937
Calculating CPU CSR SpMV ... done
2-Norm between CPU and GPU answers: 1.769595e-10
Result file name: ./test.mtx ... file saved
Module		Time
Load		0.561470
Convert		0.026097
CPU SpMV	0.038245
GPU Alloc	0.229008
GPU SpMV	0.075102
GPU ELL SpMV	0.119715
Store		0.148553
