-----------------------------------------------------
Matrix name:     cant/cant.mtx
Matrix size:     62451 x 62451 => 2034917
-----------------------------------------------------
Is matrix:       1
Is sparse:       1
-----------------------------------------------------
Is complex:      0
Is real:         1
Is integer:      0
Is pattern only: 0
-----------------------------------------------------
Is general:      0
Is symmetric:    1
Is skewed:       0
Is hermitian:    0
-----------------------------------------------------
Matrix file name: cant/cant.mtx ... file loaded.
Expanding symmetric matrix ... done
  Total # of non-zeros is 4007383
Converting COO to CSR...done
Vector file name: cant/b.mtx ... file loaded
Executing GPU CSR SpMV ... 
  Pinned Device to Host bandwidth (GB/s): 1.872961
  Pinned Device to Host bandwidth (GB/s): 4.358883
  Pinned Device to Host bandwidth (GB/s): 6.326381
  Pinned Device to Host bandwidth (GB/s): 8.712472
  Exec time (per itr): 0.00075150 s
  Pinned Host to Device bandwidth (GB/s): 2.184518
Executing GPU ELL SpMV ... 
  Pinned Device to Host bandwidth (GB/s): 17.311497
  Pinned Device to Host bandwidth (GB/s): 19.138685
  Pinned Device to Host bandwidth (GB/s): 8.475977
  Exec time (per itr): 0.00119725 s
  Pinned Host to Device bandwidth (GB/s): 1.312658
Calculating CPU CSR SpMV ... done
2-Norm between CPU and GPU answers: 1.769595e-10
Result file name: ./test.mtx ... file saved
Module		Time
Load		0.574541
Convert		0.027259
CPU SpMV	0.022577
GPU Alloc	0.208112
GPU SpMV	0.075161
GPU ELL SpMV	0.119737
Store		0.028238
