-----------------------------------------------------
Matrix name:     cant/cant.mtx
Matrix size:     62451 x 62451 => 2034917
-----------------------------------------------------
Is matrix:       1
Is sparse:       1
-----------------------------------------------------
Is complex:      0
Is real:         1
Is integer:      0
Is pattern only: 0
-----------------------------------------------------
Is general:      0
Is symmetric:    1
Is skewed:       0
Is hermitian:    0
-----------------------------------------------------
Matrix file name: cant/cant.mtx ... file loaded.
Expanding symmetric matrix ... done
  Total # of non-zeros is 4007383
Converting COO to CSR...done
Vector file name: cant/b.mtx ... file loaded
Executing GPU CSR SpMV ... 
  Pinned Device to Host bandwidth (GB/s): 1.888822
  Pinned Device to Host bandwidth (GB/s): 4.246981
  Pinned Device to Host bandwidth (GB/s): 4.618482
  Pinned Device to Host bandwidth (GB/s): 7.642071
  Exec time (per itr): 0.00074904 s
  Pinned Host to Device bandwidth (GB/s): 2.328871
Executing GPU ELL SpMV ... 
  Pinned Device to Host bandwidth (GB/s): 14.930173
  Pinned Device to Host bandwidth (GB/s): 11.728057
  Pinned Device to Host bandwidth (GB/s): 7.687223
  Exec time (per itr): 0.00121308 s
  Pinned Host to Device bandwidth (GB/s): 1.304541
Calculating CPU CSR SpMV ... done
2-Norm between CPU and GPU answers: 1.769595e-10
Result file name: ./test.mtx ... file saved
Module		Time
Load		0.640995
Convert		0.028623
CPU SpMV	0.025807
GPU Alloc	0.234716
GPU SpMV	0.074915
GPU ELL SpMV	0.121319
Store		0.067114
