-----------------------------------------------------
Matrix name:     cant/cant.mtx
Matrix size:     62451 x 62451 => 2034917
-----------------------------------------------------
Is matrix:       1
Is sparse:       1
-----------------------------------------------------
Is complex:      0
Is real:         1
Is integer:      0
Is pattern only: 0
-----------------------------------------------------
Is general:      0
Is symmetric:    1
Is skewed:       0
Is hermitian:    0
-----------------------------------------------------
Matrix file name: cant/cant.mtx ... file loaded.
Expanding symmetric matrix ... done
  Total # of non-zeros is 4007383
Converting COO to CSR...done
Vector file name: cant/b.mtx ... file loaded
Executing GPU CSR SpMV ... 
  Pinned Device to Host bandwidth (GB/s): 1.913358
  Pinned Device to Host bandwidth (GB/s): 4.235740
  Pinned Device to Host bandwidth (GB/s): 5.140623
  Pinned Device to Host bandwidth (GB/s): 7.204776
  Exec time (per itr): 0.00011759 s
  Pinned Host to Device bandwidth (GB/s): 2.358778
Executing GPU ELL SpMV ... 
  Pinned Device to Host bandwidth (GB/s): 12.349354
  Pinned Device to Host bandwidth (GB/s): 11.665592
  Pinned Device to Host bandwidth (GB/s): 7.224780
  Exec time (per itr): 0.00018290 s
  Pinned Host to Device bandwidth (GB/s): 2.372398
Calculating CPU CSR SpMV ... done
2-Norm between CPU and GPU answers: 1.769595e-10
Result file name: ./test.mtx ... file saved
Module		Time
Load		0.578148
Convert		0.028774
CPU SpMV	0.023868
GPU Alloc	0.291487
GPU SpMV	0.011774
GPU ELL SpMV	0.018311
Store		0.021065
