-----------------------------------------------------
Matrix name:     cant/cant.mtx
Matrix size:     62451 x 62451 => 2034917
-----------------------------------------------------
Is matrix:       1
Is sparse:       1
-----------------------------------------------------
Is complex:      0
Is real:         1
Is integer:      0
Is pattern only: 0
-----------------------------------------------------
Is general:      0
Is symmetric:    1
Is skewed:       0
Is hermitian:    0
-----------------------------------------------------
Matrix file name: cant/cant.mtx ... file loaded.
Expanding symmetric matrix ... done
  Total # of non-zeros is 4007383
Converting COO to CSR...done
Vector file name: cant/b.mtx ... file loaded
Executing GPU CSR SpMV ... 
  Pinned Device to Host bandwidth (GB/s): 1.909146
  Pinned Device to Host bandwidth (GB/s): 3.861243
  Pinned Device to Host bandwidth (GB/s): 4.780870
  Pinned Device to Host bandwidth (GB/s): 7.204776
  Exec time (per itr): 0.00011753 s
  Pinned Host to Device bandwidth (GB/s): 2.311972
Executing GPU ELL SpMV ... 
  Pinned Device to Host bandwidth (GB/s): 9.387146
  Pinned Device to Host bandwidth (GB/s): 11.707874
  Pinned Device to Host bandwidth (GB/s): 7.218100
  Exec time (per itr): 0.00018321 s
  Pinned Host to Device bandwidth (GB/s): 2.185741
Calculating CPU CSR SpMV ... done
2-Norm between CPU and GPU answers: 1.769595e-10
Result file name: ./test.mtx ... file saved
Module		Time
Load		0.567839
Convert		0.027307
CPU SpMV	0.024483
GPU Alloc	0.283217
GPU SpMV	0.011768
GPU ELL SpMV	0.018340
Store		0.022969
