-----------------------------------------------------
Matrix name:     cant/cant.mtx
Matrix size:     62451 x 62451 => 2034917
-----------------------------------------------------
Is matrix:       1
Is sparse:       1
-----------------------------------------------------
Is complex:      0
Is real:         1
Is integer:      0
Is pattern only: 0
-----------------------------------------------------
Is general:      0
Is symmetric:    1
Is skewed:       0
Is hermitian:    0
-----------------------------------------------------
Matrix file name: cant/cant.mtx ... file loaded.
Expanding symmetric matrix ... done
  Total # of non-zeros is 4007383
Converting COO to CSR...done
Vector file name: cant/b.mtx ... file loaded
Executing GPU CSR SpMV ... 
  Pinned Device to Host bandwidth (GB/s): 1.989424
  Pinned Device to Host bandwidth (GB/s): 4.045443
  Pinned Device to Host bandwidth (GB/s): 11.127539
  Pinned Device to Host bandwidth (GB/s): 7.214765
  Exec time (per itr): 0.00011769 s
  Pinned Host to Device bandwidth (GB/s): 2.327482
Executing GPU ELL SpMV ... 
  Pinned Device to Host bandwidth (GB/s): 10.231504
  Pinned Device to Host bandwidth (GB/s): 11.700000
  Pinned Device to Host bandwidth (GB/s): 7.214765
  Exec time (per itr): 0.00018296 s
  Pinned Host to Device bandwidth (GB/s): 2.381808
Calculating CPU CSR SpMV ... done
2-Norm between CPU and GPU answers: 1.769595e-10
Result file name: ./test.mtx ... file saved
Module		Time
Load		0.569551
Convert		0.028177
CPU SpMV	0.023435
GPU Alloc	0.274548
GPU SpMV	0.011783
GPU ELL SpMV	0.018315
Store		0.021784
