-----------------------------------------------------
Matrix name:     cant/cant.mtx
Matrix size:     62451 x 62451 => 2034917
-----------------------------------------------------
Is matrix:       1
Is sparse:       1
-----------------------------------------------------
Is complex:      0
Is real:         1
Is integer:      0
Is pattern only: 0
-----------------------------------------------------
Is general:      0
Is symmetric:    1
Is skewed:       0
Is hermitian:    0
-----------------------------------------------------
Matrix file name: cant/cant.mtx ... file loaded.
Expanding symmetric matrix ... done
  Total # of non-zeros is 4007383
Converting COO to CSR...done
Vector file name: cant/b.mtx ... file loaded
Executing GPU CSR SpMV ... 
  Pinned Device to Host bandwidth (GB/s): 2.163664
  Pinned Device to Host bandwidth (GB/s): 4.597310
  Pinned Device to Host bandwidth (GB/s): 6.608220
  Pinned Device to Host bandwidth (GB/s): 8.076953
  Exec time (per itr): 0.00075305 s
  Pinned Host to Device bandwidth (GB/s): 2.131143
Executing GPU ELL SpMV ... 
  Pinned Device to Host bandwidth (GB/s): 16.478951
  Pinned Device to Host bandwidth (GB/s): 17.364320
  Pinned Device to Host bandwidth (GB/s): 7.759816
  Exec time (per itr): 0.00120510 s
  Pinned Host to Device bandwidth (GB/s): 1.318310
Calculating CPU CSR SpMV ... done
2-Norm between CPU and GPU answers: 1.769595e-10
Result file name: ./test.mtx ... file saved
Module		Time
Load		0.576661
Convert		0.026455
CPU SpMV	0.022041
GPU Alloc	0.222435
GPU SpMV	0.075317
GPU ELL SpMV	0.120521
Store		0.315972
