-----------------------------------------------------
Matrix name:     cant/cant.mtx
Matrix size:     62451 x 62451 => 2034917
-----------------------------------------------------
Is matrix:       1
Is sparse:       1
-----------------------------------------------------
Is complex:      0
Is real:         1
Is integer:      0
Is pattern only: 0
-----------------------------------------------------
Is general:      0
Is symmetric:    1
Is skewed:       0
Is hermitian:    0
-----------------------------------------------------
Matrix file name: cant/cant.mtx ... file loaded.
Expanding symmetric matrix ... done
  Total # of non-zeros is 4007383
Converting COO to CSR...done
Vector file name: cant/b.mtx ... file loaded
Executing GPU CSR SpMV ... 
  Pinned Device to Host bandwidth (GB/s): 2.012503
  Pinned Device to Host bandwidth (GB/s): 4.862290
  Pinned Device to Host bandwidth (GB/s): 6.114968
  Pinned Device to Host bandwidth (GB/s): 8.182783
  Exec time (per itr): 0.00075075 s
  Pinned Host to Device bandwidth (GB/s): 2.184212
Executing GPU ELL SpMV ... 
  Pinned Device to Host bandwidth (GB/s): 16.917103
  Pinned Device to Host bandwidth (GB/s): 19.186325
  Pinned Device to Host bandwidth (GB/s): 8.278234
  Exec time (per itr): 0.00119755 s
  Pinned Host to Device bandwidth (GB/s): 1.331578
Calculating CPU CSR SpMV ... done
2-Norm between CPU and GPU answers: 1.769595e-10
Result file name: ./test.mtx ... file saved
Module		Time
Load		0.592348
Convert		0.026589
CPU SpMV	0.022764
GPU Alloc	0.278526
GPU SpMV	0.075087
GPU ELL SpMV	0.119770
Store		0.098138
