-----------------------------------------------------
Matrix name:     cant/cant.mtx
Matrix size:     62451 x 62451 => 2034917
-----------------------------------------------------
Is matrix:       1
Is sparse:       1
-----------------------------------------------------
Is complex:      0
Is real:         1
Is integer:      0
Is pattern only: 0
-----------------------------------------------------
Is general:      0
Is symmetric:    1
Is skewed:       0
Is hermitian:    0
-----------------------------------------------------
Matrix file name: cant/cant.mtx ... file loaded.
Expanding symmetric matrix ... done
  Total # of non-zeros is 4007383
Converting COO to CSR...done
Vector file name: cant/b.mtx ... file loaded
Executing GPU CSR SpMV ... 
  Pinned Device to Host bandwidth (GB/s): 2.197157
  Pinned Device to Host bandwidth (GB/s): 4.389171
  Pinned Device to Host bandwidth (GB/s): 6.396298
  Pinned Device to Host bandwidth (GB/s): 7.865365
  Exec time (per itr): 0.00075282 s
  Pinned Host to Device bandwidth (GB/s): 2.100182
Executing GPU ELL SpMV ... 
  Pinned Device to Host bandwidth (GB/s): 16.429152
  Pinned Device to Host bandwidth (GB/s): 17.322084
  Pinned Device to Host bandwidth (GB/s): 7.759816
  Exec time (per itr): 0.00120522 s
  Pinned Host to Device bandwidth (GB/s): 1.305523
Calculating CPU CSR SpMV ... done
2-Norm between CPU and GPU answers: 1.769595e-10
Result file name: ./test.mtx ... file saved
Module		Time
Load		0.609361
Convert		0.025715
CPU SpMV	0.022270
GPU Alloc	0.227662
GPU SpMV	0.075293
GPU ELL SpMV	0.120537
Store		0.087707
