-----------------------------------------------------
Matrix name:     cant/cant.mtx
Matrix size:     62451 x 62451 => 2034917
-----------------------------------------------------
Is matrix:       1
Is sparse:       1
-----------------------------------------------------
Is complex:      0
Is real:         1
Is integer:      0
Is pattern only: 0
-----------------------------------------------------
Is general:      0
Is symmetric:    1
Is skewed:       0
Is hermitian:    0
-----------------------------------------------------
Matrix file name: cant/cant.mtx ... file loaded.
Expanding symmetric matrix ... done
  Total # of non-zeros is 4007383
Converting COO to CSR...done
Vector file name: cant/b.mtx ... file loaded
Executing GPU CSR SpMV ... 
  Pinned Device to Host bandwidth (GB/s): 2.083956
  Pinned Device to Host bandwidth (GB/s): 4.353958
  Pinned Device to Host bandwidth (GB/s): 6.291025
  Pinned Device to Host bandwidth (GB/s): 8.448458
  Exec time (per itr): 0.00075003 s
  Pinned Host to Device bandwidth (GB/s): 2.236143
Executing GPU ELL SpMV ... 
  Pinned Device to Host bandwidth (GB/s): 17.987039
  Pinned Device to Host bandwidth (GB/s): 19.212965
  Pinned Device to Host bandwidth (GB/s): 8.550246
  Exec time (per itr): 0.00119718 s
  Pinned Host to Device bandwidth (GB/s): 1.222899
Calculating CPU CSR SpMV ... done
2-Norm between CPU and GPU answers: 1.769595e-10
Result file name: ./test.mtx ... file saved
Module		Time
Load		0.568216
Convert		0.026859
CPU SpMV	0.029311
GPU Alloc	0.211425
GPU SpMV	0.075014
GPU ELL SpMV	0.119729
Store		0.026807
