-----------------------------------------------------
Matrix name:     cant/cant.mtx
Matrix size:     62451 x 62451 => 2034917
-----------------------------------------------------
Is matrix:       1
Is sparse:       1
-----------------------------------------------------
Is complex:      0
Is real:         1
Is integer:      0
Is pattern only: 0
-----------------------------------------------------
Is general:      0
Is symmetric:    1
Is skewed:       0
Is hermitian:    0
-----------------------------------------------------
Matrix file name: cant/cant.mtx ... file loaded.
Expanding symmetric matrix ... done
  Total # of non-zeros is 4007383
Converting COO to CSR...done
Vector file name: cant/b.mtx ... file loaded
Executing GPU CSR SpMV ... 
  Pinned Device to Host bandwidth (GB/s): 2.182415
  Pinned Device to Host bandwidth (GB/s): 4.568672
  Pinned Device to Host bandwidth (GB/s): 6.436405
  Pinned Device to Host bandwidth (GB/s): 7.721439
  Exec time (per itr): 0.00075145 s
  Pinned Host to Device bandwidth (GB/s): 2.177814
Executing GPU ELL SpMV ... 
  Pinned Device to Host bandwidth (GB/s): 16.491448
  Pinned Device to Host bandwidth (GB/s): 17.360607
  Pinned Device to Host bandwidth (GB/s): 7.672113
  Exec time (per itr): 0.00120506 s
  Pinned Host to Device bandwidth (GB/s): 1.283416
Calculating CPU CSR SpMV ... done
2-Norm between CPU and GPU answers: 1.769595e-10
Result file name: ./test.mtx ... file saved
Module		Time
Load		0.583919
Convert		0.025906
CPU SpMV	0.021922
GPU Alloc	0.235363
GPU SpMV	0.075156
GPU ELL SpMV	0.120520
Store		0.058147
