-----------------------------------------------------
Matrix name:     cant/cant.mtx
Matrix size:     62451 x 62451 => 2034917
-----------------------------------------------------
Is matrix:       1
Is sparse:       1
-----------------------------------------------------
Is complex:      0
Is real:         1
Is integer:      0
Is pattern only: 0
-----------------------------------------------------
Is general:      0
Is symmetric:    1
Is skewed:       0
Is hermitian:    0
-----------------------------------------------------
Matrix file name: cant/cant.mtx ... file loaded.
Expanding symmetric matrix ... done
  Total # of non-zeros is 4007383
Converting COO to CSR...done
Vector file name: cant/b.mtx ... file loaded
Executing GPU CSR SpMV ... 
  Pinned Device to Host bandwidth (GB/s): 1.958480
  Pinned Device to Host bandwidth (GB/s): 4.011105
  Pinned Device to Host bandwidth (GB/s): 5.895985
  Pinned Device to Host bandwidth (GB/s): 6.406545
  Exec time (per itr): 0.00011829 s
  Pinned Host to Device bandwidth (GB/s): 2.350964
Executing GPU ELL SpMV ... 
  Pinned Device to Host bandwidth (GB/s): 14.343869
  Pinned Device to Host bandwidth (GB/s): 11.702811
  Pinned Device to Host bandwidth (GB/s): 7.198133
  Exec time (per itr): 0.00018371 s
  Pinned Host to Device bandwidth (GB/s): 2.417957
Calculating CPU CSR SpMV ... done
2-Norm between CPU and GPU answers: 1.769595e-10
Result file name: ./test.mtx ... file saved
Module		Time
Load		0.562350
Convert		0.028279
CPU SpMV	0.023125
GPU Alloc	0.288415
GPU SpMV	0.011845
GPU ELL SpMV	0.018389
Store		0.021539
