-----------------------------------------------------
Matrix name:     cant/cant.mtx
Matrix size:     62451 x 62451 => 2034917
-----------------------------------------------------
Is matrix:       1
Is sparse:       1
-----------------------------------------------------
Is complex:      0
Is real:         1
Is integer:      0
Is pattern only: 0
-----------------------------------------------------
Is general:      0
Is symmetric:    1
Is skewed:       0
Is hermitian:    0
-----------------------------------------------------
Matrix file name: cant/cant.mtx ... file loaded.
Expanding symmetric matrix ... done
  Total # of non-zeros is 4007383
Converting COO to CSR...done
Vector file name: cant/b.mtx ... file loaded
Executing GPU CSR SpMV ... 
  Pinned Device to Host bandwidth (GB/s): 1.752694
  Pinned Device to Host bandwidth (GB/s): 4.247701
  Pinned Device to Host bandwidth (GB/s): 11.098078
  Pinned Device to Host bandwidth (GB/s): 7.818102
  Exec time (per itr): 0.00074936 s
  Pinned Host to Device bandwidth (GB/s): 2.263045
Executing GPU ELL SpMV ... 
  Pinned Device to Host bandwidth (GB/s): 14.489619
  Pinned Device to Host bandwidth (GB/s): 6.125819
  Pinned Device to Host bandwidth (GB/s): 11.936354
  Exec time (per itr): 0.00121584 s
  Pinned Host to Device bandwidth (GB/s): 1.312437
Calculating CPU CSR SpMV ... done
2-Norm between CPU and GPU answers: 1.769595e-10
Result file name: ./test.mtx ... file saved
Module		Time
Load		0.647052
Convert		0.025810
CPU SpMV	0.025273
GPU Alloc	0.232038
GPU SpMV	0.074946
GPU ELL SpMV	0.121596
Store		0.034180
