-----------------------------------------------------
Matrix name:     cant/cant.mtx
Matrix size:     62451 x 62451 => 2034917
-----------------------------------------------------
Is matrix:       1
Is sparse:       1
-----------------------------------------------------
Is complex:      0
Is real:         1
Is integer:      0
Is pattern only: 0
-----------------------------------------------------
Is general:      0
Is symmetric:    1
Is skewed:       0
Is hermitian:    0
-----------------------------------------------------
Matrix file name: cant/cant.mtx ... file loaded.
Expanding symmetric matrix ... done
  Total # of non-zeros is 4007383
Converting COO to CSR...done
Vector file name: cant/b.mtx ... file loaded
Executing GPU CSR SpMV ... 
  Pinned Device to Host bandwidth (GB/s): 2.025558
  Pinned Device to Host bandwidth (GB/s): 4.052676
  Pinned Device to Host bandwidth (GB/s): 4.833040
  Pinned Device to Host bandwidth (GB/s): 7.406428
  Exec time (per itr): 0.00019118 s
  Pinned Host to Device bandwidth (GB/s): 2.290939
Executing GPU ELL SpMV ... 
  Pinned Device to Host bandwidth (GB/s): 14.743632
  Pinned Device to Host bandwidth (GB/s): 11.734950
  Pinned Device to Host bandwidth (GB/s): 7.350635
  Exec time (per itr): 0.00020974 s
  Pinned Host to Device bandwidth (GB/s): 2.380355
Calculating CPU CSR SpMV ... done
2-Norm between CPU and GPU answers: 1.195589e-10
Result file name: ./test.mtx ... file saved
Module		Time
Load		0.585092
Convert		0.027823
CPU SpMV	0.023352
GPU Alloc	0.246556
GPU SpMV	0.019132
GPU ELL SpMV	0.020991
Store		0.024023
