-----------------------------------------------------
Matrix name:     cant/cant.mtx
Matrix size:     62451 x 62451 => 2034917
-----------------------------------------------------
Is matrix:       1
Is sparse:       1
-----------------------------------------------------
Is complex:      0
Is real:         1
Is integer:      0
Is pattern only: 0
-----------------------------------------------------
Is general:      0
Is symmetric:    1
Is skewed:       0
Is hermitian:    0
-----------------------------------------------------
Matrix file name: cant/cant.mtx ... file loaded.
Expanding symmetric matrix ... done
  Total # of non-zeros is 4007383
Converting COO to CSR...done
Vector file name: cant/b.mtx ... file loaded
Executing GPU CSR SpMV ... 
  Pinned Device to Host bandwidth (GB/s): 2.186695
  Pinned Device to Host bandwidth (GB/s): 4.834509
  Pinned Device to Host bandwidth (GB/s): 6.832847
  Pinned Device to Host bandwidth (GB/s): 8.174215
  Exec time (per itr): 0.00077536 s
  Pinned Host to Device bandwidth (GB/s): 2.197122
Executing GPU ELL SpMV ... 
  Pinned Device to Host bandwidth (GB/s): 17.258014
  Pinned Device to Host bandwidth (GB/s): 19.311679
  Pinned Device to Host bandwidth (GB/s): 8.089508
  Exec time (per itr): 0.00097031 s
  Pinned Host to Device bandwidth (GB/s): 1.302908
Calculating CPU CSR SpMV ... done
2-Norm between CPU and GPU answers: 1.195589e-10
Result file name: ./test.mtx ... file saved
Module		Time
Load		0.571669
Convert		0.027666
CPU SpMV	0.021777
GPU Alloc	0.232071
GPU SpMV	0.077547
GPU ELL SpMV	0.097043
Store		1.758021
