-----------------------------------------------------
Matrix name:     cant/cant.mtx
Matrix size:     62451 x 62451 => 2034917
-----------------------------------------------------
Is matrix:       1
Is sparse:       1
-----------------------------------------------------
Is complex:      0
Is real:         1
Is integer:      0
Is pattern only: 0
-----------------------------------------------------
Is general:      0
Is symmetric:    1
Is skewed:       0
Is hermitian:    0
-----------------------------------------------------
Matrix file name: cant/cant.mtx ... file loaded.
Expanding symmetric matrix ... done
  Total # of non-zeros is 4007383
Converting COO to CSR...done
Vector file name: cant/b.mtx ... file loaded
Executing GPU CSR SpMV ... 
  Pinned Device to Host bandwidth (GB/s): 2.115010
  Pinned Device to Host bandwidth (GB/s): 4.252714
  Pinned Device to Host bandwidth (GB/s): 6.907423
  Pinned Device to Host bandwidth (GB/s): 8.157132
  Exec time (per itr): 0.00077584 s
  Pinned Host to Device bandwidth (GB/s): 2.224355
Executing GPU ELL SpMV ... 
  Pinned Device to Host bandwidth (GB/s): 16.653372
  Pinned Device to Host bandwidth (GB/s): 19.260977
  Pinned Device to Host bandwidth (GB/s): 8.089508
  Exec time (per itr): 0.00097315 s
  Pinned Host to Device bandwidth (GB/s): 1.299546
Calculating CPU CSR SpMV ... done
2-Norm between CPU and GPU answers: 1.195589e-10
Result file name: ./test.mtx ... file saved
Module		Time
Load		0.576889
Convert		0.026416
CPU SpMV	0.021006
GPU Alloc	0.237110
GPU SpMV	0.077597
GPU ELL SpMV	0.097329
Store		0.917208
