-----------------------------------------------------
Matrix name:     cant/cant.mtx
Matrix size:     62451 x 62451 => 2034917
-----------------------------------------------------
Is matrix:       1
Is sparse:       1
-----------------------------------------------------
Is complex:      0
Is real:         1
Is integer:      0
Is pattern only: 0
-----------------------------------------------------
Is general:      0
Is symmetric:    1
Is skewed:       0
Is hermitian:    0
-----------------------------------------------------
Matrix file name: cant/cant.mtx ... file loaded.
Expanding symmetric matrix ... done
  Total # of non-zeros is 4007383
Converting COO to CSR...done
Vector file name: cant/b.mtx ... file loaded
Executing GPU CSR SpMV ... 
  Pinned Device to Host bandwidth (GB/s): 1.932780
  Pinned Device to Host bandwidth (GB/s): 4.244210
  Pinned Device to Host bandwidth (GB/s): 11.106199
  Pinned Device to Host bandwidth (GB/s): 7.506130
  Exec time (per itr): 0.00077508 s
  Pinned Host to Device bandwidth (GB/s): 2.268965
Executing GPU ELL SpMV ... 
  Pinned Device to Host bandwidth (GB/s): 15.729714
  Pinned Device to Host bandwidth (GB/s): 5.942142
  Pinned Device to Host bandwidth (GB/s): 12.682982
  Exec time (per itr): 0.00097001 s
  Pinned Host to Device bandwidth (GB/s): 2.689535
Calculating CPU CSR SpMV ... done
2-Norm between CPU and GPU answers: 1.195589e-10
Result file name: ./test.mtx ... file saved
Module		Time
Load		0.621895
Convert		0.027589
CPU SpMV	0.024974
GPU Alloc	0.264528
GPU SpMV	0.077518
GPU ELL SpMV	0.097012
Store		0.029775
