-----------------------------------------------------
Matrix name:     cant/cant.mtx
Matrix size:     62451 x 62451 => 2034917
-----------------------------------------------------
Is matrix:       1
Is sparse:       1
-----------------------------------------------------
Is complex:      0
Is real:         1
Is integer:      0
Is pattern only: 0
-----------------------------------------------------
Is general:      0
Is symmetric:    1
Is skewed:       0
Is hermitian:    0
-----------------------------------------------------
Matrix file name: cant/cant.mtx ... file loaded.
Expanding symmetric matrix ... done
  Total # of non-zeros is 4007383
Converting COO to CSR...done
Vector file name: cant/b.mtx ... file loaded
Executing GPU CSR SpMV ... 
  Pinned Device to Host bandwidth (GB/s): 2.130595
  Pinned Device to Host bandwidth (GB/s): 4.843485
  Pinned Device to Host bandwidth (GB/s): 6.782472
  Pinned Device to Host bandwidth (GB/s): 7.579005
  Exec time (per itr): 0.00077602 s
  Pinned Host to Device bandwidth (GB/s): 2.233584
Executing GPU ELL SpMV ... 
  Pinned Device to Host bandwidth (GB/s): 16.515604
  Pinned Device to Host bandwidth (GB/s): 19.251233
  Pinned Device to Host bandwidth (GB/s): 8.085318
  Exec time (per itr): 0.00097031 s
  Pinned Host to Device bandwidth (GB/s): 1.307710
Calculating CPU CSR SpMV ... done
2-Norm between CPU and GPU answers: 1.195589e-10
Result file name: ./test.mtx ... file saved
Module		Time
Load		0.565016
Convert		0.027544
CPU SpMV	0.022970
GPU Alloc	0.235095
GPU SpMV	0.077613
GPU ELL SpMV	0.097046
Store		0.030682
