-----------------------------------------------------
Matrix name:     cant/cant.mtx
Matrix size:     62451 x 62451 => 2034917
-----------------------------------------------------
Is matrix:       1
Is sparse:       1
-----------------------------------------------------
Is complex:      0
Is real:         1
Is integer:      0
Is pattern only: 0
-----------------------------------------------------
Is general:      0
Is symmetric:    1
Is skewed:       0
Is hermitian:    0
-----------------------------------------------------
Matrix file name: cant/cant.mtx ... file loaded.
Expanding symmetric matrix ... done
  Total # of non-zeros is 4007383
Converting COO to CSR...done
Vector file name: cant/b.mtx ... file loaded
Executing GPU CSR SpMV ... 
  Pinned Device to Host bandwidth (GB/s): 1.959955
  Pinned Device to Host bandwidth (GB/s): 4.189509
  Pinned Device to Host bandwidth (GB/s): 11.109031
  Pinned Device to Host bandwidth (GB/s): 7.074196
  Exec time (per itr): 0.00077469 s
  Pinned Host to Device bandwidth (GB/s): 2.193418
Executing GPU ELL SpMV ... 
  Pinned Device to Host bandwidth (GB/s): 15.020406
  Pinned Device to Host bandwidth (GB/s): 4.799379
  Pinned Device to Host bandwidth (GB/s): 11.899962
  Exec time (per itr): 0.00096963 s
  Pinned Host to Device bandwidth (GB/s): 2.628852
Calculating CPU CSR SpMV ... done
2-Norm between CPU and GPU answers: 1.195589e-10
Result file name: ./test.mtx ... file saved
Module		Time
Load		0.613894
Convert		0.026642
CPU SpMV	0.023613
GPU Alloc	0.266920
GPU SpMV	0.077479
GPU ELL SpMV	0.096973
Store		0.051355
