-----------------------------------------------------
Matrix name:     cant/cant.mtx
Matrix size:     62451 x 62451 => 2034917
-----------------------------------------------------
Is matrix:       1
Is sparse:       1
-----------------------------------------------------
Is complex:      0
Is real:         1
Is integer:      0
Is pattern only: 0
-----------------------------------------------------
Is general:      0
Is symmetric:    1
Is skewed:       0
Is hermitian:    0
-----------------------------------------------------
Matrix file name: cant/cant.mtx ... file loaded.
Expanding symmetric matrix ... done
  Total # of non-zeros is 4007383
Converting COO to CSR...done
Vector file name: cant/b.mtx ... file loaded
Executing GPU CSR SpMV ... 
  Pinned Device to Host bandwidth (GB/s): 1.915236
  Pinned Device to Host bandwidth (GB/s): 4.245937
  Pinned Device to Host bandwidth (GB/s): 11.105952
  Pinned Device to Host bandwidth (GB/s): 7.586370
  Exec time (per itr): 0.00077550 s
  Pinned Host to Device bandwidth (GB/s): 2.141667
Executing GPU ELL SpMV ... 
  Pinned Device to Host bandwidth (GB/s): 14.769022
  Pinned Device to Host bandwidth (GB/s): 6.087147
  Pinned Device to Host bandwidth (GB/s): 13.197590
  Exec time (per itr): 0.00097028 s
  Pinned Host to Device bandwidth (GB/s): 2.616077
Calculating CPU CSR SpMV ... done
2-Norm between CPU and GPU answers: 1.195589e-10
Result file name: ./test.mtx ... file saved
Module		Time
Load		0.598659
Convert		0.026640
CPU SpMV	0.024281
GPU Alloc	0.266412
GPU SpMV	0.077560
GPU ELL SpMV	0.097039
Store		0.036895
