-----------------------------------------------------
Matrix name:     cant/cant.mtx
Matrix size:     62451 x 62451 => 2034917
-----------------------------------------------------
Is matrix:       1
Is sparse:       1
-----------------------------------------------------
Is complex:      0
Is real:         1
Is integer:      0
Is pattern only: 0
-----------------------------------------------------
Is general:      0
Is symmetric:    1
Is skewed:       0
Is hermitian:    0
-----------------------------------------------------
Matrix file name: cant/cant.mtx ... file loaded.
Expanding symmetric matrix ... done
  Total # of non-zeros is 4007383
Converting COO to CSR...done
Vector file name: cant/b.mtx ... file loaded
Executing GPU CSR SpMV ... 
  Pinned Device to Host bandwidth (GB/s): 2.056507
  Pinned Device to Host bandwidth (GB/s): 4.776517
  Pinned Device to Host bandwidth (GB/s): 19.054104
  Pinned Device to Host bandwidth (GB/s): 8.114735
  Exec time (per itr): 0.00077700 s
  Pinned Host to Device bandwidth (GB/s): 2.190341
Executing GPU ELL SpMV ... 
  Pinned Device to Host bandwidth (GB/s): 16.885669
  Pinned Device to Host bandwidth (GB/s): 6.898044
  Pinned Device to Host bandwidth (GB/s): 8.140120
  Exec time (per itr): 0.00096901 s
  Pinned Host to Device bandwidth (GB/s): 2.261079
Calculating CPU CSR SpMV ... done
2-Norm between CPU and GPU answers: 1.195589e-10
Result file name: ./test.mtx ... file saved
Module		Time
Load		0.567561
Convert		0.026946
CPU SpMV	0.019972
GPU Alloc	0.237411
GPU SpMV	0.077710
GPU ELL SpMV	0.096913
Store		0.530078
