-----------------------------------------------------
Matrix name:     cant/cant.mtx
Matrix size:     62451 x 62451 => 2034917
-----------------------------------------------------
Is matrix:       1
Is sparse:       1
-----------------------------------------------------
Is complex:      0
Is real:         1
Is integer:      0
Is pattern only: 0
-----------------------------------------------------
Is general:      0
Is symmetric:    1
Is skewed:       0
Is hermitian:    0
-----------------------------------------------------
Matrix file name: cant/cant.mtx ... file loaded.
Expanding symmetric matrix ... done
  Total # of non-zeros is 4007383
Converting COO to CSR...done
Vector file name: cant/b.mtx ... file loaded
Executing GPU CSR SpMV ... 
  Pinned Device to Host bandwidth (GB/s): 2.013022
  Pinned Device to Host bandwidth (GB/s): 3.843732
  Pinned Device to Host bandwidth (GB/s): 4.917831
  Pinned Device to Host bandwidth (GB/s): 7.381915
  Exec time (per itr): 0.00019161 s
  Pinned Host to Device bandwidth (GB/s): 2.355575
Executing GPU ELL SpMV ... 
  Pinned Device to Host bandwidth (GB/s): 14.658448
  Pinned Device to Host bandwidth (GB/s): 11.718464
  Pinned Device to Host bandwidth (GB/s): 7.409943
  Exec time (per itr): 0.00021105 s
  Pinned Host to Device bandwidth (GB/s): 2.353799
Calculating CPU CSR SpMV ... done
2-Norm between CPU and GPU answers: 1.195589e-10
Result file name: ./test.mtx ... file saved
Module		Time
Load		0.579044
Convert		0.029789
CPU SpMV	0.023525
GPU Alloc	0.250484
GPU SpMV	0.019175
GPU ELL SpMV	0.021121
Store		0.023839
