-----------------------------------------------------
Matrix name:     cant/cant.mtx
Matrix size:     62451 x 62451 => 2034917
-----------------------------------------------------
Is matrix:       1
Is sparse:       1
-----------------------------------------------------
Is complex:      0
Is real:         1
Is integer:      0
Is pattern only: 0
-----------------------------------------------------
Is general:      0
Is symmetric:    1
Is skewed:       0
Is hermitian:    0
-----------------------------------------------------
Matrix file name: cant/cant.mtx ... file loaded.
Expanding symmetric matrix ... done
  Total # of non-zeros is 4007383
Converting COO to CSR...done
Vector file name: cant/b.mtx ... file loaded
Executing GPU CSR SpMV ... 
  Pinned Device to Host bandwidth (GB/s): 2.022409
  Pinned Device to Host bandwidth (GB/s): 3.853164
  Pinned Device to Host bandwidth (GB/s): 4.992579
  Pinned Device to Host bandwidth (GB/s): 7.466642
  Exec time (per itr): 0.00019122 s
  Pinned Host to Device bandwidth (GB/s): 2.224672
Executing GPU ELL SpMV ... 
  Pinned Device to Host bandwidth (GB/s): 14.793423
  Pinned Device to Host bandwidth (GB/s): 7.407194
  Pinned Device to Host bandwidth (GB/s): 5.579968
  Exec time (per itr): 0.00021112 s
  Pinned Host to Device bandwidth (GB/s): 2.411608
Calculating CPU CSR SpMV ... done
2-Norm between CPU and GPU answers: 1.195589e-10
Result file name: ./test.mtx ... file saved
Module		Time
Load		0.577251
Convert		0.028526
CPU SpMV	0.023347
GPU Alloc	0.251405
GPU SpMV	0.019137
GPU ELL SpMV	0.021131
Store		0.024145
