-----------------------------------------------------
Matrix name:     cant/cant.mtx
Matrix size:     62451 x 62451 => 2034917
-----------------------------------------------------
Is matrix:       1
Is sparse:       1
-----------------------------------------------------
Is complex:      0
Is real:         1
Is integer:      0
Is pattern only: 0
-----------------------------------------------------
Is general:      0
Is symmetric:    1
Is skewed:       0
Is hermitian:    0
-----------------------------------------------------
Matrix file name: cant/cant.mtx ... file loaded.
Expanding symmetric matrix ... done
  Total # of non-zeros is 4007383
Converting COO to CSR...done
Vector file name: cant/b.mtx ... file loaded
Executing GPU CSR SpMV ... 
  Pinned Device to Host bandwidth (GB/s): 1.932780
  Pinned Device to Host bandwidth (GB/s): 4.051037
  Pinned Device to Host bandwidth (GB/s): 4.785849
  Pinned Device to Host bandwidth (GB/s): 7.721439
  Exec time (per itr): 0.00077489 s
  Pinned Host to Device bandwidth (GB/s): 2.212064
Executing GPU ELL SpMV ... 
  Pinned Device to Host bandwidth (GB/s): 14.802773
  Pinned Device to Host bandwidth (GB/s): 11.711928
  Pinned Device to Host bandwidth (GB/s): 7.627137
  Exec time (per itr): 0.00097181 s
  Pinned Host to Device bandwidth (GB/s): 1.324349
Calculating CPU CSR SpMV ... done
2-Norm between CPU and GPU answers: 1.195589e-10
Result file name: ./test.mtx ... file saved
Module		Time
Load		0.581179
Convert		0.026549
CPU SpMV	0.025619
GPU Alloc	0.261306
GPU SpMV	0.077500
GPU ELL SpMV	0.097194
Store		0.034647
