-----------------------------------------------------
Matrix name:     cant/cant.mtx
Matrix size:     62451 x 62451 => 2034917
-----------------------------------------------------
Is matrix:       1
Is sparse:       1
-----------------------------------------------------
Is complex:      0
Is real:         1
Is integer:      0
Is pattern only: 0
-----------------------------------------------------
Is general:      0
Is symmetric:    1
Is skewed:       0
Is hermitian:    0
-----------------------------------------------------
Matrix file name: cant/cant.mtx ... file loaded.
Expanding symmetric matrix ... done
  Total # of non-zeros is 4007383
Converting COO to CSR...done
Vector file name: cant/b.mtx ... file loaded
Executing GPU CSR SpMV ... 
  Pinned Device to Host bandwidth (GB/s): 1.887908
  Pinned Device to Host bandwidth (GB/s): 4.252208
  Pinned Device to Host bandwidth (GB/s): 5.063740
  Pinned Device to Host bandwidth (GB/s): 7.434643
  Exec time (per itr): 0.00077519 s
  Pinned Host to Device bandwidth (GB/s): 2.308895
Executing GPU ELL SpMV ... 
  Pinned Device to Host bandwidth (GB/s): 14.885279
  Pinned Device to Host bandwidth (GB/s): 11.719705
  Pinned Device to Host bandwidth (GB/s): 7.347176
  Exec time (per itr): 0.00096953 s
  Pinned Host to Device bandwidth (GB/s): 2.366644
Calculating CPU CSR SpMV ... done
2-Norm between CPU and GPU answers: 1.195589e-10
Result file name: ./test.mtx ... file saved
Module		Time
Load		0.578719
Convert		0.026780
CPU SpMV	0.021912
GPU Alloc	0.310609
GPU SpMV	0.077528
GPU ELL SpMV	0.096965
Store		0.031584
