-----------------------------------------------------
Matrix name:     cant/cant.mtx
Matrix size:     62451 x 62451 => 2034917
-----------------------------------------------------
Is matrix:       1
Is sparse:       1
-----------------------------------------------------
Is complex:      0
Is real:         1
Is integer:      0
Is pattern only: 0
-----------------------------------------------------
Is general:      0
Is symmetric:    1
Is skewed:       0
Is hermitian:    0
-----------------------------------------------------
Matrix file name: cant/cant.mtx ... file loaded.
Expanding symmetric matrix ... done
  Total # of non-zeros is 4007383
Converting COO to CSR...done
Vector file name: cant/b.mtx ... file loaded
Executing GPU CSR SpMV ... 
  Pinned Device to Host bandwidth (GB/s): 1.905884
  Pinned Device to Host bandwidth (GB/s): 4.046259
  Pinned Device to Host bandwidth (GB/s): 4.685748
  Pinned Device to Host bandwidth (GB/s): 7.312764
  Exec time (per itr): 0.00019206 s
  Pinned Host to Device bandwidth (GB/s): 2.309920
Executing GPU ELL SpMV ... 
  Pinned Device to Host bandwidth (GB/s): 14.706242
  Pinned Device to Host bandwidth (GB/s): 11.737892
  Pinned Device to Host bandwidth (GB/s): 7.343721
  Exec time (per itr): 0.00020971 s
  Pinned Host to Device bandwidth (GB/s): 2.464134
Calculating CPU CSR SpMV ... done
2-Norm between CPU and GPU answers: 1.195589e-10
Result file name: ./test.mtx ... file saved
Module		Time
Load		0.644841
Convert		0.026223
CPU SpMV	0.023035
GPU Alloc	0.256121
GPU SpMV	0.019221
GPU ELL SpMV	0.020988
Store		0.030305
