-----------------------------------------------------
Matrix name:     cant/cant.mtx
Matrix size:     62451 x 62451 => 2034917
-----------------------------------------------------
Is matrix:       1
Is sparse:       1
-----------------------------------------------------
Is complex:      0
Is real:         1
Is integer:      0
Is pattern only: 0
-----------------------------------------------------
Is general:      0
Is symmetric:    1
Is skewed:       0
Is hermitian:    0
-----------------------------------------------------
Matrix file name: cant/cant.mtx ... file loaded.
Expanding symmetric matrix ... done
  Total # of non-zeros is 4007383
Converting COO to CSR...done
Vector file name: cant/b.mtx ... file loaded
Executing GPU CSR SpMV ... 
  Pinned Device to Host bandwidth (GB/s): 1.994507
  Pinned Device to Host bandwidth (GB/s): 4.050939
  Pinned Device to Host bandwidth (GB/s): 11.124080
  Pinned Device to Host bandwidth (GB/s): 7.347176
  Exec time (per itr): 0.00023353 s
  Pinned Host to Device bandwidth (GB/s): 2.306848
Executing GPU ELL SpMV ... 
  Pinned Device to Host bandwidth (GB/s): 14.394394
  Pinned Device to Host bandwidth (GB/s): 11.597601
  Pinned Device to Host bandwidth (GB/s): 7.302502
  Exec time (per itr): 0.00088539 s
  Pinned Host to Device bandwidth (GB/s): 1.322106
Calculating CPU CSR SpMV ... done
2-Norm between CPU and GPU answers: 1.769595e-10
Result file name: ./test.mtx ... file saved
Module		Time
Load		0.580945
Convert		0.026364
CPU SpMV	0.026463
GPU Alloc	0.249689
GPU SpMV	0.023367
GPU ELL SpMV	0.088553
Store		0.022371
