-----------------------------------------------------
Matrix name:     cant/cant.mtx
Matrix size:     62451 x 62451 => 2034917
-----------------------------------------------------
Is matrix:       1
Is sparse:       1
-----------------------------------------------------
Is complex:      0
Is real:         1
Is integer:      0
Is pattern only: 0
-----------------------------------------------------
Is general:      0
Is symmetric:    1
Is skewed:       0
Is hermitian:    0
-----------------------------------------------------
Matrix file name: cant/cant.mtx ... file loaded.
Expanding symmetric matrix ... done
  Total # of non-zeros is 4007383
Converting COO to CSR...done
Vector file name: cant/b.mtx ... file loaded
Executing GPU CSR SpMV ... 
  Pinned Device to Host bandwidth (GB/s): 1.877465
  Pinned Device to Host bandwidth (GB/s): 4.244713
  Pinned Device to Host bandwidth (GB/s): 11.098570
  Pinned Device to Host bandwidth (GB/s): 7.702392
  Exec time (per itr): 0.00077261 s
  Pinned Host to Device bandwidth (GB/s): 2.179030
Executing GPU ELL SpMV ... 
  Pinned Device to Host bandwidth (GB/s): 14.782288
  Pinned Device to Host bandwidth (GB/s): 6.340302
  Pinned Device to Host bandwidth (GB/s): 12.460295
  Exec time (per itr): 0.00258515 s
  Pinned Host to Device bandwidth (GB/s): 1.263679
Calculating CPU CSR SpMV ... done
2-Norm between CPU and GPU answers: 1.769595e-10
Result file name: ./test.mtx ... file saved
Module		Time
Load		0.599085
Convert		0.030606
CPU SpMV	0.024519
GPU Alloc	0.256754
GPU SpMV	0.077270
GPU ELL SpMV	0.258517
Store		0.060957
