-----------------------------------------------------
Matrix name:     cant/cant.mtx
Matrix size:     62451 x 62451 => 2034917
-----------------------------------------------------
Is matrix:       1
Is sparse:       1
-----------------------------------------------------
Is complex:      0
Is real:         1
Is integer:      0
Is pattern only: 0
-----------------------------------------------------
Is general:      0
Is symmetric:    1
Is skewed:       0
Is hermitian:    0
-----------------------------------------------------
Matrix file name: cant/cant.mtx ... file loaded.
Expanding symmetric matrix ... done
  Total # of non-zeros is 4007383
Converting COO to CSR...done
Vector file name: cant/b.mtx ... file loaded
Executing GPU CSR SpMV ... 
  Pinned Device to Host bandwidth (GB/s): 1.907747
  Pinned Device to Host bandwidth (GB/s): 4.212551
  Pinned Device to Host bandwidth (GB/s): 11.090462
  Pinned Device to Host bandwidth (GB/s): 7.228125
  Exec time (per itr): 0.00077344 s
  Pinned Host to Device bandwidth (GB/s): 2.230074
Executing GPU ELL SpMV ... 
  Pinned Device to Host bandwidth (GB/s): 15.441312
  Pinned Device to Host bandwidth (GB/s): 6.103805
  Pinned Device to Host bandwidth (GB/s): 13.097945
  Exec time (per itr): 0.00258499 s
  Pinned Host to Device bandwidth (GB/s): 1.292125
Calculating CPU CSR SpMV ... done
2-Norm between CPU and GPU answers: 1.769595e-10
Result file name: ./test.mtx ... file saved
Module		Time
Load		0.589680
Convert		0.032345
CPU SpMV	0.025434
GPU Alloc	0.259821
GPU SpMV	0.077352
GPU ELL SpMV	0.258501
Store		0.097689
