-----------------------------------------------------
Matrix name:     cant/cant.mtx
Matrix size:     62451 x 62451 => 2034917
-----------------------------------------------------
Is matrix:       1
Is sparse:       1
-----------------------------------------------------
Is complex:      0
Is real:         1
Is integer:      0
Is pattern only: 0
-----------------------------------------------------
Is general:      0
Is symmetric:    1
Is skewed:       0
Is hermitian:    0
-----------------------------------------------------
Matrix file name: cant/cant.mtx ... file loaded.
Expanding symmetric matrix ... done
  Total # of non-zeros is 4007383
Converting COO to CSR...done
Vector file name: cant/b.mtx ... file loaded
Executing GPU CSR SpMV ... 
  Pinned Device to Host bandwidth (GB/s): 1.963899
  Pinned Device to Host bandwidth (GB/s): 4.228303
  Pinned Device to Host bandwidth (GB/s): 11.109770
  Pinned Device to Host bandwidth (GB/s): 7.378426
  Exec time (per itr): 0.00023353 s
  Pinned Host to Device bandwidth (GB/s): 2.309237
Executing GPU ELL SpMV ... 
  Pinned Device to Host bandwidth (GB/s): 13.131558
  Pinned Device to Host bandwidth (GB/s): 11.725234
  Pinned Device to Host bandwidth (GB/s): 7.385407
  Exec time (per itr): 0.00088478 s
  Pinned Host to Device bandwidth (GB/s): 1.340495
Calculating CPU CSR SpMV ... done
2-Norm between CPU and GPU answers: 1.769595e-10
Result file name: ./test.mtx ... file saved
Module		Time
Load		0.576173
Convert		0.026751
CPU SpMV	0.028097
GPU Alloc	0.244810
GPU SpMV	0.023366
GPU ELL SpMV	0.088489
Store		0.021974
