-----------------------------------------------------
Matrix name:     cant/cant.mtx
Matrix size:     62451 x 62451 => 2034917
-----------------------------------------------------
Is matrix:       1
Is sparse:       1
-----------------------------------------------------
Is complex:      0
Is real:         1
Is integer:      0
Is pattern only: 0
-----------------------------------------------------
Is general:      0
Is symmetric:    1
Is skewed:       0
Is hermitian:    0
-----------------------------------------------------
Matrix file name: cant/cant.mtx ... file loaded.
Expanding symmetric matrix ... done
  Total # of non-zeros is 4007383
Converting COO to CSR...done
Vector file name: cant/b.mtx ... file loaded
Executing GPU CSR SpMV ... 
  Pinned Device to Host bandwidth (GB/s): 2.086741
  Pinned Device to Host bandwidth (GB/s): 4.775697
  Pinned Device to Host bandwidth (GB/s): 18.953890
  Pinned Device to Host bandwidth (GB/s): 8.178497
  Exec time (per itr): 0.00077561 s
  Pinned Host to Device bandwidth (GB/s): 2.228165
Executing GPU ELL SpMV ... 
  Pinned Device to Host bandwidth (GB/s): 16.500833
  Pinned Device to Host bandwidth (GB/s): 6.845773
  Pinned Device to Host bandwidth (GB/s): 8.195669
  Exec time (per itr): 0.00257587 s
  Pinned Host to Device bandwidth (GB/s): 1.239009
Calculating CPU CSR SpMV ... done
2-Norm between CPU and GPU answers: 1.769595e-10
Result file name: ./test.mtx ... file saved
Module		Time
Load		0.567405
Convert		0.025783
CPU SpMV	0.023877
GPU Alloc	0.207874
GPU SpMV	0.077572
GPU ELL SpMV	0.257600
Store		0.244064
