-----------------------------------------------------
Matrix name:     cant/cant.mtx
Matrix size:     62451 x 62451 => 2034917
-----------------------------------------------------
Is matrix:       1
Is sparse:       1
-----------------------------------------------------
Is complex:      0
Is real:         1
Is integer:      0
Is pattern only: 0
-----------------------------------------------------
Is general:      0
Is symmetric:    1
Is skewed:       0
Is hermitian:    0
-----------------------------------------------------
Matrix file name: cant/cant.mtx ... file loaded.
Expanding symmetric matrix ... done
  Total # of non-zeros is 4007383
Converting COO to CSR...done
Vector file name: cant/b.mtx ... file loaded
Executing GPU CSR SpMV ... 
  Pinned Device to Host bandwidth (GB/s): 2.073990
  Pinned Device to Host bandwidth (GB/s): 4.849675
  Pinned Device to Host bandwidth (GB/s): 6.684765
  Pinned Device to Host bandwidth (GB/s): 8.110520
  Exec time (per itr): 0.00077313 s
  Pinned Host to Device bandwidth (GB/s): 2.276575
Executing GPU ELL SpMV ... 
  Pinned Device to Host bandwidth (GB/s): 16.678004
  Pinned Device to Host bandwidth (GB/s): 19.243323
  Pinned Device to Host bandwidth (GB/s): 8.291423
  Exec time (per itr): 0.00257593 s
  Pinned Host to Device bandwidth (GB/s): 1.308697
Calculating CPU CSR SpMV ... done
2-Norm between CPU and GPU answers: 1.769595e-10
Result file name: ./test.mtx ... file saved
Module		Time
Load		0.596935
Convert		0.025924
CPU SpMV	0.023900
GPU Alloc	0.209253
GPU SpMV	0.077324
GPU ELL SpMV	0.257599
Store		0.053656
