-----------------------------------------------------
Matrix name:     cant/cant.mtx
Matrix size:     62451 x 62451 => 2034917
-----------------------------------------------------
Is matrix:       1
Is sparse:       1
-----------------------------------------------------
Is complex:      0
Is real:         1
Is integer:      0
Is pattern only: 0
-----------------------------------------------------
Is general:      0
Is symmetric:    1
Is skewed:       0
Is hermitian:    0
-----------------------------------------------------
Matrix file name: cant/cant.mtx ... file loaded.
Expanding symmetric matrix ... done
  Total # of non-zeros is 4007383
Converting COO to CSR...done
Vector file name: cant/b.mtx ... file loaded
Executing GPU CSR SpMV ... 
  Pinned Device to Host bandwidth (GB/s): 1.799977
  Pinned Device to Host bandwidth (GB/s): 4.205513
  Pinned Device to Host bandwidth (GB/s): 11.109647
  Pinned Device to Host bandwidth (GB/s): 7.601144
  Exec time (per itr): 0.00077271 s
  Pinned Host to Device bandwidth (GB/s): 2.163330
Executing GPU ELL SpMV ... 
  Pinned Device to Host bandwidth (GB/s): 14.698077
  Pinned Device to Host bandwidth (GB/s): 6.126405
  Pinned Device to Host bandwidth (GB/s): 12.140552
  Exec time (per itr): 0.00258513 s
  Pinned Host to Device bandwidth (GB/s): 1.255347
Calculating CPU CSR SpMV ... done
2-Norm between CPU and GPU answers: 1.769595e-10
Result file name: ./test.mtx ... file saved
Module		Time
Load		0.582489
Convert		0.027354
CPU SpMV	0.024828
GPU Alloc	0.257203
GPU SpMV	0.077278
GPU ELL SpMV	0.258511
Store		0.176861
