-----------------------------------------------------
Matrix name:     cant/cant.mtx
Matrix size:     62451 x 62451 => 2034917
-----------------------------------------------------
Is matrix:       1
Is sparse:       1
-----------------------------------------------------
Is complex:      0
Is real:         1
Is integer:      0
Is pattern only: 0
-----------------------------------------------------
Is general:      0
Is symmetric:    1
Is skewed:       0
Is hermitian:    0
-----------------------------------------------------
Matrix file name: cant/cant.mtx ... file loaded.
Expanding symmetric matrix ... done
  Total # of non-zeros is 4007383
Converting COO to CSR...done
Vector file name: cant/b.mtx ... file loaded
Executing GPU CSR SpMV ... 
  Pinned Device to Host bandwidth (GB/s): 2.170281
  Pinned Device to Host bandwidth (GB/s): 4.790266
  Pinned Device to Host bandwidth (GB/s): 7.039685
  Pinned Device to Host bandwidth (GB/s): 8.161396
  Exec time (per itr): 0.00077298 s
  Pinned Host to Device bandwidth (GB/s): 2.200839
Executing GPU ELL SpMV ... 
  Pinned Device to Host bandwidth (GB/s): 16.647454
  Pinned Device to Host bandwidth (GB/s): 19.155844
  Pinned Device to Host bandwidth (GB/s): 8.421116
  Exec time (per itr): 0.00257665 s
  Pinned Host to Device bandwidth (GB/s): 1.280258
Calculating CPU CSR SpMV ... done
2-Norm between CPU and GPU answers: 1.769595e-10
Result file name: ./test.mtx ... file saved
Module		Time
Load		0.577587
Convert		0.025906
CPU SpMV	0.023861
GPU Alloc	0.205039
GPU SpMV	0.077309
GPU ELL SpMV	0.257672
Store		0.028583
