-----------------------------------------------------
Matrix name:     cant/cant.mtx
Matrix size:     62451 x 62451 => 2034917
-----------------------------------------------------
Is matrix:       1
Is sparse:       1
-----------------------------------------------------
Is complex:      0
Is real:         1
Is integer:      0
Is pattern only: 0
-----------------------------------------------------
Is general:      0
Is symmetric:    1
Is skewed:       0
Is hermitian:    0
-----------------------------------------------------
Matrix file name: cant/cant.mtx ... file loaded.
Expanding symmetric matrix ... done
  Total # of non-zeros is 4007383
Converting COO to CSR...done
Vector file name: cant/b.mtx ... file loaded
Executing GPU CSR SpMV ... 
  Pinned Device to Host bandwidth (GB/s): 2.012503
  Pinned Device to Host bandwidth (GB/s): 4.245469
  Pinned Device to Host bandwidth (GB/s): 10.939569
  Pinned Device to Host bandwidth (GB/s): 7.343721
  Exec time (per itr): 0.00023350 s
  Pinned Host to Device bandwidth (GB/s): 2.299713
Executing GPU ELL SpMV ... 
  Pinned Device to Host bandwidth (GB/s): 14.451790
  Pinned Device to Host bandwidth (GB/s): 11.738231
  Pinned Device to Host bandwidth (GB/s): 7.312764
  Exec time (per itr): 0.00088570 s
  Pinned Host to Device bandwidth (GB/s): 1.341878
Calculating CPU CSR SpMV ... done
2-Norm between CPU and GPU answers: 1.769595e-10
Result file name: ./test.mtx ... file saved
Module		Time
Load		0.578330
Convert		0.026666
CPU SpMV	0.026453
GPU Alloc	0.249737
GPU SpMV	0.023363
GPU ELL SpMV	0.088582
Store		0.021250
