-----------------------------------------------------
Matrix name:     cant/cant.mtx
Matrix size:     62451 x 62451 => 2034917
-----------------------------------------------------
Is matrix:       1
Is sparse:       1
-----------------------------------------------------
Is complex:      0
Is real:         1
Is integer:      0
Is pattern only: 0
-----------------------------------------------------
Is general:      0
Is symmetric:    1
Is skewed:       0
Is hermitian:    0
-----------------------------------------------------
Matrix file name: cant/cant.mtx ... file loaded.
Expanding symmetric matrix ... done
  Total # of non-zeros is 4007383
Converting COO to CSR...done
Vector file name: cant/b.mtx ... file loaded
Executing GPU CSR SpMV ... 
  Pinned Device to Host bandwidth (GB/s): 2.113864
  Pinned Device to Host bandwidth (GB/s): 4.784866
  Pinned Device to Host bandwidth (GB/s): 18.962141
  Pinned Device to Host bandwidth (GB/s): 8.195669
  Exec time (per itr): 0.00077345 s
  Pinned Host to Device bandwidth (GB/s): 2.304465
Executing GPU ELL SpMV ... 
  Pinned Device to Host bandwidth (GB/s): 16.725190
  Pinned Device to Host bandwidth (GB/s): 6.573151
  Pinned Device to Host bandwidth (GB/s): 8.093701
  Exec time (per itr): 0.00257447 s
  Pinned Host to Device bandwidth (GB/s): 1.338083
Calculating CPU CSR SpMV ... done
2-Norm between CPU and GPU answers: 1.769595e-10
Result file name: ./test.mtx ... file saved
Module		Time
Load		0.569407
Convert		0.028284
CPU SpMV	0.024983
GPU Alloc	0.214045
GPU SpMV	0.077356
GPU ELL SpMV	0.257454
Store		0.047563
