-----------------------------------------------------
Matrix name:     cant/cant.mtx
Matrix size:     62451 x 62451 => 2034917
-----------------------------------------------------
Is matrix:       1
Is sparse:       1
-----------------------------------------------------
Is complex:      0
Is real:         1
Is integer:      0
Is pattern only: 0
-----------------------------------------------------
Is general:      0
Is symmetric:    1
Is skewed:       0
Is hermitian:    0
-----------------------------------------------------
Matrix file name: cant/cant.mtx ... file loaded.
Expanding symmetric matrix ... done
  Total # of non-zeros is 4007383
Converting COO to CSR...done
Vector file name: cant/b.mtx ... file loaded
Executing GPU CSR SpMV ... 
  Pinned Device to Host bandwidth (GB/s): 1.903560
  Pinned Device to Host bandwidth (GB/s): 4.255604
  Pinned Device to Host bandwidth (GB/s): 11.107799
  Pinned Device to Host bandwidth (GB/s): 7.597445
  Exec time (per itr): 0.00077298 s
  Pinned Host to Device bandwidth (GB/s): 2.294643
Executing GPU ELL SpMV ... 
  Pinned Device to Host bandwidth (GB/s): 14.337790
  Pinned Device to Host bandwidth (GB/s): 5.767738
  Pinned Device to Host bandwidth (GB/s): 13.344231
  Exec time (per itr): 0.00258508 s
  Pinned Host to Device bandwidth (GB/s): 1.244639
Calculating CPU CSR SpMV ... done
2-Norm between CPU and GPU answers: 1.769595e-10
Result file name: ./test.mtx ... file saved
Module		Time
Load		0.595610
Convert		0.031321
CPU SpMV	0.024184
GPU Alloc	0.254175
GPU SpMV	0.077310
GPU ELL SpMV	0.258512
Store		0.079938
