-----------------------------------------------------
Matrix name:     cant/cant.mtx
Matrix size:     62451 x 62451 => 2034917
-----------------------------------------------------
Is matrix:       1
Is sparse:       1
-----------------------------------------------------
Is complex:      0
Is real:         1
Is integer:      0
Is pattern only: 0
-----------------------------------------------------
Is general:      0
Is symmetric:    1
Is skewed:       0
Is hermitian:    0
-----------------------------------------------------
Matrix file name: cant/cant.mtx ... file loaded.
Expanding symmetric matrix ... done
  Total # of non-zeros is 4007383
Converting COO to CSR...done
Vector file name: cant/b.mtx ... file loaded
Executing GPU CSR SpMV ... 
  Pinned Device to Host bandwidth (GB/s): 2.016142
  Pinned Device to Host bandwidth (GB/s): 4.812078
  Pinned Device to Host bandwidth (GB/s): 7.137179
  Pinned Device to Host bandwidth (GB/s): 7.965689
  Exec time (per itr): 0.00077285 s
  Pinned Host to Device bandwidth (GB/s): 2.174781
Executing GPU ELL SpMV ... 
  Pinned Device to Host bandwidth (GB/s): 16.512916
  Pinned Device to Host bandwidth (GB/s): 17.884021
  Pinned Device to Host bandwidth (GB/s): 8.152872
  Exec time (per itr): 0.00257580 s
  Pinned Host to Device bandwidth (GB/s): 1.288819
Calculating CPU CSR SpMV ... done
2-Norm between CPU and GPU answers: 1.769595e-10
Result file name: ./test.mtx ... file saved
Module		Time
Load		0.566542
Convert		0.027963
CPU SpMV	0.024985
GPU Alloc	0.204093
GPU SpMV	0.077296
GPU ELL SpMV	0.257585
Store		0.055324
