-----------------------------------------------------
Matrix name:     cant/cant.mtx
Matrix size:     62451 x 62451 => 2034917
-----------------------------------------------------
Is matrix:       1
Is sparse:       1
-----------------------------------------------------
Is complex:      0
Is real:         1
Is integer:      0
Is pattern only: 0
-----------------------------------------------------
Is general:      0
Is symmetric:    1
Is skewed:       0
Is hermitian:    0
-----------------------------------------------------
Matrix file name: cant/cant.mtx ... file loaded.
Expanding symmetric matrix ... done
  Total # of non-zeros is 4007383
Converting COO to CSR...done
Vector file name: cant/b.mtx ... file loaded
Executing GPU CSR SpMV ... 
  Pinned Device to Host bandwidth (GB/s): 1.973332
  Pinned Device to Host bandwidth (GB/s): 4.251667
  Pinned Device to Host bandwidth (GB/s): 4.418576
  Pinned Device to Host bandwidth (GB/s): 7.268505
  Exec time (per itr): 0.00023361 s
  Pinned Host to Device bandwidth (GB/s): 2.288253
Executing GPU ELL SpMV ... 
  Pinned Device to Host bandwidth (GB/s): 15.614751
  Pinned Device to Host bandwidth (GB/s): 11.736421
  Pinned Device to Host bandwidth (GB/s): 7.354098
  Exec time (per itr): 0.00088484 s
  Pinned Host to Device bandwidth (GB/s): 1.336479
Calculating CPU CSR SpMV ... done
2-Norm between CPU and GPU answers: 1.769595e-10
Result file name: ./test.mtx ... file saved
Module		Time
Load		0.590121
Convert		0.029484
CPU SpMV	0.028015
GPU Alloc	0.252669
GPU SpMV	0.023376
GPU ELL SpMV	0.088496
Store		0.028407
