-----------------------------------------------------
Matrix name:     cant/cant.mtx
Matrix size:     62451 x 62451 => 2034917
-----------------------------------------------------
Is matrix:       1
Is sparse:       1
-----------------------------------------------------
Is complex:      0
Is real:         1
Is integer:      0
Is pattern only: 0
-----------------------------------------------------
Is general:      0
Is symmetric:    1
Is skewed:       0
Is hermitian:    0
-----------------------------------------------------
Matrix file name: cant/cant.mtx ... file loaded.
Expanding symmetric matrix ... done
  Total # of non-zeros is 4007383
Converting COO to CSR...done
Vector file name: cant/b.mtx ... file loaded
Executing GPU CSR SpMV ... 
  Pinned Device to Host bandwidth (GB/s): 2.102478
  Pinned Device to Host bandwidth (GB/s): 4.827754
  Pinned Device to Host bandwidth (GB/s): 6.967084
  Pinned Device to Host bandwidth (GB/s): 8.340144
  Exec time (per itr): 0.00077311 s
  Pinned Host to Device bandwidth (GB/s): 2.284236
Executing GPU ELL SpMV ... 
  Pinned Device to Host bandwidth (GB/s): 17.182043
  Pinned Device to Host bandwidth (GB/s): 19.222062
  Pinned Device to Host bandwidth (GB/s): 8.957401
  Exec time (per itr): 0.00257472 s
  Pinned Host to Device bandwidth (GB/s): 1.295341
Calculating CPU CSR SpMV ... done
2-Norm between CPU and GPU answers: 1.769595e-10
Result file name: ./test.mtx ... file saved
Module		Time
Load		0.587226
Convert		0.025464
CPU SpMV	0.023846
GPU Alloc	0.207016
GPU SpMV	0.077322
GPU ELL SpMV	0.257478
Store		0.027896
