-----------------------------------------------------
Matrix name:     cant/cant.mtx
Matrix size:     62451 x 62451 => 2034917
-----------------------------------------------------
Is matrix:       1
Is sparse:       1
-----------------------------------------------------
Is complex:      0
Is real:         1
Is integer:      0
Is pattern only: 0
-----------------------------------------------------
Is general:      0
Is symmetric:    1
Is skewed:       0
Is hermitian:    0
-----------------------------------------------------
Matrix file name: cant/cant.mtx ... file loaded.
Expanding symmetric matrix ... done
  Total # of non-zeros is 4007383
Converting COO to CSR...done
Vector file name: cant/b.mtx ... file loaded
Executing GPU CSR SpMV ... 
  Pinned Device to Host bandwidth (GB/s): 1.818002
  Pinned Device to Host bandwidth (GB/s): 4.254772
  Pinned Device to Host bandwidth (GB/s): 11.109524
  Pinned Device to Host bandwidth (GB/s): 7.083825
  Exec time (per itr): 0.00108070 s
  Pinned Host to Device bandwidth (GB/s): 1.306506
Executing GPU ELL SpMV ... 
  Pinned Device to Host bandwidth (GB/s): 4.468446
  Pinned Device to Host bandwidth (GB/s): 11.671742
  Pinned Device to Host bandwidth (GB/s): 7.660820
  Exec time (per itr): 0.00614761 s
  Pinned Host to Device bandwidth (GB/s): 1.270052
Calculating CPU CSR SpMV ... done
2-Norm between CPU and GPU answers: 1.769595e-10
Result file name: ./test.mtx ... file saved
Module		Time
Load		0.585701
Convert		0.028802
CPU SpMV	0.025132
GPU Alloc	0.263306
GPU SpMV	0.108078
GPU ELL SpMV	0.614746
Store		0.029079
