-----------------------------------------------------
Matrix name:     cant/cant.mtx
Matrix size:     62451 x 62451 => 2034917
-----------------------------------------------------
Is matrix:       1
Is sparse:       1
-----------------------------------------------------
Is complex:      0
Is real:         1
Is integer:      0
Is pattern only: 0
-----------------------------------------------------
Is general:      0
Is symmetric:    1
Is skewed:       0
Is hermitian:    0
-----------------------------------------------------
Matrix file name: cant/cant.mtx ... file loaded.
Expanding symmetric matrix ... done
  Total # of non-zeros is 4007383
Converting COO to CSR...done
Vector file name: cant/b.mtx ... file loaded
Executing GPU CSR SpMV ... 
  Pinned Device to Host bandwidth (GB/s): 2.078408
  Pinned Device to Host bandwidth (GB/s): 4.788892
  Pinned Device to Host bandwidth (GB/s): 6.270353
  Pinned Device to Host bandwidth (GB/s): 8.635370
  Exec time (per itr): 0.00109743 s
  Pinned Host to Device bandwidth (GB/s): 1.305523
Executing GPU ELL SpMV ... 
  Pinned Device to Host bandwidth (GB/s): 4.239405
  Pinned Device to Host bandwidth (GB/s): 8.068444
  Pinned Device to Host bandwidth (GB/s): 8.018875
  Exec time (per itr): 0.00614077 s
  Pinned Host to Device bandwidth (GB/s): 1.287862
Calculating CPU CSR SpMV ... done
2-Norm between CPU and GPU answers: 1.769595e-10
Result file name: ./test.mtx ... file saved
Module		Time
Load		0.568409
Convert		0.026309
CPU SpMV	0.023885
GPU Alloc	0.226449
GPU SpMV	0.109753
GPU ELL SpMV	0.614062
Store		0.025289
