-----------------------------------------------------
Matrix name:     cant/cant.mtx
Matrix size:     62451 x 62451 => 2034917
-----------------------------------------------------
Is matrix:       1
Is sparse:       1
-----------------------------------------------------
Is complex:      0
Is real:         1
Is integer:      0
Is pattern only: 0
-----------------------------------------------------
Is general:      0
Is symmetric:    1
Is skewed:       0
Is hermitian:    0
-----------------------------------------------------
Matrix file name: cant/cant.mtx ... file loaded.
Expanding symmetric matrix ... done
  Total # of non-zeros is 4007383
Converting COO to CSR...done
Vector file name: cant/b.mtx ... file loaded
Executing GPU CSR SpMV ... 
  Pinned Device to Host bandwidth (GB/s): 1.967860
  Pinned Device to Host bandwidth (GB/s): 4.253725
  Pinned Device to Host bandwidth (GB/s): 11.124203
  Pinned Device to Host bandwidth (GB/s): 7.329930
  Exec time (per itr): 0.00032960 s
  Pinned Host to Device bandwidth (GB/s): 2.315058
Executing GPU ELL SpMV ... 
  Pinned Device to Host bandwidth (GB/s): 15.533093
  Pinned Device to Host bandwidth (GB/s): 11.426322
  Pinned Device to Host bandwidth (GB/s): 7.299088
  Exec time (per itr): 0.00208985 s
  Pinned Host to Device bandwidth (GB/s): 1.319090
Calculating CPU CSR SpMV ... done
2-Norm between CPU and GPU answers: 1.769595e-10
Result file name: ./test.mtx ... file saved
Module		Time
Load		0.577122
Convert		0.026818
CPU SpMV	0.027230
GPU Alloc	0.240324
GPU SpMV	0.032974
GPU ELL SpMV	0.208990
Store		0.049776
