-----------------------------------------------------
Matrix name:     cant/cant.mtx
Matrix size:     62451 x 62451 => 2034917
-----------------------------------------------------
Is matrix:       1
Is sparse:       1
-----------------------------------------------------
Is complex:      0
Is real:         1
Is integer:      0
Is pattern only: 0
-----------------------------------------------------
Is general:      0
Is symmetric:    1
Is skewed:       0
Is hermitian:    0
-----------------------------------------------------
Matrix file name: cant/cant.mtx ... file loaded.
Expanding symmetric matrix ... done
  Total # of non-zeros is 4007383
Converting COO to CSR...done
Vector file name: cant/b.mtx ... file loaded
Executing GPU CSR SpMV ... 
  Pinned Device to Host bandwidth (GB/s): 2.050565
  Pinned Device to Host bandwidth (GB/s): 4.054152
  Pinned Device to Host bandwidth (GB/s): 4.763707
  Pinned Device to Host bandwidth (GB/s): 7.364504
  Exec time (per itr): 0.00032969 s
  Pinned Host to Device bandwidth (GB/s): 2.315401
Executing GPU ELL SpMV ... 
  Pinned Device to Host bandwidth (GB/s): 15.841023
  Pinned Device to Host bandwidth (GB/s): 11.730429
  Pinned Device to Host bandwidth (GB/s): 7.381915
  Exec time (per itr): 0.00208907 s
  Pinned Host to Device bandwidth (GB/s): 1.355980
Calculating CPU CSR SpMV ... done
2-Norm between CPU and GPU answers: 1.769595e-10
Result file name: ./test.mtx ... file saved
Module		Time
Load		0.583728
Convert		0.028639
CPU SpMV	0.027881
GPU Alloc	0.251485
GPU SpMV	0.032982
GPU ELL SpMV	0.208908
Store		0.020437
