-----------------------------------------------------
Matrix name:     cant/cant.mtx
Matrix size:     62451 x 62451 => 2034917
-----------------------------------------------------
Is matrix:       1
Is sparse:       1
-----------------------------------------------------
Is complex:      0
Is real:         1
Is integer:      0
Is pattern only: 0
-----------------------------------------------------
Is general:      0
Is symmetric:    1
Is skewed:       0
Is hermitian:    0
-----------------------------------------------------
Matrix file name: cant/cant.mtx ... file loaded.
Expanding symmetric matrix ... done
  Total # of non-zeros is 4007383
Converting COO to CSR...done
Vector file name: cant/b.mtx ... file loaded
Executing GPU CSR SpMV ... 
  Pinned Device to Host bandwidth (GB/s): 2.032943
  Pinned Device to Host bandwidth (GB/s): 4.257195
  Pinned Device to Host bandwidth (GB/s): 4.629559
  Pinned Device to Host bandwidth (GB/s): 5.735764
  Exec time (per itr): 0.00032981 s
  Pinned Host to Device bandwidth (GB/s): 2.253572
Executing GPU ELL SpMV ... 
  Pinned Device to Host bandwidth (GB/s): 14.332390
  Pinned Device to Host bandwidth (GB/s): 11.691014
  Pinned Device to Host bandwidth (GB/s): 7.323054
  Exec time (per itr): 0.00209019 s
  Pinned Host to Device bandwidth (GB/s): 1.250621
Calculating CPU CSR SpMV ... done
2-Norm between CPU and GPU answers: 1.769595e-10
Result file name: ./test.mtx ... file saved
Module		Time
Load		0.580140
Convert		0.027612
CPU SpMV	0.026024
GPU Alloc	0.249937
GPU SpMV	0.032995
GPU ELL SpMV	0.209024
Store		0.022284
