-----------------------------------------------------
Matrix name:     cant/cant.mtx
Matrix size:     62451 x 62451 => 2034917
-----------------------------------------------------
Is matrix:       1
Is sparse:       1
-----------------------------------------------------
Is complex:      0
Is real:         1
Is integer:      0
Is pattern only: 0
-----------------------------------------------------
Is general:      0
Is symmetric:    1
Is skewed:       0
Is hermitian:    0
-----------------------------------------------------
Matrix file name: cant/cant.mtx ... file loaded.
Expanding symmetric matrix ... done
  Total # of non-zeros is 4007383
Converting COO to CSR...done
Vector file name: cant/b.mtx ... file loaded
Executing GPU CSR SpMV ... 
  Pinned Device to Host bandwidth (GB/s): 2.102478
  Pinned Device to Host bandwidth (GB/s): 4.794254
  Pinned Device to Host bandwidth (GB/s): 6.918633
  Pinned Device to Host bandwidth (GB/s): 8.230232
  Exec time (per itr): 0.00109619 s
  Pinned Host to Device bandwidth (GB/s): 1.247124
Executing GPU ELL SpMV ... 
  Pinned Device to Host bandwidth (GB/s): 3.932048
  Pinned Device to Host bandwidth (GB/s): 7.744666
  Pinned Device to Host bandwidth (GB/s): 8.204282
  Exec time (per itr): 0.00614072 s
  Pinned Host to Device bandwidth (GB/s): 1.169757
Calculating CPU CSR SpMV ... done
2-Norm between CPU and GPU answers: 1.769595e-10
Result file name: ./test.mtx ... file saved
Module		Time
Load		0.561969
Convert		0.025983
CPU SpMV	0.023696
GPU Alloc	0.232787
GPU SpMV	0.109631
GPU ELL SpMV	0.614057
Store		0.053313
