-----------------------------------------------------
Matrix name:     cant/cant.mtx
Matrix size:     62451 x 62451 => 2034917
-----------------------------------------------------
Is matrix:       1
Is sparse:       1
-----------------------------------------------------
Is complex:      0
Is real:         1
Is integer:      0
Is pattern only: 0
-----------------------------------------------------
Is general:      0
Is symmetric:    1
Is skewed:       0
Is hermitian:    0
-----------------------------------------------------
Matrix file name: cant/cant.mtx ... file loaded.
Expanding symmetric matrix ... done
  Total # of non-zeros is 4007383
Converting COO to CSR...done
Vector file name: cant/b.mtx ... file loaded
Executing GPU CSR SpMV ... 
  Pinned Device to Host bandwidth (GB/s): 2.002180
  Pinned Device to Host bandwidth (GB/s): 4.253111
  Pinned Device to Host bandwidth (GB/s): 10.967713
  Pinned Device to Host bandwidth (GB/s): 7.319620
  Exec time (per itr): 0.00032964 s
  Pinned Host to Device bandwidth (GB/s): 2.288924
Executing GPU ELL SpMV ... 
  Pinned Device to Host bandwidth (GB/s): 13.978678
  Pinned Device to Host bandwidth (GB/s): 11.730203
  Pinned Device to Host bandwidth (GB/s): 7.392401
  Exec time (per itr): 0.00208919 s
  Pinned Host to Device bandwidth (GB/s): 1.295449
Calculating CPU CSR SpMV ... done
2-Norm between CPU and GPU answers: 1.769595e-10
Result file name: ./test.mtx ... file saved
Module		Time
Load		0.584790
Convert		0.028163
CPU SpMV	0.027725
GPU Alloc	0.246340
GPU SpMV	0.032977
GPU ELL SpMV	0.208922
Store		0.445423
