-----------------------------------------------------
Matrix name:     cant/cant.mtx
Matrix size:     62451 x 62451 => 2034917
-----------------------------------------------------
Is matrix:       1
Is sparse:       1
-----------------------------------------------------
Is complex:      0
Is real:         1
Is integer:      0
Is pattern only: 0
-----------------------------------------------------
Is general:      0
Is symmetric:    1
Is skewed:       0
Is hermitian:    0
-----------------------------------------------------
Matrix file name: cant/cant.mtx ... file loaded.
Expanding symmetric matrix ... done
  Total # of non-zeros is 4007383
Converting COO to CSR...done
Vector file name: cant/b.mtx ... file loaded
Executing GPU CSR SpMV ... 
  Pinned Device to Host bandwidth (GB/s): 1.755848
  Pinned Device to Host bandwidth (GB/s): 4.144585
  Pinned Device to Host bandwidth (GB/s): 11.067306
  Pinned Device to Host bandwidth (GB/s): 7.556995
  Exec time (per itr): 0.00107968 s
  Pinned Host to Device bandwidth (GB/s): 1.228673
Executing GPU ELL SpMV ... 
  Pinned Device to Host bandwidth (GB/s): 4.192179
  Pinned Device to Host bandwidth (GB/s): 11.705061
  Pinned Device to Host bandwidth (GB/s): 7.385407
  Exec time (per itr): 0.00614962 s
  Pinned Host to Device bandwidth (GB/s): 1.219746
Calculating CPU CSR SpMV ... done
2-Norm between CPU and GPU answers: 1.769595e-10
Result file name: ./test.mtx ... file saved
Module		Time
Load		0.581961
Convert		0.027412
CPU SpMV	0.024110
GPU Alloc	0.267642
GPU SpMV	0.107976
GPU ELL SpMV	0.614947
Store		0.078212
