-----------------------------------------------------
Matrix name:     cant/cant.mtx
Matrix size:     62451 x 62451 => 2034917
-----------------------------------------------------
Is matrix:       1
Is sparse:       1
-----------------------------------------------------
Is complex:      0
Is real:         1
Is integer:      0
Is pattern only: 0
-----------------------------------------------------
Is general:      0
Is symmetric:    1
Is skewed:       0
Is hermitian:    0
-----------------------------------------------------
Matrix file name: cant/cant.mtx ... file loaded.
Expanding symmetric matrix ... done
  Total # of non-zeros is 4007383
Converting COO to CSR...done
Vector file name: cant/b.mtx ... file loaded
Executing GPU CSR SpMV ... 
  Pinned Device to Host bandwidth (GB/s): 4.445615
  Pinned Device to Host bandwidth (GB/s): 16.639192
  Pinned Device to Host bandwidth (GB/s): 5.548425
  Pinned Device to Host bandwidth (GB/s): 12.500201
  Exec time (per itr): 0.00108078 s
  Pinned Host to Device bandwidth (GB/s): 1.228576
Executing GPU ELL SpMV ... 
  Pinned Device to Host bandwidth (GB/s): 4.239021
  Pinned Device to Host bandwidth (GB/s): 11.704385
  Pinned Device to Host bandwidth (GB/s): 7.473791
  Exec time (per itr): 0.00614741 s
  Pinned Host to Device bandwidth (GB/s): 1.225010
Calculating CPU CSR SpMV ... done
2-Norm between CPU and GPU answers: 1.769595e-10
Result file name: ./test.mtx ... file saved
Module		Time
Load		0.594358
Convert		0.029127
CPU SpMV	0.025655
GPU Alloc	0.265453
GPU SpMV	0.108088
GPU ELL SpMV	0.614724
Store		0.070586
