-----------------------------------------------------
Matrix name:     cant/cant.mtx
Matrix size:     62451 x 62451 => 2034917
-----------------------------------------------------
Is matrix:       1
Is sparse:       1
-----------------------------------------------------
Is complex:      0
Is real:         1
Is integer:      0
Is pattern only: 0
-----------------------------------------------------
Is general:      0
Is symmetric:    1
Is skewed:       0
Is hermitian:    0
-----------------------------------------------------
Matrix file name: cant/cant.mtx ... file loaded.
Expanding symmetric matrix ... done
  Total # of non-zeros is 4007383
Converting COO to CSR...done
Vector file name: cant/b.mtx ... file loaded
Executing GPU CSR SpMV ... 
  Pinned Device to Host bandwidth (GB/s): 2.038251
  Pinned Device to Host bandwidth (GB/s): 4.309681
  Pinned Device to Host bandwidth (GB/s): 11.118278
  Pinned Device to Host bandwidth (GB/s): 7.312764
  Exec time (per itr): 0.00032969 s
  Pinned Host to Device bandwidth (GB/s): 2.278568
Executing GPU ELL SpMV ... 
  Pinned Device to Host bandwidth (GB/s): 14.297054
  Pinned Device to Host bandwidth (GB/s): 11.736081
  Pinned Device to Host bandwidth (GB/s): 7.361032
  Exec time (per itr): 0.00208925 s
  Pinned Host to Device bandwidth (GB/s): 1.366303
Calculating CPU CSR SpMV ... done
2-Norm between CPU and GPU answers: 1.769595e-10
Result file name: ./test.mtx ... file saved
Module		Time
Load		0.576446
Convert		0.027740
CPU SpMV	0.027146
GPU Alloc	0.343318
GPU SpMV	0.032983
GPU ELL SpMV	0.208933
Store		0.440443
