-----------------------------------------------------
Matrix name:     cant/cant.mtx
Matrix size:     62451 x 62451 => 2034917
-----------------------------------------------------
Is matrix:       1
Is sparse:       1
-----------------------------------------------------
Is complex:      0
Is real:         1
Is integer:      0
Is pattern only: 0
-----------------------------------------------------
Is general:      0
Is symmetric:    1
Is skewed:       0
Is hermitian:    0
-----------------------------------------------------
Matrix file name: cant/cant.mtx ... file loaded.
Expanding symmetric matrix ... done
  Total # of non-zeros is 4007383
Converting COO to CSR...done
Vector file name: cant/b.mtx ... file loaded
Executing GPU CSR SpMV ... 
  Pinned Device to Host bandwidth (GB/s): 2.097958
  Pinned Device to Host bandwidth (GB/s): 4.782674
  Pinned Device to Host bandwidth (GB/s): 18.593674
  Pinned Device to Host bandwidth (GB/s): 7.755961
  Exec time (per itr): 0.00109687 s
  Pinned Host to Device bandwidth (GB/s): 1.260414
Executing GPU ELL SpMV ... 
  Pinned Device to Host bandwidth (GB/s): 4.023984
  Pinned Device to Host bandwidth (GB/s): 7.734484
  Pinned Device to Host bandwidth (GB/s): 8.114735
  Exec time (per itr): 0.00614081 s
  Pinned Host to Device bandwidth (GB/s): 1.260312
Calculating CPU CSR SpMV ... done
2-Norm between CPU and GPU answers: 1.769595e-10
Result file name: ./test.mtx ... file saved
Module		Time
Load		0.568118
Convert		0.026047
CPU SpMV	0.024535
GPU Alloc	0.225841
GPU SpMV	0.109696
GPU ELL SpMV	0.614071
Store		0.025768
