-----------------------------------------------------
Matrix name:     cant/cant.mtx
Matrix size:     62451 x 62451 => 2034917
-----------------------------------------------------
Is matrix:       1
Is sparse:       1
-----------------------------------------------------
Is complex:      0
Is real:         1
Is integer:      0
Is pattern only: 0
-----------------------------------------------------
Is general:      0
Is symmetric:    1
Is skewed:       0
Is hermitian:    0
-----------------------------------------------------
Matrix file name: cant/cant.mtx ... file loaded.
Expanding symmetric matrix ... done
  Total # of non-zeros is 4007383
Converting COO to CSR...done
Vector file name: cant/b.mtx ... file loaded
Executing GPU CSR SpMV ... 
  Pinned Device to Host bandwidth (GB/s): 2.158280
  Pinned Device to Host bandwidth (GB/s): 4.775151
  Pinned Device to Host bandwidth (GB/s): 6.822425
  Pinned Device to Host bandwidth (GB/s): 8.051960
  Exec time (per itr): 0.00109607 s
  Pinned Host to Device bandwidth (GB/s): 1.286482
Executing GPU ELL SpMV ... 
  Pinned Device to Host bandwidth (GB/s): 4.015837
  Pinned Device to Host bandwidth (GB/s): 19.059010
  Pinned Device to Host bandwidth (GB/s): 8.093701
  Exec time (per itr): 0.00614101 s
  Pinned Host to Device bandwidth (GB/s): 1.284366
Calculating CPU CSR SpMV ... done
2-Norm between CPU and GPU answers: 1.769595e-10
Result file name: ./test.mtx ... file saved
Module		Time
Load		0.567699
Convert		0.026055
CPU SpMV	0.024162
GPU Alloc	0.225126
GPU SpMV	0.109617
GPU ELL SpMV	0.614087
Store		0.026754
