-----------------------------------------------------
Matrix name:     cant/cant.mtx
Matrix size:     62451 x 62451 => 2034917
-----------------------------------------------------
Is matrix:       1
Is sparse:       1
-----------------------------------------------------
Is complex:      0
Is real:         1
Is integer:      0
Is pattern only: 0
-----------------------------------------------------
Is general:      0
Is symmetric:    1
Is skewed:       0
Is hermitian:    0
-----------------------------------------------------
Matrix file name: cant/cant.mtx ... file loaded.
Expanding symmetric matrix ... done
  Total # of non-zeros is 4007383
Converting COO to CSR...done
Vector file name: cant/b.mtx ... file loaded
Executing GPU CSR SpMV ... 
  Pinned Device to Host bandwidth (GB/s): 2.060306
  Pinned Device to Host bandwidth (GB/s): 4.818883
  Pinned Device to Host bandwidth (GB/s): 6.232167
  Pinned Device to Host bandwidth (GB/s): 7.687223
  Exec time (per itr): 0.00109604 s
  Pinned Host to Device bandwidth (GB/s): 1.284154
Executing GPU ELL SpMV ... 
  Pinned Device to Host bandwidth (GB/s): 4.075263
  Pinned Device to Host bandwidth (GB/s): 7.236758
  Pinned Device to Host bandwidth (GB/s): 8.072776
  Exec time (per itr): 0.00614106 s
  Pinned Host to Device bandwidth (GB/s): 1.269123
Calculating CPU CSR SpMV ... done
2-Norm between CPU and GPU answers: 1.769595e-10
Result file name: ./test.mtx ... file saved
Module		Time
Load		0.568084
Convert		0.025705
CPU SpMV	0.023775
GPU Alloc	0.224940
GPU SpMV	0.109615
GPU ELL SpMV	0.614093
Store		0.022232
