-----------------------------------------------------
Matrix name:     cant/cant.mtx
Matrix size:     62451 x 62451 => 2034917
-----------------------------------------------------
Is matrix:       1
Is sparse:       1
-----------------------------------------------------
Is complex:      0
Is real:         1
Is integer:      0
Is pattern only: 0
-----------------------------------------------------
Is general:      0
Is symmetric:    1
Is skewed:       0
Is hermitian:    0
-----------------------------------------------------
Matrix file name: cant/cant.mtx ... file loaded.
Expanding symmetric matrix ... done
  Total # of non-zeros is 4007383
Converting COO to CSR...done
Vector file name: cant/b.mtx ... file loaded
Executing GPU CSR SpMV ... 
  Pinned Device to Host bandwidth (GB/s): 1.912420
  Pinned Device to Host bandwidth (GB/s): 4.204101
  Pinned Device to Host bandwidth (GB/s): 10.739738
  Pinned Device to Host bandwidth (GB/s): 7.090259
  Exec time (per itr): 0.00108067 s
  Pinned Host to Device bandwidth (GB/s): 1.306834
Executing GPU ELL SpMV ... 
  Pinned Device to Host bandwidth (GB/s): 4.491983
  Pinned Device to Host bandwidth (GB/s): 11.714293
  Pinned Device to Host bandwidth (GB/s): 7.416984
  Exec time (per itr): 0.00614754 s
  Pinned Host to Device bandwidth (GB/s): 1.225010
Calculating CPU CSR SpMV ... done
2-Norm between CPU and GPU answers: 1.769595e-10
Result file name: ./test.mtx ... file saved
Module		Time
Load		0.592360
Convert		0.029768
CPU SpMV	0.024815
GPU Alloc	0.268322
GPU SpMV	0.108076
GPU ELL SpMV	0.614738
Store		0.239115
