-----------------------------------------------------
Matrix name:     cant/cant.mtx
Matrix size:     62451 x 62451 => 2034917
-----------------------------------------------------
Is matrix:       1
Is sparse:       1
-----------------------------------------------------
Is complex:      0
Is real:         1
Is integer:      0
Is pattern only: 0
-----------------------------------------------------
Is general:      0
Is symmetric:    1
Is skewed:       0
Is hermitian:    0
-----------------------------------------------------
Matrix file name: cant/cant.mtx ... file loaded.
Expanding symmetric matrix ... done
  Total # of non-zeros is 4007383
Converting COO to CSR...done
Vector file name: cant/b.mtx ... file loaded
Executing GPU CSR SpMV ... 
  Pinned Device to Host bandwidth (GB/s): 2.088416
  Pinned Device to Host bandwidth (GB/s): 5.609313
  Pinned Device to Host bandwidth (GB/s): 6.660898
  Pinned Device to Host bandwidth (GB/s): 8.317928
  Exec time (per itr): 0.00063696 s
  Pinned Host to Device bandwidth (GB/s): 2.297344
Executing GPU ELL SpMV ... 
  Pinned Device to Host bandwidth (GB/s): 19.563593
  Pinned Device to Host bandwidth (GB/s): 19.231169
  Pinned Device to Host bandwidth (GB/s): 8.362480
  Exec time (per itr): 0.00062074 s
  Pinned Host to Device bandwidth (GB/s): 1.318310
Calculating CPU CSR SpMV ... done
2-Norm between CPU and GPU answers: 1.822933e-10
Result file name: ./test.mtx ... file saved
Module		Time
Load		0.562651
Convert		0.026042
CPU SpMV	0.025532
GPU Alloc	0.247084
GPU SpMV	0.063707
GPU ELL SpMV	0.062091
Store		0.102162
