-----------------------------------------------------
Matrix name:     cant/cant.mtx
Matrix size:     62451 x 62451 => 2034917
-----------------------------------------------------
Is matrix:       1
Is sparse:       1
-----------------------------------------------------
Is complex:      0
Is real:         1
Is integer:      0
Is pattern only: 0
-----------------------------------------------------
Is general:      0
Is symmetric:    1
Is skewed:       0
Is hermitian:    0
-----------------------------------------------------
Matrix file name: cant/cant.mtx ... file loaded.
Expanding symmetric matrix ... done
  Total # of non-zeros is 4007383
Converting COO to CSR...done
Vector file name: cant/b.mtx ... file loaded
Executing GPU CSR SpMV ... 
  Pinned Device to Host bandwidth (GB/s): 2.113864
  Pinned Device to Host bandwidth (GB/s): 4.822409
  Pinned Device to Host bandwidth (GB/s): 5.759157
  Pinned Device to Host bandwidth (GB/s): 8.659318
  Exec time (per itr): 0.00063777 s
  Pinned Host to Device bandwidth (GB/s): 2.180856
Executing GPU ELL SpMV ... 
  Pinned Device to Host bandwidth (GB/s): 17.162187
  Pinned Device to Host bandwidth (GB/s): 17.594880
  Pinned Device to Host bandwidth (GB/s): 8.118955
  Exec time (per itr): 0.00062037 s
  Pinned Host to Device bandwidth (GB/s): 1.291698
Calculating CPU CSR SpMV ... done
2-Norm between CPU and GPU answers: 1.822933e-10
Result file name: ./test.mtx ... file saved
Module		Time
Load		0.562363
Convert		0.025850
CPU SpMV	0.023418
GPU Alloc	0.272121
GPU SpMV	0.063788
GPU ELL SpMV	0.062052
Store		0.082439
