-----------------------------------------------------
Matrix name:     cant/cant.mtx
Matrix size:     62451 x 62451 => 2034917
-----------------------------------------------------
Is matrix:       1
Is sparse:       1
-----------------------------------------------------
Is complex:      0
Is real:         1
Is integer:      0
Is pattern only: 0
-----------------------------------------------------
Is general:      0
Is symmetric:    1
Is skewed:       0
Is hermitian:    0
-----------------------------------------------------
Matrix file name: cant/cant.mtx ... file loaded.
Expanding symmetric matrix ... done
  Total # of non-zeros is 4007383
Converting COO to CSR...done
Vector file name: cant/b.mtx ... file loaded
Executing GPU CSR SpMV ... 
  Pinned Device to Host bandwidth (GB/s): 2.021885
  Pinned Device to Host bandwidth (GB/s): 4.045638
  Pinned Device to Host bandwidth (GB/s): 5.108903
  Pinned Device to Host bandwidth (GB/s): 6.527069
  Exec time (per itr): 0.00019013 s
  Pinned Host to Device bandwidth (GB/s): 2.330261
Executing GPU ELL SpMV ... 
  Pinned Device to Host bandwidth (GB/s): 12.922816
  Pinned Device to Host bandwidth (GB/s): 11.731333
  Pinned Device to Host bandwidth (GB/s): 7.395902
  Exec time (per itr): 0.00023074 s
  Pinned Host to Device bandwidth (GB/s): 2.400853
Calculating CPU CSR SpMV ... done
2-Norm between CPU and GPU answers: 1.822933e-10
Result file name: ./test.mtx ... file saved
Module		Time
Load		0.577595
Convert		0.026904
CPU SpMV	0.023162
GPU Alloc	0.244958
GPU SpMV	0.019026
GPU ELL SpMV	0.023089
Store		0.428564
