-----------------------------------------------------
Matrix name:     cant/cant.mtx
Matrix size:     62451 x 62451 => 2034917
-----------------------------------------------------
Is matrix:       1
Is sparse:       1
-----------------------------------------------------
Is complex:      0
Is real:         1
Is integer:      0
Is pattern only: 0
-----------------------------------------------------
Is general:      0
Is symmetric:    1
Is skewed:       0
Is hermitian:    0
-----------------------------------------------------
Matrix file name: cant/cant.mtx ... file loaded.
Expanding symmetric matrix ... done
  Total # of non-zeros is 4007383
Converting COO to CSR...done
Vector file name: cant/b.mtx ... file loaded
Executing GPU CSR SpMV ... 
  Pinned Device to Host bandwidth (GB/s): 1.998080
  Pinned Device to Host bandwidth (GB/s): 4.236672
  Pinned Device to Host bandwidth (GB/s): 11.109647
  Pinned Device to Host bandwidth (GB/s): 7.706194
  Exec time (per itr): 0.00063585 s
  Pinned Host to Device bandwidth (GB/s): 2.130852
Executing GPU ELL SpMV ... 
  Pinned Device to Host bandwidth (GB/s): 15.188258
  Pinned Device to Host bandwidth (GB/s): 11.661459
  Pinned Device to Host bandwidth (GB/s): 7.524217
  Exec time (per itr): 0.00061814 s
  Pinned Host to Device bandwidth (GB/s): 1.229641
Calculating CPU CSR SpMV ... done
2-Norm between CPU and GPU answers: 1.822933e-10
Result file name: ./test.mtx ... file saved
Module		Time
Load		0.614913
Convert		0.027764
CPU SpMV	0.025241
GPU Alloc	0.273757
GPU SpMV	0.063595
GPU ELL SpMV	0.061831
Store		0.027967
