-----------------------------------------------------
Matrix name:     cant/cant.mtx
Matrix size:     62451 x 62451 => 2034917
-----------------------------------------------------
Is matrix:       1
Is sparse:       1
-----------------------------------------------------
Is complex:      0
Is real:         1
Is integer:      0
Is pattern only: 0
-----------------------------------------------------
Is general:      0
Is symmetric:    1
Is skewed:       0
Is hermitian:    0
-----------------------------------------------------
Matrix file name: cant/cant.mtx ... file loaded.
Expanding symmetric matrix ... done
  Total # of non-zeros is 4007383
Converting COO to CSR...done
Vector file name: cant/b.mtx ... file loaded
Executing GPU CSR SpMV ... 
  Pinned Device to Host bandwidth (GB/s): 1.986387
  Pinned Device to Host bandwidth (GB/s): 4.041330
  Pinned Device to Host bandwidth (GB/s): 4.695719
  Pinned Device to Host bandwidth (GB/s): 7.326490
  Exec time (per itr): 0.00019000 s
  Pinned Host to Device bandwidth (GB/s): 2.277571
Executing GPU ELL SpMV ... 
  Pinned Device to Host bandwidth (GB/s): 12.769157
  Pinned Device to Host bandwidth (GB/s): 11.580947
  Pinned Device to Host bandwidth (GB/s): 7.309340
  Exec time (per itr): 0.00023081 s
  Pinned Host to Device bandwidth (GB/s): 2.297006
Calculating CPU CSR SpMV ... done
2-Norm between CPU and GPU answers: 1.822933e-10
Result file name: ./test.mtx ... file saved
Module		Time
Load		0.577730
Convert		0.029309
CPU SpMV	0.022833
GPU Alloc	0.253592
GPU SpMV	0.019016
GPU ELL SpMV	0.023098
Store		1.248913
