-----------------------------------------------------
Matrix name:     cant/cant.mtx
Matrix size:     62451 x 62451 => 2034917
-----------------------------------------------------
Is matrix:       1
Is sparse:       1
-----------------------------------------------------
Is complex:      0
Is real:         1
Is integer:      0
Is pattern only: 0
-----------------------------------------------------
Is general:      0
Is symmetric:    1
Is skewed:       0
Is hermitian:    0
-----------------------------------------------------
Matrix file name: cant/cant.mtx ... file loaded.
Expanding symmetric matrix ... done
  Total # of non-zeros is 4007383
Converting COO to CSR...done
Vector file name: cant/b.mtx ... file loaded
Executing GPU CSR SpMV ... 
  Pinned Device to Host bandwidth (GB/s): 1.986892
  Pinned Device to Host bandwidth (GB/s): 4.038756
  Pinned Device to Host bandwidth (GB/s): 5.108669
  Pinned Device to Host bandwidth (GB/s): 7.364504
  Exec time (per itr): 0.00018996 s
  Pinned Host to Device bandwidth (GB/s): 2.358421
Executing GPU ELL SpMV ... 
  Pinned Device to Host bandwidth (GB/s): 14.711572
  Pinned Device to Host bandwidth (GB/s): 11.676330
  Pinned Device to Host bandwidth (GB/s): 7.282066
  Exec time (per itr): 0.00023073 s
  Pinned Host to Device bandwidth (GB/s): 2.360918
Calculating CPU CSR SpMV ... done
2-Norm between CPU and GPU answers: 1.822933e-10
Result file name: ./test.mtx ... file saved
Module		Time
Load		0.580531
Convert		0.027026
CPU SpMV	0.022786
GPU Alloc	0.244714
GPU SpMV	0.019010
GPU ELL SpMV	0.023089
Store		0.404283
