-----------------------------------------------------
Matrix name:     cant/cant.mtx
Matrix size:     62451 x 62451 => 2034917
-----------------------------------------------------
Is matrix:       1
Is sparse:       1
-----------------------------------------------------
Is complex:      0
Is real:         1
Is integer:      0
Is pattern only: 0
-----------------------------------------------------
Is general:      0
Is symmetric:    1
Is skewed:       0
Is hermitian:    0
-----------------------------------------------------
Matrix file name: cant/cant.mtx ... file loaded.
Expanding symmetric matrix ... done
  Total # of non-zeros is 4007383
Converting COO to CSR...done
Vector file name: cant/b.mtx ... file loaded
Executing GPU CSR SpMV ... 
  Pinned Device to Host bandwidth (GB/s): 2.077855
  Pinned Device to Host bandwidth (GB/s): 4.697679
  Pinned Device to Host bandwidth (GB/s): 6.431199
  Pinned Device to Host bandwidth (GB/s): 7.725260
  Exec time (per itr): 0.00063800 s
  Pinned Host to Device bandwidth (GB/s): 2.181771
Executing GPU ELL SpMV ... 
  Pinned Device to Host bandwidth (GB/s): 16.724730
  Pinned Device to Host bandwidth (GB/s): 19.239676
  Pinned Device to Host bandwidth (GB/s): 7.653309
  Exec time (per itr): 0.00062042 s
  Pinned Host to Device bandwidth (GB/s): 1.298898
Calculating CPU CSR SpMV ... done
2-Norm between CPU and GPU answers: 1.822933e-10
Result file name: ./test.mtx ... file saved
Module		Time
Load		0.577824
Convert		0.025650
CPU SpMV	0.023314
GPU Alloc	0.235048
GPU SpMV	0.063814
GPU ELL SpMV	0.062058
Store		1.340231
