-----------------------------------------------------
Matrix name:     cant/cant.mtx
Matrix size:     62451 x 62451 => 2034917
-----------------------------------------------------
Is matrix:       1
Is sparse:       1
-----------------------------------------------------
Is complex:      0
Is real:         1
Is integer:      0
Is pattern only: 0
-----------------------------------------------------
Is general:      0
Is symmetric:    1
Is skewed:       0
Is hermitian:    0
-----------------------------------------------------
Matrix file name: cant/cant.mtx ... file loaded.
Expanding symmetric matrix ... done
  Total # of non-zeros is 4007383
Converting COO to CSR...done
Vector file name: cant/b.mtx ... file loaded
Executing GPU CSR SpMV ... 
  Pinned Device to Host bandwidth (GB/s): 2.018748
  Pinned Device to Host bandwidth (GB/s): 4.050153
  Pinned Device to Host bandwidth (GB/s): 11.130507
  Pinned Device to Host bandwidth (GB/s): 7.312764
  Exec time (per itr): 0.00019002 s
  Pinned Host to Device bandwidth (GB/s): 2.377093
Executing GPU ELL SpMV ... 
  Pinned Device to Host bandwidth (GB/s): 14.352999
  Pinned Device to Host bandwidth (GB/s): 11.369038
  Pinned Device to Host bandwidth (GB/s): 7.228125
  Exec time (per itr): 0.00023087 s
  Pinned Host to Device bandwidth (GB/s): 2.227847
Calculating CPU CSR SpMV ... done
2-Norm between CPU and GPU answers: 1.822933e-10
Result file name: ./test.mtx ... file saved
Module		Time
Load		0.582900
Convert		0.028147
CPU SpMV	0.022790
GPU Alloc	0.246709
GPU SpMV	0.019017
GPU ELL SpMV	0.023103
Store		1.383372
