-----------------------------------------------------
Matrix name:     cant/cant.mtx
Matrix size:     62451 x 62451 => 2034917
-----------------------------------------------------
Is matrix:       1
Is sparse:       1
-----------------------------------------------------
Is complex:      0
Is real:         1
Is integer:      0
Is pattern only: 0
-----------------------------------------------------
Is general:      0
Is symmetric:    1
Is skewed:       0
Is hermitian:    0
-----------------------------------------------------
Matrix file name: cant/cant.mtx ... file loaded.
Expanding symmetric matrix ... done
  Total # of non-zeros is 4007383
Converting COO to CSR...done
Vector file name: cant/b.mtx ... file loaded
Executing GPU CSR SpMV ... 
  Pinned Device to Host bandwidth (GB/s): 1.943850
  Pinned Device to Host bandwidth (GB/s): 4.257774
  Pinned Device to Host bandwidth (GB/s): 11.105706
  Pinned Device to Host bandwidth (GB/s): 6.932838
  Exec time (per itr): 0.00063565 s
  Pinned Host to Device bandwidth (GB/s): 2.249028
Executing GPU ELL SpMV ... 
  Pinned Device to Host bandwidth (GB/s): 14.621136
  Pinned Device to Host bandwidth (GB/s): 11.729751
  Pinned Device to Host bandwidth (GB/s): 7.802473
  Exec time (per itr): 0.00061919 s
  Pinned Host to Device bandwidth (GB/s): 1.314536
Calculating CPU CSR SpMV ... done
2-Norm between CPU and GPU answers: 1.822933e-10
Result file name: ./test.mtx ... file saved
Module		Time
Load		0.585939
Convert		0.026816
CPU SpMV	0.024459
GPU Alloc	0.260209
GPU SpMV	0.063576
GPU ELL SpMV	0.061934
Store		0.034392
