-----------------------------------------------------
Matrix name:     cant/cant.mtx
Matrix size:     62451 x 62451 => 2034917
-----------------------------------------------------
Is matrix:       1
Is sparse:       1
-----------------------------------------------------
Is complex:      0
Is real:         1
Is integer:      0
Is pattern only: 0
-----------------------------------------------------
Is general:      0
Is symmetric:    1
Is skewed:       0
Is hermitian:    0
-----------------------------------------------------
Matrix file name: cant/cant.mtx ... file loaded.
Expanding symmetric matrix ... done
  Total # of non-zeros is 4007383
Converting COO to CSR...done
Vector file name: cant/b.mtx ... file loaded
Executing GPU CSR SpMV ... 
  Pinned Device to Host bandwidth (GB/s): 2.043586
  Pinned Device to Host bandwidth (GB/s): 4.047011
  Pinned Device to Host bandwidth (GB/s): 4.418829
  Pinned Device to Host bandwidth (GB/s): 6.788152
  Exec time (per itr): 0.00019010 s
  Pinned Host to Device bandwidth (GB/s): 2.364852
Executing GPU ELL SpMV ... 
  Pinned Device to Host bandwidth (GB/s): 12.804064
  Pinned Device to Host bandwidth (GB/s): 11.736647
  Pinned Device to Host bandwidth (GB/s): 7.354098
  Exec time (per itr): 0.00023068 s
  Pinned Host to Device bandwidth (GB/s): 2.370237
Calculating CPU CSR SpMV ... done
2-Norm between CPU and GPU answers: 1.822933e-10
Result file name: ./test.mtx ... file saved
Module		Time
Load		0.587219
Convert		0.026135
CPU SpMV	0.023255
GPU Alloc	0.247470
GPU SpMV	0.019026
GPU ELL SpMV	0.023083
Store		0.057306
