-----------------------------------------------------
Matrix name:     cant/cant.mtx
Matrix size:     62451 x 62451 => 2034917
-----------------------------------------------------
Is matrix:       1
Is sparse:       1
-----------------------------------------------------
Is complex:      0
Is real:         1
Is integer:      0
Is pattern only: 0
-----------------------------------------------------
Is general:      0
Is symmetric:    1
Is skewed:       0
Is hermitian:    0
-----------------------------------------------------
Matrix file name: cant/cant.mtx ... file loaded.
Expanding symmetric matrix ... done
  Total # of non-zeros is 4007383
Converting COO to CSR...done
Vector file name: cant/b.mtx ... file loaded
Executing GPU CSR SpMV ... 
  Pinned Device to Host bandwidth (GB/s): 2.039848
  Pinned Device to Host bandwidth (GB/s): 4.037096
  Pinned Device to Host bandwidth (GB/s): 5.156259
  Pinned Device to Host bandwidth (GB/s): 7.350635
  Exec time (per itr): 0.00018996 s
  Pinned Host to Device bandwidth (GB/s): 2.306167
Executing GPU ELL SpMV ... 
  Pinned Device to Host bandwidth (GB/s): 12.555359
  Pinned Device to Host bandwidth (GB/s): 11.708775
  Pinned Device to Host bandwidth (GB/s): 7.347176
  Exec time (per itr): 0.00023073 s
  Pinned Host to Device bandwidth (GB/s): 2.339339
Calculating CPU CSR SpMV ... done
2-Norm between CPU and GPU answers: 1.822933e-10
Result file name: ./test.mtx ... file saved
Module		Time
Load		0.576348
Convert		0.026505
CPU SpMV	0.022216
GPU Alloc	0.244688
GPU SpMV	0.019010
GPU ELL SpMV	0.023089
Store		0.030189
