-----------------------------------------------------
Matrix name:     cant/cant.mtx
Matrix size:     62451 x 62451 => 2034917
-----------------------------------------------------
Is matrix:       1
Is sparse:       1
-----------------------------------------------------
Is complex:      0
Is real:         1
Is integer:      0
Is pattern only: 0
-----------------------------------------------------
Is general:      0
Is symmetric:    1
Is skewed:       0
Is hermitian:    0
-----------------------------------------------------
Matrix file name: cant/cant.mtx ... file loaded.
Expanding symmetric matrix ... done
  Total # of non-zeros is 4007383
Converting COO to CSR...done
Vector file name: cant/b.mtx ... file loaded
Executing GPU CSR SpMV ... 
  Pinned Device to Host bandwidth (GB/s): 2.018748
  Pinned Device to Host bandwidth (GB/s): 4.816057
  Pinned Device to Host bandwidth (GB/s): 6.859185
  Pinned Device to Host bandwidth (GB/s): 7.990149
  Exec time (per itr): 0.00063752 s
  Pinned Host to Device bandwidth (GB/s): 2.182686
Executing GPU ELL SpMV ... 
  Pinned Device to Host bandwidth (GB/s): 16.908646
  Pinned Device to Host bandwidth (GB/s): 19.226310
  Pinned Device to Host bandwidth (GB/s): 8.144366
  Exec time (per itr): 0.00062031 s
  Pinned Host to Device bandwidth (GB/s): 1.302908
Calculating CPU CSR SpMV ... done
2-Norm between CPU and GPU answers: 1.822933e-10
Result file name: ./test.mtx ... file saved
Module		Time
Load		0.563332
Convert		0.025037
CPU SpMV	0.023107
GPU Alloc	0.236952
GPU SpMV	0.063765
GPU ELL SpMV	0.062045
Store		0.053090
