-----------------------------------------------------
Matrix name:     cant/cant.mtx
Matrix size:     62451 x 62451 => 2034917
-----------------------------------------------------
Is matrix:       1
Is sparse:       1
-----------------------------------------------------
Is complex:      0
Is real:         1
Is integer:      0
Is pattern only: 0
-----------------------------------------------------
Is general:      0
Is symmetric:    1
Is skewed:       0
Is hermitian:    0
-----------------------------------------------------
Matrix file name: cant/cant.mtx ... file loaded.
Expanding symmetric matrix ... done
  Total # of non-zeros is 4007383
Converting COO to CSR...done
Vector file name: cant/b.mtx ... file loaded
Executing GPU CSR SpMV ... 
  Pinned Device to Host bandwidth (GB/s): 1.849443
  Pinned Device to Host bandwidth (GB/s): 4.231554
  Pinned Device to Host bandwidth (GB/s): 11.087884
  Pinned Device to Host bandwidth (GB/s): 7.767538
  Exec time (per itr): 0.00075200 s
  Pinned Host to Device bandwidth (GB/s): 2.149332
Executing GPU ELL SpMV ... 
  Pinned Device to Host bandwidth (GB/s): 14.613417
  Pinned Device to Host bandwidth (GB/s): 6.031164
  Pinned Device to Host bandwidth (GB/s): 12.745102
  Exec time (per itr): 0.00120257 s
  Pinned Host to Device bandwidth (GB/s): 1.187011
Calculating CPU CSR SpMV ... done
2-Norm between CPU and GPU answers: 1.769595e-10
Result file name: ./test.mtx ... file saved
Module		Time
Load		0.607471
Convert		0.028578
CPU SpMV	0.024893
GPU Alloc	0.269676
GPU SpMV	0.075211
GPU ELL SpMV	0.120268
Store		0.098103
