-----------------------------------------------------
Matrix name:     cant/cant.mtx
Matrix size:     62451 x 62451 => 2034917
-----------------------------------------------------
Is matrix:       1
Is sparse:       1
-----------------------------------------------------
Is complex:      0
Is real:         1
Is integer:      0
Is pattern only: 0
-----------------------------------------------------
Is general:      0
Is symmetric:    1
Is skewed:       0
Is hermitian:    0
-----------------------------------------------------
Matrix file name: cant/cant.mtx ... file loaded.
Expanding symmetric matrix ... done
  Total # of non-zeros is 4007383
Converting COO to CSR...done
Vector file name: cant/b.mtx ... file loaded
Executing GPU CSR SpMV ... 
  Pinned Device to Host bandwidth (GB/s): 1.969846
  Pinned Device to Host bandwidth (GB/s): 4.767334
  Pinned Device to Host bandwidth (GB/s): 18.681045
  Pinned Device to Host bandwidth (GB/s): 8.221564
  Exec time (per itr): 0.00075175 s
  Pinned Host to Device bandwidth (GB/s): 2.124473
Executing GPU ELL SpMV ... 
  Pinned Device to Host bandwidth (GB/s): 16.786052
  Pinned Device to Host bandwidth (GB/s): 6.851704
  Pinned Device to Host bandwidth (GB/s): 8.014759
  Exec time (per itr): 0.00120361 s
  Pinned Host to Device bandwidth (GB/s): 1.270569
Calculating CPU CSR SpMV ... done
2-Norm between CPU and GPU answers: 1.769595e-10
Result file name: ./test.mtx ... file saved
Module		Time
Load		0.565833
Convert		0.027044
CPU SpMV	0.025784
GPU Alloc	0.220298
GPU SpMV	0.075188
GPU ELL SpMV	0.120375
Store		0.024997
