-----------------------------------------------------
Matrix name:     cant/cant.mtx
Matrix size:     62451 x 62451 => 2034917
-----------------------------------------------------
Is matrix:       1
Is sparse:       1
-----------------------------------------------------
Is complex:      0
Is real:         1
Is integer:      0
Is pattern only: 0
-----------------------------------------------------
Is general:      0
Is symmetric:    1
Is skewed:       0
Is hermitian:    0
-----------------------------------------------------
Matrix file name: cant/cant.mtx ... file loaded.
Expanding symmetric matrix ... done
  Total # of non-zeros is 4007383
Converting COO to CSR...done
Vector file name: cant/b.mtx ... file loaded
Executing GPU CSR SpMV ... 
  Pinned Device to Host bandwidth (GB/s): 1.989424
  Pinned Device to Host bandwidth (GB/s): 4.816751
  Pinned Device to Host bandwidth (GB/s): 6.286959
  Pinned Device to Host bandwidth (GB/s): 8.060274
  Exec time (per itr): 0.00075299 s
  Pinned Host to Device bandwidth (GB/s): 2.160635
Executing GPU ELL SpMV ... 
  Pinned Device to Host bandwidth (GB/s): 16.760638
  Pinned Device to Host bandwidth (GB/s): 19.089782
  Pinned Device to Host bandwidth (GB/s): 8.443889
  Exec time (per itr): 0.00120598 s
  Pinned Host to Device bandwidth (GB/s): 1.303235
Calculating CPU CSR SpMV ... done
2-Norm between CPU and GPU answers: 1.769595e-10
Result file name: ./test.mtx ... file saved
Module		Time
Load		0.562709
Convert		0.028383
CPU SpMV	0.023929
GPU Alloc	0.221703
GPU SpMV	0.075310
GPU ELL SpMV	0.120613
Store		0.027712
