-----------------------------------------------------
Matrix name:     cant/cant.mtx
Matrix size:     62451 x 62451 => 2034917
-----------------------------------------------------
Is matrix:       1
Is sparse:       1
-----------------------------------------------------
Is complex:      0
Is real:         1
Is integer:      0
Is pattern only: 0
-----------------------------------------------------
Is general:      0
Is symmetric:    1
Is skewed:       0
Is hermitian:    0
-----------------------------------------------------
Matrix file name: cant/cant.mtx ... file loaded.
Expanding symmetric matrix ... done
  Total # of non-zeros is 4007383
Converting COO to CSR...done
Vector file name: cant/b.mtx ... file loaded
Executing GPU CSR SpMV ... 
  Pinned Device to Host bandwidth (GB/s): 1.926104
  Pinned Device to Host bandwidth (GB/s): 4.154968
  Pinned Device to Host bandwidth (GB/s): 11.097956
  Pinned Device to Host bandwidth (GB/s): 7.634597
  Exec time (per itr): 0.00075181 s
  Pinned Host to Device bandwidth (GB/s): 2.226576
Executing GPU ELL SpMV ... 
  Pinned Device to Host bandwidth (GB/s): 14.765441
  Pinned Device to Host bandwidth (GB/s): 6.348301
  Pinned Device to Host bandwidth (GB/s): 12.084172
  Exec time (per itr): 0.00120135 s
  Pinned Host to Device bandwidth (GB/s): 1.267577
Calculating CPU CSR SpMV ... done
2-Norm between CPU and GPU answers: 1.769595e-10
Result file name: ./test.mtx ... file saved
Module		Time
Load		0.592569
Convert		0.028435
CPU SpMV	0.024983
GPU Alloc	0.267823
GPU SpMV	0.075191
GPU ELL SpMV	0.120145
Store		0.033692
