-----------------------------------------------------
Matrix name:     cant/cant.mtx
Matrix size:     62451 x 62451 => 2034917
-----------------------------------------------------
Is matrix:       1
Is sparse:       1
-----------------------------------------------------
Is complex:      0
Is real:         1
Is integer:      0
Is pattern only: 0
-----------------------------------------------------
Is general:      0
Is symmetric:    1
Is skewed:       0
Is hermitian:    0
-----------------------------------------------------
Matrix file name: cant/cant.mtx ... file loaded.
Expanding symmetric matrix ... done
  Total # of non-zeros is 4007383
Converting COO to CSR...done
Vector file name: cant/b.mtx ... file loaded
Executing GPU CSR SpMV ... 
  Pinned Device to Host bandwidth (GB/s): 1.999616
  Pinned Device to Host bandwidth (GB/s): 4.071551
  Pinned Device to Host bandwidth (GB/s): 11.096357
  Pinned Device to Host bandwidth (GB/s): 7.329930
  Exec time (per itr): 0.00022824 s
  Pinned Host to Device bandwidth (GB/s): 2.361632
Executing GPU ELL SpMV ... 
  Pinned Device to Host bandwidth (GB/s): 12.763804
  Pinned Device to Host bandwidth (GB/s): 11.714970
  Pinned Device to Host bandwidth (GB/s): 7.385407
  Exec time (per itr): 0.00041395 s
  Pinned Host to Device bandwidth (GB/s): 2.257809
Calculating CPU CSR SpMV ... done
2-Norm between CPU and GPU answers: 1.769595e-10
Result file name: ./test.mtx ... file saved
Module		Time
Load		0.614352
Convert		0.030838
CPU SpMV	0.026762
GPU Alloc	0.250131
GPU SpMV	0.022838
GPU ELL SpMV	0.041411
Store		0.435156
