-----------------------------------------------------
Matrix name:     cant/cant.mtx
Matrix size:     62451 x 62451 => 2034917
-----------------------------------------------------
Is matrix:       1
Is sparse:       1
-----------------------------------------------------
Is complex:      0
Is real:         1
Is integer:      0
Is pattern only: 0
-----------------------------------------------------
Is general:      0
Is symmetric:    1
Is skewed:       0
Is hermitian:    0
-----------------------------------------------------
Matrix file name: cant/cant.mtx ... file loaded.
Expanding symmetric matrix ... done
  Total # of non-zeros is 4007383
Converting COO to CSR...done
Vector file name: cant/b.mtx ... file loaded
Executing GPU CSR SpMV ... 
  Pinned Device to Host bandwidth (GB/s): 2.095705
  Pinned Device to Host bandwidth (GB/s): 4.776426
  Pinned Device to Host bandwidth (GB/s): 18.724339
  Pinned Device to Host bandwidth (GB/s): 8.068605
  Exec time (per itr): 0.00075252 s
  Pinned Host to Device bandwidth (GB/s): 2.169341
Executing GPU ELL SpMV ... 
  Pinned Device to Host bandwidth (GB/s): 16.991690
  Pinned Device to Host bandwidth (GB/s): 6.849970
  Pinned Device to Host bandwidth (GB/s): 8.536222
  Exec time (per itr): 0.00120638 s
  Pinned Host to Device bandwidth (GB/s): 1.271500
Calculating CPU CSR SpMV ... done
2-Norm between CPU and GPU answers: 1.769595e-10
Result file name: ./test.mtx ... file saved
Module		Time
Load		0.577943
Convert		0.026586
CPU SpMV	0.023552
GPU Alloc	0.225213
GPU SpMV	0.075265
GPU ELL SpMV	0.120651
Store		0.024657
