-----------------------------------------------------
Matrix name:     cant/cant.mtx
Matrix size:     62451 x 62451 => 2034917
-----------------------------------------------------
Is matrix:       1
Is sparse:       1
-----------------------------------------------------
Is complex:      0
Is real:         1
Is integer:      0
Is pattern only: 0
-----------------------------------------------------
Is general:      0
Is symmetric:    1
Is skewed:       0
Is hermitian:    0
-----------------------------------------------------
Matrix file name: cant/cant.mtx ... file loaded.
Expanding symmetric matrix ... done
  Total # of non-zeros is 4007383
Converting COO to CSR...done
Vector file name: cant/b.mtx ... file loaded
Executing GPU CSR SpMV ... 
  Pinned Device to Host bandwidth (GB/s): 2.046801
  Pinned Device to Host bandwidth (GB/s): 4.249178
  Pinned Device to Host bandwidth (GB/s): 11.120746
  Pinned Device to Host bandwidth (GB/s): 7.333373
  Exec time (per itr): 0.00022824 s
  Pinned Host to Device bandwidth (GB/s): 2.270285
Executing GPU ELL SpMV ... 
  Pinned Device to Host bandwidth (GB/s): 14.281294
  Pinned Device to Host bandwidth (GB/s): 11.596718
  Pinned Device to Host bandwidth (GB/s): 7.336819
  Exec time (per itr): 0.00041383 s
  Pinned Host to Device bandwidth (GB/s): 2.315401
Calculating CPU CSR SpMV ... done
2-Norm between CPU and GPU answers: 1.769595e-10
Result file name: ./test.mtx ... file saved
Module		Time
Load		0.579876
Convert		0.028606
CPU SpMV	0.025325
GPU Alloc	0.243023
GPU SpMV	0.022839
GPU ELL SpMV	0.041398
Store		0.436403
