-----------------------------------------------------
Matrix name:     cant/cant.mtx
Matrix size:     62451 x 62451 => 2034917
-----------------------------------------------------
Is matrix:       1
Is sparse:       1
-----------------------------------------------------
Is complex:      0
Is real:         1
Is integer:      0
Is pattern only: 0
-----------------------------------------------------
Is general:      0
Is symmetric:    1
Is skewed:       0
Is hermitian:    0
-----------------------------------------------------
Matrix file name: cant/cant.mtx ... file loaded.
Expanding symmetric matrix ... done
  Total # of non-zeros is 4007383
Converting COO to CSR...done
Vector file name: cant/b.mtx ... file loaded
Executing GPU CSR SpMV ... 
  Pinned Device to Host bandwidth (GB/s): 1.864461
  Pinned Device to Host bandwidth (GB/s): 4.249466
  Pinned Device to Host bandwidth (GB/s): 11.094637
  Pinned Device to Host bandwidth (GB/s): 7.553339
  Exec time (per itr): 0.00075108 s
  Pinned Host to Device bandwidth (GB/s): 2.166632
Executing GPU ELL SpMV ... 
  Pinned Device to Host bandwidth (GB/s): 14.417570
  Pinned Device to Host bandwidth (GB/s): 5.803526
  Pinned Device to Host bandwidth (GB/s): 13.197590
  Exec time (per itr): 0.00120179 s
  Pinned Host to Device bandwidth (GB/s): 1.241669
Calculating CPU CSR SpMV ... done
2-Norm between CPU and GPU answers: 1.769595e-10
Result file name: ./test.mtx ... file saved
Module		Time
Load		0.597674
Convert		0.031904
CPU SpMV	0.024793
GPU Alloc	0.271344
GPU SpMV	0.075117
GPU ELL SpMV	0.120192
Store		0.070695
