-----------------------------------------------------
Matrix name:     cant/cant.mtx
Matrix size:     62451 x 62451 => 2034917
-----------------------------------------------------
Is matrix:       1
Is sparse:       1
-----------------------------------------------------
Is complex:      0
Is real:         1
Is integer:      0
Is pattern only: 0
-----------------------------------------------------
Is general:      0
Is symmetric:    1
Is skewed:       0
Is hermitian:    0
-----------------------------------------------------
Matrix file name: cant/cant.mtx ... file loaded.
Expanding symmetric matrix ... done
  Total # of non-zeros is 4007383
Converting COO to CSR...done
Vector file name: cant/b.mtx ... file loaded
Executing GPU CSR SpMV ... 
  Pinned Device to Host bandwidth (GB/s): 1.993488
  Pinned Device to Host bandwidth (GB/s): 4.249827
  Pinned Device to Host bandwidth (GB/s): 4.876657
  Pinned Device to Host bandwidth (GB/s): 7.399408
  Exec time (per itr): 0.00022816 s
  Pinned Host to Device bandwidth (GB/s): 2.298697
Executing GPU ELL SpMV ... 
  Pinned Device to Host bandwidth (GB/s): 12.685359
  Pinned Device to Host bandwidth (GB/s): 11.729413
  Pinned Device to Host bandwidth (GB/s): 7.371459
  Exec time (per itr): 0.00041397 s
  Pinned Host to Device bandwidth (GB/s): 2.338288
Calculating CPU CSR SpMV ... done
2-Norm between CPU and GPU answers: 1.769595e-10
Result file name: ./test.mtx ... file saved
Module		Time
Load		0.579358
Convert		0.027508
CPU SpMV	0.024651
GPU Alloc	0.253106
GPU SpMV	0.022832
GPU ELL SpMV	0.041414
Store		0.405983
