-----------------------------------------------------
Matrix name:     cant/cant.mtx
Matrix size:     62451 x 62451 => 2034917
-----------------------------------------------------
Is matrix:       1
Is sparse:       1
-----------------------------------------------------
Is complex:      0
Is real:         1
Is integer:      0
Is pattern only: 0
-----------------------------------------------------
Is general:      0
Is symmetric:    1
Is skewed:       0
Is hermitian:    0
-----------------------------------------------------
Matrix file name: cant/cant.mtx ... file loaded.
Expanding symmetric matrix ... done
  Total # of non-zeros is 4007383
Converting COO to CSR...done
Vector file name: cant/b.mtx ... file loaded
Executing GPU CSR SpMV ... 
  Pinned Device to Host bandwidth (GB/s): 2.023982
  Pinned Device to Host bandwidth (GB/s): 4.256544
  Pinned Device to Host bandwidth (GB/s): 5.051790
  Pinned Device to Host bandwidth (GB/s): 7.340268
  Exec time (per itr): 0.00022809 s
  Pinned Host to Device bandwidth (GB/s): 2.332001
Executing GPU ELL SpMV ... 
  Pinned Device to Host bandwidth (GB/s): 14.367901
  Pinned Device to Host bandwidth (GB/s): 11.719253
  Pinned Device to Host bandwidth (GB/s): 7.323054
  Exec time (per itr): 0.00041379 s
  Pinned Host to Device bandwidth (GB/s): 2.301068
Calculating CPU CSR SpMV ... done
2-Norm between CPU and GPU answers: 1.769595e-10
Result file name: ./test.mtx ... file saved
Module		Time
Load		0.581794
Convert		0.027535
CPU SpMV	0.022847
GPU Alloc	0.249746
GPU SpMV	0.022824
GPU ELL SpMV	0.041395
Store		0.437841
