-----------------------------------------------------
Matrix name:     cant/cant.mtx
Matrix size:     62451 x 62451 => 2034917
-----------------------------------------------------
Is matrix:       1
Is sparse:       1
-----------------------------------------------------
Is complex:      0
Is real:         1
Is integer:      0
Is pattern only: 0
-----------------------------------------------------
Is general:      0
Is symmetric:    1
Is skewed:       0
Is hermitian:    0
-----------------------------------------------------
Matrix file name: cant/cant.mtx ... file loaded.
Expanding symmetric matrix ... done
  Total # of non-zeros is 4007383
Converting COO to CSR...done
Vector file name: cant/b.mtx ... file loaded
Executing GPU CSR SpMV ... 
  Pinned Device to Host bandwidth (GB/s): 1.946758
  Pinned Device to Host bandwidth (GB/s): 4.262375
  Pinned Device to Host bandwidth (GB/s): 11.032207
  Pinned Device to Host bandwidth (GB/s): 7.381915
  Exec time (per itr): 0.00022817 s
  Pinned Host to Device bandwidth (GB/s): 2.334791
Executing GPU ELL SpMV ... 
  Pinned Device to Host bandwidth (GB/s): 15.835256
  Pinned Device to Host bandwidth (GB/s): 11.730203
  Pinned Device to Host bandwidth (GB/s): 7.420509
  Exec time (per itr): 0.00041383 s
  Pinned Host to Device bandwidth (GB/s): 2.286242
Calculating CPU CSR SpMV ... done
2-Norm between CPU and GPU answers: 1.769595e-10
Result file name: ./test.mtx ... file saved
Module		Time
Load		0.586306
Convert		0.027579
CPU SpMV	0.027017
GPU Alloc	0.249143
GPU SpMV	0.022831
GPU ELL SpMV	0.041397
Store		0.516450
