-----------------------------------------------------
Matrix name:     cant/cant.mtx
Matrix size:     62451 x 62451 => 2034917
-----------------------------------------------------
Is matrix:       1
Is sparse:       1
-----------------------------------------------------
Is complex:      0
Is real:         1
Is integer:      0
Is pattern only: 0
-----------------------------------------------------
Is general:      0
Is symmetric:    1
Is skewed:       0
Is hermitian:    0
-----------------------------------------------------
Matrix file name: cant/cant.mtx ... file loaded.
Expanding symmetric matrix ... done
  Total # of non-zeros is 4007383
Converting COO to CSR...done
Vector file name: cant/b.mtx ... file loaded
Executing GPU CSR SpMV ... 
  Pinned Device to Host bandwidth (GB/s): 2.048950
  Pinned Device to Host bandwidth (GB/s): 4.809214
  Pinned Device to Host bandwidth (GB/s): 6.434173
  Pinned Device to Host bandwidth (GB/s): 7.604846
  Exec time (per itr): 0.00075220 s
  Pinned Host to Device bandwidth (GB/s): 2.230074
Executing GPU ELL SpMV ... 
  Pinned Device to Host bandwidth (GB/s): 16.677090
  Pinned Device to Host bandwidth (GB/s): 19.069456
  Pinned Device to Host bandwidth (GB/s): 8.174215
  Exec time (per itr): 0.00120438 s
  Pinned Host to Device bandwidth (GB/s): 1.284366
Calculating CPU CSR SpMV ... done
2-Norm between CPU and GPU answers: 1.769595e-10
Result file name: ./test.mtx ... file saved
Module		Time
Load		0.563200
Convert		0.026356
CPU SpMV	0.025811
GPU Alloc	0.216886
GPU SpMV	0.075233
GPU ELL SpMV	0.120452
Store		0.023657
