-----------------------------------------------------
Matrix name:     cant/cant.mtx
Matrix size:     62451 x 62451 => 2034917
-----------------------------------------------------
Is matrix:       1
Is sparse:       1
-----------------------------------------------------
Is complex:      0
Is real:         1
Is integer:      0
Is pattern only: 0
-----------------------------------------------------
Is general:      0
Is symmetric:    1
Is skewed:       0
Is hermitian:    0
-----------------------------------------------------
Matrix file name: cant/cant.mtx ... file loaded.
Expanding symmetric matrix ... done
  Total # of non-zeros is 4007383
Converting COO to CSR...done
Vector file name: cant/b.mtx ... file loaded
Executing GPU CSR SpMV ... 
  Pinned Device to Host bandwidth (GB/s): 2.013022
  Pinned Device to Host bandwidth (GB/s): 4.798112
  Pinned Device to Host bandwidth (GB/s): 18.636563
  Pinned Device to Host bandwidth (GB/s): 8.260714
  Exec time (per itr): 0.00075467 s
  Pinned Host to Device bandwidth (GB/s): 2.195577
Executing GPU ELL SpMV ... 
  Pinned Device to Host bandwidth (GB/s): 16.803191
  Pinned Device to Host bandwidth (GB/s): 6.962805
  Pinned Device to Host bandwidth (GB/s): 8.564317
  Exec time (per itr): 0.00120377 s
  Pinned Host to Device bandwidth (GB/s): 1.287862
Calculating CPU CSR SpMV ... done
2-Norm between CPU and GPU answers: 1.769595e-10
Result file name: ./test.mtx ... file saved
Module		Time
Load		0.566814
Convert		0.026333
CPU SpMV	0.023473
GPU Alloc	0.265051
GPU SpMV	0.075478
GPU ELL SpMV	0.120389
Store		0.024871
