-----------------------------------------------------
Matrix name:     cant/cant.mtx
Matrix size:     62451 x 62451 => 2034917
-----------------------------------------------------
Is matrix:       1
Is sparse:       1
-----------------------------------------------------
Is complex:      0
Is real:         1
Is integer:      0
Is pattern only: 0
-----------------------------------------------------
Is general:      0
Is symmetric:    1
Is skewed:       0
Is hermitian:    0
-----------------------------------------------------
Matrix file name: cant/cant.mtx ... file loaded.
Expanding symmetric matrix ... done
  Total # of non-zeros is 4007383
Converting COO to CSR...done
Vector file name: cant/b.mtx ... file loaded
Executing GPU CSR SpMV ... 
  Pinned Device to Host bandwidth (GB/s): 1.908213
  Pinned Device to Host bandwidth (GB/s): 4.233199
  Pinned Device to Host bandwidth (GB/s): 11.096112
  Pinned Device to Host bandwidth (GB/s): 7.488129
  Exec time (per itr): 0.00075199 s
  Pinned Host to Device bandwidth (GB/s): 2.240314
Executing GPU ELL SpMV ... 
  Pinned Device to Host bandwidth (GB/s): 14.381135
  Pinned Device to Host bandwidth (GB/s): 6.555212
  Pinned Device to Host bandwidth (GB/s): 12.361639
  Exec time (per itr): 0.00120091 s
  Pinned Host to Device bandwidth (GB/s): 1.234795
Calculating CPU CSR SpMV ... done
2-Norm between CPU and GPU answers: 1.769595e-10
Result file name: ./test.mtx ... file saved
Module		Time
Load		0.602430
Convert		0.028276
CPU SpMV	0.024808
GPU Alloc	0.263002
GPU SpMV	0.075210
GPU ELL SpMV	0.120102
Store		0.090286
