-----------------------------------------------------
Matrix name:     cant/cant.mtx
Matrix size:     62451 x 62451 => 2034917
-----------------------------------------------------
Is matrix:       1
Is sparse:       1
-----------------------------------------------------
Is complex:      0
Is real:         1
Is integer:      0
Is pattern only: 0
-----------------------------------------------------
Is general:      0
Is symmetric:    1
Is skewed:       0
Is hermitian:    0
-----------------------------------------------------
Matrix file name: cant/cant.mtx ... file loaded.
Expanding symmetric matrix ... done
  Total # of non-zeros is 4007383
Converting COO to CSR...done
Vector file name: cant/b.mtx ... file loaded
Executing GPU CSR SpMV ... 
  Pinned Device to Host bandwidth (GB/s): 1.893403
  Pinned Device to Host bandwidth (GB/s): 4.227340
  Pinned Device to Host bandwidth (GB/s): 11.092181
  Pinned Device to Host bandwidth (GB/s): 7.556995
  Exec time (per itr): 0.00075158 s
  Pinned Host to Device bandwidth (GB/s): 2.114403
Executing GPU ELL SpMV ... 
  Pinned Device to Host bandwidth (GB/s): 14.646811
  Pinned Device to Host bandwidth (GB/s): 6.115514
  Pinned Device to Host bandwidth (GB/s): 12.037587
  Exec time (per itr): 0.00120196 s
  Pinned Host to Device bandwidth (GB/s): 1.272744
Calculating CPU CSR SpMV ... done
2-Norm between CPU and GPU answers: 1.769595e-10
Result file name: ./test.mtx ... file saved
Module		Time
Load		0.612223
Convert		0.030968
CPU SpMV	0.024119
GPU Alloc	0.267202
GPU SpMV	0.075167
GPU ELL SpMV	0.120206
Store		0.033813
