-----------------------------------------------------
Matrix name:     cant/cant.mtx
Matrix size:     62451 x 62451 => 2034917
-----------------------------------------------------
Is matrix:       1
Is sparse:       1
-----------------------------------------------------
Is complex:      0
Is real:         1
Is integer:      0
Is pattern only: 0
-----------------------------------------------------
Is general:      0
Is symmetric:    1
Is skewed:       0
Is hermitian:    0
-----------------------------------------------------
Matrix file name: cant/cant.mtx ... file loaded.
Expanding symmetric matrix ... done
  Total # of non-zeros is 4007383
Converting COO to CSR...done
Vector file name: cant/b.mtx ... file loaded
Executing GPU CSR SpMV ... 
  Pinned Device to Host bandwidth (GB/s): 1.852076
  Pinned Device to Host bandwidth (GB/s): 4.251522
  Pinned Device to Host bandwidth (GB/s): 11.109277
  Pinned Device to Host bandwidth (GB/s): 7.527845
  Exec time (per itr): 0.00074832 s
  Pinned Host to Device bandwidth (GB/s): 2.183601
Executing GPU ELL SpMV ... 
  Pinned Device to Host bandwidth (GB/s): 14.419619
  Pinned Device to Host bandwidth (GB/s): 5.444312
  Pinned Device to Host bandwidth (GB/s): 13.401502
  Exec time (per itr): 0.00094359 s
  Pinned Host to Device bandwidth (GB/s): 2.613887
Calculating CPU CSR SpMV ... done
2-Norm between CPU and GPU answers: 1.195589e-10
Result file name: ./test.mtx ... file saved
Module		Time
Load		0.592890
Convert		0.026698
CPU SpMV	0.022513
GPU Alloc	0.273881
GPU SpMV	0.074842
GPU ELL SpMV	0.094373
Store		0.048869
