-----------------------------------------------------
Matrix name:     cant/cant.mtx
Matrix size:     62451 x 62451 => 2034917
-----------------------------------------------------
Is matrix:       1
Is sparse:       1
-----------------------------------------------------
Is complex:      0
Is real:         1
Is integer:      0
Is pattern only: 0
-----------------------------------------------------
Is general:      0
Is symmetric:    1
Is skewed:       0
Is hermitian:    0
-----------------------------------------------------
Matrix file name: cant/cant.mtx ... file loaded.
Expanding symmetric matrix ... done
  Total # of non-zeros is 4007383
Converting COO to CSR...done
Vector file name: cant/b.mtx ... file loaded
Executing GPU CSR SpMV ... 
  Pinned Device to Host bandwidth (GB/s): 2.013541
  Pinned Device to Host bandwidth (GB/s): 4.044593
  Pinned Device to Host bandwidth (GB/s): 4.795608
  Pinned Device to Host bandwidth (GB/s): 7.302502
  Exec time (per itr): 0.00020034 s
  Pinned Host to Device bandwidth (GB/s): 2.258462
Executing GPU ELL SpMV ... 
  Pinned Device to Host bandwidth (GB/s): 14.299069
  Pinned Device to Host bandwidth (GB/s): 11.602795
  Pinned Device to Host bandwidth (GB/s): 7.392401
  Exec time (per itr): 0.00021216 s
  Pinned Host to Device bandwidth (GB/s): 2.306167
Calculating CPU CSR SpMV ... done
2-Norm between CPU and GPU answers: 1.195589e-10
Result file name: ./test.mtx ... file saved
Module		Time
Load		0.587488
Convert		0.030199
CPU SpMV	0.022389
GPU Alloc	0.250285
GPU SpMV	0.020049
GPU ELL SpMV	0.021234
Store		0.023949
