-----------------------------------------------------
Matrix name:     cant/cant.mtx
Matrix size:     62451 x 62451 => 2034917
-----------------------------------------------------
Is matrix:       1
Is sparse:       1
-----------------------------------------------------
Is complex:      0
Is real:         1
Is integer:      0
Is pattern only: 0
-----------------------------------------------------
Is general:      0
Is symmetric:    1
Is skewed:       0
Is hermitian:    0
-----------------------------------------------------
Matrix file name: cant/cant.mtx ... file loaded.
Expanding symmetric matrix ... done
  Total # of non-zeros is 4007383
Converting COO to CSR...done
Vector file name: cant/b.mtx ... file loaded
Executing GPU CSR SpMV ... 
  Pinned Device to Host bandwidth (GB/s): 1.862682
  Pinned Device to Host bandwidth (GB/s): 4.070128
  Pinned Device to Host bandwidth (GB/s): 11.096604
  Pinned Device to Host bandwidth (GB/s): 7.520593
  Exec time (per itr): 0.00074812 s
  Pinned Host to Device bandwidth (GB/s): 2.163330
Executing GPU ELL SpMV ... 
  Pinned Device to Host bandwidth (GB/s): 14.680713
  Pinned Device to Host bandwidth (GB/s): 5.497323
  Pinned Device to Host bandwidth (GB/s): 12.293504
  Exec time (per itr): 0.00094414 s
  Pinned Host to Device bandwidth (GB/s): 2.508072
Calculating CPU CSR SpMV ... done
2-Norm between CPU and GPU answers: 1.195589e-10
Result file name: ./test.mtx ... file saved
Module		Time
Load		0.589226
Convert		0.028123
CPU SpMV	0.022158
GPU Alloc	0.269284
GPU SpMV	0.074822
GPU ELL SpMV	0.094425
Store		0.035866
