-----------------------------------------------------
Matrix name:     cant/cant.mtx
Matrix size:     62451 x 62451 => 2034917
-----------------------------------------------------
Is matrix:       1
Is sparse:       1
-----------------------------------------------------
Is complex:      0
Is real:         1
Is integer:      0
Is pattern only: 0
-----------------------------------------------------
Is general:      0
Is symmetric:    1
Is skewed:       0
Is hermitian:    0
-----------------------------------------------------
Matrix file name: cant/cant.mtx ... file loaded.
Expanding symmetric matrix ... done
  Total # of non-zeros is 4007383
Converting COO to CSR...done
Vector file name: cant/b.mtx ... file loaded
Executing GPU CSR SpMV ... 
  Pinned Device to Host bandwidth (GB/s): 1.904024
  Pinned Device to Host bandwidth (GB/s): 4.284285
  Pinned Device to Host bandwidth (GB/s): 11.108908
  Pinned Device to Host bandwidth (GB/s): 7.413462
  Exec time (per itr): 0.00074792 s
  Pinned Host to Device bandwidth (GB/s): 2.211751
Executing GPU ELL SpMV ... 
  Pinned Device to Host bandwidth (GB/s): 14.429529
  Pinned Device to Host bandwidth (GB/s): 5.324972
  Pinned Device to Host bandwidth (GB/s): 7.238178
  Exec time (per itr): 0.00094420 s
  Pinned Host to Device bandwidth (GB/s): 2.461802
Calculating CPU CSR SpMV ... done
2-Norm between CPU and GPU answers: 1.195589e-10
Result file name: ./test.mtx ... file saved
Module		Time
Load		0.583752
Convert		0.026278
CPU SpMV	0.022448
GPU Alloc	0.255446
GPU SpMV	0.074801
GPU ELL SpMV	0.094432
Store		0.034307
