-----------------------------------------------------
Matrix name:     cant/cant.mtx
Matrix size:     62451 x 62451 => 2034917
-----------------------------------------------------
Is matrix:       1
Is sparse:       1
-----------------------------------------------------
Is complex:      0
Is real:         1
Is integer:      0
Is pattern only: 0
-----------------------------------------------------
Is general:      0
Is symmetric:    1
Is skewed:       0
Is hermitian:    0
-----------------------------------------------------
Matrix file name: cant/cant.mtx ... file loaded.
Expanding symmetric matrix ... done
  Total # of non-zeros is 4007383
Converting COO to CSR...done
Vector file name: cant/b.mtx ... file loaded
Executing GPU CSR SpMV ... 
  Pinned Device to Host bandwidth (GB/s): 2.040915
  Pinned Device to Host bandwidth (GB/s): 4.303720
  Pinned Device to Host bandwidth (GB/s): 6.867649
  Pinned Device to Host bandwidth (GB/s): 7.969755
  Exec time (per itr): 0.00074930 s
  Pinned Host to Device bandwidth (GB/s): 2.172662
Executing GPU ELL SpMV ... 
  Pinned Device to Host bandwidth (GB/s): 16.569985
  Pinned Device to Host bandwidth (GB/s): 19.270119
  Pinned Device to Host bandwidth (GB/s): 7.679660
  Exec time (per itr): 0.00094908 s
  Pinned Host to Device bandwidth (GB/s): 1.303343
Calculating CPU CSR SpMV ... done
2-Norm between CPU and GPU answers: 1.195589e-10
Result file name: ./test.mtx ... file saved
Module		Time
Load		0.561701
Convert		0.028599
CPU SpMV	0.022163
GPU Alloc	0.238204
GPU SpMV	0.074941
GPU ELL SpMV	0.094921
Store		0.030490
