-----------------------------------------------------
Matrix name:     cant/cant.mtx
Matrix size:     62451 x 62451 => 2034917
-----------------------------------------------------
Is matrix:       1
Is sparse:       1
-----------------------------------------------------
Is complex:      0
Is real:         1
Is integer:      0
Is pattern only: 0
-----------------------------------------------------
Is general:      0
Is symmetric:    1
Is skewed:       0
Is hermitian:    0
-----------------------------------------------------
Matrix file name: cant/cant.mtx ... file loaded.
Expanding symmetric matrix ... done
  Total # of non-zeros is 4007383
Converting COO to CSR...done
Vector file name: cant/b.mtx ... file loaded
Executing GPU CSR SpMV ... 
  Pinned Device to Host bandwidth (GB/s): 2.013022
  Pinned Device to Host bandwidth (GB/s): 4.043483
  Pinned Device to Host bandwidth (GB/s): 10.449609
  Pinned Device to Host bandwidth (GB/s): 7.399408
  Exec time (per itr): 0.00020027 s
  Pinned Host to Device bandwidth (GB/s): 2.392759
Executing GPU ELL SpMV ... 
  Pinned Device to Host bandwidth (GB/s): 13.177312
  Pinned Device to Host bandwidth (GB/s): 11.734837
  Pinned Device to Host bandwidth (GB/s): 7.402916
  Exec time (per itr): 0.00021205 s
  Pinned Host to Device bandwidth (GB/s): 2.326442
Calculating CPU CSR SpMV ... done
2-Norm between CPU and GPU answers: 1.195589e-10
Result file name: ./test.mtx ... file saved
Module		Time
Load		0.584308
Convert		0.026804
CPU SpMV	0.022485
GPU Alloc	0.242189
GPU SpMV	0.020041
GPU ELL SpMV	0.021221
Store		0.024645
