-----------------------------------------------------
Matrix name:     cant/cant.mtx
Matrix size:     62451 x 62451 => 2034917
-----------------------------------------------------
Is matrix:       1
Is sparse:       1
-----------------------------------------------------
Is complex:      0
Is real:         1
Is integer:      0
Is pattern only: 0
-----------------------------------------------------
Is general:      0
Is symmetric:    1
Is skewed:       0
Is hermitian:    0
-----------------------------------------------------
Matrix file name: cant/cant.mtx ... file loaded.
Expanding symmetric matrix ... done
  Total # of non-zeros is 4007383
Converting COO to CSR...done
Vector file name: cant/b.mtx ... file loaded
Executing GPU CSR SpMV ... 
  Pinned Device to Host bandwidth (GB/s): 1.976329
  Pinned Device to Host bandwidth (GB/s): 4.209365
  Pinned Device to Host bandwidth (GB/s): 11.098817
  Pinned Device to Host bandwidth (GB/s): 7.810280
  Exec time (per itr): 0.00074808 s
  Pinned Host to Device bandwidth (GB/s): 2.325402
Executing GPU ELL SpMV ... 
  Pinned Device to Host bandwidth (GB/s): 14.583667
  Pinned Device to Host bandwidth (GB/s): 5.156978
  Pinned Device to Host bandwidth (GB/s): 12.988977
  Exec time (per itr): 0.00094359 s
  Pinned Host to Device bandwidth (GB/s): 2.612138
Calculating CPU CSR SpMV ... done
2-Norm between CPU and GPU answers: 1.195589e-10
Result file name: ./test.mtx ... file saved
Module		Time
Load		0.583278
Convert		0.027899
CPU SpMV	0.021963
GPU Alloc	0.273908
GPU SpMV	0.074818
GPU ELL SpMV	0.094371
Store		0.062079
