-----------------------------------------------------
Matrix name:     cant/cant.mtx
Matrix size:     62451 x 62451 => 2034917
-----------------------------------------------------
Is matrix:       1
Is sparse:       1
-----------------------------------------------------
Is complex:      0
Is real:         1
Is integer:      0
Is pattern only: 0
-----------------------------------------------------
Is general:      0
Is symmetric:    1
Is skewed:       0
Is hermitian:    0
-----------------------------------------------------
Matrix file name: cant/cant.mtx ... file loaded.
Expanding symmetric matrix ... done
  Total # of non-zeros is 4007383
Converting COO to CSR...done
Vector file name: cant/b.mtx ... file loaded
Executing GPU CSR SpMV ... 
  Pinned Device to Host bandwidth (GB/s): 4.833746
  Pinned Device to Host bandwidth (GB/s): 18.840186
  Pinned Device to Host bandwidth (GB/s): 19.059904
  Pinned Device to Host bandwidth (GB/s): 7.783026
  Exec time (per itr): 0.00074904 s
  Pinned Host to Device bandwidth (GB/s): 1.298790
Executing GPU ELL SpMV ... 
  Pinned Device to Host bandwidth (GB/s): 3.982245
  Pinned Device to Host bandwidth (GB/s): 19.295156
  Pinned Device to Host bandwidth (GB/s): 8.247623
  Exec time (per itr): 0.00094665 s
  Pinned Host to Device bandwidth (GB/s): 1.316088
Calculating CPU CSR SpMV ... done
2-Norm between CPU and GPU answers: 1.195589e-10
Result file name: ./test.mtx ... file saved
Module		Time
Load		0.567451
Convert		0.025302
CPU SpMV	0.022159
GPU Alloc	0.239425
GPU SpMV	0.074916
GPU ELL SpMV	0.094680
Store		0.022301
