-----------------------------------------------------
Matrix name:     cant/cant.mtx
Matrix size:     62451 x 62451 => 2034917
-----------------------------------------------------
Is matrix:       1
Is sparse:       1
-----------------------------------------------------
Is complex:      0
Is real:         1
Is integer:      0
Is pattern only: 0
-----------------------------------------------------
Is general:      0
Is symmetric:    1
Is skewed:       0
Is hermitian:    0
-----------------------------------------------------
Matrix file name: cant/cant.mtx ... file loaded.
Expanding symmetric matrix ... done
  Total # of non-zeros is 4007383
Converting COO to CSR...done
Vector file name: cant/b.mtx ... file loaded
Executing GPU CSR SpMV ... 
  Pinned Device to Host bandwidth (GB/s): 2.045729
  Pinned Device to Host bandwidth (GB/s): 4.049301
  Pinned Device to Host bandwidth (GB/s): 4.974680
  Pinned Device to Host bandwidth (GB/s): 7.336819
  Exec time (per itr): 0.00020044 s
  Pinned Host to Device bandwidth (GB/s): 2.271937
Executing GPU ELL SpMV ... 
  Pinned Device to Host bandwidth (GB/s): 14.236551
  Pinned Device to Host bandwidth (GB/s): 11.729751
  Pinned Device to Host bandwidth (GB/s): 7.357563
  Exec time (per itr): 0.00021221 s
  Pinned Host to Device bandwidth (GB/s): 2.340040
Calculating CPU CSR SpMV ... done
2-Norm between CPU and GPU answers: 1.195589e-10
Result file name: ./test.mtx ... file saved
Module		Time
Load		0.583168
Convert		0.027908
CPU SpMV	0.022383
GPU Alloc	0.247131
GPU SpMV	0.020059
GPU ELL SpMV	0.021238
Store		0.024150
