-----------------------------------------------------
Matrix name:     cant/cant.mtx
Matrix size:     62451 x 62451 => 2034917
-----------------------------------------------------
Is matrix:       1
Is sparse:       1
-----------------------------------------------------
Is complex:      0
Is real:         1
Is integer:      0
Is pattern only: 0
-----------------------------------------------------
Is general:      0
Is symmetric:    1
Is skewed:       0
Is hermitian:    0
-----------------------------------------------------
Matrix file name: cant/cant.mtx ... file loaded.
Expanding symmetric matrix ... done
  Total # of non-zeros is 4007383
Converting COO to CSR...done
Vector file name: cant/b.mtx ... file loaded
Executing GPU CSR SpMV ... 
  Pinned Device to Host bandwidth (GB/s): 2.117304
  Pinned Device to Host bandwidth (GB/s): 4.848313
  Pinned Device to Host bandwidth (GB/s): 6.608176
  Pinned Device to Host bandwidth (GB/s): 8.230232
  Exec time (per itr): 0.00074887 s
  Pinned Host to Device bandwidth (GB/s): 2.147263
Executing GPU ELL SpMV ... 
  Pinned Device to Host bandwidth (GB/s): 17.209238
  Pinned Device to Host bandwidth (GB/s): 19.309843
  Pinned Device to Host bandwidth (GB/s): 8.064437
  Exec time (per itr): 0.00095006 s
  Pinned Host to Device bandwidth (GB/s): 1.307272
Calculating CPU CSR SpMV ... done
2-Norm between CPU and GPU answers: 1.195589e-10
Result file name: ./test.mtx ... file saved
Module		Time
Load		0.585595
Convert		0.027152
CPU SpMV	0.022610
GPU Alloc	0.235460
GPU SpMV	0.074897
GPU ELL SpMV	0.095023
Store		0.029826
