-----------------------------------------------------
Matrix name:     cant/cant.mtx
Matrix size:     62451 x 62451 => 2034917
-----------------------------------------------------
Is matrix:       1
Is sparse:       1
-----------------------------------------------------
Is complex:      0
Is real:         1
Is integer:      0
Is pattern only: 0
-----------------------------------------------------
Is general:      0
Is symmetric:    1
Is skewed:       0
Is hermitian:    0
-----------------------------------------------------
Matrix file name: cant/cant.mtx ... file loaded.
Expanding symmetric matrix ... done
  Total # of non-zeros is 4007383
Converting COO to CSR...done
Vector file name: cant/b.mtx ... file loaded
Executing GPU CSR SpMV ... 
  Pinned Device to Host bandwidth (GB/s): 1.922310
  Pinned Device to Host bandwidth (GB/s): 4.754484
  Pinned Device to Host bandwidth (GB/s): 11.097710
  Pinned Device to Host bandwidth (GB/s): 7.214765
  Exec time (per itr): 0.00074824 s
  Pinned Host to Device bandwidth (GB/s): 2.389097
Executing GPU ELL SpMV ... 
  Pinned Device to Host bandwidth (GB/s): 14.652099
  Pinned Device to Host bandwidth (GB/s): 5.285245
  Pinned Device to Host bandwidth (GB/s): 12.560539
  Exec time (per itr): 0.00094354 s
  Pinned Host to Device bandwidth (GB/s): 2.651172
Calculating CPU CSR SpMV ... done
2-Norm between CPU and GPU answers: 1.195589e-10
Result file name: ./test.mtx ... file saved
Module		Time
Load		0.606739
Convert		0.026048
CPU SpMV	0.021907
GPU Alloc	0.275052
GPU SpMV	0.074834
GPU ELL SpMV	0.094364
Store		0.062869
