-----------------------------------------------------
Matrix name:     cant/cant.mtx
Matrix size:     62451 x 62451 => 2034917
-----------------------------------------------------
Is matrix:       1
Is sparse:       1
-----------------------------------------------------
Is complex:      0
Is real:         1
Is integer:      0
Is pattern only: 0
-----------------------------------------------------
Is general:      0
Is symmetric:    1
Is skewed:       0
Is hermitian:    0
-----------------------------------------------------
Matrix file name: cant/cant.mtx ... file loaded.
Expanding symmetric matrix ... done
  Total # of non-zeros is 4007383
Converting COO to CSR...done
Vector file name: cant/b.mtx ... file loaded
Executing GPU CSR SpMV ... 
  Pinned Device to Host bandwidth (GB/s): 1.965878
  Pinned Device to Host bandwidth (GB/s): 4.052086
  Pinned Device to Host bandwidth (GB/s): 4.738114
  Pinned Device to Host bandwidth (GB/s): 7.112870
  Exec time (per itr): 0.00020228 s
  Pinned Host to Device bandwidth (GB/s): 2.371677
Executing GPU ELL SpMV ... 
  Pinned Device to Host bandwidth (GB/s): 14.791985
  Pinned Device to Host bandwidth (GB/s): 11.743211
  Pinned Device to Host bandwidth (GB/s): 7.374941
  Exec time (per itr): 0.00021274 s
  Pinned Host to Device bandwidth (GB/s): 2.323672
Calculating CPU CSR SpMV ... done
2-Norm between CPU and GPU answers: 1.195589e-10
Result file name: ./test.mtx ... file saved
Module		Time
Load		0.581080
Convert		0.029959
CPU SpMV	0.022528
GPU Alloc	0.245660
GPU SpMV	0.020242
GPU ELL SpMV	0.021290
Store		0.025298
