-----------------------------------------------------
Matrix name:     cant/cant.mtx
Matrix size:     62451 x 62451 => 2034917
-----------------------------------------------------
Is matrix:       1
Is sparse:       1
-----------------------------------------------------
Is complex:      0
Is real:         1
Is integer:      0
Is pattern only: 0
-----------------------------------------------------
Is general:      0
Is symmetric:    1
Is skewed:       0
Is hermitian:    0
-----------------------------------------------------
Matrix file name: cant/cant.mtx ... file loaded.
Expanding symmetric matrix ... done
  Total # of non-zeros is 4007383
Converting COO to CSR...done
Vector file name: cant/b.mtx ... file loaded
Executing GPU CSR SpMV ... 
  Pinned Device to Host bandwidth (GB/s): 2.004236
  Pinned Device to Host bandwidth (GB/s): 4.255929
  Pinned Device to Host bandwidth (GB/s): 11.031721
  Pinned Device to Host bandwidth (GB/s): 7.441731
  Exec time (per itr): 0.00032974 s
  Pinned Host to Device bandwidth (GB/s): 2.323326
Executing GPU ELL SpMV ... 
  Pinned Device to Host bandwidth (GB/s): 14.714772
  Pinned Device to Host bandwidth (GB/s): 11.710013
  Pinned Device to Host bandwidth (GB/s): 7.299088
  Exec time (per itr): 0.00208918 s
  Pinned Host to Device bandwidth (GB/s): 1.334537
Calculating CPU CSR SpMV ... done
2-Norm between CPU and GPU answers: 1.769595e-10
Result file name: ./test.mtx ... file saved
Module		Time
Load		0.579051
Convert		0.030954
CPU SpMV	0.026906
GPU Alloc	0.244719
GPU SpMV	0.032988
GPU ELL SpMV	0.208929
Store		0.028292
