-----------------------------------------------------
Matrix name:     cant/cant.mtx
Matrix size:     62451 x 62451 => 2034917
-----------------------------------------------------
Is matrix:       1
Is sparse:       1
-----------------------------------------------------
Is complex:      0
Is real:         1
Is integer:      0
Is pattern only: 0
-----------------------------------------------------
Is general:      0
Is symmetric:    1
Is skewed:       0
Is hermitian:    0
-----------------------------------------------------
Matrix file name: cant/cant.mtx ... file loaded.
Expanding symmetric matrix ... done
  Total # of non-zeros is 4007383
Converting COO to CSR...done
Vector file name: cant/b.mtx ... file loaded
Executing GPU CSR SpMV ... 
  Pinned Device to Host bandwidth (GB/s): 2.148184
  Pinned Device to Host bandwidth (GB/s): 4.818790
  Pinned Device to Host bandwidth (GB/s): 7.133672
  Pinned Device to Host bandwidth (GB/s): 8.056115
  Exec time (per itr): 0.00108075 s
  Pinned Host to Device bandwidth (GB/s): 1.297279
Executing GPU ELL SpMV ... 
  Pinned Device to Host bandwidth (GB/s): 4.200131
  Pinned Device to Host bandwidth (GB/s): 7.677821
  Pinned Device to Host bandwidth (GB/s): 8.165664
  Exec time (per itr): 0.00612094 s
  Pinned Host to Device bandwidth (GB/s): 1.311445
Calculating CPU CSR SpMV ... done
2-Norm between CPU and GPU answers: 1.769595e-10
Result file name: ./test.mtx ... file saved
Module		Time
Load		0.592195
Convert		0.025396
CPU SpMV	0.024738
GPU Alloc	0.217964
GPU SpMV	0.108088
GPU ELL SpMV	0.612095
Store		0.029278
