-----------------------------------------------------
Matrix name:     cant/cant.mtx
Matrix size:     62451 x 62451 => 2034917
-----------------------------------------------------
Is matrix:       1
Is sparse:       1
-----------------------------------------------------
Is complex:      0
Is real:         1
Is integer:      0
Is pattern only: 0
-----------------------------------------------------
Is general:      0
Is symmetric:    1
Is skewed:       0
Is hermitian:    0
-----------------------------------------------------
Matrix file name: cant/cant.mtx ... file loaded.
Expanding symmetric matrix ... done
  Total # of non-zeros is 4007383
Converting COO to CSR...done
Vector file name: cant/b.mtx ... file loaded
Executing GPU CSR SpMV ... 
  Pinned Device to Host bandwidth (GB/s): 2.004236
  Pinned Device to Host bandwidth (GB/s): 4.254375
  Pinned Device to Host bandwidth (GB/s): 4.985076
  Pinned Device to Host bandwidth (GB/s): 7.350635
  Exec time (per itr): 0.00032961 s
  Pinned Host to Device bandwidth (GB/s): 2.358778
Executing GPU ELL SpMV ... 
  Pinned Device to Host bandwidth (GB/s): 14.376720
  Pinned Device to Host bandwidth (GB/s): 11.728734
  Pinned Device to Host bandwidth (GB/s): 7.178276
  Exec time (per itr): 0.00208904 s
  Pinned Host to Device bandwidth (GB/s): 1.335793
Calculating CPU CSR SpMV ... done
2-Norm between CPU and GPU answers: 1.769595e-10
Result file name: ./test.mtx ... file saved
Module		Time
Load		0.586976
Convert		0.026302
CPU SpMV	0.027017
GPU Alloc	0.249182
GPU SpMV	0.032975
GPU ELL SpMV	0.208907
Store		0.022182
