-----------------------------------------------------
Matrix name:     cant/cant.mtx
Matrix size:     62451 x 62451 => 2034917
-----------------------------------------------------
Is matrix:       1
Is sparse:       1
-----------------------------------------------------
Is complex:      0
Is real:         1
Is integer:      0
Is pattern only: 0
-----------------------------------------------------
Is general:      0
Is symmetric:    1
Is skewed:       0
Is hermitian:    0
-----------------------------------------------------
Matrix file name: cant/cant.mtx ... file loaded.
Expanding symmetric matrix ... done
  Total # of non-zeros is 4007383
Converting COO to CSR...done
Vector file name: cant/b.mtx ... file loaded
Executing GPU CSR SpMV ... 
  Pinned Device to Host bandwidth (GB/s): 1.983863
  Pinned Device to Host bandwidth (GB/s): 4.253869
  Pinned Device to Host bandwidth (GB/s): 11.112111
  Pinned Device to Host bandwidth (GB/s): 7.302502
  Exec time (per itr): 0.00032962 s
  Pinned Host to Device bandwidth (GB/s): 2.334093
Executing GPU ELL SpMV ... 
  Pinned Device to Host bandwidth (GB/s): 15.877787
  Pinned Device to Host bandwidth (GB/s): 11.729525
  Pinned Device to Host bandwidth (GB/s): 7.288866
  Exec time (per itr): 0.00208898 s
  Pinned Host to Device bandwidth (GB/s): 1.326599
Calculating CPU CSR SpMV ... done
2-Norm between CPU and GPU answers: 1.769595e-10
Result file name: ./test.mtx ... file saved
Module		Time
Load		0.600192
Convert		0.026210
CPU SpMV	0.027342
GPU Alloc	0.245198
GPU SpMV	0.032975
GPU ELL SpMV	0.208900
Store		0.022783
