-----------------------------------------------------
Matrix name:     cant/cant.mtx
Matrix size:     62451 x 62451 => 2034917
-----------------------------------------------------
Is matrix:       1
Is sparse:       1
-----------------------------------------------------
Is complex:      0
Is real:         1
Is integer:      0
Is pattern only: 0
-----------------------------------------------------
Is general:      0
Is symmetric:    1
Is skewed:       0
Is hermitian:    0
-----------------------------------------------------
Matrix file name: cant/cant.mtx ... file loaded.
Expanding symmetric matrix ... done
  Total # of non-zeros is 4007383
Converting COO to CSR...done
Vector file name: cant/b.mtx ... file loaded
Executing GPU CSR SpMV ... 
  Pinned Device to Host bandwidth (GB/s): 2.031884
  Pinned Device to Host bandwidth (GB/s): 4.794254
  Pinned Device to Host bandwidth (GB/s): 6.703282
  Pinned Device to Host bandwidth (GB/s): 8.131641
  Exec time (per itr): 0.00107987 s
  Pinned Host to Device bandwidth (GB/s): 1.323788
Executing GPU ELL SpMV ... 
  Pinned Device to Host bandwidth (GB/s): 4.110088
  Pinned Device to Host bandwidth (GB/s): 7.588308
  Pinned Device to Host bandwidth (GB/s): 7.865365
  Exec time (per itr): 0.00612095 s
  Pinned Host to Device bandwidth (GB/s): 1.237830
Calculating CPU CSR SpMV ... done
2-Norm between CPU and GPU answers: 1.769595e-10
Result file name: ./test.mtx ... file saved
Module		Time
Load		0.562997
Convert		0.025682
CPU SpMV	0.023981
GPU Alloc	0.210641
GPU SpMV	0.107998
GPU ELL SpMV	0.612087
Store		0.029594
