-----------------------------------------------------
Matrix name:     cant/cant.mtx
Matrix size:     62451 x 62451 => 2034917
-----------------------------------------------------
Is matrix:       1
Is sparse:       1
-----------------------------------------------------
Is complex:      0
Is real:         1
Is integer:      0
Is pattern only: 0
-----------------------------------------------------
Is general:      0
Is symmetric:    1
Is skewed:       0
Is hermitian:    0
-----------------------------------------------------
Matrix file name: cant/cant.mtx ... file loaded.
Expanding symmetric matrix ... done
  Total # of non-zeros is 4007383
Converting COO to CSR...done
Vector file name: cant/b.mtx ... file loaded
Executing GPU CSR SpMV ... 
  Pinned Device to Host bandwidth (GB/s): 1.894322
  Pinned Device to Host bandwidth (GB/s): 4.087965
  Pinned Device to Host bandwidth (GB/s): 11.092795
  Pinned Device to Host bandwidth (GB/s): 7.488129
  Exec time (per itr): 0.00107975 s
  Pinned Host to Device bandwidth (GB/s): 1.289457
Executing GPU ELL SpMV ... 
  Pinned Device to Host bandwidth (GB/s): 4.494337
  Pinned Device to Host bandwidth (GB/s): 11.720607
  Pinned Device to Host bandwidth (GB/s): 7.194816
  Exec time (per itr): 0.00614492 s
  Pinned Host to Device bandwidth (GB/s): 1.281519
Calculating CPU CSR SpMV ... done
2-Norm between CPU and GPU answers: 1.769595e-10
Result file name: ./test.mtx ... file saved
Module		Time
Load		0.587155
Convert		0.026799
CPU SpMV	0.025007
GPU Alloc	0.254963
GPU SpMV	0.107984
GPU ELL SpMV	0.614475
Store		0.057962
