-----------------------------------------------------
Matrix name:     cant/cant.mtx
Matrix size:     62451 x 62451 => 2034917
-----------------------------------------------------
Is matrix:       1
Is sparse:       1
-----------------------------------------------------
Is complex:      0
Is real:         1
Is integer:      0
Is pattern only: 0
-----------------------------------------------------
Is general:      0
Is symmetric:    1
Is skewed:       0
Is hermitian:    0
-----------------------------------------------------
Matrix file name: cant/cant.mtx ... file loaded.
Expanding symmetric matrix ... done
  Total # of non-zeros is 4007383
Converting COO to CSR...done
Vector file name: cant/b.mtx ... file loaded
Executing GPU CSR SpMV ... 
  Pinned Device to Host bandwidth (GB/s): 1.879273
  Pinned Device to Host bandwidth (GB/s): 4.285751
  Pinned Device to Host bandwidth (GB/s): 11.092917
  Pinned Device to Host bandwidth (GB/s): 7.488129
  Exec time (per itr): 0.00108067 s
  Pinned Host to Device bandwidth (GB/s): 1.258180
Executing GPU ELL SpMV ... 
  Pinned Device to Host bandwidth (GB/s): 4.046743
  Pinned Device to Host bandwidth (GB/s): 11.697190
  Pinned Device to Host bandwidth (GB/s): 7.406428
  Exec time (per itr): 0.00614670 s
  Pinned Host to Device bandwidth (GB/s): 1.181173
Calculating CPU CSR SpMV ... done
2-Norm between CPU and GPU answers: 1.769595e-10
Result file name: ./test.mtx ... file saved
Module		Time
Load		0.587545
Convert		0.026589
CPU SpMV	0.024847
GPU Alloc	0.256089
GPU SpMV	0.108075
GPU ELL SpMV	0.614654
Store		0.056989
