-----------------------------------------------------
Matrix name:     cant/cant.mtx
Matrix size:     62451 x 62451 => 2034917
-----------------------------------------------------
Is matrix:       1
Is sparse:       1
-----------------------------------------------------
Is complex:      0
Is real:         1
Is integer:      0
Is pattern only: 0
-----------------------------------------------------
Is general:      0
Is symmetric:    1
Is skewed:       0
Is hermitian:    0
-----------------------------------------------------
Matrix file name: cant/cant.mtx ... file loaded.
Expanding symmetric matrix ... done
  Total # of non-zeros is 4007383
Converting COO to CSR...done
Vector file name: cant/b.mtx ... file loaded
Executing GPU CSR SpMV ... 
  Pinned Device to Host bandwidth (GB/s): 1.979336
  Pinned Device to Host bandwidth (GB/s): 4.254230
  Pinned Device to Host bandwidth (GB/s): 11.119265
  Pinned Device to Host bandwidth (GB/s): 7.354098
  Exec time (per itr): 0.00032974 s
  Pinned Host to Device bandwidth (GB/s): 2.243534
Executing GPU ELL SpMV ... 
  Pinned Device to Host bandwidth (GB/s): 15.819211
  Pinned Device to Host bandwidth (GB/s): 11.718802
  Pinned Device to Host bandwidth (GB/s): 7.549686
  Exec time (per itr): 0.00208906 s
  Pinned Host to Device bandwidth (GB/s): 1.386937
Calculating CPU CSR SpMV ... done
2-Norm between CPU and GPU answers: 1.769595e-10
Result file name: ./test.mtx ... file saved
Module		Time
Load		0.580964
Convert		0.026540
CPU SpMV	0.027780
GPU Alloc	0.231347
GPU SpMV	0.032987
GPU ELL SpMV	0.208907
Store		0.021264
