-----------------------------------------------------
Matrix name:     cant/cant.mtx
Matrix size:     62451 x 62451 => 2034917
-----------------------------------------------------
Is matrix:       1
Is sparse:       1
-----------------------------------------------------
Is complex:      0
Is real:         1
Is integer:      0
Is pattern only: 0
-----------------------------------------------------
Is general:      0
Is symmetric:    1
Is skewed:       0
Is hermitian:    0
-----------------------------------------------------
Matrix file name: cant/cant.mtx ... file loaded.
Expanding symmetric matrix ... done
  Total # of non-zeros is 4007383
Converting COO to CSR...done
Vector file name: cant/b.mtx ... file loaded
Executing GPU CSR SpMV ... 
  Pinned Device to Host bandwidth (GB/s): 2.040382
  Pinned Device to Host bandwidth (GB/s): 4.776563
  Pinned Device to Host bandwidth (GB/s): 18.953890
  Pinned Device to Host bandwidth (GB/s): 8.217237
  Exec time (per itr): 0.00108050 s
  Pinned Host to Device bandwidth (GB/s): 1.313983
Executing GPU ELL SpMV ... 
  Pinned Device to Host bandwidth (GB/s): 4.325845
  Pinned Device to Host bandwidth (GB/s): 19.249712
  Pinned Device to Host bandwidth (GB/s): 8.144366
  Exec time (per itr): 0.00612094 s
  Pinned Host to Device bandwidth (GB/s): 1.257774
Calculating CPU CSR SpMV ... done
2-Norm between CPU and GPU answers: 1.769595e-10
Result file name: ./test.mtx ... file saved
Module		Time
Load		0.567486
Convert		0.026064
CPU SpMV	0.023954
GPU Alloc	0.209450
GPU SpMV	0.108063
GPU ELL SpMV	0.612083
Store		0.021553
