-----------------------------------------------------
Matrix name:     cant/cant.mtx
Matrix size:     62451 x 62451 => 2034917
-----------------------------------------------------
Is matrix:       1
Is sparse:       1
-----------------------------------------------------
Is complex:      0
Is real:         1
Is integer:      0
Is pattern only: 0
-----------------------------------------------------
Is general:      0
Is symmetric:    1
Is skewed:       0
Is hermitian:    0
-----------------------------------------------------
Matrix file name: cant/cant.mtx ... file loaded.
Expanding symmetric matrix ... done
  Total # of non-zeros is 4007383
Converting COO to CSR...done
Vector file name: cant/b.mtx ... file loaded
Executing GPU CSR SpMV ... 
  Pinned Device to Host bandwidth (GB/s): 1.994507
  Pinned Device to Host bandwidth (GB/s): 4.254158
  Pinned Device to Host bandwidth (GB/s): 11.054362
  Pinned Device to Host bandwidth (GB/s): 7.333373
  Exec time (per itr): 0.00033231 s
  Pinned Host to Device bandwidth (GB/s): 2.286577
Executing GPU ELL SpMV ... 
  Pinned Device to Host bandwidth (GB/s): 12.722201
  Pinned Device to Host bandwidth (GB/s): 11.724444
  Pinned Device to Host bandwidth (GB/s): 7.282066
  Exec time (per itr): 0.00208880 s
  Pinned Host to Device bandwidth (GB/s): 1.384600
Calculating CPU CSR SpMV ... done
2-Norm between CPU and GPU answers: 1.769595e-10
Result file name: ./test.mtx ... file saved
Module		Time
Load		0.582465
Convert		0.026844
CPU SpMV	0.025940
GPU Alloc	0.250092
GPU SpMV	0.033245
GPU ELL SpMV	0.208883
Store		0.021799
