-----------------------------------------------------
Matrix name:     cant/cant.mtx
Matrix size:     62451 x 62451 => 2034917
-----------------------------------------------------
Is matrix:       1
Is sparse:       1
-----------------------------------------------------
Is complex:      0
Is real:         1
Is integer:      0
Is pattern only: 0
-----------------------------------------------------
Is general:      0
Is symmetric:    1
Is skewed:       0
Is hermitian:    0
-----------------------------------------------------
Matrix file name: cant/cant.mtx ... file loaded.
Expanding symmetric matrix ... done
  Total # of non-zeros is 4007383
Converting COO to CSR...done
Vector file name: cant/b.mtx ... file loaded
Executing GPU CSR SpMV ... 
  Pinned Device to Host bandwidth (GB/s): 2.073990
  Pinned Device to Host bandwidth (GB/s): 4.818929
  Pinned Device to Host bandwidth (GB/s): 6.682179
  Pinned Device to Host bandwidth (GB/s): 8.230232
  Exec time (per itr): 0.00108116 s
  Pinned Host to Device bandwidth (GB/s): 1.292125
Executing GPU ELL SpMV ... 
  Pinned Device to Host bandwidth (GB/s): 4.049946
  Pinned Device to Host bandwidth (GB/s): 7.186664
  Pinned Device to Host bandwidth (GB/s): 7.849547
  Exec time (per itr): 0.00612088 s
  Pinned Host to Device bandwidth (GB/s): 1.282151
Calculating CPU CSR SpMV ... done
2-Norm between CPU and GPU answers: 1.769595e-10
Result file name: ./test.mtx ... file saved
Module		Time
Load		0.593239
Convert		0.025356
CPU SpMV	0.025226
GPU Alloc	0.212111
GPU SpMV	0.108132
GPU ELL SpMV	0.612075
Store		0.029355
