-----------------------------------------------------
Matrix name:     cant/cant.mtx
Matrix size:     62451 x 62451 => 2034917
-----------------------------------------------------
Is matrix:       1
Is sparse:       1
-----------------------------------------------------
Is complex:      0
Is real:         1
Is integer:      0
Is pattern only: 0
-----------------------------------------------------
Is general:      0
Is symmetric:    1
Is skewed:       0
Is hermitian:    0
-----------------------------------------------------
Matrix file name: cant/cant.mtx ... file loaded.
Expanding symmetric matrix ... done
  Total # of non-zeros is 4007383
Converting COO to CSR...done
Vector file name: cant/b.mtx ... file loaded
Executing GPU CSR SpMV ... 
  Pinned Device to Host bandwidth (GB/s): 2.108156
  Pinned Device to Host bandwidth (GB/s): 4.837871
  Pinned Device to Host bandwidth (GB/s): 6.810922
  Pinned Device to Host bandwidth (GB/s): 8.140120
  Exec time (per itr): 0.00108050 s
  Pinned Host to Device bandwidth (GB/s): 1.287119
Executing GPU ELL SpMV ... 
  Pinned Device to Host bandwidth (GB/s): 4.046878
  Pinned Device to Host bandwidth (GB/s): 7.727809
  Pinned Device to Host bandwidth (GB/s): 7.861405
  Exec time (per itr): 0.00612093 s
  Pinned Host to Device bandwidth (GB/s): 1.279524
Calculating CPU CSR SpMV ... done
2-Norm between CPU and GPU answers: 1.769595e-10
Result file name: ./test.mtx ... file saved
Module		Time
Load		0.574236
Convert		0.025683
CPU SpMV	0.023798
GPU Alloc	0.212767
GPU SpMV	0.108060
GPU ELL SpMV	0.612081
Store		0.081811
