-----------------------------------------------------
Matrix name:     cant/cant.mtx
Matrix size:     62451 x 62451 => 2034917
-----------------------------------------------------
Is matrix:       1
Is sparse:       1
-----------------------------------------------------
Is complex:      0
Is real:         1
Is integer:      0
Is pattern only: 0
-----------------------------------------------------
Is general:      0
Is symmetric:    1
Is skewed:       0
Is hermitian:    0
-----------------------------------------------------
Matrix file name: cant/cant.mtx ... file loaded.
Expanding symmetric matrix ... done
  Total # of non-zeros is 4007383
Converting COO to CSR...done
Vector file name: cant/b.mtx ... file loaded
Executing GPU CSR SpMV ... 
  Pinned Device to Host bandwidth (GB/s): 2.007328
  Pinned Device to Host bandwidth (GB/s): 4.065371
  Pinned Device to Host bandwidth (GB/s): 11.117907
  Pinned Device to Host bandwidth (GB/s): 7.399408
  Exec time (per itr): 0.00032962 s
  Pinned Host to Device bandwidth (GB/s): 2.278901
Executing GPU ELL SpMV ... 
  Pinned Device to Host bandwidth (GB/s): 14.766158
  Pinned Device to Host bandwidth (GB/s): 11.737439
  Pinned Device to Host bandwidth (GB/s): 7.350635
  Exec time (per itr): 0.00208930 s
  Pinned Host to Device bandwidth (GB/s): 1.329650
Calculating CPU CSR SpMV ... done
2-Norm between CPU and GPU answers: 1.769595e-10
Result file name: ./test.mtx ... file saved
Module		Time
Load		0.583232
Convert		0.026953
CPU SpMV	0.027507
GPU Alloc	0.242775
GPU SpMV	0.032975
GPU ELL SpMV	0.208933
Store		0.021453
