-----------------------------------------------------
Matrix name:     cant/cant.mtx
Matrix size:     62451 x 62451 => 2034917
-----------------------------------------------------
Is matrix:       1
Is sparse:       1
-----------------------------------------------------
Is complex:      0
Is real:         1
Is integer:      0
Is pattern only: 0
-----------------------------------------------------
Is general:      0
Is symmetric:    1
Is skewed:       0
Is hermitian:    0
-----------------------------------------------------
Matrix file name: cant/cant.mtx ... file loaded.
Expanding symmetric matrix ... done
  Total # of non-zeros is 4007383
Converting COO to CSR...done
Vector file name: cant/b.mtx ... file loaded
Executing GPU CSR SpMV ... 
  Pinned Device to Host bandwidth (GB/s): 1.859576
  Pinned Device to Host bandwidth (GB/s): 4.485622
  Pinned Device to Host bandwidth (GB/s): 10.733755
  Pinned Device to Host bandwidth (GB/s): 7.763675
  Exec time (per itr): 0.00108311 s
  Pinned Host to Device bandwidth (GB/s): 1.232553
Executing GPU ELL SpMV ... 
  Pinned Device to Host bandwidth (GB/s): 4.520127
  Pinned Device to Host bandwidth (GB/s): 11.711364
  Pinned Device to Host bandwidth (GB/s): 7.208103
  Exec time (per itr): 0.00614700 s
  Pinned Host to Device bandwidth (GB/s): 1.257875
Calculating CPU CSR SpMV ... done
2-Norm between CPU and GPU answers: 1.769595e-10
Result file name: ./test.mtx ... file saved
Module		Time
Load		0.595520
Convert		0.027269
CPU SpMV	0.025684
GPU Alloc	0.276064
GPU SpMV	0.108319
GPU ELL SpMV	0.614687
Store		0.029129
