-----------------------------------------------------
Matrix name:     cant/cant.mtx
Matrix size:     62451 x 62451 => 2034917
-----------------------------------------------------
Is matrix:       1
Is sparse:       1
-----------------------------------------------------
Is complex:      0
Is real:         1
Is integer:      0
Is pattern only: 0
-----------------------------------------------------
Is general:      0
Is symmetric:    1
Is skewed:       0
Is hermitian:    0
-----------------------------------------------------
Matrix file name: cant/cant.mtx ... file loaded.
Expanding symmetric matrix ... done
  Total # of non-zeros is 4007383
Converting COO to CSR...done
Vector file name: cant/b.mtx ... file loaded
Executing GPU CSR SpMV ... 
  Pinned Device to Host bandwidth (GB/s): 1.952601
  Pinned Device to Host bandwidth (GB/s): 4.833950
  Pinned Device to Host bandwidth (GB/s): 18.896332
  Pinned Device to Host bandwidth (GB/s): 8.114735
  Exec time (per itr): 0.00115652 s
  Pinned Host to Device bandwidth (GB/s): 1.259093
Executing GPU ELL SpMV ... 
  Pinned Device to Host bandwidth (GB/s): 3.981750
  Pinned Device to Host bandwidth (GB/s): 19.158255
  Pinned Device to Host bandwidth (GB/s): 8.278234
  Exec time (per itr): 0.00619039 s
  Pinned Host to Device bandwidth (GB/s): 1.300196
Calculating CPU CSR SpMV ... done
2-Norm between CPU and GPU answers: 1.769595e-10
Result file name: ./test.mtx ... file saved
Module		Time
Load		0.594368
Convert		0.027094
CPU SpMV	0.022415
GPU Alloc	0.242486
GPU SpMV	0.115666
GPU ELL SpMV	0.619029
Store		0.035917
