-----------------------------------------------------
Matrix name:     cant/cant.mtx
Matrix size:     62451 x 62451 => 2034917
-----------------------------------------------------
Is matrix:       1
Is sparse:       1
-----------------------------------------------------
Is complex:      0
Is real:         1
Is integer:      0
Is pattern only: 0
-----------------------------------------------------
Is general:      0
Is symmetric:    1
Is skewed:       0
Is hermitian:    0
-----------------------------------------------------
Matrix file name: cant/cant.mtx ... file loaded.
Expanding symmetric matrix ... done
  Total # of non-zeros is 4007383
Converting COO to CSR...done
Vector file name: cant/b.mtx ... file loaded
Executing GPU CSR SpMV ... 
  Pinned Device to Host bandwidth (GB/s): 2.123640
  Pinned Device to Host bandwidth (GB/s): 4.819671
  Pinned Device to Host bandwidth (GB/s): 6.617298
  Pinned Device to Host bandwidth (GB/s): 1.305523
  Exec time (per itr): 0.00115664 s
  Pinned Host to Device bandwidth (GB/s): 1.306616
Executing GPU ELL SpMV ... 
  Pinned Device to Host bandwidth (GB/s): 4.188344
  Pinned Device to Host bandwidth (GB/s): 7.077032
  Pinned Device to Host bandwidth (GB/s): 8.027121
  Exec time (per itr): 0.00618731 s
  Pinned Host to Device bandwidth (GB/s): 1.319759
Calculating CPU CSR SpMV ... done
2-Norm between CPU and GPU answers: 1.769595e-10
Result file name: ./test.mtx ... file saved
Module		Time
Load		0.564153
Convert		0.028045
CPU SpMV	0.022864
GPU Alloc	0.248518
GPU SpMV	0.115673
GPU ELL SpMV	0.618720
Store		0.031541
