-----------------------------------------------------
Matrix name:     cant/cant.mtx
Matrix size:     62451 x 62451 => 2034917
-----------------------------------------------------
Is matrix:       1
Is sparse:       1
-----------------------------------------------------
Is complex:      0
Is real:         1
Is integer:      0
Is pattern only: 0
-----------------------------------------------------
Is general:      0
Is symmetric:    1
Is skewed:       0
Is hermitian:    0
-----------------------------------------------------
Matrix file name: cant/cant.mtx ... file loaded.
Expanding symmetric matrix ... done
  Total # of non-zeros is 4007383
Converting COO to CSR...done
Vector file name: cant/b.mtx ... file loaded
Executing GPU CSR SpMV ... 
  Pinned Device to Host bandwidth (GB/s): 2.105313
  Pinned Device to Host bandwidth (GB/s): 4.600307
  Pinned Device to Host bandwidth (GB/s): 18.940274
  Pinned Device to Host bandwidth (GB/s): 7.560654
  Exec time (per itr): 0.00115843 s
  Pinned Host to Device bandwidth (GB/s): 1.301062
Executing GPU ELL SpMV ... 
  Pinned Device to Host bandwidth (GB/s): 4.094473
  Pinned Device to Host bandwidth (GB/s): 7.367445
  Pinned Device to Host bandwidth (GB/s): 8.157132
  Exec time (per itr): 0.00618631 s
  Pinned Host to Device bandwidth (GB/s): 1.292874
Calculating CPU CSR SpMV ... done
2-Norm between CPU and GPU answers: 1.769595e-10
Result file name: ./test.mtx ... file saved
Module		Time
Load		0.560135
Convert		0.026350
CPU SpMV	0.022478
GPU Alloc	0.241323
GPU SpMV	0.115854
GPU ELL SpMV	0.618618
Store		0.036587
