-----------------------------------------------------
Matrix name:     cant/cant.mtx
Matrix size:     62451 x 62451 => 2034917
-----------------------------------------------------
Is matrix:       1
Is sparse:       1
-----------------------------------------------------
Is complex:      0
Is real:         1
Is integer:      0
Is pattern only: 0
-----------------------------------------------------
Is general:      0
Is symmetric:    1
Is skewed:       0
Is hermitian:    0
-----------------------------------------------------
Matrix file name: cant/cant.mtx ... file loaded.
Expanding symmetric matrix ... done
  Total # of non-zeros is 4007383
Converting COO to CSR...done
Vector file name: cant/b.mtx ... file loaded
Executing GPU CSR SpMV ... 
  Pinned Device to Host bandwidth (GB/s): 2.059763
  Pinned Device to Host bandwidth (GB/s): 4.042537
  Pinned Device to Host bandwidth (GB/s): 4.899241
  Pinned Device to Host bandwidth (GB/s): 6.375153
  Exec time (per itr): 0.00033135 s
  Pinned Host to Device bandwidth (GB/s): 2.262389
Executing GPU ELL SpMV ... 
  Pinned Device to Host bandwidth (GB/s): 14.424060
  Pinned Device to Host bandwidth (GB/s): 11.732350
  Pinned Device to Host bandwidth (GB/s): 7.361032
  Exec time (per itr): 0.00208933 s
  Pinned Host to Device bandwidth (GB/s): 1.302800
Calculating CPU CSR SpMV ... done
2-Norm between CPU and GPU answers: 1.769595e-10
Result file name: ./test.mtx ... file saved
Module		Time
Load		0.607266
Convert		0.028359
CPU SpMV	0.026023
GPU Alloc	0.253373
GPU SpMV	0.033149
GPU ELL SpMV	0.208936
Store		0.439284
