-----------------------------------------------------
Matrix name:     cant/cant.mtx
Matrix size:     62451 x 62451 => 2034917
-----------------------------------------------------
Is matrix:       1
Is sparse:       1
-----------------------------------------------------
Is complex:      0
Is real:         1
Is integer:      0
Is pattern only: 0
-----------------------------------------------------
Is general:      0
Is symmetric:    1
Is skewed:       0
Is hermitian:    0
-----------------------------------------------------
Matrix file name: cant/cant.mtx ... file loaded.
Expanding symmetric matrix ... done
  Total # of non-zeros is 4007383
Converting COO to CSR...done
Vector file name: cant/b.mtx ... file loaded
Executing GPU CSR SpMV ... 
  Pinned Device to Host bandwidth (GB/s): 1.954557
  Pinned Device to Host bandwidth (GB/s): 4.111351
  Pinned Device to Host bandwidth (GB/s): 11.108046
  Pinned Device to Host bandwidth (GB/s): 7.402916
  Exec time (per itr): 0.00108766 s
  Pinned Host to Device bandwidth (GB/s): 1.229157
Executing GPU ELL SpMV ... 
  Pinned Device to Host bandwidth (GB/s): 3.978680
  Pinned Device to Host bandwidth (GB/s): 11.680922
  Pinned Device to Host bandwidth (GB/s): 7.448831
  Exec time (per itr): 0.00615120 s
  Pinned Host to Device bandwidth (GB/s): 1.153765
Calculating CPU CSR SpMV ... done
2-Norm between CPU and GPU answers: 1.769595e-10
Result file name: ./test.mtx ... file saved
Module		Time
Load		0.591651
Convert		0.029010
CPU SpMV	0.024854
GPU Alloc	0.269585
GPU SpMV	0.108781
GPU ELL SpMV	0.615107
Store		0.070855
