-----------------------------------------------------
Matrix name:     cant/cant.mtx
Matrix size:     62451 x 62451 => 2034917
-----------------------------------------------------
Is matrix:       1
Is sparse:       1
-----------------------------------------------------
Is complex:      0
Is real:         1
Is integer:      0
Is pattern only: 0
-----------------------------------------------------
Is general:      0
Is symmetric:    1
Is skewed:       0
Is hermitian:    0
-----------------------------------------------------
Matrix file name: cant/cant.mtx ... file loaded.
Expanding symmetric matrix ... done
  Total # of non-zeros is 4007383
Converting COO to CSR...done
Vector file name: cant/b.mtx ... file loaded
Executing GPU CSR SpMV ... 
  Pinned Device to Host bandwidth (GB/s): 2.034002
  Pinned Device to Host bandwidth (GB/s): 3.858417
  Pinned Device to Host bandwidth (GB/s): 4.319958
  Pinned Device to Host bandwidth (GB/s): 5.376291
  Exec time (per itr): 0.00032958 s
  Pinned Host to Device bandwidth (GB/s): 2.261734
Executing GPU ELL SpMV ... 
  Pinned Device to Host bandwidth (GB/s): 14.662684
  Pinned Device to Host bandwidth (GB/s): 11.732012
  Pinned Device to Host bandwidth (GB/s): 7.343721
  Exec time (per itr): 0.00208904 s
  Pinned Host to Device bandwidth (GB/s): 1.384355
Calculating CPU CSR SpMV ... done
2-Norm between CPU and GPU answers: 1.769595e-10
Result file name: ./test.mtx ... file saved
Module		Time
Load		0.576524
Convert		0.028932
CPU SpMV	0.026467
GPU Alloc	0.251998
GPU SpMV	0.032972
GPU ELL SpMV	0.208909
Store		0.023177
