-----------------------------------------------------
Matrix name:     cant/cant.mtx
Matrix size:     62451 x 62451 => 2034917
-----------------------------------------------------
Is matrix:       1
Is sparse:       1
-----------------------------------------------------
Is complex:      0
Is real:         1
Is integer:      0
Is pattern only: 0
-----------------------------------------------------
Is general:      0
Is symmetric:    1
Is skewed:       0
Is hermitian:    0
-----------------------------------------------------
Matrix file name: cant/cant.mtx ... file loaded.
Expanding symmetric matrix ... done
  Total # of non-zeros is 4007383
Converting COO to CSR...done
Vector file name: cant/b.mtx ... file loaded
Executing GPU CSR SpMV ... 
  Pinned Device to Host bandwidth (GB/s): 1.894322
  Pinned Device to Host bandwidth (GB/s): 4.246801
  Pinned Device to Host bandwidth (GB/s): 5.032150
  Pinned Device to Host bandwidth (GB/s): 7.278671
  Exec time (per itr): 0.00108824 s
  Pinned Host to Device bandwidth (GB/s): 1.284894
Executing GPU ELL SpMV ... 
  Pinned Device to Host bandwidth (GB/s): 3.465708
  Pinned Device to Host bandwidth (GB/s): 11.683051
  Pinned Device to Host bandwidth (GB/s): 7.634597
  Exec time (per itr): 0.00615245 s
  Pinned Host to Device bandwidth (GB/s): 1.254943
Calculating CPU CSR SpMV ... done
2-Norm between CPU and GPU answers: 1.769595e-10
Result file name: ./test.mtx ... file saved
Module		Time
Load		0.582389
Convert		0.027624
CPU SpMV	0.025872
GPU Alloc	0.277575
GPU SpMV	0.108834
GPU ELL SpMV	0.615230
Store		0.061276
