-----------------------------------------------------
Matrix name:     cant/cant.mtx
Matrix size:     62451 x 62451 => 2034917
-----------------------------------------------------
Is matrix:       1
Is sparse:       1
-----------------------------------------------------
Is complex:      0
Is real:         1
Is integer:      0
Is pattern only: 0
-----------------------------------------------------
Is general:      0
Is symmetric:    1
Is skewed:       0
Is hermitian:    0
-----------------------------------------------------
Matrix file name: cant/cant.mtx ... file loaded.
Expanding symmetric matrix ... done
  Total # of non-zeros is 4007383
Converting COO to CSR...done
Vector file name: cant/b.mtx ... file loaded
Executing GPU CSR SpMV ... 
  Pinned Device to Host bandwidth (GB/s): 1.991962
  Pinned Device to Host bandwidth (GB/s): 4.056253
  Pinned Device to Host bandwidth (GB/s): 4.644712
  Pinned Device to Host bandwidth (GB/s): 7.099932
  Exec time (per itr): 0.00032969 s
  Pinned Host to Device bandwidth (GB/s): 2.300390
Executing GPU ELL SpMV ... 
  Pinned Device to Host bandwidth (GB/s): 12.656619
  Pinned Device to Host bandwidth (GB/s): 11.732237
  Pinned Device to Host bandwidth (GB/s): 7.357563
  Exec time (per itr): 0.00208921 s
  Pinned Host to Device bandwidth (GB/s): 1.353746
Calculating CPU CSR SpMV ... done
2-Norm between CPU and GPU answers: 1.769595e-10
Result file name: ./test.mtx ... file saved
Module		Time
Load		0.597308
Convert		0.028602
CPU SpMV	0.027506
GPU Alloc	0.246451
GPU SpMV	0.032983
GPU ELL SpMV	0.208927
Store		0.021333
