-----------------------------------------------------
Matrix name:     cant/cant.mtx
Matrix size:     62451 x 62451 => 2034917
-----------------------------------------------------
Is matrix:       1
Is sparse:       1
-----------------------------------------------------
Is complex:      0
Is real:         1
Is integer:      0
Is pattern only: 0
-----------------------------------------------------
Is general:      0
Is symmetric:    1
Is skewed:       0
Is hermitian:    0
-----------------------------------------------------
Matrix file name: cant/cant.mtx ... file loaded.
Expanding symmetric matrix ... done
  Total # of non-zeros is 4007383
Converting COO to CSR...done
Vector file name: cant/b.mtx ... file loaded
Executing GPU CSR SpMV ... 
  Pinned Device to Host bandwidth (GB/s): 2.063574
  Pinned Device to Host bandwidth (GB/s): 4.039929
  Pinned Device to Host bandwidth (GB/s): 5.000777
  Pinned Device to Host bandwidth (GB/s): 7.292270
  Exec time (per itr): 0.00032962 s
  Pinned Host to Device bandwidth (GB/s): 2.260097
Executing GPU ELL SpMV ... 
  Pinned Device to Host bandwidth (GB/s): 14.827645
  Pinned Device to Host bandwidth (GB/s): 11.732915
  Pinned Device to Host bandwidth (GB/s): 7.343721
  Exec time (per itr): 0.00208911 s
  Pinned Host to Device bandwidth (GB/s): 1.359049
Calculating CPU CSR SpMV ... done
2-Norm between CPU and GPU answers: 1.769595e-10
Result file name: ./test.mtx ... file saved
Module		Time
Load		0.598724
Convert		0.027042
CPU SpMV	0.026836
GPU Alloc	0.249615
GPU SpMV	0.032975
GPU ELL SpMV	0.208914
Store		0.494967
