-----------------------------------------------------
Matrix name:     cant/cant.mtx
Matrix size:     62451 x 62451 => 2034917
-----------------------------------------------------
Is matrix:       1
Is sparse:       1
-----------------------------------------------------
Is complex:      0
Is real:         1
Is integer:      0
Is pattern only: 0
-----------------------------------------------------
Is general:      0
Is symmetric:    1
Is skewed:       0
Is hermitian:    0
-----------------------------------------------------
Matrix file name: cant/cant.mtx ... file loaded.
Expanding symmetric matrix ... done
  Total # of non-zeros is 4007383
Converting COO to CSR...done
Vector file name: cant/b.mtx ... file loaded
Executing GPU CSR SpMV ... 
  Pinned Device to Host bandwidth (GB/s): 1.889279
  Pinned Device to Host bandwidth (GB/s): 4.242484
  Pinned Device to Host bandwidth (GB/s): 5.023168
  Pinned Device to Host bandwidth (GB/s): 7.438185
  Exec time (per itr): 0.00108816 s
  Pinned Host to Device bandwidth (GB/s): 1.262044
Executing GPU ELL SpMV ... 
  Pinned Device to Host bandwidth (GB/s): 3.464644
  Pinned Device to Host bandwidth (GB/s): 11.714293
  Pinned Device to Host bandwidth (GB/s): 7.702392
  Exec time (per itr): 0.00615362 s
  Pinned Host to Device bandwidth (GB/s): 1.284894
Calculating CPU CSR SpMV ... done
2-Norm between CPU and GPU answers: 1.769595e-10
Result file name: ./test.mtx ... file saved
Module		Time
Load		0.591477
Convert		0.028506
CPU SpMV	0.025197
GPU Alloc	0.315971
GPU SpMV	0.108825
GPU ELL SpMV	0.615348
Store		0.027330
