-----------------------------------------------------
Matrix name:     cant/cant.mtx
Matrix size:     62451 x 62451 => 2034917
-----------------------------------------------------
Is matrix:       1
Is sparse:       1
-----------------------------------------------------
Is complex:      0
Is real:         1
Is integer:      0
Is pattern only: 0
-----------------------------------------------------
Is general:      0
Is symmetric:    1
Is skewed:       0
Is hermitian:    0
-----------------------------------------------------
Matrix file name: cant/cant.mtx ... file loaded.
Expanding symmetric matrix ... done
  Total # of non-zeros is 4007383
Converting COO to CSR...done
Vector file name: cant/b.mtx ... file loaded
Executing GPU CSR SpMV ... 
  Pinned Device to Host bandwidth (GB/s): 2.085626
  Pinned Device to Host bandwidth (GB/s): 4.807783
  Pinned Device to Host bandwidth (GB/s): 6.976448
  Pinned Device to Host bandwidth (GB/s): 8.238918
  Exec time (per itr): 0.00115843 s
  Pinned Host to Device bandwidth (GB/s): 1.253030
Executing GPU ELL SpMV ... 
  Pinned Device to Host bandwidth (GB/s): 4.301945
  Pinned Device to Host bandwidth (GB/s): 7.349615
  Pinned Device to Host bandwidth (GB/s): 7.921232
  Exec time (per itr): 0.00618967 s
  Pinned Host to Device bandwidth (GB/s): 1.251523
Calculating CPU CSR SpMV ... done
2-Norm between CPU and GPU answers: 1.769595e-10
Result file name: ./test.mtx ... file saved
Module		Time
Load		0.568634
Convert		0.029188
CPU SpMV	0.022426
GPU Alloc	0.244892
GPU SpMV	0.115855
GPU ELL SpMV	0.618955
Store		0.020604
