-----------------------------------------------------
Matrix name:     cant/cant.mtx
Matrix size:     62451 x 62451 => 2034917
-----------------------------------------------------
Is matrix:       1
Is sparse:       1
-----------------------------------------------------
Is complex:      0
Is real:         1
Is integer:      0
Is pattern only: 0
-----------------------------------------------------
Is general:      0
Is symmetric:    1
Is skewed:       0
Is hermitian:    0
-----------------------------------------------------
Matrix file name: cant/cant.mtx ... file loaded.
Expanding symmetric matrix ... done
  Total # of non-zeros is 4007383
Converting COO to CSR...done
Vector file name: cant/b.mtx ... file loaded
Executing GPU CSR SpMV ... 
  Pinned Device to Host bandwidth (GB/s): 1.823949
  Pinned Device to Host bandwidth (GB/s): 4.251450
  Pinned Device to Host bandwidth (GB/s): 11.092058
  Pinned Device to Host bandwidth (GB/s): 7.567983
  Exec time (per itr): 0.00108631 s
  Pinned Host to Device bandwidth (GB/s): 1.296525
Executing GPU ELL SpMV ... 
  Pinned Device to Host bandwidth (GB/s): 4.534129
  Pinned Device to Host bandwidth (GB/s): 11.732915
  Pinned Device to Host bandwidth (GB/s): 7.438185
  Exec time (per itr): 0.00615292 s
  Pinned Host to Device bandwidth (GB/s): 1.234405
Calculating CPU CSR SpMV ... done
2-Norm between CPU and GPU answers: 1.769595e-10
Result file name: ./test.mtx ... file saved
Module		Time
Load		0.582843
Convert		0.028063
CPU SpMV	0.025115
GPU Alloc	0.272126
GPU SpMV	0.108639
GPU ELL SpMV	0.615277
Store		0.073872
