-----------------------------------------------------
Matrix name:     cant/cant.mtx
Matrix size:     62451 x 62451 => 2034917
-----------------------------------------------------
Is matrix:       1
Is sparse:       1
-----------------------------------------------------
Is complex:      0
Is real:         1
Is integer:      0
Is pattern only: 0
-----------------------------------------------------
Is general:      0
Is symmetric:    1
Is skewed:       0
Is hermitian:    0
-----------------------------------------------------
Matrix file name: cant/cant.mtx ... file loaded.
Expanding symmetric matrix ... done
  Total # of non-zeros is 4007383
Converting COO to CSR...done
Vector file name: cant/b.mtx ... file loaded
Executing GPU CSR SpMV ... 
  Pinned Device to Host bandwidth (GB/s): 1.929914
  Pinned Device to Host bandwidth (GB/s): 4.048516
  Pinned Device to Host bandwidth (GB/s): 4.600709
  Pinned Device to Host bandwidth (GB/s): 7.181578
  Exec time (per itr): 0.00008576 s
  Pinned Host to Device bandwidth (GB/s): 2.322980
Executing GPU ELL SpMV ... 
  Pinned Device to Host bandwidth (GB/s): 13.822553
  Pinned Device to Host bandwidth (GB/s): 11.715758
  Pinned Device to Host bandwidth (GB/s): 7.278671
  Exec time (per itr): 0.00010864 s
  Pinned Host to Device bandwidth (GB/s): 2.393125
Calculating CPU CSR SpMV ... done
2-Norm between CPU and GPU answers: 1.769595e-10
Result file name: ./test.mtx ... file saved
Module		Time
Load		0.569774
Convert		0.027572
CPU SpMV	0.023146
GPU Alloc	0.278932
GPU SpMV	0.008592
GPU ELL SpMV	0.010883
Store		0.022069
