-----------------------------------------------------
Matrix name:     cant/cant.mtx
Matrix size:     62451 x 62451 => 2034917
-----------------------------------------------------
Is matrix:       1
Is sparse:       1
-----------------------------------------------------
Is complex:      0
Is real:         1
Is integer:      0
Is pattern only: 0
-----------------------------------------------------
Is general:      0
Is symmetric:    1
Is skewed:       0
Is hermitian:    0
-----------------------------------------------------
Matrix file name: cant/cant.mtx ... file loaded.
Expanding symmetric matrix ... done
  Total # of non-zeros is 4007383
Converting COO to CSR...done
Vector file name: cant/b.mtx ... file loaded
Executing GPU CSR SpMV ... 
  Pinned Device to Host bandwidth (GB/s): 1.939985
  Pinned Device to Host bandwidth (GB/s): 3.854943
  Pinned Device to Host bandwidth (GB/s): 4.705114
  Pinned Device to Host bandwidth (GB/s): 7.135626
  Exec time (per itr): 0.00008594 s
  Pinned Host to Device bandwidth (GB/s): 2.345313
Executing GPU ELL SpMV ... 
  Pinned Device to Host bandwidth (GB/s): 14.185804
  Pinned Device to Host bandwidth (GB/s): 11.712603
  Pinned Device to Host bandwidth (GB/s): 7.191502
  Exec time (per itr): 0.00010278 s
  Pinned Host to Device bandwidth (GB/s): 2.411980
Calculating CPU CSR SpMV ... done
2-Norm between CPU and GPU answers: 1.769595e-10
Result file name: ./test.mtx ... file saved
Module		Time
Load		0.575165
Convert		0.027809
CPU SpMV	0.023750
GPU Alloc	0.290752
GPU SpMV	0.008610
GPU ELL SpMV	0.010299
Store		0.022965
