-----------------------------------------------------
Matrix name:     cant/cant.mtx
Matrix size:     62451 x 62451 => 2034917
-----------------------------------------------------
Is matrix:       1
Is sparse:       1
-----------------------------------------------------
Is complex:      0
Is real:         1
Is integer:      0
Is pattern only: 0
-----------------------------------------------------
Is general:      0
Is symmetric:    1
Is skewed:       0
Is hermitian:    0
-----------------------------------------------------
Matrix file name: cant/cant.mtx ... file loaded.
Expanding symmetric matrix ... done
  Total # of non-zeros is 4007383
Converting COO to CSR...done
Vector file name: cant/b.mtx ... file loaded
Executing GPU CSR SpMV ... 
  Pinned Device to Host bandwidth (GB/s): 1.948216
  Pinned Device to Host bandwidth (GB/s): 4.253653
  Pinned Device to Host bandwidth (GB/s): 9.371277
  Pinned Device to Host bandwidth (GB/s): 6.991827
  Exec time (per itr): 0.00008757 s
  Pinned Host to Device bandwidth (GB/s): 2.332001
Executing GPU ELL SpMV ... 
  Pinned Device to Host bandwidth (GB/s): 14.292356
  Pinned Device to Host bandwidth (GB/s): 11.368083
  Pinned Device to Host bandwidth (GB/s): 7.151969
  Exec time (per itr): 0.00010294 s
  Pinned Host to Device bandwidth (GB/s): 2.410119
Calculating CPU CSR SpMV ... done
2-Norm between CPU and GPU answers: 1.769595e-10
Result file name: ./test.mtx ... file saved
Module		Time
Load		0.563774
Convert		0.030425
CPU SpMV	0.024686
GPU Alloc	0.280718
GPU SpMV	0.008773
GPU ELL SpMV	0.010312
Store		0.021726
