-----------------------------------------------------
Matrix name:     cant/cant.mtx
Matrix size:     62451 x 62451 => 2034917
-----------------------------------------------------
Is matrix:       1
Is sparse:       1
-----------------------------------------------------
Is complex:      0
Is real:         1
Is integer:      0
Is pattern only: 0
-----------------------------------------------------
Is general:      0
Is symmetric:    1
Is skewed:       0
Is hermitian:    0
-----------------------------------------------------
Matrix file name: cant/cant.mtx ... file loaded.
Expanding symmetric matrix ... done
  Total # of non-zeros is 4007383
Converting COO to CSR...done
Vector file name: cant/b.mtx ... file loaded
Executing GPU CSR SpMV ... 
  Pinned Device to Host bandwidth (GB/s): 1.909614
  Pinned Device to Host bandwidth (GB/s): 4.349346
  Pinned Device to Host bandwidth (GB/s): 6.581651
  Pinned Device to Host bandwidth (GB/s): 8.204282
  Exec time (per itr): 0.00076701 s
  Pinned Host to Device bandwidth (GB/s): 2.216146
Executing GPU ELL SpMV ... 
  Pinned Device to Host bandwidth (GB/s): 16.643812
  Pinned Device to Host bandwidth (GB/s): 19.278051
  Pinned Device to Host bandwidth (GB/s): 8.375939
  Exec time (per itr): 0.00064500 s
  Pinned Host to Device bandwidth (GB/s): 1.319536
Calculating CPU CSR SpMV ... done
2-Norm between CPU and GPU answers: 1.769595e-10
Result file name: ./test.mtx ... file saved
Module		Time
Load		0.568824
Convert		0.027824
CPU SpMV	0.022436
GPU Alloc	0.214744
GPU SpMV	0.076712
GPU ELL SpMV	0.064518
Store		0.025781
