-----------------------------------------------------
Matrix name:     cant/cant.mtx
Matrix size:     62451 x 62451 => 2034917
-----------------------------------------------------
Is matrix:       1
Is sparse:       1
-----------------------------------------------------
Is complex:      0
Is real:         1
Is integer:      0
Is pattern only: 0
-----------------------------------------------------
Is general:      0
Is symmetric:    1
Is skewed:       0
Is hermitian:    0
-----------------------------------------------------
Matrix file name: cant/cant.mtx ... file loaded.
Expanding symmetric matrix ... done
  Total # of non-zeros is 4007383
Converting COO to CSR...done
Vector file name: cant/b.mtx ... file loaded
Executing GPU CSR SpMV ... 
  Pinned Device to Host bandwidth (GB/s): 1.986387
  Pinned Device to Host bandwidth (GB/s): 4.869711
  Pinned Device to Host bandwidth (GB/s): 6.377527
  Pinned Device to Host bandwidth (GB/s): 1.377636
  Exec time (per itr): 0.00076661 s
  Pinned Host to Device bandwidth (GB/s): 2.148741
Executing GPU ELL SpMV ... 
  Pinned Device to Host bandwidth (GB/s): 16.971799
  Pinned Device to Host bandwidth (GB/s): 19.204177
  Pinned Device to Host bandwidth (GB/s): 8.358003
  Exec time (per itr): 0.00064581 s
  Pinned Host to Device bandwidth (GB/s): 1.384477
Calculating CPU CSR SpMV ... done
2-Norm between CPU and GPU answers: 1.769595e-10
Result file name: ./test.mtx ... file saved
Module		Time
Load		0.567506
Convert		0.026514
CPU SpMV	0.021871
GPU Alloc	0.225616
GPU SpMV	0.076671
GPU ELL SpMV	0.064597
Store		0.029589
