-----------------------------------------------------
Matrix name:     cant/cant.mtx
Matrix size:     62451 x 62451 => 2034917
-----------------------------------------------------
Is matrix:       1
Is sparse:       1
-----------------------------------------------------
Is complex:      0
Is real:         1
Is integer:      0
Is pattern only: 0
-----------------------------------------------------
Is general:      0
Is symmetric:    1
Is skewed:       0
Is hermitian:    0
-----------------------------------------------------
Matrix file name: cant/cant.mtx ... file loaded.
Expanding symmetric matrix ... done
  Total # of non-zeros is 4007383
Converting COO to CSR...done
Vector file name: cant/b.mtx ... file loaded
Executing GPU CSR SpMV ... 
  Pinned Device to Host bandwidth (GB/s): 1.880631
  Pinned Device to Host bandwidth (GB/s): 4.360098
  Pinned Device to Host bandwidth (GB/s): 11.087025
  Pinned Device to Host bandwidth (GB/s): 7.244895
  Exec time (per itr): 0.00076378 s
  Pinned Host to Device bandwidth (GB/s): 2.316432
Executing GPU ELL SpMV ... 
  Pinned Device to Host bandwidth (GB/s): 15.437789
  Pinned Device to Host bandwidth (GB/s): 5.888499
  Pinned Device to Host bandwidth (GB/s): 12.956639
  Exec time (per itr): 0.00064918 s
  Pinned Host to Device bandwidth (GB/s): 2.643541
Calculating CPU CSR SpMV ... done
2-Norm between CPU and GPU answers: 1.769595e-10
Result file name: ./test.mtx ... file saved
Module		Time
Load		0.585321
Convert		0.027530
CPU SpMV	0.021282
GPU Alloc	0.231914
GPU SpMV	0.076387
GPU ELL SpMV	0.064930
Store		0.035125
