-----------------------------------------------------
Matrix name:     cant/cant.mtx
Matrix size:     62451 x 62451 => 2034917
-----------------------------------------------------
Is matrix:       1
Is sparse:       1
-----------------------------------------------------
Is complex:      0
Is real:         1
Is integer:      0
Is pattern only: 0
-----------------------------------------------------
Is general:      0
Is symmetric:    1
Is skewed:       0
Is hermitian:    0
-----------------------------------------------------
Matrix file name: cant/cant.mtx ... file loaded.
Expanding symmetric matrix ... done
  Total # of non-zeros is 4007383
Converting COO to CSR...done
Vector file name: cant/b.mtx ... file loaded
Executing GPU CSR SpMV ... 
  Pinned Device to Host bandwidth (GB/s): 1.934696
  Pinned Device to Host bandwidth (GB/s): 3.869236
  Pinned Device to Host bandwidth (GB/s): 11.132732
  Pinned Device to Host bandwidth (GB/s): 7.211432
  Exec time (per itr): 0.00008748 s
  Pinned Host to Device bandwidth (GB/s): 2.335490
Executing GPU ELL SpMV ... 
  Pinned Device to Host bandwidth (GB/s): 14.318235
  Pinned Device to Host bandwidth (GB/s): 11.703486
  Pinned Device to Host bandwidth (GB/s): 7.184883
  Exec time (per itr): 0.00010254 s
  Pinned Host to Device bandwidth (GB/s): 2.397904
Calculating CPU CSR SpMV ... done
2-Norm between CPU and GPU answers: 1.769595e-10
Result file name: ./test.mtx ... file saved
Module		Time
Load		0.578301
Convert		0.028392
CPU SpMV	0.024468
GPU Alloc	0.283245
GPU SpMV	0.008763
GPU ELL SpMV	0.010272
Store		0.022059
