-----------------------------------------------------
Matrix name:     cant/cant.mtx
Matrix size:     62451 x 62451 => 2034917
-----------------------------------------------------
Is matrix:       1
Is sparse:       1
-----------------------------------------------------
Is complex:      0
Is real:         1
Is integer:      0
Is pattern only: 0
-----------------------------------------------------
Is general:      0
Is symmetric:    1
Is skewed:       0
Is hermitian:    0
-----------------------------------------------------
Matrix file name: cant/cant.mtx ... file loaded.
Expanding symmetric matrix ... done
  Total # of non-zeros is 4007383
Converting COO to CSR...done
Vector file name: cant/b.mtx ... file loaded
Executing GPU CSR SpMV ... 
  Pinned Device to Host bandwidth (GB/s): 1.947730
  Pinned Device to Host bandwidth (GB/s): 4.121024
  Pinned Device to Host bandwidth (GB/s): 11.123216
  Pinned Device to Host bandwidth (GB/s): 7.653309
  Exec time (per itr): 0.00076412 s
  Pinned Host to Device bandwidth (GB/s): 2.347076
Executing GPU ELL SpMV ... 
  Pinned Device to Host bandwidth (GB/s): 14.854413
  Pinned Device to Host bandwidth (GB/s): 4.990859
  Pinned Device to Host bandwidth (GB/s): 13.164208
  Exec time (per itr): 0.00064682 s
  Pinned Host to Device bandwidth (GB/s): 2.687220
Calculating CPU CSR SpMV ... done
2-Norm between CPU and GPU answers: 1.769595e-10
Result file name: ./test.mtx ... file saved
Module		Time
Load		0.578188
Convert		0.027441
CPU SpMV	0.020974
GPU Alloc	0.231954
GPU SpMV	0.076423
GPU ELL SpMV	0.064695
Store		0.035839
