-----------------------------------------------------
Matrix name:     cant/cant.mtx
Matrix size:     62451 x 62451 => 2034917
-----------------------------------------------------
Is matrix:       1
Is sparse:       1
-----------------------------------------------------
Is complex:      0
Is real:         1
Is integer:      0
Is pattern only: 0
-----------------------------------------------------
Is general:      0
Is symmetric:    1
Is skewed:       0
Is hermitian:    0
-----------------------------------------------------
Matrix file name: cant/cant.mtx ... file loaded.
Expanding symmetric matrix ... done
  Total # of non-zeros is 4007383
Converting COO to CSR...done
Vector file name: cant/b.mtx ... file loaded
Executing GPU CSR SpMV ... 
  Pinned Device to Host bandwidth (GB/s): 1.943850
  Pinned Device to Host bandwidth (GB/s): 3.906654
  Pinned Device to Host bandwidth (GB/s): 4.841916
  Pinned Device to Host bandwidth (GB/s): 7.211432
  Exec time (per itr): 0.00008551 s
  Pinned Host to Device bandwidth (GB/s): 2.650721
Executing GPU ELL SpMV ... 
  Pinned Device to Host bandwidth (GB/s): 12.383763
  Pinned Device to Host bandwidth (GB/s): 16.199678
  Pinned Device to Host bandwidth (GB/s): 9.938097
  Exec time (per itr): 0.00010273 s
  Pinned Host to Device bandwidth (GB/s): 2.694176
Calculating CPU CSR SpMV ... done
2-Norm between CPU and GPU answers: 1.769595e-10
Result file name: ./test.mtx ... file saved
Module		Time
Load		0.570303
Convert		0.027432
CPU SpMV	0.021723
GPU Alloc	0.283066
GPU SpMV	0.008567
GPU ELL SpMV	0.010293
Store		0.023266
