-----------------------------------------------------
Matrix name:     cant/cant.mtx
Matrix size:     62451 x 62451 => 2034917
-----------------------------------------------------
Is matrix:       1
Is sparse:       1
-----------------------------------------------------
Is complex:      0
Is real:         1
Is integer:      0
Is pattern only: 0
-----------------------------------------------------
Is general:      0
Is symmetric:    1
Is skewed:       0
Is hermitian:    0
-----------------------------------------------------
Matrix file name: cant/cant.mtx ... file loaded.
Expanding symmetric matrix ... done
  Total # of non-zeros is 4007383
Converting COO to CSR...done
Vector file name: cant/b.mtx ... file loaded
Executing GPU CSR SpMV ... 
  Pinned Device to Host bandwidth (GB/s): 1.889279
  Pinned Device to Host bandwidth (GB/s): 4.250620
  Pinned Device to Host bandwidth (GB/s): 11.105460
  Pinned Device to Host bandwidth (GB/s): 7.553339
  Exec time (per itr): 0.00076360 s
  Pinned Host to Device bandwidth (GB/s): 2.266989
Executing GPU ELL SpMV ... 
  Pinned Device to Host bandwidth (GB/s): 14.477216
  Pinned Device to Host bandwidth (GB/s): 5.147626
  Pinned Device to Host bandwidth (GB/s): 12.839433
  Exec time (per itr): 0.00064926 s
  Pinned Host to Device bandwidth (GB/s): 2.617832
Calculating CPU CSR SpMV ... done
2-Norm between CPU and GPU answers: 1.769595e-10
Result file name: ./test.mtx ... file saved
Module		Time
Load		0.594569
Convert		0.027280
CPU SpMV	0.020842
GPU Alloc	0.237127
GPU SpMV	0.076372
GPU ELL SpMV	0.064939
Store		0.034926
