-----------------------------------------------------
Matrix name:     cant/cant.mtx
Matrix size:     62451 x 62451 => 2034917
-----------------------------------------------------
Is matrix:       1
Is sparse:       1
-----------------------------------------------------
Is complex:      0
Is real:         1
Is integer:      0
Is pattern only: 0
-----------------------------------------------------
Is general:      0
Is symmetric:    1
Is skewed:       0
Is hermitian:    0
-----------------------------------------------------
Matrix file name: cant/cant.mtx ... file loaded.
Expanding symmetric matrix ... done
  Total # of non-zeros is 4007383
Converting COO to CSR...done
Vector file name: cant/b.mtx ... file loaded
Executing GPU CSR SpMV ... 
  Pinned Device to Host bandwidth (GB/s): 1.971338
  Pinned Device to Host bandwidth (GB/s): 4.045933
  Pinned Device to Host bandwidth (GB/s): 11.123710
  Pinned Device to Host bandwidth (GB/s): 7.201453
  Exec time (per itr): 0.00008650 s
  Pinned Host to Device bandwidth (GB/s): 2.381444
Executing GPU ELL SpMV ... 
  Pinned Device to Host bandwidth (GB/s): 13.013128
  Pinned Device to Host bandwidth (GB/s): 11.702248
  Pinned Device to Host bandwidth (GB/s): 7.184883
  Exec time (per itr): 0.00010259 s
  Pinned Host to Device bandwidth (GB/s): 2.276907
Calculating CPU CSR SpMV ... done
2-Norm between CPU and GPU answers: 1.769595e-10
Result file name: ./test.mtx ... file saved
Module		Time
Load		0.563539
Convert		0.027844
CPU SpMV	0.022704
GPU Alloc	0.277776
GPU SpMV	0.008666
GPU ELL SpMV	0.010278
Store		0.048398
