-----------------------------------------------------
Matrix name:     cant/cant.mtx
Matrix size:     62451 x 62451 => 2034917
-----------------------------------------------------
Is matrix:       1
Is sparse:       1
-----------------------------------------------------
Is complex:      0
Is real:         1
Is integer:      0
Is pattern only: 0
-----------------------------------------------------
Is general:      0
Is symmetric:    1
Is skewed:       0
Is hermitian:    0
-----------------------------------------------------
Matrix file name: cant/cant.mtx ... file loaded.
Expanding symmetric matrix ... done
  Total # of non-zeros is 4007383
Converting COO to CSR...done
Vector file name: cant/b.mtx ... file loaded
Executing GPU CSR SpMV ... 
  Pinned Device to Host bandwidth (GB/s): 1.849443
  Pinned Device to Host bandwidth (GB/s): 4.059145
  Pinned Device to Host bandwidth (GB/s): 11.099554
  Pinned Device to Host bandwidth (GB/s): 7.822019
  Exec time (per itr): 0.00076352 s
  Pinned Host to Device bandwidth (GB/s): 2.213946
Executing GPU ELL SpMV ... 
  Pinned Device to Host bandwidth (GB/s): 14.422351
  Pinned Device to Host bandwidth (GB/s): 5.287976
  Pinned Device to Host bandwidth (GB/s): 13.310103
  Exec time (per itr): 0.00064898 s
  Pinned Host to Device bandwidth (GB/s): 2.553189
Calculating CPU CSR SpMV ... done
2-Norm between CPU and GPU answers: 1.769595e-10
Result file name: ./test.mtx ... file saved
Module		Time
Load		0.584608
Convert		0.028375
CPU SpMV	0.021318
GPU Alloc	0.230733
GPU SpMV	0.076360
GPU ELL SpMV	0.064911
Store		0.034688
