-----------------------------------------------------
Matrix name:     cant/cant.mtx
Matrix size:     62451 x 62451 => 2034917
-----------------------------------------------------
Is matrix:       1
Is sparse:       1
-----------------------------------------------------
Is complex:      0
Is real:         1
Is integer:      0
Is pattern only: 0
-----------------------------------------------------
Is general:      0
Is symmetric:    1
Is skewed:       0
Is hermitian:    0
-----------------------------------------------------
Matrix file name: cant/cant.mtx ... file loaded.
Expanding symmetric matrix ... done
  Total # of non-zeros is 4007383
Converting COO to CSR...done
Vector file name: cant/b.mtx ... file loaded
Executing GPU CSR SpMV ... 
  Pinned Device to Host bandwidth (GB/s): 2.080069
  Pinned Device to Host bandwidth (GB/s): 4.351613
  Pinned Device to Host bandwidth (GB/s): 6.303731
  Pinned Device to Host bandwidth (GB/s): 8.606808
  Exec time (per itr): 0.00076845 s
  Pinned Host to Device bandwidth (GB/s): 2.214574
Executing GPU ELL SpMV ... 
  Pinned Device to Host bandwidth (GB/s): 17.342559
  Pinned Device to Host bandwidth (GB/s): 19.176356
  Pinned Device to Host bandwidth (GB/s): 8.398467
  Exec time (per itr): 0.00064534 s
  Pinned Host to Device bandwidth (GB/s): 1.348601
Calculating CPU CSR SpMV ... done
2-Norm between CPU and GPU answers: 1.769595e-10
Result file name: ./test.mtx ... file saved
Module		Time
Load		0.572970
Convert		0.026862
CPU SpMV	0.022618
GPU Alloc	0.211040
GPU SpMV	0.076856
GPU ELL SpMV	0.064549
Store		0.029936
