-----------------------------------------------------
Matrix name:     cant/cant.mtx
Matrix size:     62451 x 62451 => 2034917
-----------------------------------------------------
Is matrix:       1
Is sparse:       1
-----------------------------------------------------
Is complex:      0
Is real:         1
Is integer:      0
Is pattern only: 0
-----------------------------------------------------
Is general:      0
Is symmetric:    1
Is skewed:       0
Is hermitian:    0
-----------------------------------------------------
Matrix file name: cant/cant.mtx ... file loaded.
Expanding symmetric matrix ... done
  Total # of non-zeros is 4007383
Converting COO to CSR...done
Vector file name: cant/b.mtx ... file loaded
Executing GPU CSR SpMV ... 
  Pinned Device to Host bandwidth (GB/s): 1.932302
  Pinned Device to Host bandwidth (GB/s): 4.239612
  Pinned Device to Host bandwidth (GB/s): 4.987334
  Pinned Device to Host bandwidth (GB/s): 13.321459
  Exec time (per itr): 0.00076379 s
  Pinned Host to Device bandwidth (GB/s): 2.680761
Executing GPU ELL SpMV ... 
  Pinned Device to Host bandwidth (GB/s): 23.602498
  Pinned Device to Host bandwidth (GB/s): 23.557754
  Pinned Device to Host bandwidth (GB/s): 11.513828
  Exec time (per itr): 0.00065001 s
  Pinned Host to Device bandwidth (GB/s): 1.339690
Calculating CPU CSR SpMV ... done
2-Norm between CPU and GPU answers: 1.769595e-10
Result file name: ./test.mtx ... file saved
Module		Time
Load		0.595022
Convert		0.026501
CPU SpMV	0.025647
GPU Alloc	0.227941
GPU SpMV	0.076388
GPU ELL SpMV	0.065014
Store		0.050260
