-----------------------------------------------------
Matrix name:     cant/cant.mtx
Matrix size:     62451 x 62451 => 2034917
-----------------------------------------------------
Is matrix:       1
Is sparse:       1
-----------------------------------------------------
Is complex:      0
Is real:         1
Is integer:      0
Is pattern only: 0
-----------------------------------------------------
Is general:      0
Is symmetric:    1
Is skewed:       0
Is hermitian:    0
-----------------------------------------------------
Matrix file name: cant/cant.mtx ... file loaded.
Expanding symmetric matrix ... done
  Total # of non-zeros is 4007383
Converting COO to CSR...done
Vector file name: cant/b.mtx ... file loaded
Executing GPU CSR SpMV ... 
  Pinned Device to Host bandwidth (GB/s): 1.992471
  Pinned Device to Host bandwidth (GB/s): 4.869664
  Pinned Device to Host bandwidth (GB/s): 6.402879
  Pinned Device to Host bandwidth (GB/s): 8.225896
  Exec time (per itr): 0.00076621 s
  Pinned Host to Device bandwidth (GB/s): 2.102444
Executing GPU ELL SpMV ... 
  Pinned Device to Host bandwidth (GB/s): 17.058334
  Pinned Device to Host bandwidth (GB/s): 19.114052
  Pinned Device to Host bandwidth (GB/s): 8.174215
  Exec time (per itr): 0.00064544 s
  Pinned Host to Device bandwidth (GB/s): 1.323451
Calculating CPU CSR SpMV ... done
2-Norm between CPU and GPU answers: 1.769595e-10
Result file name: ./test.mtx ... file saved
Module		Time
Load		0.564604
Convert		0.027589
CPU SpMV	0.022878
GPU Alloc	0.257953
GPU SpMV	0.076631
GPU ELL SpMV	0.064559
Store		0.029512
