-----------------------------------------------------
Matrix name:     cant/cant.mtx
Matrix size:     62451 x 62451 => 2034917
-----------------------------------------------------
Is matrix:       1
Is sparse:       1
-----------------------------------------------------
Is complex:      0
Is real:         1
Is integer:      0
Is pattern only: 0
-----------------------------------------------------
Is general:      0
Is symmetric:    1
Is skewed:       0
Is hermitian:    0
-----------------------------------------------------
Matrix file name: cant/cant.mtx ... file loaded.
Expanding symmetric matrix ... done
  Total # of non-zeros is 4007383
Converting COO to CSR...done
Vector file name: cant/b.mtx ... file loaded
Executing GPU CSR SpMV ... 
  Pinned Device to Host bandwidth (GB/s): 1.920891
  Pinned Device to Host bandwidth (GB/s): 4.054939
  Pinned Device to Host bandwidth (GB/s): 11.107676
  Pinned Device to Host bandwidth (GB/s): 7.347176
  Exec time (per itr): 0.00023382 s
  Pinned Host to Device bandwidth (GB/s): 2.338288
Executing GPU ELL SpMV ... 
  Pinned Device to Host bandwidth (GB/s): 14.762219
  Pinned Device to Host bandwidth (GB/s): 11.733707
  Pinned Device to Host bandwidth (GB/s): 7.323054
  Exec time (per itr): 0.00088473 s
  Pinned Host to Device bandwidth (GB/s): 1.345115
Calculating CPU CSR SpMV ... done
2-Norm between CPU and GPU answers: 1.769595e-10
Result file name: ./test.mtx ... file saved
Module		Time
Load		0.836283
Convert		0.026248
CPU SpMV	0.027244
GPU Alloc	0.243968
GPU SpMV	0.023401
GPU ELL SpMV	0.088485
Store		0.516319
