-----------------------------------------------------
Matrix name:     cant/cant.mtx
Matrix size:     62451 x 62451 => 2034917
-----------------------------------------------------
Is matrix:       1
Is sparse:       1
-----------------------------------------------------
Is complex:      0
Is real:         1
Is integer:      0
Is pattern only: 0
-----------------------------------------------------
Is general:      0
Is symmetric:    1
Is skewed:       0
Is hermitian:    0
-----------------------------------------------------
Matrix file name: cant/cant.mtx ... file loaded.
Expanding symmetric matrix ... done
  Total # of non-zeros is 4007383
Converting COO to CSR...done
Vector file name: cant/b.mtx ... file loaded
Executing GPU CSR SpMV ... 
  Pinned Device to Host bandwidth (GB/s): 1.885628
  Pinned Device to Host bandwidth (GB/s): 4.327665
  Pinned Device to Host bandwidth (GB/s): 11.120993
  Pinned Device to Host bandwidth (GB/s): 7.698594
  Exec time (per itr): 0.00077699 s
  Pinned Host to Device bandwidth (GB/s): 2.290939
Executing GPU ELL SpMV ... 
  Pinned Device to Host bandwidth (GB/s): 14.440480
  Pinned Device to Host bandwidth (GB/s): 5.519298
  Pinned Device to Host bandwidth (GB/s): 12.420644
  Exec time (per itr): 0.00258989 s
  Pinned Host to Device bandwidth (GB/s): 1.223666
Calculating CPU CSR SpMV ... done
2-Norm between CPU and GPU answers: 1.769595e-10
Result file name: ./test.mtx ... file saved
Module		Time
Load		0.581178
Convert		0.028656
CPU SpMV	0.025726
GPU Alloc	0.272421
GPU SpMV	0.077709
GPU ELL SpMV	0.258997
Store		0.061183
