-----------------------------------------------------
Matrix name:     cant/cant.mtx
Matrix size:     62451 x 62451 => 2034917
-----------------------------------------------------
Is matrix:       1
Is sparse:       1
-----------------------------------------------------
Is complex:      0
Is real:         1
Is integer:      0
Is pattern only: 0
-----------------------------------------------------
Is general:      0
Is symmetric:    1
Is skewed:       0
Is hermitian:    0
-----------------------------------------------------
Matrix file name: cant/cant.mtx ... file loaded.
Expanding symmetric matrix ... done
  Total # of non-zeros is 4007383
Converting COO to CSR...done
Vector file name: cant/b.mtx ... file loaded
Executing GPU CSR SpMV ... 
  Pinned Device to Host bandwidth (GB/s): 2.038251
  Pinned Device to Host bandwidth (GB/s): 4.035177
  Pinned Device to Host bandwidth (GB/s): 4.776061
  Pinned Device to Host bandwidth (GB/s): 7.336819
  Exec time (per itr): 0.00023342 s
  Pinned Host to Device bandwidth (GB/s): 2.355575
Executing GPU ELL SpMV ... 
  Pinned Device to Host bandwidth (GB/s): 12.808373
  Pinned Device to Host bandwidth (GB/s): 11.592523
  Pinned Device to Host bandwidth (GB/s): 7.381915
  Exec time (per itr): 0.00088607 s
  Pinned Host to Device bandwidth (GB/s): 1.342570
Calculating CPU CSR SpMV ... done
2-Norm between CPU and GPU answers: 1.769595e-10
Result file name: ./test.mtx ... file saved
Module		Time
Load		0.578443
Convert		0.027434
CPU SpMV	0.027754
GPU Alloc	0.252561
GPU SpMV	0.023356
GPU ELL SpMV	0.088619
Store		0.061320
