-----------------------------------------------------
Matrix name:     cant/cant.mtx
Matrix size:     62451 x 62451 => 2034917
-----------------------------------------------------
Is matrix:       1
Is sparse:       1
-----------------------------------------------------
Is complex:      0
Is real:         1
Is integer:      0
Is pattern only: 0
-----------------------------------------------------
Is general:      0
Is symmetric:    1
Is skewed:       0
Is hermitian:    0
-----------------------------------------------------
Matrix file name: cant/cant.mtx ... file loaded.
Expanding symmetric matrix ... done
  Total # of non-zeros is 4007383
Converting COO to CSR...done
Vector file name: cant/b.mtx ... file loaded
Executing GPU CSR SpMV ... 
  Pinned Device to Host bandwidth (GB/s): 2.023982
  Pinned Device to Host bandwidth (GB/s): 4.817307
  Pinned Device to Host bandwidth (GB/s): 18.994857
  Pinned Device to Host bandwidth (GB/s): 8.278234
  Exec time (per itr): 0.00081031 s
  Pinned Host to Device bandwidth (GB/s): 2.277571
Executing GPU ELL SpMV ... 
  Pinned Device to Host bandwidth (GB/s): 11.796677
  Pinned Device to Host bandwidth (GB/s): 6.688679
  Pinned Device to Host bandwidth (GB/s): 7.881247
  Exec time (per itr): 0.00260903 s
  Pinned Host to Device bandwidth (GB/s): 1.313873
Calculating CPU CSR SpMV ... done
2-Norm between CPU and GPU answers: 1.769595e-10
Result file name: ./test.mtx ... file saved
Module		Time
Load		0.570646
Convert		0.027673
CPU SpMV	0.022359
GPU Alloc	0.247519
GPU SpMV	0.081041
GPU ELL SpMV	0.260909
Store		0.022697
