-----------------------------------------------------
Matrix name:     cant/cant.mtx
Matrix size:     62451 x 62451 => 2034917
-----------------------------------------------------
Is matrix:       1
Is sparse:       1
-----------------------------------------------------
Is complex:      0
Is real:         1
Is integer:      0
Is pattern only: 0
-----------------------------------------------------
Is general:      0
Is symmetric:    1
Is skewed:       0
Is hermitian:    0
-----------------------------------------------------
Matrix file name: cant/cant.mtx ... file loaded.
Expanding symmetric matrix ... done
  Total # of non-zeros is 4007383
Converting COO to CSR...done
Vector file name: cant/b.mtx ... file loaded
Executing GPU CSR SpMV ... 
  Pinned Device to Host bandwidth (GB/s): 2.025558
  Pinned Device to Host bandwidth (GB/s): 4.827009
  Pinned Device to Host bandwidth (GB/s): 6.729668
  Pinned Device to Host bandwidth (GB/s): 8.127408
  Exec time (per itr): 0.00081063 s
  Pinned Host to Device bandwidth (GB/s): 2.182380
Executing GPU ELL SpMV ... 
  Pinned Device to Host bandwidth (GB/s): 16.963762
  Pinned Device to Host bandwidth (GB/s): 6.675590
  Pinned Device to Host bandwidth (GB/s): 8.371448
  Exec time (per itr): 0.00260779 s
  Pinned Host to Device bandwidth (GB/s): 1.282361
Calculating CPU CSR SpMV ... done
2-Norm between CPU and GPU answers: 1.769595e-10
Result file name: ./test.mtx ... file saved
Module		Time
Load		0.567595
Convert		0.028166
CPU SpMV	0.022434
GPU Alloc	0.242842
GPU SpMV	0.081074
GPU ELL SpMV	0.260786
Store		0.022841
