-----------------------------------------------------
Matrix name:     cant/cant.mtx
Matrix size:     62451 x 62451 => 2034917
-----------------------------------------------------
Is matrix:       1
Is sparse:       1
-----------------------------------------------------
Is complex:      0
Is real:         1
Is integer:      0
Is pattern only: 0
-----------------------------------------------------
Is general:      0
Is symmetric:    1
Is skewed:       0
Is hermitian:    0
-----------------------------------------------------
Matrix file name: cant/cant.mtx ... file loaded.
Expanding symmetric matrix ... done
  Total # of non-zeros is 4007383
Converting COO to CSR...done
Vector file name: cant/b.mtx ... file loaded
Executing GPU CSR SpMV ... 
  Pinned Device to Host bandwidth (GB/s): 1.686069
  Pinned Device to Host bandwidth (GB/s): 4.302463
  Pinned Device to Host bandwidth (GB/s): 11.101399
  Pinned Device to Host bandwidth (GB/s): 7.575327
  Exec time (per itr): 0.00077665 s
  Pinned Host to Device bandwidth (GB/s): 2.238708
Executing GPU ELL SpMV ... 
  Pinned Device to Host bandwidth (GB/s): 14.368579
  Pinned Device to Host bandwidth (GB/s): 6.249042
  Pinned Device to Host bandwidth (GB/s): 12.755515
  Exec time (per itr): 0.00258853 s
  Pinned Host to Device bandwidth (GB/s): 1.270879
Calculating CPU CSR SpMV ... done
2-Norm between CPU and GPU answers: 1.769595e-10
Result file name: ./test.mtx ... file saved
Module		Time
Load		0.585547
Convert		0.027151
CPU SpMV	0.026181
GPU Alloc	0.268074
GPU SpMV	0.077675
GPU ELL SpMV	0.258859
Store		0.028925
