-----------------------------------------------------
Matrix name:     cant/cant.mtx
Matrix size:     62451 x 62451 => 2034917
-----------------------------------------------------
Is matrix:       1
Is sparse:       1
-----------------------------------------------------
Is complex:      0
Is real:         1
Is integer:      0
Is pattern only: 0
-----------------------------------------------------
Is general:      0
Is symmetric:    1
Is skewed:       0
Is hermitian:    0
-----------------------------------------------------
Matrix file name: cant/cant.mtx ... file loaded.
Expanding symmetric matrix ... done
  Total # of non-zeros is 4007383
Converting COO to CSR...done
Vector file name: cant/b.mtx ... file loaded
Executing GPU CSR SpMV ... 
  Pinned Device to Host bandwidth (GB/s): 1.948216
  Pinned Device to Host bandwidth (GB/s): 4.049858
  Pinned Device to Host bandwidth (GB/s): 11.107430
  Pinned Device to Host bandwidth (GB/s): 7.347176
  Exec time (per itr): 0.00023349 s
  Pinned Host to Device bandwidth (GB/s): 2.346723
Executing GPU ELL SpMV ... 
  Pinned Device to Host bandwidth (GB/s): 14.688150
  Pinned Device to Host bandwidth (GB/s): 11.730881
  Pinned Device to Host bandwidth (GB/s): 7.374941
  Exec time (per itr): 0.00088473 s
  Pinned Host to Device bandwidth (GB/s): 1.250621
Calculating CPU CSR SpMV ... done
2-Norm between CPU and GPU answers: 1.769595e-10
Result file name: ./test.mtx ... file saved
Module		Time
Load		0.586706
Convert		0.027375
CPU SpMV	0.031612
GPU Alloc	0.239027
GPU SpMV	0.023364
GPU ELL SpMV	0.088485
Store		0.051041
