-----------------------------------------------------
Matrix name:     cant/cant.mtx
Matrix size:     62451 x 62451 => 2034917
-----------------------------------------------------
Is matrix:       1
Is sparse:       1
-----------------------------------------------------
Is complex:      0
Is real:         1
Is integer:      0
Is pattern only: 0
-----------------------------------------------------
Is general:      0
Is symmetric:    1
Is skewed:       0
Is hermitian:    0
-----------------------------------------------------
Matrix file name: cant/cant.mtx ... file loaded.
Expanding symmetric matrix ... done
  Total # of non-zeros is 4007383
Converting COO to CSR...done
Vector file name: cant/b.mtx ... file loaded
Executing GPU CSR SpMV ... 
  Pinned Device to Host bandwidth (GB/s): 1.930868
  Pinned Device to Host bandwidth (GB/s): 4.300210
  Pinned Device to Host bandwidth (GB/s): 11.115811
  Pinned Device to Host bandwidth (GB/s): 7.664581
  Exec time (per itr): 0.00077658 s
  Pinned Host to Device bandwidth (GB/s): 2.295655
Executing GPU ELL SpMV ... 
  Pinned Device to Host bandwidth (GB/s): 14.942631
  Pinned Device to Host bandwidth (GB/s): 5.459615
  Pinned Device to Host bandwidth (GB/s): 12.892444
  Exec time (per itr): 0.00258841 s
  Pinned Host to Device bandwidth (GB/s): 1.246427
Calculating CPU CSR SpMV ... done
2-Norm between CPU and GPU answers: 1.769595e-10
Result file name: ./test.mtx ... file saved
Module		Time
Load		0.590997
Convert		0.026410
CPU SpMV	0.025975
GPU Alloc	0.272641
GPU SpMV	0.077668
GPU ELL SpMV	0.258845
Store		0.033784
