-----------------------------------------------------
Matrix name:     cant/cant.mtx
Matrix size:     62451 x 62451 => 2034917
-----------------------------------------------------
Is matrix:       1
Is sparse:       1
-----------------------------------------------------
Is complex:      0
Is real:         1
Is integer:      0
Is pattern only: 0
-----------------------------------------------------
Is general:      0
Is symmetric:    1
Is skewed:       0
Is hermitian:    0
-----------------------------------------------------
Matrix file name: cant/cant.mtx ... file loaded.
Expanding symmetric matrix ... done
  Total # of non-zeros is 4007383
Converting COO to CSR...done
Vector file name: cant/b.mtx ... file loaded
Executing GPU CSR SpMV ... 
  Pinned Device to Host bandwidth (GB/s): 1.803303
  Pinned Device to Host bandwidth (GB/s): 4.277042
  Pinned Device to Host bandwidth (GB/s): 11.098570
  Pinned Device to Host bandwidth (GB/s): 7.615976
  Exec time (per itr): 0.00077651 s
  Pinned Host to Device bandwidth (GB/s): 2.180247
Executing GPU ELL SpMV ... 
  Pinned Device to Host bandwidth (GB/s): 15.850096
  Pinned Device to Host bandwidth (GB/s): 5.767520
  Pinned Device to Host bandwidth (GB/s): 10.797200
  Exec time (per itr): 0.00258905 s
  Pinned Host to Device bandwidth (GB/s): 1.248022
Calculating CPU CSR SpMV ... done
2-Norm between CPU and GPU answers: 1.769595e-10
Result file name: ./test.mtx ... file saved
Module		Time
Load		0.584443
Convert		0.028726
CPU SpMV	0.025887
GPU Alloc	0.270182
GPU SpMV	0.077662
GPU ELL SpMV	0.258908
Store		0.047385
