-----------------------------------------------------
Matrix name:     cant/cant.mtx
Matrix size:     62451 x 62451 => 2034917
-----------------------------------------------------
Is matrix:       1
Is sparse:       1
-----------------------------------------------------
Is complex:      0
Is real:         1
Is integer:      0
Is pattern only: 0
-----------------------------------------------------
Is general:      0
Is symmetric:    1
Is skewed:       0
Is hermitian:    0
-----------------------------------------------------
Matrix file name: cant/cant.mtx ... file loaded.
Expanding symmetric matrix ... done
  Total # of non-zeros is 4007383
Converting COO to CSR...done
Vector file name: cant/b.mtx ... file loaded
Executing GPU CSR SpMV ... 
  Pinned Device to Host bandwidth (GB/s): 1.922783
  Pinned Device to Host bandwidth (GB/s): 4.240940
  Pinned Device to Host bandwidth (GB/s): 11.114330
  Pinned Device to Host bandwidth (GB/s): 6.908297
  Exec time (per itr): 0.00077693 s
  Pinned Host to Device bandwidth (GB/s): 2.156159
Executing GPU ELL SpMV ... 
  Pinned Device to Host bandwidth (GB/s): 14.405632
  Pinned Device to Host bandwidth (GB/s): 5.308769
  Pinned Device to Host bandwidth (GB/s): 12.945896
  Exec time (per itr): 0.00258821 s
  Pinned Host to Device bandwidth (GB/s): 1.251423
Calculating CPU CSR SpMV ... done
2-Norm between CPU and GPU answers: 1.769595e-10
Result file name: ./test.mtx ... file saved
Module		Time
Load		0.591246
Convert		0.026741
CPU SpMV	0.026543
GPU Alloc	0.276839
GPU SpMV	0.077702
GPU ELL SpMV	0.258826
Store		0.034511
