-----------------------------------------------------
Matrix name:     cant/cant.mtx
Matrix size:     62451 x 62451 => 2034917
-----------------------------------------------------
Is matrix:       1
Is sparse:       1
-----------------------------------------------------
Is complex:      0
Is real:         1
Is integer:      0
Is pattern only: 0
-----------------------------------------------------
Is general:      0
Is symmetric:    1
Is skewed:       0
Is hermitian:    0
-----------------------------------------------------
Matrix file name: cant/cant.mtx ... file loaded.
Expanding symmetric matrix ... done
  Total # of non-zeros is 4007383
Converting COO to CSR...done
Vector file name: cant/b.mtx ... file loaded
Executing GPU CSR SpMV ... 
  Pinned Device to Host bandwidth (GB/s): 1.989424
  Pinned Device to Host bandwidth (GB/s): 4.045541
  Pinned Device to Host bandwidth (GB/s): 11.109400
  Pinned Device to Host bandwidth (GB/s): 7.336819
  Exec time (per itr): 0.00023333 s
  Pinned Host to Device bandwidth (GB/s): 2.374563
Executing GPU ELL SpMV ... 
  Pinned Device to Host bandwidth (GB/s): 13.352717
  Pinned Device to Host bandwidth (GB/s): 10.509644
  Pinned Device to Host bandwidth (GB/s): 5.791079
  Exec time (per itr): 0.00088500 s
  Pinned Host to Device bandwidth (GB/s): 1.328745
Calculating CPU CSR SpMV ... done
2-Norm between CPU and GPU answers: 1.769595e-10
Result file name: ./test.mtx ... file saved
Module		Time
Load		0.585729
Convert		0.028565
CPU SpMV	0.027487
GPU Alloc	0.241243
GPU SpMV	0.023348
GPU ELL SpMV	0.088513
Store		0.027699
