-----------------------------------------------------
Matrix name:     cant/cant.mtx
Matrix size:     62451 x 62451 => 2034917
-----------------------------------------------------
Is matrix:       1
Is sparse:       1
-----------------------------------------------------
Is complex:      0
Is real:         1
Is integer:      0
Is pattern only: 0
-----------------------------------------------------
Is general:      0
Is symmetric:    1
Is skewed:       0
Is hermitian:    0
-----------------------------------------------------
Matrix file name: cant/cant.mtx ... file loaded.
Expanding symmetric matrix ... done
  Total # of non-zeros is 4007383
Converting COO to CSR...done
Vector file name: cant/b.mtx ... file loaded
Executing GPU CSR SpMV ... 
  Pinned Device to Host bandwidth (GB/s): 1.881084
  Pinned Device to Host bandwidth (GB/s): 4.256074
  Pinned Device to Host bandwidth (GB/s): 11.095743
  Pinned Device to Host bandwidth (GB/s): 6.632434
  Exec time (per itr): 0.00077669 s
  Pinned Host to Device bandwidth (GB/s): 2.310946
Executing GPU ELL SpMV ... 
  Pinned Device to Host bandwidth (GB/s): 15.314703
  Pinned Device to Host bandwidth (GB/s): 5.257930
  Pinned Device to Host bandwidth (GB/s): 12.009808
  Exec time (per itr): 0.00258829 s
  Pinned Host to Device bandwidth (GB/s): 1.242559
Calculating CPU CSR SpMV ... done
2-Norm between CPU and GPU answers: 1.769595e-10
Result file name: ./test.mtx ... file saved
Module		Time
Load		0.580192
Convert		0.027082
CPU SpMV	0.025612
GPU Alloc	0.268121
GPU SpMV	0.077682
GPU ELL SpMV	0.258832
Store		0.033803
