-----------------------------------------------------
Matrix name:     cant/cant.mtx
Matrix size:     62451 x 62451 => 2034917
-----------------------------------------------------
Is matrix:       1
Is sparse:       1
-----------------------------------------------------
Is complex:      0
Is real:         1
Is integer:      0
Is pattern only: 0
-----------------------------------------------------
Is general:      0
Is symmetric:    1
Is skewed:       0
Is hermitian:    0
-----------------------------------------------------
Matrix file name: cant/cant.mtx ... file loaded.
Expanding symmetric matrix ... done
  Total # of non-zeros is 4007383
Converting COO to CSR...done
Vector file name: cant/b.mtx ... file loaded
Executing GPU CSR SpMV ... 
  Pinned Device to Host bandwidth (GB/s): 2.100780
  Pinned Device to Host bandwidth (GB/s): 4.305755
  Pinned Device to Host bandwidth (GB/s): 5.821030
  Pinned Device to Host bandwidth (GB/s): 8.550246
  Exec time (per itr): 0.00081128 s
  Pinned Host to Device bandwidth (GB/s): 1.874055
Executing GPU ELL SpMV ... 
  Pinned Device to Host bandwidth (GB/s): 17.381173
  Pinned Device to Host bandwidth (GB/s): 16.843863
  Pinned Device to Host bandwidth (GB/s): 2.718097
  Exec time (per itr): 0.00260936 s
  Pinned Host to Device bandwidth (GB/s): 1.326487
Calculating CPU CSR SpMV ... done
2-Norm between CPU and GPU answers: 1.769595e-10
Result file name: ./test.mtx ... file saved
Module		Time
Load		0.568449
Convert		0.025510
CPU SpMV	0.022718
GPU Alloc	0.237609
GPU SpMV	0.081141
GPU ELL SpMV	0.260941
Store		0.023214
