-----------------------------------------------------
Matrix name:     cant/cant.mtx
Matrix size:     62451 x 62451 => 2034917
-----------------------------------------------------
Is matrix:       1
Is sparse:       1
-----------------------------------------------------
Is complex:      0
Is real:         1
Is integer:      0
Is pattern only: 0
-----------------------------------------------------
Is general:      0
Is symmetric:    1
Is skewed:       0
Is hermitian:    0
-----------------------------------------------------
Matrix file name: cant/cant.mtx ... file loaded.
Expanding symmetric matrix ... done
  Total # of non-zeros is 4007383
Converting COO to CSR...done
Vector file name: cant/b.mtx ... file loaded
Executing GPU CSR SpMV ... 
  Pinned Device to Host bandwidth (GB/s): 2.208345
  Pinned Device to Host bandwidth (GB/s): 4.791549
  Pinned Device to Host bandwidth (GB/s): 18.588154
  Pinned Device to Host bandwidth (GB/s): 8.182783
  Exec time (per itr): 0.00077554 s
  Pinned Host to Device bandwidth (GB/s): 2.214889
Executing GPU ELL SpMV ... 
  Pinned Device to Host bandwidth (GB/s): 16.816186
  Pinned Device to Host bandwidth (GB/s): 6.043285
  Pinned Device to Host bandwidth (GB/s): 6.425000
  Exec time (per itr): 0.00045153 s
  Pinned Host to Device bandwidth (GB/s): 2.221823
Calculating CPU CSR SpMV ... done
2-Norm between CPU and GPU answers: 1.768525e-10
Result file name: ./test.mtx ... file saved
Module		Time
Load		0.563615
Convert		0.028512
CPU SpMV	0.020167
GPU Alloc	0.238811
GPU SpMV	0.077564
GPU ELL SpMV	0.045170
Store		0.025099
