-----------------------------------------------------
Matrix name:     cant/cant.mtx
Matrix size:     62451 x 62451 => 2034917
-----------------------------------------------------
Is matrix:       1
Is sparse:       1
-----------------------------------------------------
Is complex:      0
Is real:         1
Is integer:      0
Is pattern only: 0
-----------------------------------------------------
Is general:      0
Is symmetric:    1
Is skewed:       0
Is hermitian:    0
-----------------------------------------------------
Matrix file name: cant/cant.mtx ... file loaded.
Expanding symmetric matrix ... done
  Total # of non-zeros is 4007383
Converting COO to CSR...done
Vector file name: cant/b.mtx ... file loaded
Executing GPU CSR SpMV ... 
  Pinned Device to Host bandwidth (GB/s): 2.091213
  Pinned Device to Host bandwidth (GB/s): 4.788159
  Pinned Device to Host bandwidth (GB/s): 18.570582
  Pinned Device to Host bandwidth (GB/s): 8.118955
  Exec time (per itr): 0.00077573 s
  Pinned Host to Device bandwidth (GB/s): 2.248056
Executing GPU ELL SpMV ... 
  Pinned Device to Host bandwidth (GB/s): 16.854821
  Pinned Device to Host bandwidth (GB/s): 7.086463
  Pinned Device to Host bandwidth (GB/s): 8.439324
  Exec time (per itr): 0.00045147 s
  Pinned Host to Device bandwidth (GB/s): 2.134931
Calculating CPU CSR SpMV ... done
2-Norm between CPU and GPU answers: 1.768525e-10
Result file name: ./test.mtx ... file saved
Module		Time
Load		0.569267
Convert		0.025213
CPU SpMV	0.019761
GPU Alloc	0.241337
GPU SpMV	0.077586
GPU ELL SpMV	0.045163
Store		0.023501
