-----------------------------------------------------
Matrix name:     cant/cant.mtx
Matrix size:     62451 x 62451 => 2034917
-----------------------------------------------------
Is matrix:       1
Is sparse:       1
-----------------------------------------------------
Is complex:      0
Is real:         1
Is integer:      0
Is pattern only: 0
-----------------------------------------------------
Is general:      0
Is symmetric:    1
Is skewed:       0
Is hermitian:    0
-----------------------------------------------------
Matrix file name: cant/cant.mtx ... file loaded.
Expanding symmetric matrix ... done
  Total # of non-zeros is 4007383
Converting COO to CSR...done
Vector file name: cant/b.mtx ... file loaded
Executing GPU CSR SpMV ... 
  Pinned Device to Host bandwidth (GB/s): 1.852076
  Pinned Device to Host bandwidth (GB/s): 4.253400
  Pinned Device to Host bandwidth (GB/s): 11.076483
  Pinned Device to Host bandwidth (GB/s): 7.502523
  Exec time (per itr): 0.00077848 s
  Pinned Host to Device bandwidth (GB/s): 2.156457
Executing GPU ELL SpMV ... 
  Pinned Device to Host bandwidth (GB/s): 14.416205
  Pinned Device to Host bandwidth (GB/s): 6.065892
  Pinned Device to Host bandwidth (GB/s): 13.186444
  Exec time (per itr): 0.00045034 s
  Pinned Host to Device bandwidth (GB/s): 2.546111
Calculating CPU CSR SpMV ... done
2-Norm between CPU and GPU answers: 1.768525e-10
Result file name: ./test.mtx ... file saved
Module		Time
Load		0.584311
Convert		0.028102
CPU SpMV	0.020229
GPU Alloc	0.268353
GPU SpMV	0.077857
GPU ELL SpMV	0.045048
Store		0.033739
