-----------------------------------------------------
Matrix name:     cant/cant.mtx
Matrix size:     62451 x 62451 => 2034917
-----------------------------------------------------
Is matrix:       1
Is sparse:       1
-----------------------------------------------------
Is complex:      0
Is real:         1
Is integer:      0
Is pattern only: 0
-----------------------------------------------------
Is general:      0
Is symmetric:    1
Is skewed:       0
Is hermitian:    0
-----------------------------------------------------
Matrix file name: cant/cant.mtx ... file loaded.
Expanding symmetric matrix ... done
  Total # of non-zeros is 4007383
Converting COO to CSR...done
Vector file name: cant/b.mtx ... file loaded
Executing GPU CSR SpMV ... 
  Pinned Device to Host bandwidth (GB/s): 1.954068
  Pinned Device to Host bandwidth (GB/s): 4.126320
  Pinned Device to Host bandwidth (GB/s): 11.106445
  Pinned Device to Host bandwidth (GB/s): 7.329930
  Exec time (per itr): 0.00019119 s
  Pinned Host to Device bandwidth (GB/s): 2.359847
Executing GPU ELL SpMV ... 
  Pinned Device to Host bandwidth (GB/s): 14.266905
  Pinned Device to Host bandwidth (GB/s): 11.716097
  Pinned Device to Host bandwidth (GB/s): 7.361032
  Exec time (per itr): 0.00014878 s
  Pinned Host to Device bandwidth (GB/s): 2.295318
Calculating CPU CSR SpMV ... done
2-Norm between CPU and GPU answers: 1.768525e-10
Result file name: ./test.mtx ... file saved
Module		Time
Load		0.586505
Convert		0.026217
CPU SpMV	0.022260
GPU Alloc	0.240812
GPU SpMV	0.019133
GPU ELL SpMV	0.014895
Store		1.510154
