-----------------------------------------------------
Matrix name:     cant/cant.mtx
Matrix size:     62451 x 62451 => 2034917
-----------------------------------------------------
Is matrix:       1
Is sparse:       1
-----------------------------------------------------
Is complex:      0
Is real:         1
Is integer:      0
Is pattern only: 0
-----------------------------------------------------
Is general:      0
Is symmetric:    1
Is skewed:       0
Is hermitian:    0
-----------------------------------------------------
Matrix file name: cant/cant.mtx ... file loaded.
Expanding symmetric matrix ... done
  Total # of non-zeros is 4007383
Converting COO to CSR...done
Vector file name: cant/b.mtx ... file loaded
Executing GPU CSR SpMV ... 
  Pinned Device to Host bandwidth (GB/s): 2.127691
  Pinned Device to Host bandwidth (GB/s): 4.816149
  Pinned Device to Host bandwidth (GB/s): 18.597126
  Pinned Device to Host bandwidth (GB/s): 7.986061
  Exec time (per itr): 0.00077522 s
  Pinned Host to Device bandwidth (GB/s): 1.681140
Executing GPU ELL SpMV ... 
  Pinned Device to Host bandwidth (GB/s): 17.154935
  Pinned Device to Host bandwidth (GB/s): 7.222595
  Pinned Device to Host bandwidth (GB/s): 8.466784
  Exec time (per itr): 0.00045122 s
  Pinned Host to Device bandwidth (GB/s): 2.302426
Calculating CPU CSR SpMV ... done
2-Norm between CPU and GPU answers: 1.768525e-10
Result file name: ./test.mtx ... file saved
Module		Time
Load		0.561461
Convert		0.027729
CPU SpMV	0.019782
GPU Alloc	0.236208
GPU SpMV	0.077533
GPU ELL SpMV	0.045138
Store		0.020759
