-----------------------------------------------------
Matrix name:     cant/cant.mtx
Matrix size:     62451 x 62451 => 2034917
-----------------------------------------------------
Is matrix:       1
Is sparse:       1
-----------------------------------------------------
Is complex:      0
Is real:         1
Is integer:      0
Is pattern only: 0
-----------------------------------------------------
Is general:      0
Is symmetric:    1
Is skewed:       0
Is hermitian:    0
-----------------------------------------------------
Matrix file name: cant/cant.mtx ... file loaded.
Expanding symmetric matrix ... done
  Total # of non-zeros is 4007383
Converting COO to CSR...done
Vector file name: cant/b.mtx ... file loaded
Executing GPU CSR SpMV ... 
  Pinned Device to Host bandwidth (GB/s): 2.172697
  Pinned Device to Host bandwidth (GB/s): 4.791549
  Pinned Device to Host bandwidth (GB/s): 6.439839
  Pinned Device to Host bandwidth (GB/s): 8.097899
  Exec time (per itr): 0.00077525 s
  Pinned Host to Device bandwidth (GB/s): 2.203013
Executing GPU ELL SpMV ... 
  Pinned Device to Host bandwidth (GB/s): 7.818604
  Pinned Device to Host bandwidth (GB/s): 13.531501
  Pinned Device to Host bandwidth (GB/s): 7.361032
  Exec time (per itr): 0.00045254 s
  Pinned Host to Device bandwidth (GB/s): 1.364870
Calculating CPU CSR SpMV ... done
2-Norm between CPU and GPU answers: 1.768525e-10
Result file name: ./test.mtx ... file saved
Module		Time
Load		0.572213
Convert		0.030312
CPU SpMV	0.022035
GPU Alloc	0.243700
GPU SpMV	0.077536
GPU ELL SpMV	0.045269
Store		0.027261
