-----------------------------------------------------
Matrix name:     cant/cant.mtx
Matrix size:     62451 x 62451 => 2034917
-----------------------------------------------------
Is matrix:       1
Is sparse:       1
-----------------------------------------------------
Is complex:      0
Is real:         1
Is integer:      0
Is pattern only: 0
-----------------------------------------------------
Is general:      0
Is symmetric:    1
Is skewed:       0
Is hermitian:    0
-----------------------------------------------------
Matrix file name: cant/cant.mtx ... file loaded.
Expanding symmetric matrix ... done
  Total # of non-zeros is 4007383
Converting COO to CSR...done
Vector file name: cant/b.mtx ... file loaded
Executing GPU CSR SpMV ... 
  Pinned Device to Host bandwidth (GB/s): 1.952601
  Pinned Device to Host bandwidth (GB/s): 4.250620
  Pinned Device to Host bandwidth (GB/s): 10.995760
  Pinned Device to Host bandwidth (GB/s): 7.305920
  Exec time (per itr): 0.00019140 s
  Pinned Host to Device bandwidth (GB/s): 2.276575
Executing GPU ELL SpMV ... 
  Pinned Device to Host bandwidth (GB/s): 12.785513
  Pinned Device to Host bandwidth (GB/s): 11.665592
  Pinned Device to Host bandwidth (GB/s): 7.385407
  Exec time (per itr): 0.00014893 s
  Pinned Host to Device bandwidth (GB/s): 2.382171
Calculating CPU CSR SpMV ... done
2-Norm between CPU and GPU answers: 1.768525e-10
Result file name: ./test.mtx ... file saved
Module		Time
Load		0.605690
Convert		0.027532
CPU SpMV	0.022421
GPU Alloc	0.249727
GPU SpMV	0.019154
GPU ELL SpMV	0.014911
Store		0.457645
