-----------------------------------------------------
Matrix name:     cant/cant.mtx
Matrix size:     62451 x 62451 => 2034917
-----------------------------------------------------
Is matrix:       1
Is sparse:       1
-----------------------------------------------------
Is complex:      0
Is real:         1
Is integer:      0
Is pattern only: 0
-----------------------------------------------------
Is general:      0
Is symmetric:    1
Is skewed:       0
Is hermitian:    0
-----------------------------------------------------
Matrix file name: cant/cant.mtx ... file loaded.
Expanding symmetric matrix ... done
  Total # of non-zeros is 4007383
Converting COO to CSR...done
Vector file name: cant/b.mtx ... file loaded
Executing GPU CSR SpMV ... 
  Pinned Device to Host bandwidth (GB/s): 1.760997
  Pinned Device to Host bandwidth (GB/s): 4.247881
  Pinned Device to Host bandwidth (GB/s): 11.082855
  Pinned Device to Host bandwidth (GB/s): 7.729084
  Exec time (per itr): 0.00077943 s
  Pinned Host to Device bandwidth (GB/s): 2.185741
Executing GPU ELL SpMV ... 
  Pinned Device to Host bandwidth (GB/s): 15.562074
  Pinned Device to Host bandwidth (GB/s): 6.600655
  Pinned Device to Host bandwidth (GB/s): 12.849999
  Exec time (per itr): 0.00044947 s
  Pinned Host to Device bandwidth (GB/s): 2.600391
Calculating CPU CSR SpMV ... done
2-Norm between CPU and GPU answers: 1.768525e-10
Result file name: ./test.mtx ... file saved
Module		Time
Load		0.585780
Convert		0.028804
CPU SpMV	0.020673
GPU Alloc	0.264827
GPU SpMV	0.077953
GPU ELL SpMV	0.044961
Store		0.122910
