-----------------------------------------------------
Matrix name:     cant/cant.mtx
Matrix size:     62451 x 62451 => 2034917
-----------------------------------------------------
Is matrix:       1
Is sparse:       1
-----------------------------------------------------
Is complex:      0
Is real:         1
Is integer:      0
Is pattern only: 0
-----------------------------------------------------
Is general:      0
Is symmetric:    1
Is skewed:       0
Is hermitian:    0
-----------------------------------------------------
Matrix file name: cant/cant.mtx ... file loaded.
Expanding symmetric matrix ... done
  Total # of non-zeros is 4007383
Converting COO to CSR...done
Vector file name: cant/b.mtx ... file loaded
Executing GPU CSR SpMV ... 
  Pinned Device to Host bandwidth (GB/s): 2.063029
  Pinned Device to Host bandwidth (GB/s): 4.795310
  Pinned Device to Host bandwidth (GB/s): 6.710331
  Pinned Device to Host bandwidth (GB/s): 8.064437
  Exec time (per itr): 0.00077665 s
  Pinned Host to Device bandwidth (GB/s): 2.159440
Executing GPU ELL SpMV ... 
  Pinned Device to Host bandwidth (GB/s): 16.655651
  Pinned Device to Host bandwidth (GB/s): 19.048575
  Pinned Device to Host bandwidth (GB/s): 8.389441
  Exec time (per itr): 0.00045326 s
  Pinned Host to Device bandwidth (GB/s): 1.313431
Calculating CPU CSR SpMV ... done
2-Norm between CPU and GPU answers: 1.768525e-10
Result file name: ./test.mtx ... file saved
Module		Time
Load		0.577455
Convert		0.026789
CPU SpMV	0.023173
GPU Alloc	0.239746
GPU SpMV	0.077676
GPU ELL SpMV	0.045343
Store		0.024580
