-----------------------------------------------------
Matrix name:     cant/cant.mtx
Matrix size:     62451 x 62451 => 2034917
-----------------------------------------------------
Is matrix:       1
Is sparse:       1
-----------------------------------------------------
Is complex:      0
Is real:         1
Is integer:      0
Is pattern only: 0
-----------------------------------------------------
Is general:      0
Is symmetric:    1
Is skewed:       0
Is hermitian:    0
-----------------------------------------------------
Matrix file name: cant/cant.mtx ... file loaded.
Expanding symmetric matrix ... done
  Total # of non-zeros is 4007383
Converting COO to CSR...done
Vector file name: cant/b.mtx ... file loaded
Executing GPU CSR SpMV ... 
  Pinned Device to Host bandwidth (GB/s): 2.021362
  Pinned Device to Host bandwidth (GB/s): 4.096155
  Pinned Device to Host bandwidth (GB/s): 11.122598
  Pinned Device to Host bandwidth (GB/s): 7.413462
  Exec time (per itr): 0.00019129 s
  Pinned Host to Device bandwidth (GB/s): 2.281899
Executing GPU ELL SpMV ... 
  Pinned Device to Host bandwidth (GB/s): 15.283182
  Pinned Device to Host bandwidth (GB/s): 11.730429
  Pinned Device to Host bandwidth (GB/s): 7.385407
  Exec time (per itr): 0.00014903 s
  Pinned Host to Device bandwidth (GB/s): 2.361275
Calculating CPU CSR SpMV ... done
2-Norm between CPU and GPU answers: 1.768525e-10
Result file name: ./test.mtx ... file saved
Module		Time
Load		0.575189
Convert		0.028493
CPU SpMV	0.023011
GPU Alloc	0.241537
GPU SpMV	0.019144
GPU ELL SpMV	0.014920
Store		0.549698
