-----------------------------------------------------
Matrix name:     cant/cant.mtx
Matrix size:     62451 x 62451 => 2034917
-----------------------------------------------------
Is matrix:       1
Is sparse:       1
-----------------------------------------------------
Is complex:      0
Is real:         1
Is integer:      0
Is pattern only: 0
-----------------------------------------------------
Is general:      0
Is symmetric:    1
Is skewed:       0
Is hermitian:    0
-----------------------------------------------------
Matrix file name: cant/cant.mtx ... file loaded.
Expanding symmetric matrix ... done
  Total # of non-zeros is 4007383
Converting COO to CSR...done
Vector file name: cant/b.mtx ... file loaded
Executing GPU CSR SpMV ... 
  Pinned Device to Host bandwidth (GB/s): 1.938059
  Pinned Device to Host bandwidth (GB/s): 4.040026
  Pinned Device to Host bandwidth (GB/s): 11.085675
  Pinned Device to Host bandwidth (GB/s): 7.406428
  Exec time (per itr): 0.00077842 s
  Pinned Host to Device bandwidth (GB/s): 2.229119
Executing GPU ELL SpMV ... 
  Pinned Device to Host bandwidth (GB/s): 14.458653
  Pinned Device to Host bandwidth (GB/s): 5.835871
  Pinned Device to Host bandwidth (GB/s): 7.354098
  Exec time (per itr): 0.00044963 s
  Pinned Host to Device bandwidth (GB/s): 2.606904
Calculating CPU CSR SpMV ... done
2-Norm between CPU and GPU answers: 1.768525e-10
Result file name: ./test.mtx ... file saved
Module		Time
Load		0.613855
Convert		0.027742
CPU SpMV	0.020710
GPU Alloc	0.269708
GPU SpMV	0.077851
GPU ELL SpMV	0.044977
Store		0.034866
