-----------------------------------------------------
Matrix name:     cant/cant.mtx
Matrix size:     62451 x 62451 => 2034917
-----------------------------------------------------
Is matrix:       1
Is sparse:       1
-----------------------------------------------------
Is complex:      0
Is real:         1
Is integer:      0
Is pattern only: 0
-----------------------------------------------------
Is general:      0
Is symmetric:    1
Is skewed:       0
Is hermitian:    0
-----------------------------------------------------
Matrix file name: cant/cant.mtx ... file loaded.
Expanding symmetric matrix ... done
  Total # of non-zeros is 4007383
Converting COO to CSR...done
Vector file name: cant/b.mtx ... file loaded
Executing GPU CSR SpMV ... 
  Pinned Device to Host bandwidth (GB/s): 2.075645
  Pinned Device to Host bandwidth (GB/s): 4.811801
  Pinned Device to Host bandwidth (GB/s): 6.349315
  Pinned Device to Host bandwidth (GB/s): 7.897193
  Exec time (per itr): 0.00077697 s
  Pinned Host to Device bandwidth (GB/s): 2.168136
Executing GPU ELL SpMV ... 
  Pinned Device to Host bandwidth (GB/s): 16.758332
  Pinned Device to Host bandwidth (GB/s): 19.083501
  Pinned Device to Host bandwidth (GB/s): 8.751542
  Exec time (per itr): 0.00045412 s
  Pinned Host to Device bandwidth (GB/s): 1.258687
Calculating CPU CSR SpMV ... done
2-Norm between CPU and GPU answers: 1.768525e-10
Result file name: ./test.mtx ... file saved
Module		Time
Load		0.582485
Convert		0.029539
CPU SpMV	0.024172
GPU Alloc	0.240717
GPU SpMV	0.077710
GPU ELL SpMV	0.045430
Store		0.024912
