-----------------------------------------------------
Matrix name:     cant/cant.mtx
Matrix size:     62451 x 62451 => 2034917
-----------------------------------------------------
Is matrix:       1
Is sparse:       1
-----------------------------------------------------
Is complex:      0
Is real:         1
Is integer:      0
Is pattern only: 0
-----------------------------------------------------
Is general:      0
Is symmetric:    1
Is skewed:       0
Is hermitian:    0
-----------------------------------------------------
Matrix file name: cant/cant.mtx ... file loaded.
Expanding symmetric matrix ... done
  Total # of non-zeros is 4007383
Converting COO to CSR...done
Vector file name: cant/b.mtx ... file loaded
Executing GPU CSR SpMV ... 
  Pinned Device to Host bandwidth (GB/s): 2.163664
  Pinned Device to Host bandwidth (GB/s): 4.278284
  Pinned Device to Host bandwidth (GB/s): 6.774492
  Pinned Device to Host bandwidth (GB/s): 8.093701
  Exec time (per itr): 0.00067493 s
  Pinned Host to Device bandwidth (GB/s): 2.264358
Executing GPU ELL SpMV ... 
  Pinned Device to Host bandwidth (GB/s): 16.714630
  Pinned Device to Host bandwidth (GB/s): 19.283851
  Pinned Device to Host bandwidth (GB/s): 8.238918
  Exec time (per itr): 0.00081299 s
  Pinned Host to Device bandwidth (GB/s): 1.322106
Calculating CPU CSR SpMV ... done
2-Norm between CPU and GPU answers: 1.195589e-10
Result file name: ./test.mtx ... file saved
Module		Time
Load		0.562783
Convert		0.027649
CPU SpMV	0.022217
GPU Alloc	0.235768
GPU SpMV	0.067505
GPU ELL SpMV	0.081319
Store		1.726303
