-----------------------------------------------------
Matrix name:     cant/cant.mtx
Matrix size:     62451 x 62451 => 2034917
-----------------------------------------------------
Is matrix:       1
Is sparse:       1
-----------------------------------------------------
Is complex:      0
Is real:         1
Is integer:      0
Is pattern only: 0
-----------------------------------------------------
Is general:      0
Is symmetric:    1
Is skewed:       0
Is hermitian:    0
-----------------------------------------------------
Matrix file name: cant/cant.mtx ... file loaded.
Expanding symmetric matrix ... done
  Total # of non-zeros is 4007383
Converting COO to CSR...done
Vector file name: cant/b.mtx ... file loaded
Executing GPU CSR SpMV ... 
  Pinned Device to Host bandwidth (GB/s): 1.998592
  Pinned Device to Host bandwidth (GB/s): 4.056713
  Pinned Device to Host bandwidth (GB/s): 4.966812
  Pinned Device to Host bandwidth (GB/s): 7.615976
  Exec time (per itr): 0.00067257 s
  Pinned Host to Device bandwidth (GB/s): 2.266989
Executing GPU ELL SpMV ... 
  Pinned Device to Host bandwidth (GB/s): 15.924711
  Pinned Device to Host bandwidth (GB/s): 11.750009
  Pinned Device to Host bandwidth (GB/s): 7.586370
  Exec time (per itr): 0.00080784 s
  Pinned Host to Device bandwidth (GB/s): 1.375209
Calculating CPU CSR SpMV ... done
2-Norm between CPU and GPU answers: 1.195589e-10
Result file name: ./test.mtx ... file saved
Module		Time
Load		0.560922
Convert		0.027592
CPU SpMV	0.026556
GPU Alloc	0.201225
GPU SpMV	0.067267
GPU ELL SpMV	0.080799
Store		0.028046
