-----------------------------------------------------
Matrix name:     cant/cant.mtx
Matrix size:     62451 x 62451 => 2034917
-----------------------------------------------------
Is matrix:       1
Is sparse:       1
-----------------------------------------------------
Is complex:      0
Is real:         1
Is integer:      0
Is pattern only: 0
-----------------------------------------------------
Is general:      0
Is symmetric:    1
Is skewed:       0
Is hermitian:    0
-----------------------------------------------------
Matrix file name: cant/cant.mtx ... file loaded.
Expanding symmetric matrix ... done
  Total # of non-zeros is 4007383
Converting COO to CSR...done
Vector file name: cant/b.mtx ... file loaded
Executing GPU CSR SpMV ... 
  Pinned Device to Host bandwidth (GB/s): 1.930868
  Pinned Device to Host bandwidth (GB/s): 4.060429
  Pinned Device to Host bandwidth (GB/s): 5.229113
  Pinned Device to Host bandwidth (GB/s): 1.937787
  Exec time (per itr): 0.00067282 s
  Pinned Host to Device bandwidth (GB/s): 2.598228
Executing GPU ELL SpMV ... 
  Pinned Device to Host bandwidth (GB/s): 21.011672
  Pinned Device to Host bandwidth (GB/s): 20.803486
  Pinned Device to Host bandwidth (GB/s): 12.019053
  Exec time (per itr): 0.00080738 s
  Pinned Host to Device bandwidth (GB/s): 1.329424
Calculating CPU CSR SpMV ... done
2-Norm between CPU and GPU answers: 1.195589e-10
Result file name: ./test.mtx ... file saved
Module		Time
Load		0.563738
Convert		0.030470
CPU SpMV	0.022992
GPU Alloc	0.197178
GPU SpMV	0.067291
GPU ELL SpMV	0.080751
Store		0.028114
