-----------------------------------------------------
Matrix name:     cant/cant.mtx
Matrix size:     62451 x 62451 => 2034917
-----------------------------------------------------
Is matrix:       1
Is sparse:       1
-----------------------------------------------------
Is complex:      0
Is real:         1
Is integer:      0
Is pattern only: 0
-----------------------------------------------------
Is general:      0
Is symmetric:    1
Is skewed:       0
Is hermitian:    0
-----------------------------------------------------
Matrix file name: cant/cant.mtx ... file loaded.
Expanding symmetric matrix ... done
  Total # of non-zeros is 4007383
Converting COO to CSR...done
Vector file name: cant/b.mtx ... file loaded
Executing GPU CSR SpMV ... 
  Pinned Device to Host bandwidth (GB/s): 1.881991
  Pinned Device to Host bandwidth (GB/s): 4.063096
  Pinned Device to Host bandwidth (GB/s): 11.094637
  Pinned Device to Host bandwidth (GB/s): 7.590058
  Exec time (per itr): 0.00067220 s
  Pinned Host to Device bandwidth (GB/s): 2.040882
Executing GPU ELL SpMV ... 
  Pinned Device to Host bandwidth (GB/s): 14.441164
  Pinned Device to Host bandwidth (GB/s): 8.855850
  Pinned Device to Host bandwidth (GB/s): 7.445279
  Exec time (per itr): 0.00080656 s
  Pinned Host to Device bandwidth (GB/s): 2.254874
Calculating CPU CSR SpMV ... done
2-Norm between CPU and GPU answers: 1.195589e-10
Result file name: ./test.mtx ... file saved
Module		Time
Load		0.579576
Convert		0.027672
CPU SpMV	0.021670
GPU Alloc	0.252415
GPU SpMV	0.067231
GPU ELL SpMV	0.080668
Store		0.029209
