-----------------------------------------------------
Matrix name:     cant/cant.mtx
Matrix size:     62451 x 62451 => 2034917
-----------------------------------------------------
Is matrix:       1
Is sparse:       1
-----------------------------------------------------
Is complex:      0
Is real:         1
Is integer:      0
Is pattern only: 0
-----------------------------------------------------
Is general:      0
Is symmetric:    1
Is skewed:       0
Is hermitian:    0
-----------------------------------------------------
Matrix file name: cant/cant.mtx ... file loaded.
Expanding symmetric matrix ... done
  Total # of non-zeros is 4007383
Converting COO to CSR...done
Vector file name: cant/b.mtx ... file loaded
Executing GPU CSR SpMV ... 
  Pinned Device to Host bandwidth (GB/s): 2.158877
  Pinned Device to Host bandwidth (GB/s): 4.208729
  Pinned Device to Host bandwidth (GB/s): 19.002423
  Pinned Device to Host bandwidth (GB/s): 8.587871
  Exec time (per itr): 0.00067326 s
  Pinned Host to Device bandwidth (GB/s): 2.227529
Executing GPU ELL SpMV ... 
  Pinned Device to Host bandwidth (GB/s): 17.145757
  Pinned Device to Host bandwidth (GB/s): 19.705413
  Pinned Device to Host bandwidth (GB/s): 8.550246
  Exec time (per itr): 0.00080966 s
  Pinned Host to Device bandwidth (GB/s): 1.317643
Calculating CPU CSR SpMV ... done
2-Norm between CPU and GPU answers: 1.195589e-10
Result file name: ./test.mtx ... file saved
Module		Time
Load		0.563280
Convert		0.026707
CPU SpMV	0.021878
GPU Alloc	0.232522
GPU SpMV	0.067336
GPU ELL SpMV	0.080979
Store		0.456528
