-----------------------------------------------------
Matrix name:     cant/cant.mtx
Matrix size:     62451 x 62451 => 2034917
-----------------------------------------------------
Is matrix:       1
Is sparse:       1
-----------------------------------------------------
Is complex:      0
Is real:         1
Is integer:      0
Is pattern only: 0
-----------------------------------------------------
Is general:      0
Is symmetric:    1
Is skewed:       0
Is hermitian:    0
-----------------------------------------------------
Matrix file name: cant/cant.mtx ... file loaded.
Expanding symmetric matrix ... done
  Total # of non-zeros is 4007383
Converting COO to CSR...done
Vector file name: cant/b.mtx ... file loaded
Executing GPU CSR SpMV ... 
  Pinned Device to Host bandwidth (GB/s): 1.787202
  Pinned Device to Host bandwidth (GB/s): 4.035047
  Pinned Device to Host bandwidth (GB/s): 4.755386
  Pinned Device to Host bandwidth (GB/s): 7.604846
  Exec time (per itr): 0.00067290 s
  Pinned Host to Device bandwidth (GB/s): 2.310946
Executing GPU ELL SpMV ... 
  Pinned Device to Host bandwidth (GB/s): 14.425768
  Pinned Device to Host bandwidth (GB/s): 11.703711
  Pinned Device to Host bandwidth (GB/s): 7.790794
  Exec time (per itr): 0.00080781 s
  Pinned Host to Device bandwidth (GB/s): 1.308039
Calculating CPU CSR SpMV ... done
2-Norm between CPU and GPU answers: 1.195589e-10
Result file name: ./test.mtx ... file saved
Module		Time
Load		0.591062
Convert		0.026597
CPU SpMV	0.024931
GPU Alloc	0.267505
GPU SpMV	0.067299
GPU ELL SpMV	0.080795
Store		0.033699
