-----------------------------------------------------
Matrix name:     cant/cant.mtx
Matrix size:     62451 x 62451 => 2034917
-----------------------------------------------------
Is matrix:       1
Is sparse:       1
-----------------------------------------------------
Is complex:      0
Is real:         1
Is integer:      0
Is pattern only: 0
-----------------------------------------------------
Is general:      0
Is symmetric:    1
Is skewed:       0
Is hermitian:    0
-----------------------------------------------------
Matrix file name: cant/cant.mtx ... file loaded.
Expanding symmetric matrix ... done
  Total # of non-zeros is 4007383
Converting COO to CSR...done
Vector file name: cant/b.mtx ... file loaded
Executing GPU CSR SpMV ... 
  Pinned Device to Host bandwidth (GB/s): 1.877917
  Pinned Device to Host bandwidth (GB/s): 4.046521
  Pinned Device to Host bandwidth (GB/s): 4.963416
  Pinned Device to Host bandwidth (GB/s): 7.448831
  Exec time (per itr): 0.00067319 s
  Pinned Host to Device bandwidth (GB/s): 2.230393
Executing GPU ELL SpMV ... 
  Pinned Device to Host bandwidth (GB/s): 15.203806
  Pinned Device to Host bandwidth (GB/s): 11.760335
  Pinned Device to Host bandwidth (GB/s): 7.516972
  Exec time (per itr): 0.00080921 s
  Pinned Host to Device bandwidth (GB/s): 1.312216
Calculating CPU CSR SpMV ... done
2-Norm between CPU and GPU answers: 1.195589e-10
Result file name: ./test.mtx ... file saved
Module		Time
Load		0.579591
Convert		0.029315
CPU SpMV	0.025706
GPU Alloc	0.209910
GPU SpMV	0.067330
GPU ELL SpMV	0.080933
Store		0.032366
