-----------------------------------------------------
Matrix name:     cant/cant.mtx
Matrix size:     62451 x 62451 => 2034917
-----------------------------------------------------
Is matrix:       1
Is sparse:       1
-----------------------------------------------------
Is complex:      0
Is real:         1
Is integer:      0
Is pattern only: 0
-----------------------------------------------------
Is general:      0
Is symmetric:    1
Is skewed:       0
Is hermitian:    0
-----------------------------------------------------
Matrix file name: cant/cant.mtx ... file loaded.
Expanding symmetric matrix ... done
  Total # of non-zeros is 4007383
Converting COO to CSR...done
Vector file name: cant/b.mtx ... file loaded
Executing GPU CSR SpMV ... 
  Pinned Device to Host bandwidth (GB/s): 2.045193
  Pinned Device to Host bandwidth (GB/s): 4.056220
  Pinned Device to Host bandwidth (GB/s): 5.109633
  Pinned Device to Host bandwidth (GB/s): 7.542392
  Exec time (per itr): 0.00067482 s
  Pinned Host to Device bandwidth (GB/s): 2.530430
Executing GPU ELL SpMV ... 
  Pinned Device to Host bandwidth (GB/s): 20.621711
  Pinned Device to Host bandwidth (GB/s): 20.853717
  Pinned Device to Host bandwidth (GB/s): 12.178432
  Exec time (per itr): 0.00080850 s
  Pinned Host to Device bandwidth (GB/s): 2.689535
Calculating CPU CSR SpMV ... done
2-Norm between CPU and GPU answers: 1.195589e-10
Result file name: ./test.mtx ... file saved
Module		Time
Load		0.584343
Convert		0.032774
CPU SpMV	0.020211
GPU Alloc	0.202095
GPU SpMV	0.067493
GPU ELL SpMV	0.080863
Store		0.034031
