-----------------------------------------------------
Matrix name:     cant/cant.mtx
Matrix size:     62451 x 62451 => 2034917
-----------------------------------------------------
Is matrix:       1
Is sparse:       1
-----------------------------------------------------
Is complex:      0
Is real:         1
Is integer:      0
Is pattern only: 0
-----------------------------------------------------
Is general:      0
Is symmetric:    1
Is skewed:       0
Is hermitian:    0
-----------------------------------------------------
Matrix file name: cant/cant.mtx ... file loaded.
Expanding symmetric matrix ... done
  Total # of non-zeros is 4007383
Converting COO to CSR...done
Vector file name: cant/b.mtx ... file loaded
Executing GPU CSR SpMV ... 
  Pinned Device to Host bandwidth (GB/s): 2.050026
  Pinned Device to Host bandwidth (GB/s): 4.506607
  Pinned Device to Host bandwidth (GB/s): 6.523537
  Pinned Device to Host bandwidth (GB/s): 8.097899
  Exec time (per itr): 0.00067447 s
  Pinned Host to Device bandwidth (GB/s): 2.242889
Executing GPU ELL SpMV ... 
  Pinned Device to Host bandwidth (GB/s): 16.817113
  Pinned Device to Host bandwidth (GB/s): 19.361418
  Pinned Device to Host bandwidth (GB/s): 8.165664
  Exec time (per itr): 0.00080980 s
  Pinned Host to Device bandwidth (GB/s): 1.132261
Calculating CPU CSR SpMV ... done
2-Norm between CPU and GPU answers: 1.195589e-10
Result file name: ./test.mtx ... file saved
Module		Time
Load		0.569711
Convert		0.026302
CPU SpMV	0.022460
GPU Alloc	0.247144
GPU SpMV	0.067458
GPU ELL SpMV	0.080995
Store		0.526818
