-----------------------------------------------------
Matrix name:     cant/cant.mtx
Matrix size:     62451 x 62451 => 2034917
-----------------------------------------------------
Is matrix:       1
Is sparse:       1
-----------------------------------------------------
Is complex:      0
Is real:         1
Is integer:      0
Is pattern only: 0
-----------------------------------------------------
Is general:      0
Is symmetric:    1
Is skewed:       0
Is hermitian:    0
-----------------------------------------------------
Matrix file name: cant/cant.mtx ... file loaded.
Expanding symmetric matrix ... done
  Total # of non-zeros is 4007383
Converting COO to CSR...done
Vector file name: cant/b.mtx ... file loaded
Executing GPU CSR SpMV ... 
  Pinned Device to Host bandwidth (GB/s): 1.942399
  Pinned Device to Host bandwidth (GB/s): 4.053233
  Pinned Device to Host bandwidth (GB/s): 4.850872
  Pinned Device to Host bandwidth (GB/s): 7.687223
  Exec time (per itr): 0.00067171 s
  Pinned Host to Device bandwidth (GB/s): 2.266330
Executing GPU ELL SpMV ... 
  Pinned Device to Host bandwidth (GB/s): 14.427819
  Pinned Device to Host bandwidth (GB/s): 11.702248
  Pinned Device to Host bandwidth (GB/s): 7.406428
  Exec time (per itr): 0.00080778 s
  Pinned Host to Device bandwidth (GB/s): 1.249020
Calculating CPU CSR SpMV ... done
2-Norm between CPU and GPU answers: 1.195589e-10
Result file name: ./test.mtx ... file saved
Module		Time
Load		0.595471
Convert		0.027074
CPU SpMV	0.024525
GPU Alloc	0.265273
GPU SpMV	0.067181
GPU ELL SpMV	0.080792
Store		0.029857
