-----------------------------------------------------
Matrix name:     cant/cant.mtx
Matrix size:     62451 x 62451 => 2034917
-----------------------------------------------------
Is matrix:       1
Is sparse:       1
-----------------------------------------------------
Is complex:      0
Is real:         1
Is integer:      0
Is pattern only: 0
-----------------------------------------------------
Is general:      0
Is symmetric:    1
Is skewed:       0
Is hermitian:    0
-----------------------------------------------------
Matrix file name: cant/cant.mtx ... file loaded.
Expanding symmetric matrix ... done
  Total # of non-zeros is 4007383
Converting COO to CSR...done
Vector file name: cant/b.mtx ... file loaded
Executing GPU CSR SpMV ... 
  Pinned Device to Host bandwidth (GB/s): 1.978333
  Pinned Device to Host bandwidth (GB/s): 4.053561
  Pinned Device to Host bandwidth (GB/s): 5.063893
  Pinned Device to Host bandwidth (GB/s): 7.347176
  Exec time (per itr): 0.00067299 s
  Pinned Host to Device bandwidth (GB/s): 2.234863
Executing GPU ELL SpMV ... 
  Pinned Device to Host bandwidth (GB/s): 14.538399
  Pinned Device to Host bandwidth (GB/s): 11.748536
  Pinned Device to Host bandwidth (GB/s): 7.309340
  Exec time (per itr): 0.00080698 s
  Pinned Host to Device bandwidth (GB/s): 1.339690
Calculating CPU CSR SpMV ... done
2-Norm between CPU and GPU answers: 1.195589e-10
Result file name: ./test.mtx ... file saved
Module		Time
Load		0.573787
Convert		0.030419
CPU SpMV	0.025136
GPU Alloc	0.203015
GPU SpMV	0.067314
GPU ELL SpMV	0.080714
Store		0.092618
