-----------------------------------------------------
Matrix name:     cant/cant.mtx
Matrix size:     62451 x 62451 => 2034917
-----------------------------------------------------
Is matrix:       1
Is sparse:       1
-----------------------------------------------------
Is complex:      0
Is real:         1
Is integer:      0
Is pattern only: 0
-----------------------------------------------------
Is general:      0
Is symmetric:    1
Is skewed:       0
Is hermitian:    0
-----------------------------------------------------
Matrix file name: cant/cant.mtx ... file loaded.
Expanding symmetric matrix ... done
  Total # of non-zeros is 4007383
Converting COO to CSR...done
Vector file name: cant/b.mtx ... file loaded
Executing GPU CSR SpMV ... 
  Pinned Device to Host bandwidth (GB/s): 2.026084
  Pinned Device to Host bandwidth (GB/s): 4.258643
  Pinned Device to Host bandwidth (GB/s): 5.164819
  Pinned Device to Host bandwidth (GB/s): 7.470215
  Exec time (per itr): 0.00067249 s
  Pinned Host to Device bandwidth (GB/s): 2.236784
Executing GPU ELL SpMV ... 
  Pinned Device to Host bandwidth (GB/s): 14.632732
  Pinned Device to Host bandwidth (GB/s): 11.766130
  Pinned Device to Host bandwidth (GB/s): 7.265123
  Exec time (per itr): 0.00080691 s
  Pinned Host to Device bandwidth (GB/s): 1.333056
Calculating CPU CSR SpMV ... done
2-Norm between CPU and GPU answers: 1.195589e-10
Result file name: ./test.mtx ... file saved
Module		Time
Load		0.569330
Convert		0.027256
CPU SpMV	0.025615
GPU Alloc	0.206210
GPU SpMV	0.067263
GPU ELL SpMV	0.080710
Store		0.027724
