-----------------------------------------------------
Matrix name:     cant/cant.mtx
Matrix size:     62451 x 62451 => 2034917
-----------------------------------------------------
Is matrix:       1
Is sparse:       1
-----------------------------------------------------
Is complex:      0
Is real:         1
Is integer:      0
Is pattern only: 0
-----------------------------------------------------
Is general:      0
Is symmetric:    1
Is skewed:       0
Is hermitian:    0
-----------------------------------------------------
Matrix file name: cant/cant.mtx ... file loaded.
Expanding symmetric matrix ... done
  Total # of non-zeros is 4007383
Converting COO to CSR...done
Vector file name: cant/b.mtx ... file loaded
Executing GPU CSR SpMV ... 
  Pinned Device to Host bandwidth (GB/s): 1.923257
  Pinned Device to Host bandwidth (GB/s): 4.243707
  Pinned Device to Host bandwidth (GB/s): 4.977522
  Pinned Device to Host bandwidth (GB/s): 7.509740
  Exec time (per itr): 0.00067224 s
  Pinned Host to Device bandwidth (GB/s): 2.276907
Executing GPU ELL SpMV ... 
  Pinned Device to Host bandwidth (GB/s): 15.867029
  Pinned Device to Host bandwidth (GB/s): 11.720720
  Pinned Device to Host bandwidth (GB/s): 7.564317
  Exec time (per itr): 0.00080878 s
  Pinned Host to Device bandwidth (GB/s): 1.273159
Calculating CPU CSR SpMV ... done
2-Norm between CPU and GPU answers: 1.195589e-10
Result file name: ./test.mtx ... file saved
Module		Time
Load		0.604275
Convert		0.026603
CPU SpMV	0.025988
GPU Alloc	0.263275
GPU SpMV	0.067237
GPU ELL SpMV	0.080891
Store		0.034095
