-----------------------------------------------------
Matrix name:     cant/cant.mtx
Matrix size:     62451 x 62451 => 2034917
-----------------------------------------------------
Is matrix:       1
Is sparse:       1
-----------------------------------------------------
Is complex:      0
Is real:         1
Is integer:      0
Is pattern only: 0
-----------------------------------------------------
Is general:      0
Is symmetric:    1
Is skewed:       0
Is hermitian:    0
-----------------------------------------------------
Matrix file name: cant/cant.mtx ... file loaded.
Expanding symmetric matrix ... done
  Total # of non-zeros is 4007383
Converting COO to CSR...done
Vector file name: cant/b.mtx ... file loaded
Executing GPU CSR SpMV ... 
  Pinned Device to Host bandwidth (GB/s): 1.933259
  Pinned Device to Host bandwidth (GB/s): 4.246945
  Pinned Device to Host bandwidth (GB/s): 4.965360
  Pinned Device to Host bandwidth (GB/s): 7.619693
  Exec time (per itr): 0.00067226 s
  Pinned Host to Device bandwidth (GB/s): 2.184824
Executing GPU ELL SpMV ... 
  Pinned Device to Host bandwidth (GB/s): 14.410746
  Pinned Device to Host bandwidth (GB/s): 11.694832
  Pinned Device to Host bandwidth (GB/s): 7.556995
  Exec time (per itr): 0.00080738 s
  Pinned Host to Device bandwidth (GB/s): 1.272952
Calculating CPU CSR SpMV ... done
2-Norm between CPU and GPU answers: 1.195589e-10
Result file name: ./test.mtx ... file saved
Module		Time
Load		0.617605
Convert		0.028106
CPU SpMV	0.024773
GPU Alloc	0.265065
GPU SpMV	0.067237
GPU ELL SpMV	0.080751
Store		0.066229
