-----------------------------------------------------
Matrix name:     cant/cant.mtx
Matrix size:     62451 x 62451 => 2034917
-----------------------------------------------------
Is matrix:       1
Is sparse:       1
-----------------------------------------------------
Is complex:      0
Is real:         1
Is integer:      0
Is pattern only: 0
-----------------------------------------------------
Is general:      0
Is symmetric:    1
Is skewed:       0
Is hermitian:    0
-----------------------------------------------------
Matrix file name: cant/cant.mtx ... file loaded.
Expanding symmetric matrix ... done
  Total # of non-zeros is 4007383
Converting COO to CSR...done
Vector file name: cant/b.mtx ... file loaded
Executing GPU CSR SpMV ... 
  Pinned Device to Host bandwidth (GB/s): 2.015101
  Pinned Device to Host bandwidth (GB/s): 4.785872
  Pinned Device to Host bandwidth (GB/s): 6.606869
  Pinned Device to Host bandwidth (GB/s): 2.543622
  Exec time (per itr): 0.00077817 s
  Pinned Host to Device bandwidth (GB/s): 2.205814
Executing GPU ELL SpMV ... 
  Pinned Device to Host bandwidth (GB/s): 16.980319
  Pinned Device to Host bandwidth (GB/s): 19.153435
  Pinned Device to Host bandwidth (GB/s): 8.362480
  Exec time (per itr): 0.00045396 s
  Pinned Host to Device bandwidth (GB/s): 1.292981
Calculating CPU CSR SpMV ... done
2-Norm between CPU and GPU answers: 1.768525e-10
Result file name: ./test.mtx ... file saved
Module		Time
Load		0.563947
Convert		0.027000
CPU SpMV	0.021998
GPU Alloc	0.237217
GPU SpMV	0.077828
GPU ELL SpMV	0.045415
Store		0.030349
