-----------------------------------------------------
Matrix name:     cant/cant.mtx
Matrix size:     62451 x 62451 => 2034917
-----------------------------------------------------
Is matrix:       1
Is sparse:       1
-----------------------------------------------------
Is complex:      0
Is real:         1
Is integer:      0
Is pattern only: 0
-----------------------------------------------------
Is general:      0
Is symmetric:    1
Is skewed:       0
Is hermitian:    0
-----------------------------------------------------
Matrix file name: cant/cant.mtx ... file loaded.
Expanding symmetric matrix ... done
  Total # of non-zeros is 4007383
Converting COO to CSR...done
Vector file name: cant/b.mtx ... file loaded
Executing GPU CSR SpMV ... 
  Pinned Device to Host bandwidth (GB/s): 1.921364
  Pinned Device to Host bandwidth (GB/s): 4.373497
  Pinned Device to Host bandwidth (GB/s): 11.104967
  Pinned Device to Host bandwidth (GB/s): 7.484540
  Exec time (per itr): 0.00077621 s
  Pinned Host to Device bandwidth (GB/s): 2.178726
Executing GPU ELL SpMV ... 
  Pinned Device to Host bandwidth (GB/s): 14.436370
  Pinned Device to Host bandwidth (GB/s): 5.473652
  Pinned Device to Host bandwidth (GB/s): 13.076005
  Exec time (per itr): 0.00044935 s
  Pinned Host to Device bandwidth (GB/s): 2.524701
Calculating CPU CSR SpMV ... done
2-Norm between CPU and GPU answers: 1.768525e-10
Result file name: ./test.mtx ... file saved
Module		Time
Load		0.590457
Convert		0.028992
CPU SpMV	0.021060
GPU Alloc	0.271064
GPU SpMV	0.077631
GPU ELL SpMV	0.044948
Store		0.033717
