-----------------------------------------------------
Matrix name:     cant/cant.mtx
Matrix size:     62451 x 62451 => 2034917
-----------------------------------------------------
Is matrix:       1
Is sparse:       1
-----------------------------------------------------
Is complex:      0
Is real:         1
Is integer:      0
Is pattern only: 0
-----------------------------------------------------
Is general:      0
Is symmetric:    1
Is skewed:       0
Is hermitian:    0
-----------------------------------------------------
Matrix file name: cant/cant.mtx ... file loaded.
Expanding symmetric matrix ... done
  Total # of non-zeros is 4007383
Converting COO to CSR...done
Vector file name: cant/b.mtx ... file loaded
Executing GPU CSR SpMV ... 
  Pinned Device to Host bandwidth (GB/s): 1.862682
  Pinned Device to Host bandwidth (GB/s): 4.256363
  Pinned Device to Host bandwidth (GB/s): 11.104598
  Pinned Device to Host bandwidth (GB/s): 7.495319
  Exec time (per itr): 0.00077755 s
  Pinned Host to Device bandwidth (GB/s): 2.224355
Executing GPU ELL SpMV ... 
  Pinned Device to Host bandwidth (GB/s): 14.363156
  Pinned Device to Host bandwidth (GB/s): 5.432557
  Pinned Device to Host bandwidth (GB/s): 13.310103
  Exec time (per itr): 0.00044866 s
  Pinned Host to Device bandwidth (GB/s): 2.705849
Calculating CPU CSR SpMV ... done
2-Norm between CPU and GPU answers: 1.768525e-10
Result file name: ./test.mtx ... file saved
Module		Time
Load		0.586810
Convert		0.029305
CPU SpMV	0.021066
GPU Alloc	0.267447
GPU SpMV	0.077764
GPU ELL SpMV	0.044880
Store		0.032989
