-----------------------------------------------------
Matrix name:     cant/cant.mtx
Matrix size:     62451 x 62451 => 2034917
-----------------------------------------------------
Is matrix:       1
Is sparse:       1
-----------------------------------------------------
Is complex:      0
Is real:         1
Is integer:      0
Is pattern only: 0
-----------------------------------------------------
Is general:      0
Is symmetric:    1
Is skewed:       0
Is hermitian:    0
-----------------------------------------------------
Matrix file name: cant/cant.mtx ... file loaded.
Expanding symmetric matrix ... done
  Total # of non-zeros is 4007383
Converting COO to CSR...done
Vector file name: cant/b.mtx ... file loaded
Executing GPU CSR SpMV ... 
  Pinned Device to Host bandwidth (GB/s): 1.988411
  Pinned Device to Host bandwidth (GB/s): 4.779707
  Pinned Device to Host bandwidth (GB/s): 6.592825
  Pinned Device to Host bandwidth (GB/s): 7.717622
  Exec time (per itr): 0.00077552 s
  Pinned Host to Device bandwidth (GB/s): 2.222455
Executing GPU ELL SpMV ... 
  Pinned Device to Host bandwidth (GB/s): 16.885201
  Pinned Device to Host bandwidth (GB/s): 12.850135
  Pinned Device to Host bandwidth (GB/s): 8.157132
  Exec time (per itr): 0.00045312 s
  Pinned Host to Device bandwidth (GB/s): 1.311114
Calculating CPU CSR SpMV ... done
2-Norm between CPU and GPU answers: 1.768525e-10
Result file name: ./test.mtx ... file saved
Module		Time
Load		0.569000
Convert		0.029012
CPU SpMV	0.022357
GPU Alloc	0.235261
GPU SpMV	0.077565
GPU ELL SpMV	0.045332
Store		0.053729
