-----------------------------------------------------
Matrix name:     cant/cant.mtx
Matrix size:     62451 x 62451 => 2034917
-----------------------------------------------------
Is matrix:       1
Is sparse:       1
-----------------------------------------------------
Is complex:      0
Is real:         1
Is integer:      0
Is pattern only: 0
-----------------------------------------------------
Is general:      0
Is symmetric:    1
Is skewed:       0
Is hermitian:    0
-----------------------------------------------------
Matrix file name: cant/cant.mtx ... file loaded.
Expanding symmetric matrix ... done
  Total # of non-zeros is 4007383
Converting COO to CSR...done
Vector file name: cant/b.mtx ... file loaded
Executing GPU CSR SpMV ... 
  Pinned Device to Host bandwidth (GB/s): 2.049488
  Pinned Device to Host bandwidth (GB/s): 4.831619
  Pinned Device to Host bandwidth (GB/s): 6.912809
  Pinned Device to Host bandwidth (GB/s): 7.977900
  Exec time (per itr): 0.00077585 s
  Pinned Host to Device bandwidth (GB/s): 2.203946
Executing GPU ELL SpMV ... 
  Pinned Device to Host bandwidth (GB/s): 16.852489
  Pinned Device to Host bandwidth (GB/s): 6.907983
  Pinned Device to Host bandwidth (GB/s): 8.144366
  Exec time (per itr): 0.00045174 s
  Pinned Host to Device bandwidth (GB/s): 2.221507
Calculating CPU CSR SpMV ... done
2-Norm between CPU and GPU answers: 1.768525e-10
Result file name: ./test.mtx ... file saved
Module		Time
Load		0.570132
Convert		0.027720
CPU SpMV	0.020077
GPU Alloc	0.254407
GPU SpMV	0.077596
GPU ELL SpMV	0.045191
Store		0.032234
