-----------------------------------------------------
Matrix name:     cant/cant.mtx
Matrix size:     62451 x 62451 => 2034917
-----------------------------------------------------
Is matrix:       1
Is sparse:       1
-----------------------------------------------------
Is complex:      0
Is real:         1
Is integer:      0
Is pattern only: 0
-----------------------------------------------------
Is general:      0
Is symmetric:    1
Is skewed:       0
Is hermitian:    0
-----------------------------------------------------
Matrix file name: cant/cant.mtx ... file loaded.
Expanding symmetric matrix ... done
  Total # of non-zeros is 4007383
Converting COO to CSR...done
Vector file name: cant/b.mtx ... file loaded
Executing GPU CSR SpMV ... 
  Pinned Device to Host bandwidth (GB/s): 1.853395
  Pinned Device to Host bandwidth (GB/s): 4.099608
  Pinned Device to Host bandwidth (GB/s): 10.072142
  Pinned Device to Host bandwidth (GB/s): 7.416984
  Exec time (per itr): 0.00077574 s
  Pinned Host to Device bandwidth (GB/s): 2.238387
Executing GPU ELL SpMV ... 
  Pinned Device to Host bandwidth (GB/s): 15.229665
  Pinned Device to Host bandwidth (GB/s): 5.193065
  Pinned Device to Host bandwidth (GB/s): 12.410771
  Exec time (per itr): 0.00044889 s
  Pinned Host to Device bandwidth (GB/s): 2.725690
Calculating CPU CSR SpMV ... done
2-Norm between CPU and GPU answers: 1.768525e-10
Result file name: ./test.mtx ... file saved
Module		Time
Load		0.588730
Convert		0.027832
CPU SpMV	0.021072
GPU Alloc	0.347102
GPU SpMV	0.077585
GPU ELL SpMV	0.044903
Store		0.033340
