-----------------------------------------------------
Matrix name:     cant/cant.mtx
Matrix size:     62451 x 62451 => 2034917
-----------------------------------------------------
Is matrix:       1
Is sparse:       1
-----------------------------------------------------
Is complex:      0
Is real:         1
Is integer:      0
Is pattern only: 0
-----------------------------------------------------
Is general:      0
Is symmetric:    1
Is skewed:       0
Is hermitian:    0
-----------------------------------------------------
Matrix file name: cant/cant.mtx ... file loaded.
Expanding symmetric matrix ... done
  Total # of non-zeros is 4007383
Converting COO to CSR...done
Vector file name: cant/b.mtx ... file loaded
Executing GPU CSR SpMV ... 
  Pinned Device to Host bandwidth (GB/s): 2.114437
  Pinned Device to Host bandwidth (GB/s): 4.832178
  Pinned Device to Host bandwidth (GB/s): 6.598036
  Pinned Device to Host bandwidth (GB/s): 2.486503
  Exec time (per itr): 0.00077975 s
  Pinned Host to Device bandwidth (GB/s): 2.155564
Executing GPU ELL SpMV ... 
  Pinned Device to Host bandwidth (GB/s): 16.909115
  Pinned Device to Host bandwidth (GB/s): 19.208115
  Pinned Device to Host bandwidth (GB/s): 7.949465
  Exec time (per itr): 0.00045312 s
  Pinned Host to Device bandwidth (GB/s): 1.279314
Calculating CPU CSR SpMV ... done
2-Norm between CPU and GPU answers: 1.768525e-10
Result file name: ./test.mtx ... file saved
Module		Time
Load		0.587579
Convert		0.030056
CPU SpMV	0.022818
GPU Alloc	0.227386
GPU SpMV	0.077986
GPU ELL SpMV	0.045327
Store		0.031593
