-----------------------------------------------------
Matrix name:     cant/cant.mtx
Matrix size:     62451 x 62451 => 2034917
-----------------------------------------------------
Is matrix:       1
Is sparse:       1
-----------------------------------------------------
Is complex:      0
Is real:         1
Is integer:      0
Is pattern only: 0
-----------------------------------------------------
Is general:      0
Is symmetric:    1
Is skewed:       0
Is hermitian:    0
-----------------------------------------------------
Matrix file name: cant/cant.mtx ... file loaded.
Expanding symmetric matrix ... done
  Total # of non-zeros is 4007383
Converting COO to CSR...done
Vector file name: cant/b.mtx ... file loaded
Executing GPU CSR SpMV ... 
  Pinned Device to Host bandwidth (GB/s): 2.022933
  Pinned Device to Host bandwidth (GB/s): 4.054841
  Pinned Device to Host bandwidth (GB/s): 4.797813
  Pinned Device to Host bandwidth (GB/s): 7.323054
  Exec time (per itr): 0.00019132 s
  Pinned Host to Device bandwidth (GB/s): 2.316088
Executing GPU ELL SpMV ... 
  Pinned Device to Host bandwidth (GB/s): 14.323286
  Pinned Device to Host bandwidth (GB/s): 11.459438
  Pinned Device to Host bandwidth (GB/s): 7.316190
  Exec time (per itr): 0.00014879 s
  Pinned Host to Device bandwidth (GB/s): 2.298020
Calculating CPU CSR SpMV ... done
2-Norm between CPU and GPU answers: 1.768525e-10
Result file name: ./test.mtx ... file saved
Module		Time
Load		0.592438
Convert		0.027077
CPU SpMV	0.023204
GPU Alloc	0.243903
GPU SpMV	0.019147
GPU ELL SpMV	0.014896
Store		0.026169
