-----------------------------------------------------
Matrix name:     cant/cant.mtx
Matrix size:     62451 x 62451 => 2034917
-----------------------------------------------------
Is matrix:       1
Is sparse:       1
-----------------------------------------------------
Is complex:      0
Is real:         1
Is integer:      0
Is pattern only: 0
-----------------------------------------------------
Is general:      0
Is symmetric:    1
Is skewed:       0
Is hermitian:    0
-----------------------------------------------------
Matrix file name: cant/cant.mtx ... file loaded.
Expanding symmetric matrix ... done
  Total # of non-zeros is 4007383
Converting COO to CSR...done
Vector file name: cant/b.mtx ... file loaded
Executing GPU CSR SpMV ... 
  Pinned Device to Host bandwidth (GB/s): 1.838987
  Pinned Device to Host bandwidth (GB/s): 4.326805
  Pinned Device to Host bandwidth (GB/s): 11.102629
  Pinned Device to Host bandwidth (GB/s): 7.466642
  Exec time (per itr): 0.00077547 s
  Pinned Host to Device bandwidth (GB/s): 2.231349
Executing GPU ELL SpMV ... 
  Pinned Device to Host bandwidth (GB/s): 15.829493
  Pinned Device to Host bandwidth (GB/s): 5.549454
  Pinned Device to Host bandwidth (GB/s): 12.881807
  Exec time (per itr): 0.00044885 s
  Pinned Host to Device bandwidth (GB/s): 2.533715
Calculating CPU CSR SpMV ... done
2-Norm between CPU and GPU answers: 1.768525e-10
Result file name: ./test.mtx ... file saved
Module		Time
Load		0.650771
Convert		0.030445
CPU SpMV	0.021293
GPU Alloc	0.270185
GPU SpMV	0.077557
GPU ELL SpMV	0.044898
Store		0.034313
