-----------------------------------------------------
Matrix name:     cant/cant.mtx
Matrix size:     62451 x 62451 => 2034917
-----------------------------------------------------
Is matrix:       1
Is sparse:       1
-----------------------------------------------------
Is complex:      0
Is real:         1
Is integer:      0
Is pattern only: 0
-----------------------------------------------------
Is general:      0
Is symmetric:    1
Is skewed:       0
Is hermitian:    0
-----------------------------------------------------
Matrix file name: cant/cant.mtx ... file loaded.
Expanding symmetric matrix ... done
  Total # of non-zeros is 4007383
Converting COO to CSR...done
Vector file name: cant/b.mtx ... file loaded
Executing GPU CSR SpMV ... 
  Pinned Device to Host bandwidth (GB/s): 2.041449
  Pinned Device to Host bandwidth (GB/s): 4.029076
  Pinned Device to Host bandwidth (GB/s): 4.927942
  Pinned Device to Host bandwidth (GB/s): 7.309340
  Exec time (per itr): 0.00019128 s
  Pinned Host to Device bandwidth (GB/s): 2.399746
Executing GPU ELL SpMV ... 
  Pinned Device to Host bandwidth (GB/s): 14.444590
  Pinned Device to Host bandwidth (GB/s): 11.732463
  Pinned Device to Host bandwidth (GB/s): 7.364504
  Exec time (per itr): 0.00014888 s
  Pinned Host to Device bandwidth (GB/s): 2.356286
Calculating CPU CSR SpMV ... done
2-Norm between CPU and GPU answers: 1.768525e-10
Result file name: ./test.mtx ... file saved
Module		Time
Load		0.586192
Convert		0.031036
CPU SpMV	0.022224
GPU Alloc	0.251596
GPU SpMV	0.019143
GPU ELL SpMV	0.014905
Store		0.023907
