-----------------------------------------------------
Matrix name:     cant/cant.mtx
Matrix size:     62451 x 62451 => 2034917
-----------------------------------------------------
Is matrix:       1
Is sparse:       1
-----------------------------------------------------
Is complex:      0
Is real:         1
Is integer:      0
Is pattern only: 0
-----------------------------------------------------
Is general:      0
Is symmetric:    1
Is skewed:       0
Is hermitian:    0
-----------------------------------------------------
Matrix file name: cant/cant.mtx ... file loaded.
Expanding symmetric matrix ... done
  Total # of non-zeros is 4007383
Converting COO to CSR...done
Vector file name: cant/b.mtx ... file loaded
Executing GPU CSR SpMV ... 
  Pinned Device to Host bandwidth (GB/s): 2.117304
  Pinned Device to Host bandwidth (GB/s): 4.785232
  Pinned Device to Host bandwidth (GB/s): 6.828656
  Pinned Device to Host bandwidth (GB/s): 7.783026
  Exec time (per itr): 0.00077578 s
  Pinned Host to Device bandwidth (GB/s): 2.152592
Executing GPU ELL SpMV ... 
  Pinned Device to Host bandwidth (GB/s): 16.823620
  Pinned Device to Host bandwidth (GB/s): 19.173940
  Pinned Device to Host bandwidth (GB/s): 7.814189
  Exec time (per itr): 0.00045351 s
  Pinned Host to Device bandwidth (GB/s): 1.269845
Calculating CPU CSR SpMV ... done
2-Norm between CPU and GPU answers: 1.768525e-10
Result file name: ./test.mtx ... file saved
Module		Time
Load		0.566624
Convert		0.027061
CPU SpMV	0.022596
GPU Alloc	0.238944
GPU SpMV	0.077589
GPU ELL SpMV	0.045370
Store		0.030706
