-----------------------------------------------------
Matrix name:     cant/cant.mtx
Matrix size:     62451 x 62451 => 2034917
-----------------------------------------------------
Is matrix:       1
Is sparse:       1
-----------------------------------------------------
Is complex:      0
Is real:         1
Is integer:      0
Is pattern only: 0
-----------------------------------------------------
Is general:      0
Is symmetric:    1
Is skewed:       0
Is hermitian:    0
-----------------------------------------------------
Matrix file name: cant/cant.mtx ... file loaded.
Expanding symmetric matrix ... done
  Total # of non-zeros is 4007383
Converting COO to CSR...done
Vector file name: cant/b.mtx ... file loaded
Executing GPU CSR SpMV ... 
  Pinned Device to Host bandwidth (GB/s): 1.961925
  Pinned Device to Host bandwidth (GB/s): 4.049498
  Pinned Device to Host bandwidth (GB/s): 4.805615
  Pinned Device to Host bandwidth (GB/s): 7.343721
  Exec time (per itr): 0.00019131 s
  Pinned Host to Device bandwidth (GB/s): 2.332698
Executing GPU ELL SpMV ... 
  Pinned Device to Host bandwidth (GB/s): 14.591006
  Pinned Device to Host bandwidth (GB/s): 11.556549
  Pinned Device to Host bandwidth (GB/s): 7.347176
  Exec time (per itr): 0.00014901 s
  Pinned Host to Device bandwidth (GB/s): 2.292285
Calculating CPU CSR SpMV ... done
2-Norm between CPU and GPU answers: 1.768525e-10
Result file name: ./test.mtx ... file saved
Module		Time
Load		0.575435
Convert		0.028290
CPU SpMV	0.022768
GPU Alloc	0.252397
GPU SpMV	0.019146
GPU ELL SpMV	0.014918
Store		0.024153
