-----------------------------------------------------
Matrix name:     cant/cant.mtx
Matrix size:     62451 x 62451 => 2034917
-----------------------------------------------------
Is matrix:       1
Is sparse:       1
-----------------------------------------------------
Is complex:      0
Is real:         1
Is integer:      0
Is pattern only: 0
-----------------------------------------------------
Is general:      0
Is symmetric:    1
Is skewed:       0
Is hermitian:    0
-----------------------------------------------------
Matrix file name: cant/cant.mtx ... file loaded.
Expanding symmetric matrix ... done
  Total # of non-zeros is 4007383
Converting COO to CSR...done
Vector file name: cant/b.mtx ... file loaded
Executing GPU CSR SpMV ... 
  Pinned Device to Host bandwidth (GB/s): 2.053261
  Pinned Device to Host bandwidth (GB/s): 4.031605
  Pinned Device to Host bandwidth (GB/s): 4.831968
  Pinned Device to Host bandwidth (GB/s): 7.329930
  Exec time (per itr): 0.00019146 s
  Pinned Host to Device bandwidth (GB/s): 2.300052
Executing GPU ELL SpMV ... 
  Pinned Device to Host bandwidth (GB/s): 13.703716
  Pinned Device to Host bandwidth (GB/s): 11.733933
  Pinned Device to Host bandwidth (GB/s): 7.347176
  Exec time (per itr): 0.00014894 s
  Pinned Host to Device bandwidth (GB/s): 2.309920
Calculating CPU CSR SpMV ... done
2-Norm between CPU and GPU answers: 1.768525e-10
Result file name: ./test.mtx ... file saved
Module		Time
Load		0.587042
Convert		0.029515
CPU SpMV	0.023138
GPU Alloc	0.245139
GPU SpMV	0.019161
GPU ELL SpMV	0.014911
Store		0.022955
