-----------------------------------------------------
Matrix name:     cant/cant.mtx
Matrix size:     62451 x 62451 => 2034917
-----------------------------------------------------
Is matrix:       1
Is sparse:       1
-----------------------------------------------------
Is complex:      0
Is real:         1
Is integer:      0
Is pattern only: 0
-----------------------------------------------------
Is general:      0
Is symmetric:    1
Is skewed:       0
Is hermitian:    0
-----------------------------------------------------
Matrix file name: cant/cant.mtx ... file loaded.
Expanding symmetric matrix ... done
  Total # of non-zeros is 4007383
Converting COO to CSR...done
Vector file name: cant/b.mtx ... file loaded
Executing GPU CSR SpMV ... 
  Pinned Device to Host bandwidth (GB/s): 1.949189
  Pinned Device to Host bandwidth (GB/s): 4.428752
  Pinned Device to Host bandwidth (GB/s): 11.082364
  Pinned Device to Host bandwidth (GB/s): 7.582685
  Exec time (per itr): 0.00077667 s
  Pinned Host to Device bandwidth (GB/s): 2.233903
Executing GPU ELL SpMV ... 
  Pinned Device to Host bandwidth (GB/s): 15.421366
  Pinned Device to Host bandwidth (GB/s): 5.194549
  Pinned Device to Host bandwidth (GB/s): 12.178432
  Exec time (per itr): 0.00044886 s
  Pinned Host to Device bandwidth (GB/s): 2.679381
Calculating CPU CSR SpMV ... done
2-Norm between CPU and GPU answers: 1.768525e-10
Result file name: ./test.mtx ... file saved
Module		Time
Load		0.611659
Convert		0.030716
CPU SpMV	0.021753
GPU Alloc	0.326224
GPU SpMV	0.077678
GPU ELL SpMV	0.044904
Store		0.034034
