-----------------------------------------------------
Matrix name:     cant/cant.mtx
Matrix size:     62451 x 62451 => 2034917
-----------------------------------------------------
Is matrix:       1
Is sparse:       1
-----------------------------------------------------
Is complex:      0
Is real:         1
Is integer:      0
Is pattern only: 0
-----------------------------------------------------
Is general:      0
Is symmetric:    1
Is skewed:       0
Is hermitian:    0
-----------------------------------------------------
Matrix file name: cant/cant.mtx ... file loaded.
Expanding symmetric matrix ... done
  Total # of non-zeros is 4007383
Converting COO to CSR...done
Vector file name: cant/b.mtx ... file loaded
Executing GPU CSR SpMV ... 
  Pinned Device to Host bandwidth (GB/s): 2.046801
  Pinned Device to Host bandwidth (GB/s): 4.045573
  Pinned Device to Host bandwidth (GB/s): 4.883336
  Pinned Device to Host bandwidth (GB/s): 7.388902
  Exec time (per itr): 0.00019437 s
  Pinned Host to Device bandwidth (GB/s): 2.338989
Executing GPU ELL SpMV ... 
  Pinned Device to Host bandwidth (GB/s): 10.713421
  Pinned Device to Host bandwidth (GB/s): 11.572033
  Pinned Device to Host bandwidth (GB/s): 7.395902
  Exec time (per itr): 0.00014873 s
  Pinned Host to Device bandwidth (GB/s): 2.346723
Calculating CPU CSR SpMV ... done
2-Norm between CPU and GPU answers: 1.768525e-10
Result file name: ./test.mtx ... file saved
Module		Time
Load		0.576193
Convert		0.027672
CPU SpMV	0.024339
GPU Alloc	0.249392
GPU SpMV	0.019451
GPU ELL SpMV	0.014890
Store		0.023573
