-----------------------------------------------------
Matrix name:     cant/cant.mtx
Matrix size:     62451 x 62451 => 2034917
-----------------------------------------------------
Is matrix:       1
Is sparse:       1
-----------------------------------------------------
Is complex:      0
Is real:         1
Is integer:      0
Is pattern only: 0
-----------------------------------------------------
Is general:      0
Is symmetric:    1
Is skewed:       0
Is hermitian:    0
-----------------------------------------------------
Matrix file name: cant/cant.mtx ... file loaded.
Expanding symmetric matrix ... done
  Total # of non-zeros is 4007383
Converting COO to CSR...done
Vector file name: cant/b.mtx ... file loaded
Executing GPU CSR SpMV ... 
  Pinned Device to Host bandwidth (GB/s): 1.909614
  Pinned Device to Host bandwidth (GB/s): 4.064613
  Pinned Device to Host bandwidth (GB/s): 11.104967
  Pinned Device to Host bandwidth (GB/s): 7.744420
  Exec time (per itr): 0.00077527 s
  Pinned Host to Device bandwidth (GB/s): 2.134056
Executing GPU ELL SpMV ... 
  Pinned Device to Host bandwidth (GB/s): 14.768665
  Pinned Device to Host bandwidth (GB/s): 5.387446
  Pinned Device to Host bandwidth (GB/s): 12.140552
  Exec time (per itr): 0.00044904 s
  Pinned Host to Device bandwidth (GB/s): 2.636843
Calculating CPU CSR SpMV ... done
2-Norm between CPU and GPU answers: 1.768525e-10
Result file name: ./test.mtx ... file saved
Module		Time
Load		0.582109
Convert		0.027772
CPU SpMV	0.021490
GPU Alloc	0.266467
GPU SpMV	0.077538
GPU ELL SpMV	0.044918
Store		0.034327
