-----------------------------------------------------
Matrix name:     cant/cant.mtx
Matrix size:     62451 x 62451 => 2034917
-----------------------------------------------------
Is matrix:       1
Is sparse:       1
-----------------------------------------------------
Is complex:      0
Is real:         1
Is integer:      0
Is pattern only: 0
-----------------------------------------------------
Is general:      0
Is symmetric:    1
Is skewed:       0
Is hermitian:    0
-----------------------------------------------------
Matrix file name: cant/cant.mtx ... file loaded.
Expanding symmetric matrix ... done
  Total # of non-zeros is 4007383
Converting COO to CSR...done
Vector file name: cant/b.mtx ... file loaded
Executing GPU CSR SpMV ... 
  Pinned Device to Host bandwidth (GB/s): 2.030299
  Pinned Device to Host bandwidth (GB/s): 4.248421
  Pinned Device to Host bandwidth (GB/s): 4.873075
  Pinned Device to Host bandwidth (GB/s): 7.378426
  Exec time (per itr): 0.00021234 s
  Pinned Host to Device bandwidth (GB/s): 2.315058
Executing GPU ELL SpMV ... 
  Pinned Device to Host bandwidth (GB/s): 14.729722
  Pinned Device to Host bandwidth (GB/s): 11.730090
  Pinned Device to Host bandwidth (GB/s): 7.347176
  Exec time (per itr): 0.00022985 s
  Pinned Host to Device bandwidth (GB/s): 2.340040
Calculating CPU CSR SpMV ... done
2-Norm between CPU and GPU answers: 1.195589e-10
Result file name: ./test.mtx ... file saved
Module		Time
Load		0.577199
Convert		0.028769
CPU SpMV	0.022932
GPU Alloc	0.244796
GPU SpMV	0.021248
GPU ELL SpMV	0.023003
Store		0.024858
