-----------------------------------------------------
Matrix name:     cant/cant.mtx
Matrix size:     62451 x 62451 => 2034917
-----------------------------------------------------
Is matrix:       1
Is sparse:       1
-----------------------------------------------------
Is complex:      0
Is real:         1
Is integer:      0
Is pattern only: 0
-----------------------------------------------------
Is general:      0
Is symmetric:    1
Is skewed:       0
Is hermitian:    0
-----------------------------------------------------
Matrix file name: cant/cant.mtx ... file loaded.
Expanding symmetric matrix ... done
  Total # of non-zeros is 4007383
Converting COO to CSR...done
Vector file name: cant/b.mtx ... file loaded
Executing GPU CSR SpMV ... 
  Pinned Device to Host bandwidth (GB/s): 2.020316
  Pinned Device to Host bandwidth (GB/s): 4.343576
  Pinned Device to Host bandwidth (GB/s): 6.922266
  Pinned Device to Host bandwidth (GB/s): 8.135878
  Exec time (per itr): 0.00068771 s
  Pinned Host to Device bandwidth (GB/s): 2.238387
Executing GPU ELL SpMV ... 
  Pinned Device to Host bandwidth (GB/s): 16.777726
  Pinned Device to Host bandwidth (GB/s): 19.301273
  Pinned Device to Host bandwidth (GB/s): 8.178497
  Exec time (per itr): 0.00085940 s
  Pinned Host to Device bandwidth (GB/s): 1.314758
Calculating CPU CSR SpMV ... done
2-Norm between CPU and GPU answers: 1.195589e-10
Result file name: ./test.mtx ... file saved
Module		Time
Load		0.568230
Convert		0.025931
CPU SpMV	0.023280
GPU Alloc	0.236392
GPU SpMV	0.068782
GPU ELL SpMV	0.085956
Store		0.564855
