-----------------------------------------------------
Matrix name:     cant/cant.mtx
Matrix size:     62451 x 62451 => 2034917
-----------------------------------------------------
Is matrix:       1
Is sparse:       1
-----------------------------------------------------
Is complex:      0
Is real:         1
Is integer:      0
Is pattern only: 0
-----------------------------------------------------
Is general:      0
Is symmetric:    1
Is skewed:       0
Is hermitian:    0
-----------------------------------------------------
Matrix file name: cant/cant.mtx ... file loaded.
Expanding symmetric matrix ... done
  Total # of non-zeros is 4007383
Converting COO to CSR...done
Vector file name: cant/b.mtx ... file loaded
Executing GPU CSR SpMV ... 
  Pinned Device to Host bandwidth (GB/s): 1.967860
  Pinned Device to Host bandwidth (GB/s): 4.260998
  Pinned Device to Host bandwidth (GB/s): 11.095374
  Pinned Device to Host bandwidth (GB/s): 7.441731
  Exec time (per itr): 0.00068687 s
  Pinned Host to Device bandwidth (GB/s): 2.142842
Executing GPU ELL SpMV ... 
  Pinned Device to Host bandwidth (GB/s): 14.463461
  Pinned Device to Host bandwidth (GB/s): 5.933197
  Pinned Device to Host bandwidth (GB/s): 7.623413
  Exec time (per itr): 0.00085601 s
  Pinned Host to Device bandwidth (GB/s): 2.550269
Calculating CPU CSR SpMV ... done
2-Norm between CPU and GPU answers: 1.195589e-10
Result file name: ./test.mtx ... file saved
Module		Time
Load		0.582866
Convert		0.026894
CPU SpMV	0.021851
GPU Alloc	0.270018
GPU SpMV	0.068696
GPU ELL SpMV	0.085613
Store		0.034871
