-----------------------------------------------------
Matrix name:     cant/cant.mtx
Matrix size:     62451 x 62451 => 2034917
-----------------------------------------------------
Is matrix:       1
Is sparse:       1
-----------------------------------------------------
Is complex:      0
Is real:         1
Is integer:      0
Is pattern only: 0
-----------------------------------------------------
Is general:      0
Is symmetric:    1
Is skewed:       0
Is hermitian:    0
-----------------------------------------------------
Matrix file name: cant/cant.mtx ... file loaded.
Expanding symmetric matrix ... done
  Total # of non-zeros is 4007383
Converting COO to CSR...done
Vector file name: cant/b.mtx ... file loaded
Executing GPU CSR SpMV ... 
  Pinned Device to Host bandwidth (GB/s): 2.019793
  Pinned Device to Host bandwidth (GB/s): 4.045638
  Pinned Device to Host bandwidth (GB/s): 4.604430
  Pinned Device to Host bandwidth (GB/s): 7.340268
  Exec time (per itr): 0.00021255 s
  Pinned Host to Device bandwidth (GB/s): 2.221191
Executing GPU ELL SpMV ... 
  Pinned Device to Host bandwidth (GB/s): 14.430896
  Pinned Device to Host bandwidth (GB/s): 11.727492
  Pinned Device to Host bandwidth (GB/s): 7.374941
  Exec time (per itr): 0.00022982 s
  Pinned Host to Device bandwidth (GB/s): 2.348488
Calculating CPU CSR SpMV ... done
2-Norm between CPU and GPU answers: 1.195589e-10
Result file name: ./test.mtx ... file saved
Module		Time
Load		0.602628
Convert		0.027859
CPU SpMV	0.022970
GPU Alloc	0.246336
GPU SpMV	0.021270
GPU ELL SpMV	0.022999
Store		0.023132
