-----------------------------------------------------
Matrix name:     cant/cant.mtx
Matrix size:     62451 x 62451 => 2034917
-----------------------------------------------------
Is matrix:       1
Is sparse:       1
-----------------------------------------------------
Is complex:      0
Is real:         1
Is integer:      0
Is pattern only: 0
-----------------------------------------------------
Is general:      0
Is symmetric:    1
Is skewed:       0
Is hermitian:    0
-----------------------------------------------------
Matrix file name: cant/cant.mtx ... file loaded.
Expanding symmetric matrix ... done
  Total # of non-zeros is 4007383
Converting COO to CSR...done
Vector file name: cant/b.mtx ... file loaded
Executing GPU CSR SpMV ... 
  Pinned Device to Host bandwidth (GB/s): 1.968356
  Pinned Device to Host bandwidth (GB/s): 4.048516
  Pinned Device to Host bandwidth (GB/s): 5.227094
  Pinned Device to Host bandwidth (GB/s): 7.347176
  Exec time (per itr): 0.00021239 s
  Pinned Host to Device bandwidth (GB/s): 2.381444
Executing GPU ELL SpMV ... 
  Pinned Device to Host bandwidth (GB/s): 14.052556
  Pinned Device to Host bandwidth (GB/s): 11.554137
  Pinned Device to Host bandwidth (GB/s): 7.378426
  Exec time (per itr): 0.00022986 s
  Pinned Host to Device bandwidth (GB/s): 2.267977
Calculating CPU CSR SpMV ... done
2-Norm between CPU and GPU answers: 1.195589e-10
Result file name: ./test.mtx ... file saved
Module		Time
Load		0.584180
Convert		0.029447
CPU SpMV	0.022390
GPU Alloc	0.247540
GPU SpMV	0.021254
GPU ELL SpMV	0.023002
Store		0.023834
