-----------------------------------------------------
Matrix name:     cant/cant.mtx
Matrix size:     62451 x 62451 => 2034917
-----------------------------------------------------
Is matrix:       1
Is sparse:       1
-----------------------------------------------------
Is complex:      0
Is real:         1
Is integer:      0
Is pattern only: 0
-----------------------------------------------------
Is general:      0
Is symmetric:    1
Is skewed:       0
Is hermitian:    0
-----------------------------------------------------
Matrix file name: cant/cant.mtx ... file loaded.
Expanding symmetric matrix ... done
  Total # of non-zeros is 4007383
Converting COO to CSR...done
Vector file name: cant/b.mtx ... file loaded
Executing GPU CSR SpMV ... 
  Pinned Device to Host bandwidth (GB/s): 1.979336
  Pinned Device to Host bandwidth (GB/s): 4.335193
  Pinned Device to Host bandwidth (GB/s): 6.748435
  Pinned Device to Host bandwidth (GB/s): 1.335793
  Exec time (per itr): 0.00068736 s
  Pinned Host to Device bandwidth (GB/s): 2.269955
Executing GPU ELL SpMV ... 
  Pinned Device to Host bandwidth (GB/s): 16.888480
  Pinned Device to Host bandwidth (GB/s): 19.236028
  Pinned Device to Host bandwidth (GB/s): 8.287022
  Exec time (per itr): 0.00085999 s
  Pinned Host to Device bandwidth (GB/s): 1.324686
Calculating CPU CSR SpMV ... done
2-Norm between CPU and GPU answers: 1.195589e-10
Result file name: ./test.mtx ... file saved
Module		Time
Load		0.566146
Convert		0.027941
CPU SpMV	0.021830
GPU Alloc	0.236976
GPU SpMV	0.068750
GPU ELL SpMV	0.086016
Store		0.055276
