-----------------------------------------------------
Matrix name:     cant/cant.mtx
Matrix size:     62451 x 62451 => 2034917
-----------------------------------------------------
Is matrix:       1
Is sparse:       1
-----------------------------------------------------
Is complex:      0
Is real:         1
Is integer:      0
Is pattern only: 0
-----------------------------------------------------
Is general:      0
Is symmetric:    1
Is skewed:       0
Is hermitian:    0
-----------------------------------------------------
Matrix file name: cant/cant.mtx ... file loaded.
Expanding symmetric matrix ... done
  Total # of non-zeros is 4007383
Converting COO to CSR...done
Vector file name: cant/b.mtx ... file loaded
Executing GPU CSR SpMV ... 
  Pinned Device to Host bandwidth (GB/s): 2.045193
  Pinned Device to Host bandwidth (GB/s): 4.037259
  Pinned Device to Host bandwidth (GB/s): 4.924309
  Pinned Device to Host bandwidth (GB/s): 7.305920
  Exec time (per itr): 0.00021247 s
  Pinned Host to Device bandwidth (GB/s): 2.271276
Executing GPU ELL SpMV ... 
  Pinned Device to Host bandwidth (GB/s): 14.347249
  Pinned Device to Host bandwidth (GB/s): 11.705960
  Pinned Device to Host bandwidth (GB/s): 7.316190
  Exec time (per itr): 0.00023091 s
  Pinned Host to Device bandwidth (GB/s): 2.335141
Calculating CPU CSR SpMV ... done
2-Norm between CPU and GPU answers: 1.195589e-10
Result file name: ./test.mtx ... file saved
Module		Time
Load		0.592554
Convert		0.028065
CPU SpMV	0.022923
GPU Alloc	0.243583
GPU SpMV	0.021261
GPU ELL SpMV	0.023108
Store		0.024101
