-----------------------------------------------------
Matrix name:     cant/cant.mtx
Matrix size:     62451 x 62451 => 2034917
-----------------------------------------------------
Is matrix:       1
Is sparse:       1
-----------------------------------------------------
Is complex:      0
Is real:         1
Is integer:      0
Is pattern only: 0
-----------------------------------------------------
Is general:      0
Is symmetric:    1
Is skewed:       0
Is hermitian:    0
-----------------------------------------------------
Matrix file name: cant/cant.mtx ... file loaded.
Expanding symmetric matrix ... done
  Total # of non-zeros is 4007383
Converting COO to CSR...done
Vector file name: cant/b.mtx ... file loaded
Executing GPU CSR SpMV ... 
  Pinned Device to Host bandwidth (GB/s): 2.066852
  Pinned Device to Host bandwidth (GB/s): 4.876253
  Pinned Device to Host bandwidth (GB/s): 19.013242
  Pinned Device to Host bandwidth (GB/s): 7.691010
  Exec time (per itr): 0.00068712 s
  Pinned Host to Device bandwidth (GB/s): 1.762957
Executing GPU ELL SpMV ... 
  Pinned Device to Host bandwidth (GB/s): 17.108661
  Pinned Device to Host bandwidth (GB/s): 19.287212
  Pinned Device to Host bandwidth (GB/s): 8.195669
  Exec time (per itr): 0.00085937 s
  Pinned Host to Device bandwidth (GB/s): 1.382883
Calculating CPU CSR SpMV ... done
2-Norm between CPU and GPU answers: 1.195589e-10
Result file name: ./test.mtx ... file saved
Module		Time
Load		0.596401
Convert		0.026826
CPU SpMV	0.021964
GPU Alloc	0.231742
GPU SpMV	0.068725
GPU ELL SpMV	0.085951
Store		0.455507
