-----------------------------------------------------
Matrix name:     cant/cant.mtx
Matrix size:     62451 x 62451 => 2034917
-----------------------------------------------------
Is matrix:       1
Is sparse:       1
-----------------------------------------------------
Is complex:      0
Is real:         1
Is integer:      0
Is pattern only: 0
-----------------------------------------------------
Is general:      0
Is symmetric:    1
Is skewed:       0
Is hermitian:    0
-----------------------------------------------------
Matrix file name: cant/cant.mtx ... file loaded.
Expanding symmetric matrix ... done
  Total # of non-zeros is 4007383
Converting COO to CSR...done
Vector file name: cant/b.mtx ... file loaded
Executing GPU CSR SpMV ... 
  Pinned Device to Host bandwidth (GB/s): 1.912420
  Pinned Device to Host bandwidth (GB/s): 4.045737
  Pinned Device to Host bandwidth (GB/s): 4.747657
  Pinned Device to Host bandwidth (GB/s): 7.399408
  Exec time (per itr): 0.00021419 s
  Pinned Host to Device bandwidth (GB/s): 2.278568
Executing GPU ELL SpMV ... 
  Pinned Device to Host bandwidth (GB/s): 14.742918
  Pinned Device to Host bandwidth (GB/s): 11.737326
  Pinned Device to Host bandwidth (GB/s): 7.316190
  Exec time (per itr): 0.00022997 s
  Pinned Host to Device bandwidth (GB/s): 2.378180
Calculating CPU CSR SpMV ... done
2-Norm between CPU and GPU answers: 1.195589e-10
Result file name: ./test.mtx ... file saved
Module		Time
Load		0.583385
Convert		0.030732
CPU SpMV	0.023003
GPU Alloc	0.244442
GPU SpMV	0.021433
GPU ELL SpMV	0.023013
Store		0.030838
