-----------------------------------------------------
Matrix name:     cant/cant.mtx
Matrix size:     62451 x 62451 => 2034917
-----------------------------------------------------
Is matrix:       1
Is sparse:       1
-----------------------------------------------------
Is complex:      0
Is real:         1
Is integer:      0
Is pattern only: 0
-----------------------------------------------------
Is general:      0
Is symmetric:    1
Is skewed:       0
Is hermitian:    0
-----------------------------------------------------
Matrix file name: cant/cant.mtx ... file loaded.
Expanding symmetric matrix ... done
  Total # of non-zeros is 4007383
Converting COO to CSR...done
Vector file name: cant/b.mtx ... file loaded
Executing GPU CSR SpMV ... 
  Pinned Device to Host bandwidth (GB/s): 2.001154
  Pinned Device to Host bandwidth (GB/s): 4.052381
  Pinned Device to Host bandwidth (GB/s): 4.693981
  Pinned Device to Host bandwidth (GB/s): 7.340268
  Exec time (per itr): 0.00021252 s
  Pinned Host to Device bandwidth (GB/s): 2.254549
Executing GPU ELL SpMV ... 
  Pinned Device to Host bandwidth (GB/s): 13.336339
  Pinned Device to Host bandwidth (GB/s): 11.729638
  Pinned Device to Host bandwidth (GB/s): 7.350635
  Exec time (per itr): 0.00022991 s
  Pinned Host to Device bandwidth (GB/s): 2.031059
Calculating CPU CSR SpMV ... done
2-Norm between CPU and GPU answers: 1.195589e-10
Result file name: ./test.mtx ... file saved
Module		Time
Load		0.584989
Convert		0.033120
CPU SpMV	0.022161
GPU Alloc	0.231276
GPU SpMV	0.021267
GPU ELL SpMV	0.023009
Store		0.030462
