-----------------------------------------------------
Matrix name:     cant/cant.mtx
Matrix size:     62451 x 62451 => 2034917
-----------------------------------------------------
Is matrix:       1
Is sparse:       1
-----------------------------------------------------
Is complex:      0
Is real:         1
Is integer:      0
Is pattern only: 0
-----------------------------------------------------
Is general:      0
Is symmetric:    1
Is skewed:       0
Is hermitian:    0
-----------------------------------------------------
Matrix file name: cant/cant.mtx ... file loaded.
Expanding symmetric matrix ... done
  Total # of non-zeros is 4007383
Converting COO to CSR...done
Vector file name: cant/b.mtx ... file loaded
Executing GPU CSR SpMV ... 
  Pinned Device to Host bandwidth (GB/s): 1.907281
  Pinned Device to Host bandwidth (GB/s): 4.221675
  Pinned Device to Host bandwidth (GB/s): 11.105952
  Pinned Device to Host bandwidth (GB/s): 7.619693
  Exec time (per itr): 0.00068678 s
  Pinned Host to Device bandwidth (GB/s): 2.220875
Executing GPU ELL SpMV ... 
  Pinned Device to Host bandwidth (GB/s): 14.383513
  Pinned Device to Host bandwidth (GB/s): 5.331360
  Pinned Device to Host bandwidth (GB/s): 7.491723
  Exec time (per itr): 0.00085613 s
  Pinned Host to Device bandwidth (GB/s): 2.320219
Calculating CPU CSR SpMV ... done
2-Norm between CPU and GPU answers: 1.195589e-10
Result file name: ./test.mtx ... file saved
Module		Time
Load		0.586797
Convert		0.028516
CPU SpMV	0.022041
GPU Alloc	0.264213
GPU SpMV	0.068689
GPU ELL SpMV	0.085625
Store		0.033995
