-----------------------------------------------------
Matrix name:     cant/cant.mtx
Matrix size:     62451 x 62451 => 2034917
-----------------------------------------------------
Is matrix:       1
Is sparse:       1
-----------------------------------------------------
Is complex:      0
Is real:         1
Is integer:      0
Is pattern only: 0
-----------------------------------------------------
Is general:      0
Is symmetric:    1
Is skewed:       0
Is hermitian:    0
-----------------------------------------------------
Matrix file name: cant/cant.mtx ... file loaded.
Expanding symmetric matrix ... done
  Total # of non-zeros is 4007383
Converting COO to CSR...done
Vector file name: cant/b.mtx ... file loaded
Executing GPU CSR SpMV ... 
  Pinned Device to Host bandwidth (GB/s): 1.899392
  Pinned Device to Host bandwidth (GB/s): 4.254772
  Pinned Device to Host bandwidth (GB/s): 11.111125
  Pinned Device to Host bandwidth (GB/s): 7.717622
  Exec time (per itr): 0.00068682 s
  Pinned Host to Device bandwidth (GB/s): 2.203013
Executing GPU ELL SpMV ... 
  Pinned Device to Host bandwidth (GB/s): 15.262878
  Pinned Device to Host bandwidth (GB/s): 8.824726
  Pinned Device to Host bandwidth (GB/s): 7.683440
  Exec time (per itr): 0.00085646 s
  Pinned Host to Device bandwidth (GB/s): 2.339690
Calculating CPU CSR SpMV ... done
2-Norm between CPU and GPU answers: 1.195589e-10
Result file name: ./test.mtx ... file saved
Module		Time
Load		0.577366
Convert		0.026205
CPU SpMV	0.022591
GPU Alloc	0.265181
GPU SpMV	0.068693
GPU ELL SpMV	0.085660
Store		0.060937
