-----------------------------------------------------
Matrix name:     cant/cant.mtx
Matrix size:     62451 x 62451 => 2034917
-----------------------------------------------------
Is matrix:       1
Is sparse:       1
-----------------------------------------------------
Is complex:      0
Is real:         1
Is integer:      0
Is pattern only: 0
-----------------------------------------------------
Is general:      0
Is symmetric:    1
Is skewed:       0
Is hermitian:    0
-----------------------------------------------------
Matrix file name: cant/cant.mtx ... file loaded.
Expanding symmetric matrix ... done
  Total # of non-zeros is 4007383
Converting COO to CSR...done
Vector file name: cant/b.mtx ... file loaded
Executing GPU CSR SpMV ... 
  Pinned Device to Host bandwidth (GB/s): 1.832512
  Pinned Device to Host bandwidth (GB/s): 4.092373
  Pinned Device to Host bandwidth (GB/s): 11.100046
  Pinned Device to Host bandwidth (GB/s): 7.542392
  Exec time (per itr): 0.00068677 s
  Pinned Host to Device bandwidth (GB/s): 2.188806
Executing GPU ELL SpMV ... 
  Pinned Device to Host bandwidth (GB/s): 15.809764
  Pinned Device to Host bandwidth (GB/s): 6.724171
  Pinned Device to Host bandwidth (GB/s): 7.048645
  Exec time (per itr): 0.00085600 s
  Pinned Host to Device bandwidth (GB/s): 2.368798
Calculating CPU CSR SpMV ... done
2-Norm between CPU and GPU answers: 1.195589e-10
Result file name: ./test.mtx ... file saved
Module		Time
Load		0.577528
Convert		0.026518
CPU SpMV	0.022767
GPU Alloc	0.260052
GPU SpMV	0.068687
GPU ELL SpMV	0.085613
Store		0.035024
