-----------------------------------------------------
Matrix name:     cant/cant.mtx
Matrix size:     62451 x 62451 => 2034917
-----------------------------------------------------
Is matrix:       1
Is sparse:       1
-----------------------------------------------------
Is complex:      0
Is real:         1
Is integer:      0
Is pattern only: 0
-----------------------------------------------------
Is general:      0
Is symmetric:    1
Is skewed:       0
Is hermitian:    0
-----------------------------------------------------
Matrix file name: cant/cant.mtx ... file loaded.
Expanding symmetric matrix ... done
  Total # of non-zeros is 4007383
Converting COO to CSR...done
Vector file name: cant/b.mtx ... file loaded
Executing GPU CSR SpMV ... 
  Pinned Device to Host bandwidth (GB/s): 2.044657
  Pinned Device to Host bandwidth (GB/s): 4.046031
  Pinned Device to Host bandwidth (GB/s): 4.837264
  Pinned Device to Host bandwidth (GB/s): 7.309340
  Exec time (per itr): 0.00021250 s
  Pinned Host to Device bandwidth (GB/s): 2.279566
Executing GPU ELL SpMV ... 
  Pinned Device to Host bandwidth (GB/s): 14.465867
  Pinned Device to Host bandwidth (GB/s): 11.719366
  Pinned Device to Host bandwidth (GB/s): 7.340268
  Exec time (per itr): 0.00022984 s
  Pinned Host to Device bandwidth (GB/s): 2.304465
Calculating CPU CSR SpMV ... done
2-Norm between CPU and GPU answers: 1.195589e-10
Result file name: ./test.mtx ... file saved
Module		Time
Load		0.579466
Convert		0.026769
CPU SpMV	0.022654
GPU Alloc	0.250014
GPU SpMV	0.021265
GPU ELL SpMV	0.023002
Store		0.024203
