-----------------------------------------------------
Matrix name:     cant/cant.mtx
Matrix size:     62451 x 62451 => 2034917
-----------------------------------------------------
Is matrix:       1
Is sparse:       1
-----------------------------------------------------
Is complex:      0
Is real:         1
Is integer:      0
Is pattern only: 0
-----------------------------------------------------
Is general:      0
Is symmetric:    1
Is skewed:       0
Is hermitian:    0
-----------------------------------------------------
Matrix file name: cant/cant.mtx ... file loaded.
Expanding symmetric matrix ... done
  Total # of non-zeros is 4007383
Converting COO to CSR...done
Vector file name: cant/b.mtx ... file loaded
Calculating COO SpMV ... done
Calculating CSR SpMV ... done
Calculating COO SpMV serial ... done
Calculating CSR SpMV ... done
Result file name: ./myans.mtx ... file saved
Module		Time
Load		0.714253
Convert		0.021257
Lock Init	0.000300
COO SpMV	1.701068
CSR SpMV	1.592586
COO SpMV Serial	1.523803
CSR SpMV Serial	1.593552
Store		0.022763
