-----------------------------------------------------
Matrix name:     cant/cant.mtx
Matrix size:     62451 x 62451 => 2034917
-----------------------------------------------------
Is matrix:       1
Is sparse:       1
-----------------------------------------------------
Is complex:      0
Is real:         1
Is integer:      0
Is pattern only: 0
-----------------------------------------------------
Is general:      0
Is symmetric:    1
Is skewed:       0
Is hermitian:    0
-----------------------------------------------------
Matrix file name: cant/cant.mtx ... file loaded.
Expanding symmetric matrix ... done
  Total # of non-zeros is 4007383
Converting COO to CSR...done
Vector file name: cant/b.mtx ... file loaded
Calculating COO SpMV ... done
Calculating CSR SpMV ... done
Calculating COO SpMV serial ... done
Calculating CSR SpMV ... done
Result file name: ./myans.mtx ... file saved
Module		Time
Load		0.720349
Convert		0.016325
Lock Init	0.000290
COO SpMV	0.208527
CSR SpMV	1.605237
COO SpMV Serial	1.532885
CSR SpMV Serial	1.596635
Store		0.970512
