-----------------------------------------------------
Matrix name:     cant/cant.mtx
Matrix size:     62451 x 62451 => 2034917
-----------------------------------------------------
Is matrix:       1
Is sparse:       1
-----------------------------------------------------
Is complex:      0
Is real:         1
Is integer:      0
Is pattern only: 0
-----------------------------------------------------
Is general:      0
Is symmetric:    1
Is skewed:       0
Is hermitian:    0
-----------------------------------------------------
Matrix file name: cant/cant.mtx ... file loaded.
Expanding symmetric matrix ... done
  Total # of non-zeros is 4007383
Converting COO to CSR...done
Vector file name: cant/b.mtx ... file loaded
Executing GPU CSR SpMV ... 
  Pinned Device to Host bandwidth (GB/s): 1.863571
  Pinned Device to Host bandwidth (GB/s): 4.262484
  Pinned Device to Host bandwidth (GB/s): 11.111865
  Pinned Device to Host bandwidth (GB/s): 7.725260
  Exec time (per itr): 0.00063674 s
  Pinned Host to Device bandwidth (GB/s): 2.245147
Executing GPU ELL SpMV ... 
  Pinned Device to Host bandwidth (GB/s): 15.454636
  Pinned Device to Host bandwidth (GB/s): 11.711589
  Pinned Device to Host bandwidth (GB/s): 7.710000
  Exec time (per itr): 0.00075940 s
  Pinned Host to Device bandwidth (GB/s): 1.279838
Calculating CPU CSR SpMV ... done
2-Norm between CPU and GPU answers: 4.343429e+05
Result file name: ./test.mtx ... file saved
Module		Time
Load		0.583559
Convert		0.029701
CPU SpMV	0.026447
GPU Alloc	0.264713
GPU SpMV	0.063687
GPU ELL SpMV	0.075951
Store		0.034298
