-----------------------------------------------------
Matrix name:     cant/cant.mtx
Matrix size:     62451 x 62451 => 2034917
-----------------------------------------------------
Is matrix:       1
Is sparse:       1
-----------------------------------------------------
Is complex:      0
Is real:         1
Is integer:      0
Is pattern only: 0
-----------------------------------------------------
Is general:      0
Is symmetric:    1
Is skewed:       0
Is hermitian:    0
-----------------------------------------------------
Matrix file name: cant/cant.mtx ... file loaded.
Expanding symmetric matrix ... done
  Total # of non-zeros is 4007383
Converting COO to CSR...done
Vector file name: cant/b.mtx ... file loaded
Executing GPU CSR SpMV ... 
  Pinned Device to Host bandwidth (GB/s): 1.767376
  Pinned Device to Host bandwidth (GB/s): 3.868339
  Pinned Device to Host bandwidth (GB/s): 4.932698
  Pinned Device to Host bandwidth (GB/s): 11.412828
  Exec time (per itr): 0.00063733 s
  Pinned Host to Device bandwidth (GB/s): 2.004976
Executing GPU ELL SpMV ... 
  Pinned Device to Host bandwidth (GB/s): 23.479631
  Pinned Device to Host bandwidth (GB/s): 23.187694
  Pinned Device to Host bandwidth (GB/s): 12.500201
  Exec time (per itr): 0.00075853 s
  Pinned Host to Device bandwidth (GB/s): 1.264293
Calculating CPU CSR SpMV ... done
2-Norm between CPU and GPU answers: 4.343429e+05
Result file name: ./test.mtx ... file saved
Module		Time
Load		0.587127
Convert		0.029180
CPU SpMV	0.025645
GPU Alloc	0.253100
GPU SpMV	0.063744
GPU ELL SpMV	0.075865
Store		0.027245
