-----------------------------------------------------
Matrix name:     cant/cant.mtx
Matrix size:     62451 x 62451 => 2034917
-----------------------------------------------------
Is matrix:       1
Is sparse:       1
-----------------------------------------------------
Is complex:      0
Is real:         1
Is integer:      0
Is pattern only: 0
-----------------------------------------------------
Is general:      0
Is symmetric:    1
Is skewed:       0
Is hermitian:    0
-----------------------------------------------------
Matrix file name: cant/cant.mtx ... file loaded.
Expanding symmetric matrix ... done
  Total # of non-zeros is 4007383
Converting COO to CSR...done
Vector file name: cant/b.mtx ... file loaded
Executing GPU CSR SpMV ... 
  Pinned Device to Host bandwidth (GB/s): 2.024507
  Pinned Device to Host bandwidth (GB/s): 4.052249
  Pinned Device to Host bandwidth (GB/s): 5.150375
  Pinned Device to Host bandwidth (GB/s): 7.319620
  Exec time (per itr): 0.00019191 s
  Pinned Host to Device bandwidth (GB/s): 2.274916
Executing GPU ELL SpMV ... 
  Pinned Device to Host bandwidth (GB/s): 15.759026
  Pinned Device to Host bandwidth (GB/s): 11.729186
  Pinned Device to Host bandwidth (GB/s): 7.357563
  Exec time (per itr): 0.00028342 s
  Pinned Host to Device bandwidth (GB/s): 2.296330
Calculating CPU CSR SpMV ... done
2-Norm between CPU and GPU answers: 4.343429e+05
Result file name: ./test.mtx ... file saved
Module		Time
Load		0.586253
Convert		0.029107
CPU SpMV	0.024281
GPU Alloc	0.246503
GPU SpMV	0.019206
GPU ELL SpMV	0.028358
Store		0.459419
