-----------------------------------------------------
Matrix name:     cant/cant.mtx
Matrix size:     62451 x 62451 => 2034917
-----------------------------------------------------
Is matrix:       1
Is sparse:       1
-----------------------------------------------------
Is complex:      0
Is real:         1
Is integer:      0
Is pattern only: 0
-----------------------------------------------------
Is general:      0
Is symmetric:    1
Is skewed:       0
Is hermitian:    0
-----------------------------------------------------
Matrix file name: cant/cant.mtx ... file loaded.
Expanding symmetric matrix ... done
  Total # of non-zeros is 4007383
Converting COO to CSR...done
Vector file name: cant/b.mtx ... file loaded
Executing GPU CSR SpMV ... 
  Pinned Device to Host bandwidth (GB/s): 2.069592
  Pinned Device to Host bandwidth (GB/s): 4.815825
  Pinned Device to Host bandwidth (GB/s): 6.686996
  Pinned Device to Host bandwidth (GB/s): 8.178497
  Exec time (per itr): 0.00063808 s
  Pinned Host to Device bandwidth (GB/s): 2.154671
Executing GPU ELL SpMV ... 
  Pinned Device to Host bandwidth (GB/s): 16.686231
  Pinned Device to Host bandwidth (GB/s): 19.203875
  Pinned Device to Host bandwidth (GB/s): 8.010646
  Exec time (per itr): 0.00076214 s
  Pinned Host to Device bandwidth (GB/s): 1.208604
Calculating CPU CSR SpMV ... done
2-Norm between CPU and GPU answers: 4.343429e+05
Result file name: ./test.mtx ... file saved
Module		Time
Load		0.562917
Convert		0.029615
CPU SpMV	0.023012
GPU Alloc	0.234606
GPU SpMV	0.063821
GPU ELL SpMV	0.076229
Store		0.056167
