-----------------------------------------------------
Matrix name:     cant/cant.mtx
Matrix size:     62451 x 62451 => 2034917
-----------------------------------------------------
Is matrix:       1
Is sparse:       1
-----------------------------------------------------
Is complex:      0
Is real:         1
Is integer:      0
Is pattern only: 0
-----------------------------------------------------
Is general:      0
Is symmetric:    1
Is skewed:       0
Is hermitian:    0
-----------------------------------------------------
Matrix file name: cant/cant.mtx ... file loaded.
Expanding symmetric matrix ... done
  Total # of non-zeros is 4007383
Converting COO to CSR...done
Vector file name: cant/b.mtx ... file loaded
Executing GPU CSR SpMV ... 
  Pinned Device to Host bandwidth (GB/s): 1.908213
  Pinned Device to Host bandwidth (GB/s): 4.221426
  Pinned Device to Host bandwidth (GB/s): 11.124203
  Pinned Device to Host bandwidth (GB/s): 7.381915
  Exec time (per itr): 0.00063644 s
  Pinned Host to Device bandwidth (GB/s): 2.122163
Executing GPU ELL SpMV ... 
  Pinned Device to Host bandwidth (GB/s): 14.443905
  Pinned Device to Host bandwidth (GB/s): 11.689780
  Pinned Device to Host bandwidth (GB/s): 7.653309
  Exec time (per itr): 0.00075963 s
  Pinned Host to Device bandwidth (GB/s): 1.297926
Calculating CPU CSR SpMV ... done
2-Norm between CPU and GPU answers: 4.343429e+05
Result file name: ./test.mtx ... file saved
Module		Time
Load		0.614544
Convert		0.030637
CPU SpMV	0.024751
GPU Alloc	0.320479
GPU SpMV	0.063653
GPU ELL SpMV	0.075978
Store		0.054890
