-----------------------------------------------------
Matrix name:     cant/cant.mtx
Matrix size:     62451 x 62451 => 2034917
-----------------------------------------------------
Is matrix:       1
Is sparse:       1
-----------------------------------------------------
Is complex:      0
Is real:         1
Is integer:      0
Is pattern only: 0
-----------------------------------------------------
Is general:      0
Is symmetric:    1
Is skewed:       0
Is hermitian:    0
-----------------------------------------------------
Matrix file name: cant/cant.mtx ... file loaded.
Expanding symmetric matrix ... done
  Total # of non-zeros is 4007383
Converting COO to CSR...done
Vector file name: cant/b.mtx ... file loaded
Executing GPU CSR SpMV ... 
  Pinned Device to Host bandwidth (GB/s): 2.034002
  Pinned Device to Host bandwidth (GB/s): 4.043810
  Pinned Device to Host bandwidth (GB/s): 4.756425
  Pinned Device to Host bandwidth (GB/s): 7.013814
  Exec time (per itr): 0.00019214 s
  Pinned Host to Device bandwidth (GB/s): 2.256830
Executing GPU ELL SpMV ... 
  Pinned Device to Host bandwidth (GB/s): 12.746436
  Pinned Device to Host bandwidth (GB/s): 11.718915
  Pinned Device to Host bandwidth (GB/s): 7.347176
  Exec time (per itr): 0.00028372 s
  Pinned Host to Device bandwidth (GB/s): 2.292285
Calculating CPU CSR SpMV ... done
2-Norm between CPU and GPU answers: 4.343429e+05
Result file name: ./test.mtx ... file saved
Module		Time
Load		0.582953
Convert		0.027198
CPU SpMV	0.022266
GPU Alloc	0.246801
GPU SpMV	0.019229
GPU ELL SpMV	0.028388
Store		0.408910
