-----------------------------------------------------
Matrix name:     cant/cant.mtx
Matrix size:     62451 x 62451 => 2034917
-----------------------------------------------------
Is matrix:       1
Is sparse:       1
-----------------------------------------------------
Is complex:      0
Is real:         1
Is integer:      0
Is pattern only: 0
-----------------------------------------------------
Is general:      0
Is symmetric:    1
Is skewed:       0
Is hermitian:    0
-----------------------------------------------------
Matrix file name: cant/cant.mtx ... file loaded.
Expanding symmetric matrix ... done
  Total # of non-zeros is 4007383
Converting COO to CSR...done
Vector file name: cant/b.mtx ... file loaded
Executing GPU CSR SpMV ... 
  Pinned Device to Host bandwidth (GB/s): 2.082844
  Pinned Device to Host bandwidth (GB/s): 4.826498
  Pinned Device to Host bandwidth (GB/s): 6.745164
  Pinned Device to Host bandwidth (GB/s): 8.260714
  Exec time (per itr): 0.00063870 s
  Pinned Host to Device bandwidth (GB/s): 1.813328
Executing GPU ELL SpMV ... 
  Pinned Device to Host bandwidth (GB/s): 16.681659
  Pinned Device to Host bandwidth (GB/s): 19.202361
  Pinned Device to Host bandwidth (GB/s): 8.035383
  Exec time (per itr): 0.00076094 s
  Pinned Host to Device bandwidth (GB/s): 1.300196
Calculating CPU CSR SpMV ... done
2-Norm between CPU and GPU answers: 4.343429e+05
Result file name: ./test.mtx ... file saved
Module		Time
Load		0.571227
Convert		0.027623
CPU SpMV	0.022614
GPU Alloc	0.240950
GPU SpMV	0.063880
GPU ELL SpMV	0.076108
Store		0.029563
