-----------------------------------------------------
Matrix name:     cant/cant.mtx
Matrix size:     62451 x 62451 => 2034917
-----------------------------------------------------
Is matrix:       1
Is sparse:       1
-----------------------------------------------------
Is complex:      0
Is real:         1
Is integer:      0
Is pattern only: 0
-----------------------------------------------------
Is general:      0
Is symmetric:    1
Is skewed:       0
Is hermitian:    0
-----------------------------------------------------
Matrix file name: cant/cant.mtx ... file loaded.
Expanding symmetric matrix ... done
  Total # of non-zeros is 4007383
Converting COO to CSR...done
Vector file name: cant/b.mtx ... file loaded
Executing GPU CSR SpMV ... 
  Pinned Device to Host bandwidth (GB/s): 1.897084
  Pinned Device to Host bandwidth (GB/s): 4.233413
  Pinned Device to Host bandwidth (GB/s): 11.109154
  Pinned Device to Host bandwidth (GB/s): 7.473791
  Exec time (per itr): 0.00063642 s
  Pinned Host to Device bandwidth (GB/s): 2.225624
Executing GPU ELL SpMV ... 
  Pinned Device to Host bandwidth (GB/s): 4.063623
  Pinned Device to Host bandwidth (GB/s): 11.725685
  Pinned Device to Host bandwidth (GB/s): 12.797336
  Exec time (per itr): 0.00075843 s
  Pinned Host to Device bandwidth (GB/s): 1.954770
Calculating CPU CSR SpMV ... done
2-Norm between CPU and GPU answers: 4.343429e+05
Result file name: ./test.mtx ... file saved
Module		Time
Load		0.600478
Convert		0.028127
CPU SpMV	0.020737
GPU Alloc	0.325912
GPU SpMV	0.063655
GPU ELL SpMV	0.075855
Store		0.038300
