-----------------------------------------------------
Matrix name:     cant/cant.mtx
Matrix size:     62451 x 62451 => 2034917
-----------------------------------------------------
Is matrix:       1
Is sparse:       1
-----------------------------------------------------
Is complex:      0
Is real:         1
Is integer:      0
Is pattern only: 0
-----------------------------------------------------
Is general:      0
Is symmetric:    1
Is skewed:       0
Is hermitian:    0
-----------------------------------------------------
Matrix file name: cant/cant.mtx ... file loaded.
Expanding symmetric matrix ... done
  Total # of non-zeros is 4007383
Converting COO to CSR...done
Vector file name: cant/b.mtx ... file loaded
Executing GPU CSR SpMV ... 
  Pinned Device to Host bandwidth (GB/s): 1.898468
  Pinned Device to Host bandwidth (GB/s): 4.320759
  Pinned Device to Host bandwidth (GB/s): 11.101029
  Pinned Device to Host bandwidth (GB/s): 7.319620
  Exec time (per itr): 0.00063741 s
  Pinned Host to Device bandwidth (GB/s): 2.257156
Executing GPU ELL SpMV ... 
  Pinned Device to Host bandwidth (GB/s): 14.434318
  Pinned Device to Host bandwidth (GB/s): 11.711139
  Pinned Device to Host bandwidth (GB/s): 7.601144
  Exec time (per itr): 0.00075899 s
  Pinned Host to Device bandwidth (GB/s): 1.247124
Calculating CPU CSR SpMV ... done
2-Norm between CPU and GPU answers: 4.343429e+05
Result file name: ./test.mtx ... file saved
Module		Time
Load		0.608548
Convert		0.028070
CPU SpMV	0.024507
GPU Alloc	0.263947
GPU SpMV	0.063750
GPU ELL SpMV	0.075915
Store		0.027560
