-----------------------------------------------------
Matrix name:     cant/cant.mtx
Matrix size:     62451 x 62451 => 2034917
-----------------------------------------------------
Is matrix:       1
Is sparse:       1
-----------------------------------------------------
Is complex:      0
Is real:         1
Is integer:      0
Is pattern only: 0
-----------------------------------------------------
Is general:      0
Is symmetric:    1
Is skewed:       0
Is hermitian:    0
-----------------------------------------------------
Matrix file name: cant/cant.mtx ... file loaded.
Expanding symmetric matrix ... done
  Total # of non-zeros is 4007383
Converting COO to CSR...done
Vector file name: cant/b.mtx ... file loaded
Executing GPU CSR SpMV ... 
  Pinned Device to Host bandwidth (GB/s): 2.117304
  Pinned Device to Host bandwidth (GB/s): 4.827474
  Pinned Device to Host bandwidth (GB/s): 18.793887
  Pinned Device to Host bandwidth (GB/s): 8.081133
  Exec time (per itr): 0.00064011 s
  Pinned Host to Device bandwidth (GB/s): 2.281232
Executing GPU ELL SpMV ... 
  Pinned Device to Host bandwidth (GB/s): 14.142641
  Pinned Device to Host bandwidth (GB/s): 19.220545
  Pinned Device to Host bandwidth (GB/s): 8.448458
  Exec time (per itr): 0.00076087 s
  Pinned Host to Device bandwidth (GB/s): 1.280994
Calculating CPU CSR SpMV ... done
2-Norm between CPU and GPU answers: 4.343429e+05
Result file name: ./test.mtx ... file saved
Module		Time
Load		0.564328
Convert		0.027121
CPU SpMV	0.022694
GPU Alloc	0.238826
GPU SpMV	0.064025
GPU ELL SpMV	0.076102
Store		0.032424
