-----------------------------------------------------
Matrix name:     cant/cant.mtx
Matrix size:     62451 x 62451 => 2034917
-----------------------------------------------------
Is matrix:       1
Is sparse:       1
-----------------------------------------------------
Is complex:      0
Is real:         1
Is integer:      0
Is pattern only: 0
-----------------------------------------------------
Is general:      0
Is symmetric:    1
Is skewed:       0
Is hermitian:    0
-----------------------------------------------------
Matrix file name: cant/cant.mtx ... file loaded.
Expanding symmetric matrix ... done
  Total # of non-zeros is 4007383
Converting COO to CSR...done
Vector file name: cant/b.mtx ... file loaded
Executing GPU CSR SpMV ... 
  Pinned Device to Host bandwidth (GB/s): 2.108156
  Pinned Device to Host bandwidth (GB/s): 4.848829
  Pinned Device to Host bandwidth (GB/s): 6.496844
  Pinned Device to Host bandwidth (GB/s): 7.998335
  Exec time (per itr): 0.00063845 s
  Pinned Host to Device bandwidth (GB/s): 2.204257
Executing GPU ELL SpMV ... 
  Pinned Device to Host bandwidth (GB/s): 16.517843
  Pinned Device to Host bandwidth (GB/s): 19.248798
  Pinned Device to Host bandwidth (GB/s): 8.174215
  Exec time (per itr): 0.00076073 s
  Pinned Host to Device bandwidth (GB/s): 1.315866
Calculating CPU CSR SpMV ... done
2-Norm between CPU and GPU answers: 4.343429e+05
Result file name: ./test.mtx ... file saved
Module		Time
Load		0.573250
Convert		0.025002
CPU SpMV	0.023083
GPU Alloc	0.231822
GPU SpMV	0.063857
GPU ELL SpMV	0.076088
Store		0.024832
