-----------------------------------------------------
Matrix name:     cant/cant.mtx
Matrix size:     62451 x 62451 => 2034917
-----------------------------------------------------
Is matrix:       1
Is sparse:       1
-----------------------------------------------------
Is complex:      0
Is real:         1
Is integer:      0
Is pattern only: 0
-----------------------------------------------------
Is general:      0
Is symmetric:    1
Is skewed:       0
Is hermitian:    0
-----------------------------------------------------
Matrix file name: cant/cant.mtx ... file loaded.
Expanding symmetric matrix ... done
  Total # of non-zeros is 4007383
Converting COO to CSR...done
Vector file name: cant/b.mtx ... file loaded
Executing GPU CSR SpMV ... 
  Pinned Device to Host bandwidth (GB/s): 1.916646
  Pinned Device to Host bandwidth (GB/s): 4.382796
  Pinned Device to Host bandwidth (GB/s): 11.106322
  Pinned Device to Host bandwidth (GB/s): 7.480953
  Exec time (per itr): 0.00063686 s
  Pinned Host to Device bandwidth (GB/s): 2.339690
Executing GPU ELL SpMV ... 
  Pinned Device to Host bandwidth (GB/s): 14.412110
  Pinned Device to Host bandwidth (GB/s): 11.683275
  Pinned Device to Host bandwidth (GB/s): 7.285464
  Exec time (per itr): 0.00075874 s
  Pinned Host to Device bandwidth (GB/s): 1.265522
Calculating CPU CSR SpMV ... done
2-Norm between CPU and GPU answers: 4.343429e+05
Result file name: ./test.mtx ... file saved
Module		Time
Load		0.604720
Convert		0.028884
CPU SpMV	0.027231
GPU Alloc	0.266104
GPU SpMV	0.063699
GPU ELL SpMV	0.075889
Store		0.080174
