-----------------------------------------------------
Matrix name:     cant/cant.mtx
Matrix size:     62451 x 62451 => 2034917
-----------------------------------------------------
Is matrix:       1
Is sparse:       1
-----------------------------------------------------
Is complex:      0
Is real:         1
Is integer:      0
Is pattern only: 0
-----------------------------------------------------
Is general:      0
Is symmetric:    1
Is skewed:       0
Is hermitian:    0
-----------------------------------------------------
Matrix file name: cant/cant.mtx ... file loaded.
Expanding symmetric matrix ... done
  Total # of non-zeros is 4007383
Converting COO to CSR...done
Vector file name: cant/b.mtx ... file loaded
Executing GPU CSR SpMV ... 
  Pinned Device to Host bandwidth (GB/s): 1.901242
  Pinned Device to Host bandwidth (GB/s): 4.421989
  Pinned Device to Host bandwidth (GB/s): 11.091567
  Pinned Device to Host bandwidth (GB/s): 7.732912
  Exec time (per itr): 0.00063634 s
  Pinned Host to Device bandwidth (GB/s): 2.203323
Executing GPU ELL SpMV ... 
  Pinned Device to Host bandwidth (GB/s): 14.451790
  Pinned Device to Host bandwidth (GB/s): 11.642952
  Pinned Device to Host bandwidth (GB/s): 7.477370
  Exec time (per itr): 0.00075961 s
  Pinned Host to Device bandwidth (GB/s): 1.282888
Calculating CPU CSR SpMV ... done
2-Norm between CPU and GPU answers: 4.343429e+05
Result file name: ./test.mtx ... file saved
Module		Time
Load		0.607276
Convert		0.028363
CPU SpMV	0.026337
GPU Alloc	0.259479
GPU SpMV	0.063647
GPU ELL SpMV	0.075974
Store		0.064090
