-----------------------------------------------------
Matrix name:     cant/cant.mtx
Matrix size:     62451 x 62451 => 2034917
-----------------------------------------------------
Is matrix:       1
Is sparse:       1
-----------------------------------------------------
Is complex:      0
Is real:         1
Is integer:      0
Is pattern only: 0
-----------------------------------------------------
Is general:      0
Is symmetric:    1
Is skewed:       0
Is hermitian:    0
-----------------------------------------------------
Matrix file name: cant/cant.mtx ... file loaded.
Expanding symmetric matrix ... done
  Total # of non-zeros is 4007383
Converting COO to CSR...done
Vector file name: cant/b.mtx ... file loaded
Executing GPU CSR SpMV ... 
  Pinned Device to Host bandwidth (GB/s): 2.111577
  Pinned Device to Host bandwidth (GB/s): 4.825428
  Pinned Device to Host bandwidth (GB/s): 6.598948
  Pinned Device to Host bandwidth (GB/s): 2.538659
  Exec time (per itr): 0.00064000 s
  Pinned Host to Device bandwidth (GB/s): 2.247733
Executing GPU ELL SpMV ... 
  Pinned Device to Host bandwidth (GB/s): 11.124459
  Pinned Device to Host bandwidth (GB/s): 15.183712
  Pinned Device to Host bandwidth (GB/s): 7.889212
  Exec time (per itr): 0.00076460 s
  Pinned Host to Device bandwidth (GB/s): 1.319090
Calculating CPU CSR SpMV ... done
2-Norm between CPU and GPU answers: 4.343429e+05
Result file name: ./test.mtx ... file saved
Module		Time
Load		0.562060
Convert		0.026046
CPU SpMV	0.022417
GPU Alloc	0.243551
GPU SpMV	0.064011
GPU ELL SpMV	0.076480
Store		0.025910
