-----------------------------------------------------
Matrix name:     cant/cant.mtx
Matrix size:     62451 x 62451 => 2034917
-----------------------------------------------------
Is matrix:       1
Is sparse:       1
-----------------------------------------------------
Is complex:      0
Is real:         1
Is integer:      0
Is pattern only: 0
-----------------------------------------------------
Is general:      0
Is symmetric:    1
Is skewed:       0
Is hermitian:    0
-----------------------------------------------------
Matrix file name: cant/cant.mtx ... file loaded.
Expanding symmetric matrix ... done
  Total # of non-zeros is 4007383
Converting COO to CSR...done
Vector file name: cant/b.mtx ... file loaded
Calculating COO SpMV ... done
Calculating CSR SpMV ... done
Calculating COO SpMV serial ... done
Calculating CSR SpMV ... done
Result file name: ./myans.mtx ... file saved
Module		Time
Load		0.726064
Convert		0.021500
Lock Init	0.000308
COO SpMV	0.728940
CSR SpMV	0.176317
COO SpMV Serial	1.602249
CSR SpMV Serial	1.608646
Store		0.746363
