-----------------------------------------------------
Matrix name:     cant/cant.mtx
Matrix size:     62451 x 62451 => 2034917
-----------------------------------------------------
Is matrix:       1
Is sparse:       1
-----------------------------------------------------
Is complex:      0
Is real:         1
Is integer:      0
Is pattern only: 0
-----------------------------------------------------
Is general:      0
Is symmetric:    1
Is skewed:       0
Is hermitian:    0
-----------------------------------------------------
Matrix file name: cant/cant.mtx ... file loaded.
Expanding symmetric matrix ... done
  Total # of non-zeros is 4007383
Converting COO to CSR...done
Vector file name: cant/b.mtx ... file loaded
Executing GPU CSR SpMV ... 
  Pinned Device to Host bandwidth (GB/s): 4.978635
  Pinned Device to Host bandwidth (GB/s): 16.685749
  Pinned Device to Host bandwidth (GB/s): 11.117784
  Pinned Device to Host bandwidth (GB/s): 7.702392
  Exec time (per itr): 0.00019263 s
  Pinned Host to Device bandwidth (GB/s): 1.397239
Executing GPU ELL SpMV ... 
  Pinned Device to Host bandwidth (GB/s): 6.849469
  Pinned Device to Host bandwidth (GB/s): 11.723202
  Pinned Device to Host bandwidth (GB/s): 7.564317
  Exec time (per itr): 0.00021040 s
  Pinned Host to Device bandwidth (GB/s): 2.415339
Calculating CPU CSR SpMV ... done
2-Norm between CPU and GPU answers: 1.195589e-10
Result file name: ./test.mtx ... file saved
Module		Time
Load		0.631473
Convert		0.026340
CPU SpMV	0.022652
GPU Alloc	0.292087
GPU SpMV	0.019279
GPU ELL SpMV	0.021057
Store		0.442955
