-----------------------------------------------------
Matrix name:     cant/cant.mtx
Matrix size:     62451 x 62451 => 2034917
-----------------------------------------------------
Is matrix:       1
Is sparse:       1
-----------------------------------------------------
Is complex:      0
Is real:         1
Is integer:      0
Is pattern only: 0
-----------------------------------------------------
Is general:      0
Is symmetric:    1
Is skewed:       0
Is hermitian:    0
-----------------------------------------------------
Matrix file name: cant/cant.mtx ... file loaded.
Expanding symmetric matrix ... done
  Total # of non-zeros is 4007383
Converting COO to CSR...done
Vector file name: cant/b.mtx ... file loaded
Executing GPU CSR SpMV ... 
  Pinned Device to Host bandwidth (GB/s): 1.874310
  Pinned Device to Host bandwidth (GB/s): 4.041982
  Pinned Device to Host bandwidth (GB/s): 4.900247
  Pinned Device to Host bandwidth (GB/s): 7.564317
  Exec time (per itr): 0.00063620 s
  Pinned Host to Device bandwidth (GB/s): 2.363062
Executing GPU ELL SpMV ... 
  Pinned Device to Host bandwidth (GB/s): 15.744764
  Pinned Device to Host bandwidth (GB/s): 11.730429
  Pinned Device to Host bandwidth (GB/s): 7.571653
  Exec time (per itr): 0.00072469 s
  Pinned Host to Device bandwidth (GB/s): 1.317198
Calculating CPU CSR SpMV ... done
2-Norm between CPU and GPU answers: 1.195589e-10
Result file name: ./test.mtx ... file saved
Module		Time
Load		0.603797
Convert		0.026674
CPU SpMV	0.026048
GPU Alloc	0.260735
GPU SpMV	0.063631
GPU ELL SpMV	0.072481
Store		0.028873
