-----------------------------------------------------
Matrix name:     cant/cant.mtx
Matrix size:     62451 x 62451 => 2034917
-----------------------------------------------------
Is matrix:       1
Is sparse:       1
-----------------------------------------------------
Is complex:      0
Is real:         1
Is integer:      0
Is pattern only: 0
-----------------------------------------------------
Is general:      0
Is symmetric:    1
Is skewed:       0
Is hermitian:    0
-----------------------------------------------------
Matrix file name: cant/cant.mtx ... file loaded.
Expanding symmetric matrix ... done
  Total # of non-zeros is 4007383
Converting COO to CSR...done
Vector file name: cant/b.mtx ... file loaded
Executing GPU CSR SpMV ... 
  Pinned Device to Host bandwidth (GB/s): 1.746811
  Pinned Device to Host bandwidth (GB/s): 4.052512
  Pinned Device to Host bandwidth (GB/s): 5.214226
  Pinned Device to Host bandwidth (GB/s): 11.346475
  Exec time (per itr): 0.00063564 s
  Pinned Host to Device bandwidth (GB/s): 2.680300
Executing GPU ELL SpMV ... 
  Pinned Device to Host bandwidth (GB/s): 23.546821
  Pinned Device to Host bandwidth (GB/s): 23.218198
  Pinned Device to Host bandwidth (GB/s): 13.076005
  Exec time (per itr): 0.00072519 s
  Pinned Host to Device bandwidth (GB/s): 1.320764
Calculating CPU CSR SpMV ... done
2-Norm between CPU and GPU answers: 1.195589e-10
Result file name: ./test.mtx ... file saved
Module		Time
Load		0.577951
Convert		0.027005
CPU SpMV	0.025040
GPU Alloc	0.262648
GPU SpMV	0.063575
GPU ELL SpMV	0.072534
Store		0.029580
