-----------------------------------------------------
Matrix name:     cant/cant.mtx
Matrix size:     62451 x 62451 => 2034917
-----------------------------------------------------
Is matrix:       1
Is sparse:       1
-----------------------------------------------------
Is complex:      0
Is real:         1
Is integer:      0
Is pattern only: 0
-----------------------------------------------------
Is general:      0
Is symmetric:    1
Is skewed:       0
Is hermitian:    0
-----------------------------------------------------
Matrix file name: cant/cant.mtx ... file loaded.
Expanding symmetric matrix ... done
  Total # of non-zeros is 4007383
Converting COO to CSR...done
Vector file name: cant/b.mtx ... file loaded
Executing GPU CSR SpMV ... 
  Pinned Device to Host bandwidth (GB/s): 1.973332
  Pinned Device to Host bandwidth (GB/s): 4.367092
  Pinned Device to Host bandwidth (GB/s): 6.870333
  Pinned Device to Host bandwidth (GB/s): 9.071906
  Exec time (per itr): 0.00063692 s
  Pinned Host to Device bandwidth (GB/s): 2.288924
Executing GPU ELL SpMV ... 
  Pinned Device to Host bandwidth (GB/s): 20.360371
  Pinned Device to Host bandwidth (GB/s): 19.834755
  Pinned Device to Host bandwidth (GB/s): 9.157038
  Exec time (per itr): 0.00072492 s
  Pinned Host to Device bandwidth (GB/s): 1.334537
Calculating CPU CSR SpMV ... done
2-Norm between CPU and GPU answers: 1.195589e-10
Result file name: ./test.mtx ... file saved
Module		Time
Load		0.569117
Convert		0.027579
CPU SpMV	0.028632
GPU Alloc	0.236416
GPU SpMV	0.063704
GPU ELL SpMV	0.072507
Store		0.482243
