-----------------------------------------------------
Matrix name:     cant/cant.mtx
Matrix size:     62451 x 62451 => 2034917
-----------------------------------------------------
Is matrix:       1
Is sparse:       1
-----------------------------------------------------
Is complex:      0
Is real:         1
Is integer:      0
Is pattern only: 0
-----------------------------------------------------
Is general:      0
Is symmetric:    1
Is skewed:       0
Is hermitian:    0
-----------------------------------------------------
Matrix file name: cant/cant.mtx ... file loaded.
Expanding symmetric matrix ... done
  Total # of non-zeros is 4007383
Converting COO to CSR...done
Vector file name: cant/b.mtx ... file loaded
Executing GPU CSR SpMV ... 
  Pinned Device to Host bandwidth (GB/s): 2.246475
  Pinned Device to Host bandwidth (GB/s): 4.640753
  Pinned Device to Host bandwidth (GB/s): 6.359068
  Pinned Device to Host bandwidth (GB/s): 7.664581
  Exec time (per itr): 0.00063856 s
  Pinned Host to Device bandwidth (GB/s): 2.163030
Executing GPU ELL SpMV ... 
  Pinned Device to Host bandwidth (GB/s): 16.548819
  Pinned Device to Host bandwidth (GB/s): 17.358380
  Pinned Device to Host bandwidth (GB/s): 7.873298
  Exec time (per itr): 0.00072535 s
  Pinned Host to Device bandwidth (GB/s): 1.322442
Calculating CPU CSR SpMV ... done
2-Norm between CPU and GPU answers: 1.195589e-10
Result file name: ./test.mtx ... file saved
Module		Time
Load		0.575555
Convert		0.025631
CPU SpMV	0.021894
GPU Alloc	0.236735
GPU SpMV	0.063867
GPU ELL SpMV	0.072552
Store		0.029134
