-----------------------------------------------------
Matrix name:     cant/cant.mtx
Matrix size:     62451 x 62451 => 2034917
-----------------------------------------------------
Is matrix:       1
Is sparse:       1
-----------------------------------------------------
Is complex:      0
Is real:         1
Is integer:      0
Is pattern only: 0
-----------------------------------------------------
Is general:      0
Is symmetric:    1
Is skewed:       0
Is hermitian:    0
-----------------------------------------------------
Matrix file name: cant/cant.mtx ... file loaded.
Expanding symmetric matrix ... done
  Total # of non-zeros is 4007383
Converting COO to CSR...done
Vector file name: cant/b.mtx ... file loaded
Executing GPU CSR SpMV ... 
  Pinned Device to Host bandwidth (GB/s): 2.081733
  Pinned Device to Host bandwidth (GB/s): 4.579657
  Pinned Device to Host bandwidth (GB/s): 6.733739
  Pinned Device to Host bandwidth (GB/s): 2.628852
  Exec time (per itr): 0.00063576 s
  Pinned Host to Device bandwidth (GB/s): 2.304125
Executing GPU ELL SpMV ... 
  Pinned Device to Host bandwidth (GB/s): 16.895978
  Pinned Device to Host bandwidth (GB/s): 19.775170
  Pinned Device to Host bandwidth (GB/s): 8.157132
  Exec time (per itr): 0.00072514 s
  Pinned Host to Device bandwidth (GB/s): 1.308806
Calculating CPU CSR SpMV ... done
2-Norm between CPU and GPU answers: 1.195589e-10
Result file name: ./test.mtx ... file saved
Module		Time
Load		0.587480
Convert		0.026000
CPU SpMV	0.021259
GPU Alloc	0.239346
GPU SpMV	0.063778
GPU ELL SpMV	0.072529
Store		1.152703
