-----------------------------------------------------
Matrix name:     cant/cant.mtx
Matrix size:     62451 x 62451 => 2034917
-----------------------------------------------------
Is matrix:       1
Is sparse:       1
-----------------------------------------------------
Is complex:      0
Is real:         1
Is integer:      0
Is pattern only: 0
-----------------------------------------------------
Is general:      0
Is symmetric:    1
Is skewed:       0
Is hermitian:    0
-----------------------------------------------------
Matrix file name: cant/cant.mtx ... file loaded.
Expanding symmetric matrix ... done
  Total # of non-zeros is 4007383
Converting COO to CSR...done
Vector file name: cant/b.mtx ... file loaded
Executing GPU CSR SpMV ... 
  Pinned Device to Host bandwidth (GB/s): 1.956516
  Pinned Device to Host bandwidth (GB/s): 4.246189
  Pinned Device to Host bandwidth (GB/s): 11.110016
  Pinned Device to Host bandwidth (GB/s): 7.586370
  Exec time (per itr): 0.00063607 s
  Pinned Host to Device bandwidth (GB/s): 2.305826
Executing GPU ELL SpMV ... 
  Pinned Device to Host bandwidth (GB/s): 15.838963
  Pinned Device to Host bandwidth (GB/s): 11.740381
  Pinned Device to Host bandwidth (GB/s): 7.634597
  Exec time (per itr): 0.00072440 s
  Pinned Host to Device bandwidth (GB/s): 1.353746
Calculating CPU CSR SpMV ... done
2-Norm between CPU and GPU answers: 1.195589e-10
Result file name: ./test.mtx ... file saved
Module		Time
Load		0.584477
Convert		0.026461
CPU SpMV	0.027075
GPU Alloc	0.258991
GPU SpMV	0.063616
GPU ELL SpMV	0.072453
Store		0.028965
