-----------------------------------------------------
Matrix name:     cant/cant.mtx
Matrix size:     62451 x 62451 => 2034917
-----------------------------------------------------
Is matrix:       1
Is sparse:       1
-----------------------------------------------------
Is complex:      0
Is real:         1
Is integer:      0
Is pattern only: 0
-----------------------------------------------------
Is general:      0
Is symmetric:    1
Is skewed:       0
Is hermitian:    0
-----------------------------------------------------
Matrix file name: cant/cant.mtx ... file loaded.
Expanding symmetric matrix ... done
  Total # of non-zeros is 4007383
Converting COO to CSR...done
Vector file name: cant/b.mtx ... file loaded
Executing GPU CSR SpMV ... 
  Pinned Device to Host bandwidth (GB/s): 1.909146
  Pinned Device to Host bandwidth (GB/s): 4.055497
  Pinned Device to Host bandwidth (GB/s): 11.091689
  Pinned Device to Host bandwidth (GB/s): 7.509740
  Exec time (per itr): 0.00063585 s
  Pinned Host to Device bandwidth (GB/s): 2.263702
Executing GPU ELL SpMV ... 
  Pinned Device to Host bandwidth (GB/s): 14.300413
  Pinned Device to Host bandwidth (GB/s): 11.700000
  Pinned Device to Host bandwidth (GB/s): 7.638332
  Exec time (per itr): 0.00072457 s
  Pinned Host to Device bandwidth (GB/s): 1.345811
Calculating CPU CSR SpMV ... done
2-Norm between CPU and GPU answers: 1.195589e-10
Result file name: ./test.mtx ... file saved
Module		Time
Load		0.579366
Convert		0.026392
CPU SpMV	0.023837
GPU Alloc	0.258700
GPU SpMV	0.063595
GPU ELL SpMV	0.072470
Store		0.029949
