-----------------------------------------------------
Matrix name:     cant/cant.mtx
Matrix size:     62451 x 62451 => 2034917
-----------------------------------------------------
Is matrix:       1
Is sparse:       1
-----------------------------------------------------
Is complex:      0
Is real:         1
Is integer:      0
Is pattern only: 0
-----------------------------------------------------
Is general:      0
Is symmetric:    1
Is skewed:       0
Is hermitian:    0
-----------------------------------------------------
Matrix file name: cant/cant.mtx ... file loaded.
Expanding symmetric matrix ... done
  Total # of non-zeros is 4007383
Converting COO to CSR...done
Vector file name: cant/b.mtx ... file loaded
Executing GPU CSR SpMV ... 
  Pinned Device to Host bandwidth (GB/s): 2.117304
  Pinned Device to Host bandwidth (GB/s): 4.370711
  Pinned Device to Host bandwidth (GB/s): 6.863979
  Pinned Device to Host bandwidth (GB/s): 8.375939
  Exec time (per itr): 0.00063697 s
  Pinned Host to Device bandwidth (GB/s): 2.198360
Executing GPU ELL SpMV ... 
  Pinned Device to Host bandwidth (GB/s): 17.649196
  Pinned Device to Host bandwidth (GB/s): 19.762333
  Pinned Device to Host bandwidth (GB/s): 8.140120
  Exec time (per itr): 0.00072527 s
  Pinned Host to Device bandwidth (GB/s): 1.285423
Calculating CPU CSR SpMV ... done
2-Norm between CPU and GPU answers: 1.195589e-10
Result file name: ./test.mtx ... file saved
Module		Time
Load		0.562028
Convert		0.026862
CPU SpMV	0.022892
GPU Alloc	0.229060
GPU SpMV	0.063708
GPU ELL SpMV	0.072541
Store		1.108050
