-----------------------------------------------------
Matrix name:     cant/cant.mtx
Matrix size:     62451 x 62451 => 2034917
-----------------------------------------------------
Is matrix:       1
Is sparse:       1
-----------------------------------------------------
Is complex:      0
Is real:         1
Is integer:      0
Is pattern only: 0
-----------------------------------------------------
Is general:      0
Is symmetric:    1
Is skewed:       0
Is hermitian:    0
-----------------------------------------------------
Matrix file name: cant/cant.mtx ... file loaded.
Expanding symmetric matrix ... done
  Total # of non-zeros is 4007383
Converting COO to CSR...done
Vector file name: cant/b.mtx ... file loaded
Executing GPU CSR SpMV ... 
  Pinned Device to Host bandwidth (GB/s): 2.028189
  Pinned Device to Host bandwidth (GB/s): 3.696738
  Pinned Device to Host bandwidth (GB/s): 5.179532
  Pinned Device to Host bandwidth (GB/s): 7.459508
  Exec time (per itr): 0.00063700 s
  Pinned Host to Device bandwidth (GB/s): 2.244178
Executing GPU ELL SpMV ... 
  Pinned Device to Host bandwidth (GB/s): 14.460713
  Pinned Device to Host bandwidth (GB/s): 11.725685
  Pinned Device to Host bandwidth (GB/s): 7.597445
  Exec time (per itr): 0.00072785 s
  Pinned Host to Device bandwidth (GB/s): 1.347902
Calculating CPU CSR SpMV ... done
2-Norm between CPU and GPU answers: 1.195589e-10
Result file name: ./test.mtx ... file saved
Module		Time
Load		0.566836
Convert		0.028492
CPU SpMV	0.022876
GPU Alloc	0.208154
GPU SpMV	0.063710
GPU ELL SpMV	0.072797
Store		0.879299
