-----------------------------------------------------
Matrix name:     cant/cant.mtx
Matrix size:     62451 x 62451 => 2034917
-----------------------------------------------------
Is matrix:       1
Is sparse:       1
-----------------------------------------------------
Is complex:      0
Is real:         1
Is integer:      0
Is pattern only: 0
-----------------------------------------------------
Is general:      0
Is symmetric:    1
Is skewed:       0
Is hermitian:    0
-----------------------------------------------------
Matrix file name: cant/cant.mtx ... file loaded.
Expanding symmetric matrix ... done
  Total # of non-zeros is 4007383
Converting COO to CSR...done
Vector file name: cant/b.mtx ... file loaded
Executing GPU CSR SpMV ... 
  Pinned Device to Host bandwidth (GB/s): 1.913827
  Pinned Device to Host bandwidth (GB/s): 4.047044
  Pinned Device to Host bandwidth (GB/s): 4.885599
  Pinned Device to Host bandwidth (GB/s): 7.333373
  Exec time (per itr): 0.00063665 s
  Pinned Host to Device bandwidth (GB/s): 2.368798
Executing GPU ELL SpMV ... 
  Pinned Device to Host bandwidth (GB/s): 14.393713
  Pinned Device to Host bandwidth (GB/s): 11.737666
  Pinned Device to Host bandwidth (GB/s): 7.538750
  Exec time (per itr): 0.00072560 s
  Pinned Host to Device bandwidth (GB/s): 1.296632
Calculating CPU CSR SpMV ... done
2-Norm between CPU and GPU answers: 1.195589e-10
Result file name: ./test.mtx ... file saved
Module		Time
Load		0.581559
Convert		0.030014
CPU SpMV	0.025368
GPU Alloc	0.195834
GPU SpMV	0.063677
GPU ELL SpMV	0.072585
Store		0.888216
