-----------------------------------------------------
Matrix name:     cant/cant.mtx
Matrix size:     62451 x 62451 => 2034917
-----------------------------------------------------
Is matrix:       1
Is sparse:       1
-----------------------------------------------------
Is complex:      0
Is real:         1
Is integer:      0
Is pattern only: 0
-----------------------------------------------------
Is general:      0
Is symmetric:    1
Is skewed:       0
Is hermitian:    0
-----------------------------------------------------
Matrix file name: cant/cant.mtx ... file loaded.
Expanding symmetric matrix ... done
  Total # of non-zeros is 4007383
Converting COO to CSR...done
Vector file name: cant/b.mtx ... file loaded
Executing GPU CSR SpMV ... 
  Pinned Device to Host bandwidth (GB/s): 2.021362
  Pinned Device to Host bandwidth (GB/s): 4.566548
  Pinned Device to Host bandwidth (GB/s): 6.978440
  Pinned Device to Host bandwidth (GB/s): 8.287022
  Exec time (per itr): 0.00063742 s
  Pinned Host to Device bandwidth (GB/s): 2.177814
Executing GPU ELL SpMV ... 
  Pinned Device to Host bandwidth (GB/s): 16.990744
  Pinned Device to Host bandwidth (GB/s): 19.687891
  Pinned Device to Host bandwidth (GB/s): 8.448458
  Exec time (per itr): 0.00072522 s
  Pinned Host to Device bandwidth (GB/s): 1.299871
Calculating CPU CSR SpMV ... done
2-Norm between CPU and GPU answers: 1.195589e-10
Result file name: ./test.mtx ... file saved
Module		Time
Load		0.572318
Convert		0.025741
CPU SpMV	0.020589
GPU Alloc	0.231489
GPU SpMV	0.063753
GPU ELL SpMV	0.072537
Store		1.111681
