-----------------------------------------------------
Matrix name:     cant/cant.mtx
Matrix size:     62451 x 62451 => 2034917
-----------------------------------------------------
Is matrix:       1
Is sparse:       1
-----------------------------------------------------
Is complex:      0
Is real:         1
Is integer:      0
Is pattern only: 0
-----------------------------------------------------
Is general:      0
Is symmetric:    1
Is skewed:       0
Is hermitian:    0
-----------------------------------------------------
Matrix file name: cant/cant.mtx ... file loaded.
Expanding symmetric matrix ... done
  Total # of non-zeros is 4007383
Converting COO to CSR...done
Vector file name: cant/b.mtx ... file loaded
Executing GPU CSR SpMV ... 
  Pinned Device to Host bandwidth (GB/s): 1.823949
  Pinned Device to Host bandwidth (GB/s): 4.042048
  Pinned Device to Host bandwidth (GB/s): 11.099923
  Pinned Device to Host bandwidth (GB/s): 7.506130
  Exec time (per itr): 0.00063589 s
  Pinned Host to Device bandwidth (GB/s): 2.234543
Executing GPU ELL SpMV ... 
  Pinned Device to Host bandwidth (GB/s): 14.643289
  Pinned Device to Host bandwidth (GB/s): 11.713054
  Pinned Device to Host bandwidth (GB/s): 7.509740
  Exec time (per itr): 0.00072546 s
  Pinned Host to Device bandwidth (GB/s): 1.338083
Calculating CPU CSR SpMV ... done
2-Norm between CPU and GPU answers: 1.195589e-10
Result file name: ./test.mtx ... file saved
Module		Time
Load		0.589299
Convert		0.026646
CPU SpMV	0.023645
GPU Alloc	0.267954
GPU SpMV	0.063600
GPU ELL SpMV	0.072562
Store		0.029735
