-----------------------------------------------------
Matrix name:     cant/cant.mtx
Matrix size:     62451 x 62451 => 2034917
-----------------------------------------------------
Is matrix:       1
Is sparse:       1
-----------------------------------------------------
Is complex:      0
Is real:         1
Is integer:      0
Is pattern only: 0
-----------------------------------------------------
Is general:      0
Is symmetric:    1
Is skewed:       0
Is hermitian:    0
-----------------------------------------------------
Matrix file name: cant/cant.mtx ... file loaded.
Expanding symmetric matrix ... done
  Total # of non-zeros is 4007383
Converting COO to CSR...done
Vector file name: cant/b.mtx ... file loaded
Executing GPU CSR SpMV ... 
  Pinned Device to Host bandwidth (GB/s): 2.126532
  Pinned Device to Host bandwidth (GB/s): 4.596171
  Pinned Device to Host bandwidth (GB/s): 6.276757
  Pinned Device to Host bandwidth (GB/s): 7.399408
  Exec time (per itr): 0.00075074 s
  Pinned Host to Device bandwidth (GB/s): 2.192802
Executing GPU ELL SpMV ... 
  Pinned Device to Host bandwidth (GB/s): 16.497257
  Pinned Device to Host bandwidth (GB/s): 17.279318
  Pinned Device to Host bandwidth (GB/s): 7.869330
  Exec time (per itr): 0.00121879 s
  Pinned Host to Device bandwidth (GB/s): 1.302908
Calculating CPU CSR SpMV ... done
2-Norm between CPU and GPU answers: 1.769595e-10
Result file name: ./test.mtx ... file saved
Module		Time
Load		0.640049
Convert		0.025803
CPU SpMV	0.021901
GPU Alloc	0.253834
GPU SpMV	0.075085
GPU ELL SpMV	0.121890
Store		0.073742
