-----------------------------------------------------
Matrix name:     cant/cant.mtx
Matrix size:     62451 x 62451 => 2034917
-----------------------------------------------------
Is matrix:       1
Is sparse:       1
-----------------------------------------------------
Is complex:      0
Is real:         1
Is integer:      0
Is pattern only: 0
-----------------------------------------------------
Is general:      0
Is symmetric:    1
Is skewed:       0
Is hermitian:    0
-----------------------------------------------------
Matrix file name: cant/cant.mtx ... file loaded.
Expanding symmetric matrix ... done
  Total # of non-zeros is 4007383
Converting COO to CSR...done
Vector file name: cant/b.mtx ... file loaded
Executing GPU CSR SpMV ... 
  Pinned Device to Host bandwidth (GB/s): 2.020839
  Pinned Device to Host bandwidth (GB/s): 4.135586
  Pinned Device to Host bandwidth (GB/s): 11.089357
  Pinned Device to Host bandwidth (GB/s): 7.231473
  Exec time (per itr): 0.00022829 s
  Pinned Host to Device bandwidth (GB/s): 2.242245
Executing GPU ELL SpMV ... 
  Pinned Device to Host bandwidth (GB/s): 14.660565
  Pinned Device to Host bandwidth (GB/s): 11.743551
  Pinned Device to Host bandwidth (GB/s): 7.438185
  Exec time (per itr): 0.00041408 s
  Pinned Host to Device bandwidth (GB/s): 2.336888
Calculating CPU CSR SpMV ... done
2-Norm between CPU and GPU answers: 1.769595e-10
Result file name: ./test.mtx ... file saved
Module		Time
Load		0.577102
Convert		0.026611
CPU SpMV	0.025126
GPU Alloc	0.242711
GPU SpMV	0.022843
GPU ELL SpMV	0.041424
Store		0.022169
