-----------------------------------------------------
Matrix name:     cant/cant.mtx
Matrix size:     62451 x 62451 => 2034917
-----------------------------------------------------
Is matrix:       1
Is sparse:       1
-----------------------------------------------------
Is complex:      0
Is real:         1
Is integer:      0
Is pattern only: 0
-----------------------------------------------------
Is general:      0
Is symmetric:    1
Is skewed:       0
Is hermitian:    0
-----------------------------------------------------
Matrix file name: cant/cant.mtx ... file loaded.
Expanding symmetric matrix ... done
  Total # of non-zeros is 4007383
Converting COO to CSR...done
Vector file name: cant/b.mtx ... file loaded
Executing GPU CSR SpMV ... 
  Pinned Device to Host bandwidth (GB/s): 2.135841
  Pinned Device to Host bandwidth (GB/s): 4.790495
  Pinned Device to Host bandwidth (GB/s): 18.931326
  Pinned Device to Host bandwidth (GB/s): 7.575327
  Exec time (per itr): 0.00075138 s
  Pinned Host to Device bandwidth (GB/s): 2.263045
Executing GPU ELL SpMV ... 
  Pinned Device to Host bandwidth (GB/s): 16.716466
  Pinned Device to Host bandwidth (GB/s): 7.021012
  Pinned Device to Host bandwidth (GB/s): 8.273847
  Exec time (per itr): 0.00119696 s
  Pinned Host to Device bandwidth (GB/s): 1.342109
Calculating CPU CSR SpMV ... done
2-Norm between CPU and GPU answers: 1.769595e-10
Result file name: ./test.mtx ... file saved
Module		Time
Load		0.570807
Convert		0.025586
CPU SpMV	0.024282
GPU Alloc	0.231146
GPU SpMV	0.075149
GPU ELL SpMV	0.119708
Store		0.028755
