-----------------------------------------------------
Matrix name:     cant/cant.mtx
Matrix size:     62451 x 62451 => 2034917
-----------------------------------------------------
Is matrix:       1
Is sparse:       1
-----------------------------------------------------
Is complex:      0
Is real:         1
Is integer:      0
Is pattern only: 0
-----------------------------------------------------
Is general:      0
Is symmetric:    1
Is skewed:       0
Is hermitian:    0
-----------------------------------------------------
Matrix file name: cant/cant.mtx ... file loaded.
Expanding symmetric matrix ... done
  Total # of non-zeros is 4007383
Converting COO to CSR...done
Vector file name: cant/b.mtx ... file loaded
Executing GPU CSR SpMV ... 
  Pinned Device to Host bandwidth (GB/s): 1.923257
  Pinned Device to Host bandwidth (GB/s): 4.249683
  Pinned Device to Host bandwidth (GB/s): 11.095251
  Pinned Device to Host bandwidth (GB/s): 7.364504
  Exec time (per itr): 0.00022825 s
  Pinned Host to Device bandwidth (GB/s): 2.246439
Executing GPU ELL SpMV ... 
  Pinned Device to Host bandwidth (GB/s): 12.574286
  Pinned Device to Host bandwidth (GB/s): 11.716322
  Pinned Device to Host bandwidth (GB/s): 7.350635
  Exec time (per itr): 0.00041386 s
  Pinned Host to Device bandwidth (GB/s): 2.339339
Calculating CPU CSR SpMV ... done
2-Norm between CPU and GPU answers: 1.769595e-10
Result file name: ./test.mtx ... file saved
Module		Time
Load		0.580529
Convert		0.026690
CPU SpMV	0.026579
GPU Alloc	0.241274
GPU SpMV	0.022839
GPU ELL SpMV	0.041403
Store		0.022154
