-----------------------------------------------------
Matrix name:     cant/cant.mtx
Matrix size:     62451 x 62451 => 2034917
-----------------------------------------------------
Is matrix:       1
Is sparse:       1
-----------------------------------------------------
Is complex:      0
Is real:         1
Is integer:      0
Is pattern only: 0
-----------------------------------------------------
Is general:      0
Is symmetric:    1
Is skewed:       0
Is hermitian:    0
-----------------------------------------------------
Matrix file name: cant/cant.mtx ... file loaded.
Expanding symmetric matrix ... done
  Total # of non-zeros is 4007383
Converting COO to CSR...done
Vector file name: cant/b.mtx ... file loaded
Executing GPU CSR SpMV ... 
  Pinned Device to Host bandwidth (GB/s): 1.929914
  Pinned Device to Host bandwidth (GB/s): 4.243814
  Pinned Device to Host bandwidth (GB/s): 11.096972
  Pinned Device to Host bandwidth (GB/s): 7.448831
  Exec time (per itr): 0.00075129 s
  Pinned Host to Device bandwidth (GB/s): 2.125051
Executing GPU ELL SpMV ... 
  Pinned Device to Host bandwidth (GB/s): 14.716550
  Pinned Device to Host bandwidth (GB/s): 5.960873
  Pinned Device to Host bandwidth (GB/s): 12.999792
  Exec time (per itr): 0.00121982 s
  Pinned Host to Device bandwidth (GB/s): 1.290737
Calculating CPU CSR SpMV ... done
2-Norm between CPU and GPU answers: 1.769595e-10
Result file name: ./test.mtx ... file saved
Module		Time
Load		0.583297
Convert		0.027060
CPU SpMV	0.024809
GPU Alloc	0.240416
GPU SpMV	0.075139
GPU ELL SpMV	0.121993
Store		0.046977
