-----------------------------------------------------
Matrix name:     cant/cant.mtx
Matrix size:     62451 x 62451 => 2034917
-----------------------------------------------------
Is matrix:       1
Is sparse:       1
-----------------------------------------------------
Is complex:      0
Is real:         1
Is integer:      0
Is pattern only: 0
-----------------------------------------------------
Is general:      0
Is symmetric:    1
Is skewed:       0
Is hermitian:    0
-----------------------------------------------------
Matrix file name: cant/cant.mtx ... file loaded.
Expanding symmetric matrix ... done
  Total # of non-zeros is 4007383
Converting COO to CSR...done
Vector file name: cant/b.mtx ... file loaded
Executing GPU CSR SpMV ... 
  Pinned Device to Host bandwidth (GB/s): 1.770181
  Pinned Device to Host bandwidth (GB/s): 4.206220
  Pinned Device to Host bandwidth (GB/s): 11.086289
  Pinned Device to Host bandwidth (GB/s): 7.299088
  Exec time (per itr): 0.00075119 s
  Pinned Host to Device bandwidth (GB/s): 2.196813
Executing GPU ELL SpMV ... 
  Pinned Device to Host bandwidth (GB/s): 14.643994
  Pinned Device to Host bandwidth (GB/s): 6.238989
  Pinned Device to Host bandwidth (GB/s): 12.391071
  Exec time (per itr): 0.00121323 s
  Pinned Host to Device bandwidth (GB/s): 1.316976
Calculating CPU CSR SpMV ... done
2-Norm between CPU and GPU answers: 1.769595e-10
Result file name: ./test.mtx ... file saved
Module		Time
Load		0.611145
Convert		0.026463
CPU SpMV	0.024380
GPU Alloc	0.242647
GPU SpMV	0.075128
GPU ELL SpMV	0.121333
Store		0.153497
