-----------------------------------------------------
Matrix name:     cant/cant.mtx
Matrix size:     62451 x 62451 => 2034917
-----------------------------------------------------
Is matrix:       1
Is sparse:       1
-----------------------------------------------------
Is complex:      0
Is real:         1
Is integer:      0
Is pattern only: 0
-----------------------------------------------------
Is general:      0
Is symmetric:    1
Is skewed:       0
Is hermitian:    0
-----------------------------------------------------
Matrix file name: cant/cant.mtx ... file loaded.
Expanding symmetric matrix ... done
  Total # of non-zeros is 4007383
Converting COO to CSR...done
Vector file name: cant/b.mtx ... file loaded
Executing GPU CSR SpMV ... 
  Pinned Device to Host bandwidth (GB/s): 1.817155
  Pinned Device to Host bandwidth (GB/s): 4.160558
  Pinned Device to Host bandwidth (GB/s): 11.095006
  Pinned Device to Host bandwidth (GB/s): 7.833793
  Exec time (per itr): 0.00075064 s
  Pinned Host to Device bandwidth (GB/s): 2.297344
Executing GPU ELL SpMV ... 
  Pinned Device to Host bandwidth (GB/s): 14.737922
  Pinned Device to Host bandwidth (GB/s): 6.145387
  Pinned Device to Host bandwidth (GB/s): 13.219940
  Exec time (per itr): 0.00121938 s
  Pinned Host to Device bandwidth (GB/s): 1.271190
Calculating CPU CSR SpMV ... done
2-Norm between CPU and GPU answers: 1.769595e-10
Result file name: ./test.mtx ... file saved
Module		Time
Load		0.614494
Convert		0.026544
CPU SpMV	0.024578
GPU Alloc	0.244028
GPU SpMV	0.075075
GPU ELL SpMV	0.121947
Store		0.052536
