-----------------------------------------------------
Matrix name:     cant/cant.mtx
Matrix size:     62451 x 62451 => 2034917
-----------------------------------------------------
Is matrix:       1
Is sparse:       1
-----------------------------------------------------
Is complex:      0
Is real:         1
Is integer:      0
Is pattern only: 0
-----------------------------------------------------
Is general:      0
Is symmetric:    1
Is skewed:       0
Is hermitian:    0
-----------------------------------------------------
Matrix file name: cant/cant.mtx ... file loaded.
Expanding symmetric matrix ... done
  Total # of non-zeros is 4007383
Converting COO to CSR...done
Vector file name: cant/b.mtx ... file loaded
Executing GPU CSR SpMV ... 
  Pinned Device to Host bandwidth (GB/s): 2.119604
  Pinned Device to Host bandwidth (GB/s): 4.819254
  Pinned Device to Host bandwidth (GB/s): 6.283292
  Pinned Device to Host bandwidth (GB/s): 8.238918
  Exec time (per itr): 0.00075309 s
  Pinned Host to Device bandwidth (GB/s): 2.202391
Executing GPU ELL SpMV ... 
  Pinned Device to Host bandwidth (GB/s): 16.759255
  Pinned Device to Host bandwidth (GB/s): 19.131169
  Pinned Device to Host bandwidth (GB/s): 7.869330
  Exec time (per itr): 0.00120628 s
  Pinned Host to Device bandwidth (GB/s): 1.296202
Calculating CPU CSR SpMV ... done
2-Norm between CPU and GPU answers: 1.769595e-10
Result file name: ./test.mtx ... file saved
Module		Time
Load		0.559165
Convert		0.025386
CPU SpMV	0.023692
GPU Alloc	0.220145
GPU SpMV	0.075323
GPU ELL SpMV	0.120641
Store		0.021366
