-----------------------------------------------------
Matrix name:     cant/cant.mtx
Matrix size:     62451 x 62451 => 2034917
-----------------------------------------------------
Is matrix:       1
Is sparse:       1
-----------------------------------------------------
Is complex:      0
Is real:         1
Is integer:      0
Is pattern only: 0
-----------------------------------------------------
Is general:      0
Is symmetric:    1
Is skewed:       0
Is hermitian:    0
-----------------------------------------------------
Matrix file name: cant/cant.mtx ... file loaded.
Expanding symmetric matrix ... done
  Total # of non-zeros is 4007383
Converting COO to CSR...done
Vector file name: cant/b.mtx ... file loaded
Executing GPU CSR SpMV ... 
  Pinned Device to Host bandwidth (GB/s): 1.952113
  Pinned Device to Host bandwidth (GB/s): 4.226377
  Pinned Device to Host bandwidth (GB/s): 11.102629
  Pinned Device to Host bandwidth (GB/s): 7.305920
  Exec time (per itr): 0.00022825 s
  Pinned Host to Device bandwidth (GB/s): 2.269625
Executing GPU ELL SpMV ... 
  Pinned Device to Host bandwidth (GB/s): 13.520234
  Pinned Device to Host bandwidth (GB/s): 9.009288
  Pinned Device to Host bandwidth (GB/s): 5.931896
  Exec time (per itr): 0.00041494 s
  Pinned Host to Device bandwidth (GB/s): 2.345313
Calculating CPU CSR SpMV ... done
2-Norm between CPU and GPU answers: 1.769595e-10
Result file name: ./test.mtx ... file saved
Module		Time
Load		0.579865
Convert		0.026964
CPU SpMV	0.025913
GPU Alloc	0.247646
GPU SpMV	0.022840
GPU ELL SpMV	0.041509
Store		0.021704
