-----------------------------------------------------
Matrix name:     cant/cant.mtx
Matrix size:     62451 x 62451 => 2034917
-----------------------------------------------------
Is matrix:       1
Is sparse:       1
-----------------------------------------------------
Is complex:      0
Is real:         1
Is integer:      0
Is pattern only: 0
-----------------------------------------------------
Is general:      0
Is symmetric:    1
Is skewed:       0
Is hermitian:    0
-----------------------------------------------------
Matrix file name: cant/cant.mtx ... file loaded.
Expanding symmetric matrix ... done
  Total # of non-zeros is 4007383
Converting COO to CSR...done
Vector file name: cant/b.mtx ... file loaded
Executing GPU CSR SpMV ... 
  Pinned Device to Host bandwidth (GB/s): 2.012503
  Pinned Device to Host bandwidth (GB/s): 4.041265
  Pinned Device to Host bandwidth (GB/s): 5.050771
  Pinned Device to Host bandwidth (GB/s): 8.835739
  Exec time (per itr): 0.00022813 s
  Pinned Host to Device bandwidth (GB/s): 2.571693
Executing GPU ELL SpMV ... 
  Pinned Device to Host bandwidth (GB/s): 18.209738
  Pinned Device to Host bandwidth (GB/s): 18.244113
  Pinned Device to Host bandwidth (GB/s): 10.964010
  Exec time (per itr): 0.00041401 s
  Pinned Host to Device bandwidth (GB/s): 2.657942
Calculating CPU CSR SpMV ... done
2-Norm between CPU and GPU answers: 1.769595e-10
Result file name: ./test.mtx ... file saved
Module		Time
Load		0.593527
Convert		0.026795
CPU SpMV	0.022140
GPU Alloc	0.247957
GPU SpMV	0.022826
GPU ELL SpMV	0.041415
Store		0.021634
