-----------------------------------------------------
Matrix name:     cant/cant.mtx
Matrix size:     62451 x 62451 => 2034917
-----------------------------------------------------
Is matrix:       1
Is sparse:       1
-----------------------------------------------------
Is complex:      0
Is real:         1
Is integer:      0
Is pattern only: 0
-----------------------------------------------------
Is general:      0
Is symmetric:    1
Is skewed:       0
Is hermitian:    0
-----------------------------------------------------
Matrix file name: cant/cant.mtx ... file loaded.
Expanding symmetric matrix ... done
  Total # of non-zeros is 4007383
Converting COO to CSR...done
Vector file name: cant/b.mtx ... file loaded
Executing GPU CSR SpMV ... 
  Pinned Device to Host bandwidth (GB/s): 1.922310
  Pinned Device to Host bandwidth (GB/s): 4.261396
  Pinned Device to Host bandwidth (GB/s): 11.070486
  Pinned Device to Host bandwidth (GB/s): 7.319620
  Exec time (per itr): 0.00022880 s
  Pinned Host to Device bandwidth (GB/s): 2.347429
Executing GPU ELL SpMV ... 
  Pinned Device to Host bandwidth (GB/s): 12.720341
  Pinned Device to Host bandwidth (GB/s): 11.737099
  Pinned Device to Host bandwidth (GB/s): 7.374941
  Exec time (per itr): 0.00041395 s
  Pinned Host to Device bandwidth (GB/s): 2.282232
Calculating CPU CSR SpMV ... done
2-Norm between CPU and GPU answers: 1.769595e-10
Result file name: ./test.mtx ... file saved
Module		Time
Load		0.652150
Convert		0.026396
CPU SpMV	0.025961
GPU Alloc	0.244882
GPU SpMV	0.022894
GPU ELL SpMV	0.041410
Store		0.201492
