-----------------------------------------------------
Matrix name:     cant/cant.mtx
Matrix size:     62451 x 62451 => 2034917
-----------------------------------------------------
Is matrix:       1
Is sparse:       1
-----------------------------------------------------
Is complex:      0
Is real:         1
Is integer:      0
Is pattern only: 0
-----------------------------------------------------
Is general:      0
Is symmetric:    1
Is skewed:       0
Is hermitian:    0
-----------------------------------------------------
Matrix file name: cant/cant.mtx ... file loaded.
Expanding symmetric matrix ... done
  Total # of non-zeros is 4007383
Converting COO to CSR...done
Vector file name: cant/b.mtx ... file loaded
Executing GPU CSR SpMV ... 
  Pinned Device to Host bandwidth (GB/s): 2.006297
  Pinned Device to Host bandwidth (GB/s): 4.764251
  Pinned Device to Host bandwidth (GB/s): 6.782702
  Pinned Device to Host bandwidth (GB/s): 8.165664
  Exec time (per itr): 0.00075106 s
  Pinned Host to Device bandwidth (GB/s): 2.200839
Executing GPU ELL SpMV ... 
  Pinned Device to Host bandwidth (GB/s): 16.738522
  Pinned Device to Host bandwidth (GB/s): 19.249712
  Pinned Device to Host bandwidth (GB/s): 8.010646
  Exec time (per itr): 0.00119719 s
  Pinned Host to Device bandwidth (GB/s): 1.317865
Calculating CPU CSR SpMV ... done
2-Norm between CPU and GPU answers: 1.769595e-10
Result file name: ./test.mtx ... file saved
Module		Time
Load		0.563021
Convert		0.025284
CPU SpMV	0.024315
GPU Alloc	0.210949
GPU SpMV	0.075119
GPU ELL SpMV	0.119733
Store		0.048943
