-----------------------------------------------------
Matrix name:     cant/cant.mtx
Matrix size:     62451 x 62451 => 2034917
-----------------------------------------------------
Is matrix:       1
Is sparse:       1
-----------------------------------------------------
Is complex:      0
Is real:         1
Is integer:      0
Is pattern only: 0
-----------------------------------------------------
Is general:      0
Is symmetric:    1
Is skewed:       0
Is hermitian:    0
-----------------------------------------------------
Matrix file name: cant/cant.mtx ... file loaded.
Expanding symmetric matrix ... done
  Total # of non-zeros is 4007383
Converting COO to CSR...done
Vector file name: cant/b.mtx ... file loaded
Executing GPU CSR SpMV ... 
  Pinned Device to Host bandwidth (GB/s): 2.061939
  Pinned Device to Host bandwidth (GB/s): 4.774696
  Pinned Device to Host bandwidth (GB/s): 6.878163
  Pinned Device to Host bandwidth (GB/s): 8.161396
  Exec time (per itr): 0.00075007 s
  Pinned Host to Device bandwidth (GB/s): 2.240636
Executing GPU ELL SpMV ... 
  Pinned Device to Host bandwidth (GB/s): 16.855755
  Pinned Device to Host bandwidth (GB/s): 19.247887
  Pinned Device to Host bandwidth (GB/s): 8.144366
  Exec time (per itr): 0.00119730 s
  Pinned Host to Device bandwidth (GB/s): 1.308039
Calculating CPU CSR SpMV ... done
2-Norm between CPU and GPU answers: 1.769595e-10
Result file name: ./test.mtx ... file saved
Module		Time
Load		0.562737
Convert		0.025777
CPU SpMV	0.023774
GPU Alloc	0.206111
GPU SpMV	0.075019
GPU ELL SpMV	0.119746
Store		0.085739
