-----------------------------------------------------
Matrix name:     cant/cant.mtx
Matrix size:     62451 x 62451 => 2034917
-----------------------------------------------------
Is matrix:       1
Is sparse:       1
-----------------------------------------------------
Is complex:      0
Is real:         1
Is integer:      0
Is pattern only: 0
-----------------------------------------------------
Is general:      0
Is symmetric:    1
Is skewed:       0
Is hermitian:    0
-----------------------------------------------------
Matrix file name: cant/cant.mtx ... file loaded.
Expanding symmetric matrix ... done
  Total # of non-zeros is 4007383
Converting COO to CSR...done
Vector file name: cant/b.mtx ... file loaded
Executing GPU CSR SpMV ... 
  Pinned Device to Host bandwidth (GB/s): 1.992471
  Pinned Device to Host bandwidth (GB/s): 4.812725
  Pinned Device to Host bandwidth (GB/s): 6.628507
  Pinned Device to Host bandwidth (GB/s): 7.645813
  Exec time (per itr): 0.00074992 s
  Pinned Host to Device bandwidth (GB/s): 2.194343
Executing GPU ELL SpMV ... 
  Pinned Device to Host bandwidth (GB/s): 16.632446
  Pinned Device to Host bandwidth (GB/s): 19.219939
  Pinned Device to Host bandwidth (GB/s): 7.694800
  Exec time (per itr): 0.00119784 s
  Pinned Host to Device bandwidth (GB/s): 1.283205
Calculating CPU CSR SpMV ... done
2-Norm between CPU and GPU answers: 1.769595e-10
Result file name: ./test.mtx ... file saved
Module		Time
Load		0.560976
Convert		0.025264
CPU SpMV	0.023923
GPU Alloc	0.205896
GPU SpMV	0.075004
GPU ELL SpMV	0.119796
Store		0.080829
