-----------------------------------------------------
Matrix name:     cant/cant.mtx
Matrix size:     62451 x 62451 => 2034917
-----------------------------------------------------
Is matrix:       1
Is sparse:       1
-----------------------------------------------------
Is complex:      0
Is real:         1
Is integer:      0
Is pattern only: 0
-----------------------------------------------------
Is general:      0
Is symmetric:    1
Is skewed:       0
Is hermitian:    0
-----------------------------------------------------
Matrix file name: cant/cant.mtx ... file loaded.
Expanding symmetric matrix ... done
  Total # of non-zeros is 4007383
Converting COO to CSR...done
Vector file name: cant/b.mtx ... file loaded
Executing GPU CSR SpMV ... 
  Pinned Device to Host bandwidth (GB/s): 1.856922
  Pinned Device to Host bandwidth (GB/s): 4.243527
  Pinned Device to Host bandwidth (GB/s): 11.071954
  Pinned Device to Host bandwidth (GB/s): 7.597445
  Exec time (per itr): 0.00075050 s
  Pinned Host to Device bandwidth (GB/s): 2.154374
Executing GPU ELL SpMV ... 
  Pinned Device to Host bandwidth (GB/s): 14.896933
  Pinned Device to Host bandwidth (GB/s): 5.805186
  Pinned Device to Host bandwidth (GB/s): 13.065063
  Exec time (per itr): 0.00121771 s
  Pinned Host to Device bandwidth (GB/s): 1.195921
Calculating CPU CSR SpMV ... done
2-Norm between CPU and GPU answers: 1.769595e-10
Result file name: ./test.mtx ... file saved
Module		Time
Load		0.590910
Convert		0.026620
CPU SpMV	0.025408
GPU Alloc	0.237672
GPU SpMV	0.075059
GPU ELL SpMV	0.121781
Store		0.033069
