-----------------------------------------------------
Matrix name:     cant/cant.mtx
Matrix size:     62451 x 62451 => 2034917
-----------------------------------------------------
Is matrix:       1
Is sparse:       1
-----------------------------------------------------
Is complex:      0
Is real:         1
Is integer:      0
Is pattern only: 0
-----------------------------------------------------
Is general:      0
Is symmetric:    1
Is skewed:       0
Is hermitian:    0
-----------------------------------------------------
Matrix file name: cant/cant.mtx ... file loaded.
Expanding symmetric matrix ... done
  Total # of non-zeros is 4007383
Converting COO to CSR...done
Vector file name: cant/b.mtx ... file loaded
Executing GPU CSR SpMV ... 
  Pinned Device to Host bandwidth (GB/s): 1.837688
  Pinned Device to Host bandwidth (GB/s): 4.255712
  Pinned Device to Host bandwidth (GB/s): 11.098693
  Pinned Device to Host bandwidth (GB/s): 7.560654
  Exec time (per itr): 0.00075144 s
  Pinned Host to Device bandwidth (GB/s): 2.258789
Executing GPU ELL SpMV ... 
  Pinned Device to Host bandwidth (GB/s): 15.715911
  Pinned Device to Host bandwidth (GB/s): 5.633556
  Pinned Device to Host bandwidth (GB/s): 13.054139
  Exec time (per itr): 0.00121864 s
  Pinned Host to Device bandwidth (GB/s): 1.264805
Calculating CPU CSR SpMV ... done
2-Norm between CPU and GPU answers: 1.769595e-10
Result file name: ./test.mtx ... file saved
Module		Time
Load		0.613677
Convert		0.029203
CPU SpMV	0.026206
GPU Alloc	0.256326
GPU SpMV	0.075153
GPU ELL SpMV	0.121874
Store		0.051931
