-----------------------------------------------------
Matrix name:     cant/cant.mtx
Matrix size:     62451 x 62451 => 2034917
-----------------------------------------------------
Is matrix:       1
Is sparse:       1
-----------------------------------------------------
Is complex:      0
Is real:         1
Is integer:      0
Is pattern only: 0
-----------------------------------------------------
Is general:      0
Is symmetric:    1
Is skewed:       0
Is hermitian:    0
-----------------------------------------------------
Matrix file name: cant/cant.mtx ... file loaded.
Expanding symmetric matrix ... done
  Total # of non-zeros is 4007383
Converting COO to CSR...done
Vector file name: cant/b.mtx ... file loaded
Executing GPU CSR SpMV ... 
  Pinned Device to Host bandwidth (GB/s): 1.947730
  Pinned Device to Host bandwidth (GB/s): 4.251306
  Pinned Device to Host bandwidth (GB/s): 11.120746
  Pinned Device to Host bandwidth (GB/s): 7.357563
  Exec time (per itr): 0.00020041 s
  Pinned Host to Device bandwidth (GB/s): 2.324018
Executing GPU ELL SpMV ... 
  Pinned Device to Host bandwidth (GB/s): 14.641176
  Pinned Device to Host bandwidth (GB/s): 11.726024
  Pinned Device to Host bandwidth (GB/s): 7.381915
  Exec time (per itr): 0.00017772 s
  Pinned Host to Device bandwidth (GB/s): 2.394594
Calculating CPU CSR SpMV ... done
2-Norm between CPU and GPU answers: 4.343429e+05
Result file name: ./test.mtx ... file saved
Module		Time
Load		0.605434
Convert		0.029753
CPU SpMV	0.023120
GPU Alloc	0.251406
GPU SpMV	0.020054
GPU ELL SpMV	0.017788
Store		0.478753
