-----------------------------------------------------
Matrix name:     cant/cant.mtx
Matrix size:     62451 x 62451 => 2034917
-----------------------------------------------------
Is matrix:       1
Is sparse:       1
-----------------------------------------------------
Is complex:      0
Is real:         1
Is integer:      0
Is pattern only: 0
-----------------------------------------------------
Is general:      0
Is symmetric:    1
Is skewed:       0
Is hermitian:    0
-----------------------------------------------------
Matrix file name: cant/cant.mtx ... file loaded.
Expanding symmetric matrix ... done
  Total # of non-zeros is 4007383
Converting COO to CSR...done
Vector file name: cant/b.mtx ... file loaded
Executing GPU CSR SpMV ... 
  Pinned Device to Host bandwidth (GB/s): 2.076749
  Pinned Device to Host bandwidth (GB/s): 4.870611
  Pinned Device to Host bandwidth (GB/s): 6.877644
  Pinned Device to Host bandwidth (GB/s): 8.243268
  Exec time (per itr): 0.00075127 s
  Pinned Host to Device bandwidth (GB/s): 2.208310
Executing GPU ELL SpMV ... 
  Pinned Device to Host bandwidth (GB/s): 16.989320
  Pinned Device to Host bandwidth (GB/s): 19.179376
  Pinned Device to Host bandwidth (GB/s): 8.152872
  Exec time (per itr): 0.00055140 s
  Pinned Host to Device bandwidth (GB/s): 1.281625
Calculating CPU CSR SpMV ... done
2-Norm between CPU and GPU answers: 4.343429e+05
Result file name: ./test.mtx ... file saved
Module		Time
Load		0.570327
Convert		0.025382
CPU SpMV	0.023836
GPU Alloc	0.219720
GPU SpMV	0.075137
GPU ELL SpMV	0.055156
Store		0.025202
