-----------------------------------------------------
Matrix name:     cant/cant.mtx
Matrix size:     62451 x 62451 => 2034917
-----------------------------------------------------
Is matrix:       1
Is sparse:       1
-----------------------------------------------------
Is complex:      0
Is real:         1
Is integer:      0
Is pattern only: 0
-----------------------------------------------------
Is general:      0
Is symmetric:    1
Is skewed:       0
Is hermitian:    0
-----------------------------------------------------
Matrix file name: cant/cant.mtx ... file loaded.
Expanding symmetric matrix ... done
  Total # of non-zeros is 4007383
Converting COO to CSR...done
Vector file name: cant/b.mtx ... file loaded
Executing GPU CSR SpMV ... 
  Pinned Device to Host bandwidth (GB/s): 2.046265
  Pinned Device to Host bandwidth (GB/s): 4.252894
  Pinned Device to Host bandwidth (GB/s): 11.131001
  Pinned Device to Host bandwidth (GB/s): 7.350635
  Exec time (per itr): 0.00020085 s
  Pinned Host to Device bandwidth (GB/s): 2.295993
Executing GPU ELL SpMV ... 
  Pinned Device to Host bandwidth (GB/s): 10.819839
  Pinned Device to Host bandwidth (GB/s): 10.068827
  Pinned Device to Host bandwidth (GB/s): 7.343721
  Exec time (per itr): 0.00017761 s
  Pinned Host to Device bandwidth (GB/s): 2.284236
Calculating CPU CSR SpMV ... done
2-Norm between CPU and GPU answers: 4.343429e+05
Result file name: ./test.mtx ... file saved
Module		Time
Load		0.585710
Convert		0.027846
CPU SpMV	0.024333
GPU Alloc	0.243515
GPU SpMV	0.020100
GPU ELL SpMV	0.017778
Store		0.411611
