-----------------------------------------------------
Matrix name:     cant/cant.mtx
Matrix size:     62451 x 62451 => 2034917
-----------------------------------------------------
Is matrix:       1
Is sparse:       1
-----------------------------------------------------
Is complex:      0
Is real:         1
Is integer:      0
Is pattern only: 0
-----------------------------------------------------
Is general:      0
Is symmetric:    1
Is skewed:       0
Is hermitian:    0
-----------------------------------------------------
Matrix file name: cant/cant.mtx ... file loaded.
Expanding symmetric matrix ... done
  Total # of non-zeros is 4007383
Converting COO to CSR...done
Vector file name: cant/b.mtx ... file loaded
Executing GPU CSR SpMV ... 
  Pinned Device to Host bandwidth (GB/s): 1.966868
  Pinned Device to Host bandwidth (GB/s): 4.245901
  Pinned Device to Host bandwidth (GB/s): 11.055094
  Pinned Device to Host bandwidth (GB/s): 7.597445
  Exec time (per itr): 0.00075098 s
  Pinned Host to Device bandwidth (GB/s): 2.260097
Executing GPU ELL SpMV ... 
  Pinned Device to Host bandwidth (GB/s): 14.297726
  Pinned Device to Host bandwidth (GB/s): 5.892231
  Pinned Device to Host bandwidth (GB/s): 12.892444
  Exec time (per itr): 0.00054739 s
  Pinned Host to Device bandwidth (GB/s): 2.689072
Calculating CPU CSR SpMV ... done
2-Norm between CPU and GPU answers: 4.343429e+05
Result file name: ./test.mtx ... file saved
Module		Time
Load		0.611223
Convert		0.029594
CPU SpMV	0.020382
GPU Alloc	0.264482
GPU SpMV	0.075108
GPU ELL SpMV	0.054753
Store		0.065739
