-----------------------------------------------------
Matrix name:     cant/cant.mtx
Matrix size:     62451 x 62451 => 2034917
-----------------------------------------------------
Is matrix:       1
Is sparse:       1
-----------------------------------------------------
Is complex:      0
Is real:         1
Is integer:      0
Is pattern only: 0
-----------------------------------------------------
Is general:      0
Is symmetric:    1
Is skewed:       0
Is hermitian:    0
-----------------------------------------------------
Matrix file name: cant/cant.mtx ... file loaded.
Expanding symmetric matrix ... done
  Total # of non-zeros is 4007383
Converting COO to CSR...done
Vector file name: cant/b.mtx ... file loaded
Executing GPU CSR SpMV ... 
  Pinned Device to Host bandwidth (GB/s): 2.020839
  Pinned Device to Host bandwidth (GB/s): 4.829662
  Pinned Device to Host bandwidth (GB/s): 6.989247
  Pinned Device to Host bandwidth (GB/s): 8.174215
  Exec time (per itr): 0.00075034 s
  Pinned Host to Device bandwidth (GB/s): 2.191878
Executing GPU ELL SpMV ... 
  Pinned Device to Host bandwidth (GB/s): 16.751417
  Pinned Device to Host bandwidth (GB/s): 16.676177
  Pinned Device to Host bandwidth (GB/s): 7.957569
  Exec time (per itr): 0.00054886 s
  Pinned Host to Device bandwidth (GB/s): 1.254842
Calculating CPU CSR SpMV ... done
2-Norm between CPU and GPU answers: 4.343429e+05
Result file name: ./test.mtx ... file saved
Module		Time
Load		0.559454
Convert		0.027297
CPU SpMV	0.023914
GPU Alloc	0.220245
GPU SpMV	0.075048
GPU ELL SpMV	0.054902
Store		0.023607
