-----------------------------------------------------
Matrix name:     cant/cant.mtx
Matrix size:     62451 x 62451 => 2034917
-----------------------------------------------------
Is matrix:       1
Is sparse:       1
-----------------------------------------------------
Is complex:      0
Is real:         1
Is integer:      0
Is pattern only: 0
-----------------------------------------------------
Is general:      0
Is symmetric:    1
Is skewed:       0
Is hermitian:    0
-----------------------------------------------------
Matrix file name: cant/cant.mtx ... file loaded.
Expanding symmetric matrix ... done
  Total # of non-zeros is 4007383
Converting COO to CSR...done
Vector file name: cant/b.mtx ... file loaded
Executing GPU CSR SpMV ... 
  Pinned Device to Host bandwidth (GB/s): 2.114437
  Pinned Device to Host bandwidth (GB/s): 4.796228
  Pinned Device to Host bandwidth (GB/s): 6.584290
  Pinned Device to Host bandwidth (GB/s): 7.790794
  Exec time (per itr): 0.00075026 s
  Pinned Host to Device bandwidth (GB/s): 2.223405
Executing GPU ELL SpMV ... 
  Pinned Device to Host bandwidth (GB/s): 16.527706
  Pinned Device to Host bandwidth (GB/s): 19.194793
  Pinned Device to Host bandwidth (GB/s): 8.031250
  Exec time (per itr): 0.00054821 s
  Pinned Host to Device bandwidth (GB/s): 1.271604
Calculating CPU CSR SpMV ... done
2-Norm between CPU and GPU answers: 4.343429e+05
Result file name: ./test.mtx ... file saved
Module		Time
Load		0.588308
Convert		0.025408
CPU SpMV	0.024715
GPU Alloc	0.224438
GPU SpMV	0.075038
GPU ELL SpMV	0.054838
Store		0.024507
