-----------------------------------------------------
Matrix name:     cant/cant.mtx
Matrix size:     62451 x 62451 => 2034917
-----------------------------------------------------
Is matrix:       1
Is sparse:       1
-----------------------------------------------------
Is complex:      0
Is real:         1
Is integer:      0
Is pattern only: 0
-----------------------------------------------------
Is general:      0
Is symmetric:    1
Is skewed:       0
Is hermitian:    0
-----------------------------------------------------
Matrix file name: cant/cant.mtx ... file loaded.
Expanding symmetric matrix ... done
  Total # of non-zeros is 4007383
Converting COO to CSR...done
Vector file name: cant/b.mtx ... file loaded
Executing GPU CSR SpMV ... 
  Pinned Device to Host bandwidth (GB/s): 1.995016
  Pinned Device to Host bandwidth (GB/s): 4.258064
  Pinned Device to Host bandwidth (GB/s): 11.120499
  Pinned Device to Host bandwidth (GB/s): 7.309340
  Exec time (per itr): 0.00020201 s
  Pinned Host to Device bandwidth (GB/s): 2.382171
Executing GPU ELL SpMV ... 
  Pinned Device to Host bandwidth (GB/s): 7.605226
  Pinned Device to Host bandwidth (GB/s): 9.133687
  Pinned Device to Host bandwidth (GB/s): 7.305920
  Exec time (per itr): 0.00017777 s
  Pinned Host to Device bandwidth (GB/s): 2.270615
Calculating CPU CSR SpMV ... done
2-Norm between CPU and GPU answers: 4.343429e+05
Result file name: ./test.mtx ... file saved
Module		Time
Load		0.577677
Convert		0.029697
CPU SpMV	0.022405
GPU Alloc	0.243365
GPU SpMV	0.020216
GPU ELL SpMV	0.017795
Store		0.512409
