-----------------------------------------------------
Matrix name:     cant/cant.mtx
Matrix size:     62451 x 62451 => 2034917
-----------------------------------------------------
Is matrix:       1
Is sparse:       1
-----------------------------------------------------
Is complex:      0
Is real:         1
Is integer:      0
Is pattern only: 0
-----------------------------------------------------
Is general:      0
Is symmetric:    1
Is skewed:       0
Is hermitian:    0
-----------------------------------------------------
Matrix file name: cant/cant.mtx ... file loaded.
Expanding symmetric matrix ... done
  Total # of non-zeros is 4007383
Converting COO to CSR...done
Vector file name: cant/b.mtx ... file loaded
Executing GPU CSR SpMV ... 
  Pinned Device to Host bandwidth (GB/s): 1.871614
  Pinned Device to Host bandwidth (GB/s): 4.246009
  Pinned Device to Host bandwidth (GB/s): 11.083713
  Pinned Device to Host bandwidth (GB/s): 7.710000
  Exec time (per itr): 0.00075063 s
  Pinned Host to Device bandwidth (GB/s): 2.175690
Executing GPU ELL SpMV ... 
  Pinned Device to Host bandwidth (GB/s): 14.446304
  Pinned Device to Host bandwidth (GB/s): 6.372184
  Pinned Device to Host bandwidth (GB/s): 11.972967
  Exec time (per itr): 0.00054784 s
  Pinned Host to Device bandwidth (GB/s): 2.450212
Calculating CPU CSR SpMV ... done
2-Norm between CPU and GPU answers: 4.343429e+05
Result file name: ./test.mtx ... file saved
Module		Time
Load		0.590238
Convert		0.029476
CPU SpMV	0.020865
GPU Alloc	0.268322
GPU SpMV	0.075072
GPU ELL SpMV	0.054797
Store		0.071918
