-----------------------------------------------------
Matrix name:     cant/cant.mtx
Matrix size:     62451 x 62451 => 2034917
-----------------------------------------------------
Is matrix:       1
Is sparse:       1
-----------------------------------------------------
Is complex:      0
Is real:         1
Is integer:      0
Is pattern only: 0
-----------------------------------------------------
Is general:      0
Is symmetric:    1
Is skewed:       0
Is hermitian:    0
-----------------------------------------------------
Matrix file name: cant/cant.mtx ... file loaded.
Expanding symmetric matrix ... done
  Total # of non-zeros is 4007383
Converting COO to CSR...done
Vector file name: cant/b.mtx ... file loaded
Executing GPU CSR SpMV ... 
  Pinned Device to Host bandwidth (GB/s): 2.002180
  Pinned Device to Host bandwidth (GB/s): 4.822362
  Pinned Device to Host bandwidth (GB/s): 6.844424
  Pinned Device to Host bandwidth (GB/s): 8.649723
  Exec time (per itr): 0.00074939 s
  Pinned Host to Device bandwidth (GB/s): 1.762161
Executing GPU ELL SpMV ... 
  Pinned Device to Host bandwidth (GB/s): 17.320361
  Pinned Device to Host bandwidth (GB/s): 19.202663
  Pinned Device to Host bandwidth (GB/s): 8.326800
  Exec time (per itr): 0.00054910 s
  Pinned Host to Device bandwidth (GB/s): 1.338197
Calculating CPU CSR SpMV ... done
2-Norm between CPU and GPU answers: 4.343429e+05
Result file name: ./test.mtx ... file saved
Module		Time
Load		0.573949
Convert		0.028040
CPU SpMV	0.024239
GPU Alloc	0.205697
GPU SpMV	0.074952
GPU ELL SpMV	0.054926
Store		0.023316
