-----------------------------------------------------
Matrix name:     cant/cant.mtx
Matrix size:     62451 x 62451 => 2034917
-----------------------------------------------------
Is matrix:       1
Is sparse:       1
-----------------------------------------------------
Is complex:      0
Is real:         1
Is integer:      0
Is pattern only: 0
-----------------------------------------------------
Is general:      0
Is symmetric:    1
Is skewed:       0
Is hermitian:    0
-----------------------------------------------------
Matrix file name: cant/cant.mtx ... file loaded.
Expanding symmetric matrix ... done
  Total # of non-zeros is 4007383
Converting COO to CSR...done
Vector file name: cant/b.mtx ... file loaded
Executing GPU CSR SpMV ... 
  Pinned Device to Host bandwidth (GB/s): 2.008878
  Pinned Device to Host bandwidth (GB/s): 4.243850
  Pinned Device to Host bandwidth (GB/s): 10.560530
  Pinned Device to Host bandwidth (GB/s): 7.305920
  Exec time (per itr): 0.00020045 s
  Pinned Host to Device bandwidth (GB/s): 2.326442
Executing GPU ELL SpMV ... 
  Pinned Device to Host bandwidth (GB/s): 14.343531
  Pinned Device to Host bandwidth (GB/s): 11.246302
  Pinned Device to Host bandwidth (GB/s): 7.336819
  Exec time (per itr): 0.00017778 s
  Pinned Host to Device bandwidth (GB/s): 2.344257
Calculating CPU CSR SpMV ... done
2-Norm between CPU and GPU answers: 4.343429e+05
Result file name: ./test.mtx ... file saved
Module		Time
Load		0.582445
Convert		0.027884
CPU SpMV	0.022463
GPU Alloc	0.243597
GPU SpMV	0.020059
GPU ELL SpMV	0.017795
Store		0.469969
