-----------------------------------------------------
Matrix name:     cant/cant.mtx
Matrix size:     62451 x 62451 => 2034917
-----------------------------------------------------
Is matrix:       1
Is sparse:       1
-----------------------------------------------------
Is complex:      0
Is real:         1
Is integer:      0
Is pattern only: 0
-----------------------------------------------------
Is general:      0
Is symmetric:    1
Is skewed:       0
Is hermitian:    0
-----------------------------------------------------
Matrix file name: cant/cant.mtx ... file loaded.
Expanding symmetric matrix ... done
  Total # of non-zeros is 4007383
Converting COO to CSR...done
Vector file name: cant/b.mtx ... file loaded
Executing GPU CSR SpMV ... 
  Pinned Device to Host bandwidth (GB/s): 2.014061
  Pinned Device to Host bandwidth (GB/s): 4.795356
  Pinned Device to Host bandwidth (GB/s): 6.745255
  Pinned Device to Host bandwidth (GB/s): 8.526898
  Exec time (per itr): 0.00074991 s
  Pinned Host to Device bandwidth (GB/s): 2.243856
Executing GPU ELL SpMV ... 
  Pinned Device to Host bandwidth (GB/s): 17.014006
  Pinned Device to Host bandwidth (GB/s): 19.196610
  Pinned Device to Host bandwidth (GB/s): 8.056115
  Exec time (per itr): 0.00054954 s
  Pinned Host to Device bandwidth (GB/s): 1.297063
Calculating CPU CSR SpMV ... done
2-Norm between CPU and GPU answers: 4.343429e+05
Result file name: ./test.mtx ... file saved
Module		Time
Load		0.603036
Convert		0.025253
CPU SpMV	0.023998
GPU Alloc	0.261461
GPU SpMV	0.075003
GPU ELL SpMV	0.054971
Store		0.213986
