-----------------------------------------------------
Matrix name:     cant/cant.mtx
Matrix size:     62451 x 62451 => 2034917
-----------------------------------------------------
Is matrix:       1
Is sparse:       1
-----------------------------------------------------
Is complex:      0
Is real:         1
Is integer:      0
Is pattern only: 0
-----------------------------------------------------
Is general:      0
Is symmetric:    1
Is skewed:       0
Is hermitian:    0
-----------------------------------------------------
Matrix file name: cant/cant.mtx ... file loaded.
Expanding symmetric matrix ... done
  Total # of non-zeros is 4007383
Converting COO to CSR...done
Vector file name: cant/b.mtx ... file loaded
Executing GPU CSR SpMV ... 
  Pinned Device to Host bandwidth (GB/s): 2.043052
  Pinned Device to Host bandwidth (GB/s): 4.759407
  Pinned Device to Host bandwidth (GB/s): 18.824257
  Pinned Device to Host bandwidth (GB/s): 7.775274
  Exec time (per itr): 0.00074988 s
  Pinned Host to Device bandwidth (GB/s): 2.242245
Executing GPU ELL SpMV ... 
  Pinned Device to Host bandwidth (GB/s): 17.005927
  Pinned Device to Host bandwidth (GB/s): 6.577091
  Pinned Device to Host bandwidth (GB/s): 8.300239
  Exec time (per itr): 0.00054789 s
  Pinned Host to Device bandwidth (GB/s): 2.243211
Calculating CPU CSR SpMV ... done
2-Norm between CPU and GPU answers: 4.343429e+05
Result file name: ./test.mtx ... file saved
Module		Time
Load		0.565917
Convert		0.026020
CPU SpMV	0.020621
GPU Alloc	0.220668
GPU SpMV	0.074999
GPU ELL SpMV	0.054804
Store		0.022796
