-----------------------------------------------------
Matrix name:     cant/cant.mtx
Matrix size:     62451 x 62451 => 2034917
-----------------------------------------------------
Is matrix:       1
Is sparse:       1
-----------------------------------------------------
Is complex:      0
Is real:         1
Is integer:      0
Is pattern only: 0
-----------------------------------------------------
Is general:      0
Is symmetric:    1
Is skewed:       0
Is hermitian:    0
-----------------------------------------------------
Matrix file name: cant/cant.mtx ... file loaded.
Expanding symmetric matrix ... done
  Total # of non-zeros is 4007383
Converting COO to CSR...done
Vector file name: cant/b.mtx ... file loaded
Executing GPU CSR SpMV ... 
  Pinned Device to Host bandwidth (GB/s): 1.821820
  Pinned Device to Host bandwidth (GB/s): 4.240258
  Pinned Device to Host bandwidth (GB/s): 10.987922
  Pinned Device to Host bandwidth (GB/s): 7.463073
  Exec time (per itr): 0.00075129 s
  Pinned Host to Device bandwidth (GB/s): 2.222139
Executing GPU ELL SpMV ... 
  Pinned Device to Host bandwidth (GB/s): 14.346911
  Pinned Device to Host bandwidth (GB/s): 6.448099
  Pinned Device to Host bandwidth (GB/s): 10.177803
  Exec time (per itr): 0.00054810 s
  Pinned Host to Device bandwidth (GB/s): 2.555278
Calculating CPU CSR SpMV ... done
2-Norm between CPU and GPU answers: 4.343429e+05
Result file name: ./test.mtx ... file saved
Module		Time
Load		0.586065
Convert		0.029426
CPU SpMV	0.020244
GPU Alloc	0.264651
GPU SpMV	0.075142
GPU ELL SpMV	0.054824
Store		0.218412
