-----------------------------------------------------
Matrix name:     cant/cant.mtx
Matrix size:     62451 x 62451 => 2034917
-----------------------------------------------------
Is matrix:       1
Is sparse:       1
-----------------------------------------------------
Is complex:      0
Is real:         1
Is integer:      0
Is pattern only: 0
-----------------------------------------------------
Is general:      0
Is symmetric:    1
Is skewed:       0
Is hermitian:    0
-----------------------------------------------------
Matrix file name: cant/cant.mtx ... file loaded.
Expanding symmetric matrix ... done
  Total # of non-zeros is 4007383
Converting COO to CSR...done
Vector file name: cant/b.mtx ... file loaded
Executing GPU CSR SpMV ... 
  Pinned Device to Host bandwidth (GB/s): 1.847255
  Pinned Device to Host bandwidth (GB/s): 4.109664
  Pinned Device to Host bandwidth (GB/s): 11.093164
  Pinned Device to Host bandwidth (GB/s): 7.649559
  Exec time (per itr): 0.00075065 s
  Pinned Host to Device bandwidth (GB/s): 2.191878
Executing GPU ELL SpMV ... 
  Pinned Device to Host bandwidth (GB/s): 14.472056
  Pinned Device to Host bandwidth (GB/s): 6.161275
  Pinned Device to Host bandwidth (GB/s): 12.361639
  Exec time (per itr): 0.00054756 s
  Pinned Host to Device bandwidth (GB/s): 2.546941
Calculating CPU CSR SpMV ... done
2-Norm between CPU and GPU answers: 4.343429e+05
Result file name: ./test.mtx ... file saved
Module		Time
Load		0.585658
Convert		0.029422
CPU SpMV	0.021188
GPU Alloc	0.354657
GPU SpMV	0.075074
GPU ELL SpMV	0.054769
Store		0.063615
