-----------------------------------------------------
Matrix name:     cant/cant.mtx
Matrix size:     62451 x 62451 => 2034917
-----------------------------------------------------
Is matrix:       1
Is sparse:       1
-----------------------------------------------------
Is complex:      0
Is real:         1
Is integer:      0
Is pattern only: 0
-----------------------------------------------------
Is general:      0
Is symmetric:    1
Is skewed:       0
Is hermitian:    0
-----------------------------------------------------
Matrix file name: cant/cant.mtx ... file loaded.
Expanding symmetric matrix ... done
  Total # of non-zeros is 4007383
Converting COO to CSR...done
Vector file name: cant/b.mtx ... file loaded
Executing GPU CSR SpMV ... 
  Pinned Device to Host bandwidth (GB/s): 1.826509
  Pinned Device to Host bandwidth (GB/s): 4.247269
  Pinned Device to Host bandwidth (GB/s): 11.085430
  Pinned Device to Host bandwidth (GB/s): 7.706194
  Exec time (per itr): 0.00075076 s
  Pinned Host to Device bandwidth (GB/s): 2.186353
Executing GPU ELL SpMV ... 
  Pinned Device to Host bandwidth (GB/s): 14.462087
  Pinned Device to Host bandwidth (GB/s): 5.856668
  Pinned Device to Host bandwidth (GB/s): 12.254905
  Exec time (per itr): 0.00054761 s
  Pinned Host to Device bandwidth (GB/s): 2.481760
Calculating CPU CSR SpMV ... done
2-Norm between CPU and GPU answers: 4.343429e+05
Result file name: ./test.mtx ... file saved
Module		Time
Load		0.585058
Convert		0.030468
CPU SpMV	0.020455
GPU Alloc	0.326815
GPU SpMV	0.075087
GPU ELL SpMV	0.054774
Store		0.034239
